Added Component: Designator=HL1(BL-L515)
Add component (AddParameter): Name = "Alternative"; Value = ""; VariantName = "[No Variations]"
Add component (AddParameter): Name = "Alternative2"; Value = ""; VariantName = "[No Variations]"
Add component (AddParameter): Name = "Alternative3"; Value = ""; VariantName = "[No Variations]"
Add component (AddParameter): Name = "CardKRR"; Value = ""; VariantName = "[No Variations]"
Add component (AddParameter): Name = "ComponentLink1Description"; Value = "BL-L515"; VariantName = "[No Variations]"
Add component (AddParameter): Name = "ComponentLink1URL"; Value = "\\192.168.0.101\U_Base\PDF\V\BetLux Electronics.pdf"; VariantName = "[No Variations]"
Add component (AddParameter): Name = "ComponentLink2Description"; Value = ""; VariantName = "[No Variations]"
Add component (AddParameter): Name = "ComponentLink2URL"; Value = ""; VariantName = "[No Variations]"
Add component (AddParameter): Name = "CurrentFact"; Value = ""; VariantName = "[No Variations]"
Add component (AddParameter): Name = "CurrentLimit"; Value = ""; VariantName = "[No Variations]"
Add component (AddParameter): Name = "DataSheet"; Value = "#\\192.168.0.101\U_Base\PDF\V\BetLux Electronics.pdf#"; VariantName = "[No Variations]"
Add component (AddParameter): Name = "DeliveryTime"; Value = ""; VariantName = "[No Variations]"
Add component (AddParameter): Name = "Group"; Value = "Светодиоды"; VariantName = "[No Variations]"
Add component (AddParameter): Name = "HelpURL"; Value = "\\192.168.0.101\U_Base\PDF\V\BetLux Electronics.pdf"; VariantName = "[No Variations]"
Add component (AddParameter): Name = "key"; Value = "90"; VariantName = "[No Variations]"
Add component (AddParameter): Name = "Manufacturer"; Value = "Betlux Electronics"; VariantName = "[No Variations]"
Add component (AddParameter): Name = "ManufacturerPartNumber"; Value = ""; VariantName = "[No Variations]"
Add component (AddParameter): Name = "ManufacturerTU"; Value = ""; VariantName = "[No Variations]"
Add component (AddParameter): Name = "Mark"; Value = ""; VariantName = "[No Variations]"
Add component (AddParameter): Name = "Mass"; Value = ""; VariantName = "[No Variations]"
Add component (AddParameter): Name = "MilitaryControl"; Value = "ОТК"; VariantName = "[No Variations]"
Add component (AddParameter): Name = "Modify"; Value = "14.03.2019"; VariantName = "[No Variations]"
Add component (AddParameter): Name = "MountChoice"; Value = ""; VariantName = "[No Variations]"
Add component (AddParameter): Name = "MountType"; Value = "РМ"; VariantName = "[No Variations]"
Add component (AddParameter): Name = "Name"; Value = "BL-L515"; VariantName = "[No Variations]"
Add component (AddParameter): Name = "Notice"; Value = "Betlux Electronics"; VariantName = "[No Variations]"
Add component (AddParameter): Name = "Package"; Value = "6mm"; VariantName = "[No Variations]"
Add component (AddParameter): Name = "PartNumber"; Value = "Светодиод BL-L515RGBW-CС"; VariantName = "[No Variations]"
Add component (AddParameter): Name = "PowerFact"; Value = ""; VariantName = "[No Variations]"
Add component (AddParameter): Name = "PowerLimit"; Value = ""; VariantName = "[No Variations]"
Add component (AddParameter): Name = "SolderName"; Value = "BL-L515"; VariantName = "[No Variations]"
Add component (AddParameter): Name = "SolderTemperature"; Value = ""; VariantName = "[No Variations]"
Add component (AddParameter): Name = "Tag"; Value = ""; VariantName = "[No Variations]"
Add component (AddParameter): Name = "TemperatureRange"; Value = ""; VariantName = "[No Variations]"
Add component (AddParameter): Name = "Usage"; Value = ""; VariantName = "[No Variations]"
Add component (AddParameter): Name = "Value"; Value = ""; VariantName = "[No Variations]"
Add component (AddParameter): Name = "ViewControl"; Value = "В, 10%"; VariantName = "[No Variations]"
Add component (AddParameter): Name = "VoltageFact"; Value = ""; VariantName = "[No Variations]"
Add component (AddParameter): Name = "VoltageLimit"; Value = ""; VariantName = "[No Variations]"
Add component (AddParameter): Name = "X_SORT_1"; Value = "500"; VariantName = "[No Variations]"
Add component (AddParameter): Name = "X_SORT_2"; Value = "301"; VariantName = "[No Variations]"
Add component (AddParameter): Name = "X_SORT_3"; Value = "1"; VariantName = "[No Variations]"
Added Pin To Net: NetName=NetHL1_1 Pin=HL1-1
Added Pin To Net: NetName=NetHL1_2 Pin=HL1-2
Added Pin To Net: NetName=GND Pin=HL1-3
Added Pin To Net: NetName=NetHL1_4 Pin=HL1-4
Added Member To Class: ClassName=GenPulseBox Member=Component HL1 LED-RGB_C
