Added Component: Designator=XS1(USB_B)
Add component (AddParameter): Name = "Alternative"; Value = ""; VariantName = "[No Variations]"
Add component (AddParameter): Name = "Alternative2"; Value = ""; VariantName = "[No Variations]"
Add component (AddParameter): Name = "Alternative3"; Value = ""; VariantName = "[No Variations]"
Add component (AddParameter): Name = "CardKRR"; Value = "75"; VariantName = "[No Variations]"
Add component (AddParameter): Name = "ComponentLink1Description"; Value = "L-KLS1"; VariantName = "[No Variations]"
Add component (AddParameter): Name = "ComponentLink1URL"; Value = "\\192.168.0.101\U_Base\PDF\X\L-KLS1-151-W.pdf"; VariantName = "[No Variations]"
Add component (AddParameter): Name = "ComponentLink2Description"; Value = ""; VariantName = "[No Variations]"
Add component (AddParameter): Name = "ComponentLink2URL"; Value = ""; VariantName = "[No Variations]"
Add component (AddParameter): Name = "Conn01Name"; Value = "1"; VariantName = "[No Variations]"
Add component (AddParameter): Name = "Conn02Name"; Value = "2"; VariantName = "[No Variations]"
Add component (AddParameter): Name = "Conn03Name"; Value = "3"; VariantName = "[No Variations]"
Add component (AddParameter): Name = "Conn04Name"; Value = "4"; VariantName = "[No Variations]"
Add component (AddParameter): Name = "Conn05Name"; Value = "5"; VariantName = "[No Variations]"
Add component (AddParameter): Name = "Conn06Name"; Value = "6"; VariantName = "[No Variations]"
Add component (AddParameter): Name = "Conn07Name"; Value = "7"; VariantName = "[No Variations]"
Add component (AddParameter): Name = "Conn08Name"; Value = "8"; VariantName = "[No Variations]"
Add component (AddParameter): Name = "Conn09Name"; Value = "9"; VariantName = "[No Variations]"
Add component (AddParameter): Name = "Conn10Name"; Value = "10"; VariantName = "[No Variations]"
Add component (AddParameter): Name = "Conn11Name"; Value = "11"; VariantName = "[No Variations]"
Add component (AddParameter): Name = "Conn12Name"; Value = "12"; VariantName = "[No Variations]"
Add component (AddParameter): Name = "Conn13Name"; Value = "13"; VariantName = "[No Variations]"
Add component (AddParameter): Name = "Conn14Name"; Value = "14"; VariantName = "[No Variations]"
Add component (AddParameter): Name = "Conn15Name"; Value = "15"; VariantName = "[No Variations]"
Add component (AddParameter): Name = "Conn16Name"; Value = "16"; VariantName = "[No Variations]"
Add component (AddParameter): Name = "Conn17Name"; Value = "17"; VariantName = "[No Variations]"
Add component (AddParameter): Name = "Conn18Name"; Value = "18"; VariantName = "[No Variations]"
Add component (AddParameter): Name = "Conn19Name"; Value = "19"; VariantName = "[No Variations]"
Add component (AddParameter): Name = "Conn20Name"; Value = "20"; VariantName = "[No Variations]"
Add component (AddParameter): Name = "Conn21Name"; Value = "21"; VariantName = "[No Variations]"
Add component (AddParameter): Name = "Conn22Name"; Value = "22"; VariantName = "[No Variations]"
Add component (AddParameter): Name = "Conn23Name"; Value = "23"; VariantName = "[No Variations]"
Add component (AddParameter): Name = "Conn24Name"; Value = "24"; VariantName = "[No Variations]"
Add component (AddParameter): Name = "Conn25Name"; Value = "25"; VariantName = "[No Variations]"
Add component (AddParameter): Name = "Conn26Name"; Value = "26"; VariantName = "[No Variations]"
Add component (AddParameter): Name = "Conn27Name"; Value = "27"; VariantName = "[No Variations]"
Add component (AddParameter): Name = "Conn28Name"; Value = "28"; VariantName = "[No Variations]"
Add component (AddParameter): Name = "Conn29Name"; Value = "29"; VariantName = "[No Variations]"
Add component (AddParameter): Name = "Conn30Name"; Value = "30"; VariantName = "[No Variations]"
Add component (AddParameter): Name = "Conn31Name"; Value = "31"; VariantName = "[No Variations]"
Add component (AddParameter): Name = "Conn32Name"; Value = "32"; VariantName = "[No Variations]"
Add component (AddParameter): Name = "Conn33Name"; Value = "33"; VariantName = "[No Variations]"
Add component (AddParameter): Name = "Conn34Name"; Value = "34"; VariantName = "[No Variations]"
Add component (AddParameter): Name = "Conn35Name"; Value = "35"; VariantName = "[No Variations]"
Add component (AddParameter): Name = "Conn36Name"; Value = "36"; VariantName = "[No Variations]"
Add component (AddParameter): Name = "Conn37Name"; Value = "37"; VariantName = "[No Variations]"
Add component (AddParameter): Name = "Conn38Name"; Value = "38"; VariantName = "[No Variations]"
Add component (AddParameter): Name = "Conn39Name"; Value = "39"; VariantName = "[No Variations]"
Add component (AddParameter): Name = "Conn40Name"; Value = "40"; VariantName = "[No Variations]"
Add component (AddParameter): Name = "CurrentFact"; Value = ""; VariantName = "[No Variations]"
Add component (AddParameter): Name = "CurrentLimit"; Value = ""; VariantName = "[No Variations]"
Add component (AddParameter): Name = "DataSheet"; Value = "#\\192.168.0.101\U_Base\PDF\X\L-KLS1-151-W.pdf#"; VariantName = "[No Variations]"
Add component (AddParameter): Name = "DeliveryTime"; Value = ""; VariantName = "[No Variations]"
Add component (AddParameter): Name = "Group"; Value = "Соединители"; VariantName = "[No Variations]"
Add component (AddParameter): Name = "HelpURL"; Value = "\\192.168.0.101\U_Base\PDF\X\L-KLS1-151-W.pdf"; VariantName = "[No Variations]"
Add component (AddParameter): Name = "key"; Value = "445"; VariantName = "[No Variations]"
Add component (AddParameter): Name = "Manufacturer"; Value = "KLS Electronic Co. Ltd"; VariantName = "[No Variations]"
Add component (AddParameter): Name = "ManufacturerPartNumber"; Value = ""; VariantName = "[No Variations]"
Add component (AddParameter): Name = "ManufacturerTU"; Value = ""; VariantName = "[No Variations]"
Add component (AddParameter): Name = "Mark"; Value = ""; VariantName = "[No Variations]"
Add component (AddParameter): Name = "Mass"; Value = ""; VariantName = "[No Variations]"
Add component (AddParameter): Name = "MilitaryControl"; Value = "отк"; VariantName = "[No Variations]"
Add component (AddParameter): Name = "Modify"; Value = "01.09.2022"; VariantName = "[No Variations]"
Add component (AddParameter): Name = "MountChoice"; Value = ""; VariantName = "[No Variations]"
Add component (AddParameter): Name = "MountType"; Value = "РМ"; VariantName = "[No Variations]"
Add component (AddParameter): Name = "Name"; Value = "L-KLS1-151-W"; VariantName = "[No Variations]"
Add component (AddParameter): Name = "Notice"; Value = ""; VariantName = "[No Variations]"
Add component (AddParameter): Name = "Package"; Value = "L-KLS1"; VariantName = "[No Variations]"
Add component (AddParameter): Name = "PartNumber"; Value = "Розетка L-KLS1-151-W"; VariantName = "[No Variations]"
Add component (AddParameter): Name = "PowerFact"; Value = ""; VariantName = "[No Variations]"
Add component (AddParameter): Name = "PowerLimit"; Value = ""; VariantName = "[No Variations]"
Add component (AddParameter): Name = "SolderName"; Value = ""; VariantName = "[No Variations]"
Add component (AddParameter): Name = "SolderTemperature"; Value = ""; VariantName = "[No Variations]"
Add component (AddParameter): Name = "Tag"; Value = ""; VariantName = "[No Variations]"
Add component (AddParameter): Name = "TemperatureRange"; Value = "от минус 35 до 85"; VariantName = "[No Variations]"
Add component (AddParameter): Name = "Usage"; Value = ""; VariantName = "[No Variations]"
Add component (AddParameter): Name = "Value"; Value = ""; VariantName = "[No Variations]"
Add component (AddParameter): Name = "ViewControl"; Value = "В,100%"; VariantName = "[No Variations]"
Add component (AddParameter): Name = "VoltageFact"; Value = ""; VariantName = "[No Variations]"
Add component (AddParameter): Name = "VoltageLimit"; Value = ""; VariantName = "[No Variations]"
Add component (AddParameter): Name = "X_SORT_1"; Value = ""; VariantName = "[No Variations]"
Add component (AddParameter): Name = "X_SORT_2"; Value = ""; VariantName = "[No Variations]"
Add component (AddParameter): Name = "X_SORT_3"; Value = ""; VariantName = "[No Variations]"
Added Pin To Net: NetName=NetVD2_A Pin=XS1-1
Added Pin To Net: NetName=NetR1_1 Pin=XS1-2
Added Pin To Net: NetName=NetR2_1 Pin=XS1-3
Added Pin To Net: NetName=GND Pin=XS1-4
Added Member To Class: ClassName=GenPulseBox Member=Component XS1 ConnectorS4_USB_B
