Change Component Designator: Old Designator=C? New Designator=C1
Change Component Designator: Old Designator=C? New Designator=C2
Change Component Designator: Old Designator=C? New Designator=C3
Change Component Designator: Old Designator=C? New Designator=C4
Change Component Designator: Old Designator=C? New Designator=C5
Change Component Designator: Old Designator=C? New Designator=C6
Change Component Designator: Old Designator=C? New Designator=C7
Change Component Designator: Old Designator=C? New Designator=C8
Change Component Designator: Old Designator=C? New Designator=C9
Change Component Designator: Old Designator=C? New Designator=C10
Change Component Designator: Old Designator=C? New Designator=C11
Change Component Designator: Old Designator=C? New Designator=C12
Change Component Designator: Old Designator=C? New Designator=C13
Change Component Designator: Old Designator=C? New Designator=C14
Change Component Designator: Old Designator=C? New Designator=C15
Change Component Designator: Old Designator=C? New Designator=C16
Change Component Designator: Old Designator=C? New Designator=C17
Change Component Designator: Old Designator=C? New Designator=C18
Change Component Designator: Old Designator=C? New Designator=C19
Change Component Designator: Old Designator=C? New Designator=C20
Change Component Designator: Old Designator=C? New Designator=C21
Change Component Designator: Old Designator=C? New Designator=C22
Change Component Designator: Old Designator=C? New Designator=C23
Change Component Designator: Old Designator=C? New Designator=C24
Change Component Designator: Old Designator=C? New Designator=C25
Change Component Designator: Old Designator=C? New Designator=C26
Change Component Designator: Old Designator=C? New Designator=C27
Change Component Designator: Old Designator=C? New Designator=C28
Change Component Designator: Old Designator=C? New Designator=C29
Change Component Designator: Old Designator=C? New Designator=C30
Change Component Designator: Old Designator=C? New Designator=C31
Change Component Designator: Old Designator=C? New Designator=C32
Change Component Designator: Old Designator=C? New Designator=C33
Change Component Designator: Old Designator=C? New Designator=C34
Change Component Designator: Old Designator=C? New Designator=C35
Change Component Designator: Old Designator=C? New Designator=C36
Change Component Designator: Old Designator=C? New Designator=C37
Change Component Designator: Old Designator=C? New Designator=C38
Change Component Designator: Old Designator=C? New Designator=C39
Change Component Designator: Old Designator=C? New Designator=C40
Change Component Designator: Old Designator=C? New Designator=C41
Change Component Designator: Old Designator=C? New Designator=C42
Change Component Designator: Old Designator=C? New Designator=C43
Change Component Designator: Old Designator=C? New Designator=C44
Change Component Designator: Old Designator=C? New Designator=C45
Change Component Designator: Old Designator=C? New Designator=C46
Change Component Designator: Old Designator=C? New Designator=C47
Change Component Designator: Old Designator=C? New Designator=C48
Change Component Designator: Old Designator=C? New Designator=C49
Change Component Designator: Old Designator=C? New Designator=C50
Change Component Designator: Old Designator=C? New Designator=C51
Change Component Designator: Old Designator=C? New Designator=C52
Change Component Designator: Old Designator=C? New Designator=C53
Change Component Designator: Old Designator=C? New Designator=C54
Change Component Designator: Old Designator=C? New Designator=C55
Change Component Designator: Old Designator=C? New Designator=C56
Change Component Designator: Old Designator=C? New Designator=C57
Change Component Designator: Old Designator=C? New Designator=C58
Change Component Designator: Old Designator=C? New Designator=C59
Change Component Designator: Old Designator=C? New Designator=C60
Change Component Designator: Old Designator=C? New Designator=C61
Change Component Designator: Old Designator=C? New Designator=C62
Change Component Designator: Old Designator=C? New Designator=C63
Change Component Designator: Old Designator=C? New Designator=C64
Change Component Designator: Old Designator=C? New Designator=C65
Change Component Designator: Old Designator=C? New Designator=C66
Change Component Designator: Old Designator=C? New Designator=C67
Change Component Designator: Old Designator=C? New Designator=C68
Change Component Designator: Old Designator=C? New Designator=C69
Change Component Designator: Old Designator=C? New Designator=C70
Change Component Designator: Old Designator=C? New Designator=C71
Change Component Designator: Old Designator=C? New Designator=C72
Change Component Designator: Old Designator=C? New Designator=C73
Change Component Designator: Old Designator=C? New Designator=C74
Change Component Designator: Old Designator=C? New Designator=C75
Change Component Designator: Old Designator=C? New Designator=C76
Change Component Designator: Old Designator=C? New Designator=C77
Change Component Designator: Old Designator=DA? New Designator=DA2
Change Component Designator: Old Designator=DA? New Designator=DA3
Change Component Designator: Old Designator=DA? New Designator=DA4
Change Component Designator: Old Designator=DA? New Designator=DA5
Change Component Designator: Old Designator=DA? New Designator=DA2
Change Component Designator: Old Designator=DA? New Designator=DA3
Change Component Designator: Old Designator=DA? New Designator=DA4
Change Component Designator: Old Designator=DA? New Designator=DA5
Change Component Designator: Old Designator=DA? New Designator=DA2
Change Component Designator: Old Designator=DA? New Designator=DA3
Change Component Designator: Old Designator=DA? New Designator=DA4
Change Component Designator: Old Designator=DA? New Designator=DA5
Change Component Designator: Old Designator=DA? New Designator=DA2
Change Component Designator: Old Designator=DA? New Designator=DA3
Change Component Designator: Old Designator=DA? New Designator=DA4
Change Component Designator: Old Designator=DA? New Designator=DA5
Change Component Designator: Old Designator=DA? New Designator=DA2
Change Component Designator: Old Designator=DA? New Designator=DA3
Change Component Designator: Old Designator=DA? New Designator=DA1
Change Component Designator: Old Designator=DD? New Designator=DD1
Change Component Designator: Old Designator=DD? New Designator=DD2
Change Component Designator: Old Designator=DD? New Designator=DD3
Change Component Designator: Old Designator=DD? New Designator=DD5
Change Component Designator: Old Designator=DD? New Designator=DD1
Change Component Designator: Old Designator=DD? New Designator=DD2
Change Component Designator: Old Designator=DD? New Designator=DD3
Change Component Designator: Old Designator=DD? New Designator=DD5
Change Component Designator: Old Designator=DD? New Designator=DD1
Change Component Designator: Old Designator=DD? New Designator=DD2
Change Component Designator: Old Designator=DD? New Designator=DD3
Change Component Designator: Old Designator=DD? New Designator=DD5
Change Component Designator: Old Designator=DD? New Designator=DD1
Change Component Designator: Old Designator=DD? New Designator=DD2
Change Component Designator: Old Designator=DD? New Designator=DD3
Change Component Designator: Old Designator=DD? New Designator=DD5
Change Component Designator: Old Designator=DD? New Designator=DD1
Change Component Designator: Old Designator=DD? New Designator=DD2
Change Component Designator: Old Designator=DD? New Designator=DD3
Change Component Designator: Old Designator=DD? New Designator=DD5
Change Component Designator: Old Designator=DD? New Designator=DD1
Change Component Designator: Old Designator=DD? New Designator=DD2
Change Component Designator: Old Designator=DD? New Designator=DD3
Change Component Designator: Old Designator=DD? New Designator=DD5
Change Component Designator: Old Designator=DD? New Designator=DD4
Change Component Designator: Old Designator=DD? New Designator=DD6
Change Component Designator: Old Designator=HL? New Designator=HL1
Change Component Designator: Old Designator=KT? New Designator=KT1
Change Component Designator: Old Designator=KT? New Designator=KT2
Change Component Designator: Old Designator=KT? New Designator=KT3
Change Component Designator: Old Designator=KT? New Designator=KT4
Change Component Designator: Old Designator=KT? New Designator=KT5
Change Component Designator: Old Designator=KT? New Designator=KT6
Change Component Designator: Old Designator=KT? New Designator=KT7
Change Component Designator: Old Designator=KT? New Designator=KT8
Change Component Designator: Old Designator=KT? New Designator=KT9
Change Component Designator: Old Designator=KT? New Designator=KT10
Change Component Designator: Old Designator=KT? New Designator=KT11
Change Component Designator: Old Designator=KT? New Designator=KT12
Change Component Designator: Old Designator=KT? New Designator=KT13
Change Component Designator: Old Designator=KT? New Designator=KT14
Change Component Designator: Old Designator=KT? New Designator=KT15
Change Component Designator: Old Designator=KT? New Designator=KT16
Change Component Designator: Old Designator=KT? New Designator=KT17
Change Component Designator: Old Designator=KT? New Designator=KT18
Change Component Designator: Old Designator=KT? New Designator=KT19
Change Component Designator: Old Designator=KT? New Designator=KT20
Change Component Designator: Old Designator=KT? New Designator=KT21
Change Component Designator: Old Designator=KT? New Designator=KT22
Change Component Designator: Old Designator=KT? New Designator=KT23
Change Component Designator: Old Designator=KT? New Designator=KT24
Change Component Designator: Old Designator=KT? New Designator=KT25
Change Component Designator: Old Designator=KT? New Designator=KT26
Change Component Designator: Old Designator=KT? New Designator=KT27
Change Component Designator: Old Designator=KT? New Designator=KT28
Change Component Designator: Old Designator=KT? New Designator=KT29
Change Component Designator: Old Designator=KT? New Designator=KT30
Change Component Designator: Old Designator=KT? New Designator=KT31
Change Component Designator: Old Designator=KT? New Designator=KT32
Change Component Designator: Old Designator=KT? New Designator=KT33
Change Component Designator: Old Designator=KT? New Designator=KT34
Change Component Designator: Old Designator=KT? New Designator=KT35
Change Component Designator: Old Designator=KT? New Designator=KT36
Change Component Designator: Old Designator=KT? New Designator=KT37
Change Component Designator: Old Designator=KT? New Designator=KT38
Change Component Designator: Old Designator=KT? New Designator=KT39
Change Component Designator: Old Designator=KT? New Designator=KT40
Change Component Designator: Old Designator=KT? New Designator=KT41
Change Component Designator: Old Designator=KT? New Designator=KT42
Change Component Designator: Old Designator=KT? New Designator=KT43
Change Component Designator: Old Designator=KT? New Designator=KT44
Change Component Designator: Old Designator=KT? New Designator=KT45
Change Component Designator: Old Designator=KT? New Designator=KT46
Change Component Designator: Old Designator=KT? New Designator=KT47
Change Component Designator: Old Designator=KT? New Designator=KT48
Change Component Designator: Old Designator=KT? New Designator=KT49
Change Component Designator: Old Designator=KT? New Designator=KT50
Change Component Designator: Old Designator=KT? New Designator=KT51
Change Component Designator: Old Designator=KT? New Designator=KT52
Change Component Designator: Old Designator=KT? New Designator=KT53
Change Component Designator: Old Designator=KT? New Designator=KT54
Change Component Designator: Old Designator=KT? New Designator=KT55
Change Component Designator: Old Designator=KT? New Designator=KT56
Change Component Designator: Old Designator=KT? New Designator=KT57
Change Component Designator: Old Designator=KT? New Designator=KT58
Change Component Designator: Old Designator=KT? New Designator=KT59
Change Component Designator: Old Designator=KT? New Designator=KT60
Change Component Designator: Old Designator=KT? New Designator=KT61
Change Component Designator: Old Designator=KT? New Designator=KT62
Change Component Designator: Old Designator=KT? New Designator=KT63
Change Component Designator: Old Designator=KT? New Designator=KT64
Change Component Designator: Old Designator=KT? New Designator=KT65
Change Component Designator: Old Designator=KT? New Designator=KT66
Change Component Designator: Old Designator=KT? New Designator=KT67
Change Component Designator: Old Designator=KT? New Designator=KT68
Change Component Designator: Old Designator=KT? New Designator=KT69
Change Component Designator: Old Designator=KT? New Designator=KT70
Change Component Designator: Old Designator=KT? New Designator=KT71
Change Component Designator: Old Designator=KT? New Designator=KT72
Change Component Designator: Old Designator=KT? New Designator=KT73
Change Component Designator: Old Designator=KT? New Designator=KT74
Change Component Designator: Old Designator=KT? New Designator=KT75
Change Component Designator: Old Designator=KT? New Designator=KT76
Change Component Designator: Old Designator=KT? New Designator=KT77
Change Component Designator: Old Designator=KT? New Designator=KT78
Change Component Designator: Old Designator=KT? New Designator=KT79
Change Component Designator: Old Designator=KT? New Designator=KT80
Change Component Designator: Old Designator=KT? New Designator=KT81
Change Component Designator: Old Designator=KT? New Designator=KT82
Change Component Designator: Old Designator=KT? New Designator=KT83
Change Component Designator: Old Designator=KT? New Designator=KT84
Change Component Designator: Old Designator=KT? New Designator=KT85
Change Component Designator: Old Designator=KT? New Designator=KT86
Change Component Designator: Old Designator=KT? New Designator=KT87
Change Component Designator: Old Designator=KT? New Designator=KT88
Change Component Designator: Old Designator=KT? New Designator=KT89
Change Component Designator: Old Designator=KT? New Designator=KT90
Change Component Designator: Old Designator=KT? New Designator=KT91
Change Component Designator: Old Designator=L? New Designator=L1
Change Component Designator: Old Designator=L? New Designator=L2
Change Component Designator: Old Designator=L? New Designator=L3
Change Component Designator: Old Designator=L? New Designator=L4
Change Component Designator: Old Designator=R? New Designator=R1
Change Component Designator: Old Designator=R? New Designator=R2
Change Component Designator: Old Designator=R? New Designator=R3
Change Component Designator: Old Designator=R? New Designator=R4
Change Component Designator: Old Designator=R? New Designator=R5
Change Component Designator: Old Designator=R? New Designator=R6
Change Component Designator: Old Designator=R? New Designator=R7
Change Component Designator: Old Designator=R? New Designator=R8
Change Component Designator: Old Designator=R? New Designator=R9
Change Component Designator: Old Designator=R? New Designator=R10
Change Component Designator: Old Designator=R? New Designator=R11
Change Component Designator: Old Designator=R? New Designator=R12
Change Component Designator: Old Designator=R? New Designator=R13
Change Component Designator: Old Designator=R? New Designator=R14
Change Component Designator: Old Designator=R? New Designator=R15
Change Component Designator: Old Designator=R? New Designator=R16
Change Component Designator: Old Designator=R? New Designator=R17
Change Component Designator: Old Designator=R? New Designator=R18
Change Component Designator: Old Designator=R? New Designator=R19
Change Component Designator: Old Designator=R? New Designator=R20
Change Component Designator: Old Designator=R? New Designator=R21
Change Component Designator: Old Designator=R? New Designator=R22
Change Component Designator: Old Designator=R? New Designator=R23
Change Component Designator: Old Designator=R? New Designator=R24
Change Component Designator: Old Designator=R? New Designator=R25
Change Component Designator: Old Designator=R? New Designator=R26
Change Component Designator: Old Designator=R? New Designator=R27
Change Component Designator: Old Designator=R? New Designator=R28
Change Component Designator: Old Designator=R? New Designator=R29
Change Component Designator: Old Designator=R? New Designator=R30
Change Component Designator: Old Designator=R? New Designator=R31
Change Component Designator: Old Designator=R? New Designator=R32
Change Component Designator: Old Designator=R? New Designator=R33
Change Component Designator: Old Designator=R? New Designator=R34
Change Component Designator: Old Designator=R? New Designator=R35
Change Component Designator: Old Designator=R? New Designator=R36
Change Component Designator: Old Designator=R? New Designator=R37
Change Component Designator: Old Designator=R? New Designator=R38
Change Component Designator: Old Designator=R? New Designator=R39
Change Component Designator: Old Designator=R? New Designator=R40
Change Component Designator: Old Designator=R? New Designator=R41
Change Component Designator: Old Designator=R? New Designator=R42
Change Component Designator: Old Designator=R? New Designator=R43
Change Component Designator: Old Designator=R? New Designator=R44
Change Component Designator: Old Designator=R? New Designator=R45
Change Component Designator: Old Designator=R? New Designator=R46
Change Component Designator: Old Designator=R? New Designator=R47
Change Component Designator: Old Designator=R? New Designator=R48
Change Component Designator: Old Designator=R? New Designator=R49
Change Component Designator: Old Designator=R? New Designator=R50
Change Component Designator: Old Designator=R? New Designator=R51
Change Component Designator: Old Designator=R? New Designator=R52
Change Component Designator: Old Designator=R? New Designator=R53
Change Component Designator: Old Designator=R? New Designator=R54
Change Component Designator: Old Designator=R? New Designator=R55
Change Component Designator: Old Designator=R? New Designator=R56
Change Component Designator: Old Designator=R? New Designator=R57
Change Component Designator: Old Designator=R? New Designator=R58
Change Component Designator: Old Designator=R? New Designator=R59
Change Component Designator: Old Designator=R? New Designator=R60
Change Component Designator: Old Designator=R? New Designator=R61
Change Component Designator: Old Designator=R? New Designator=R62
Change Component Designator: Old Designator=R? New Designator=R63
Change Component Designator: Old Designator=R? New Designator=R64
Change Component Designator: Old Designator=R? New Designator=R65
Change Component Designator: Old Designator=R? New Designator=R66
Change Component Designator: Old Designator=R? New Designator=R67
Change Component Designator: Old Designator=R? New Designator=R68
Change Component Designator: Old Designator=R? New Designator=R69
Change Component Designator: Old Designator=R? New Designator=R70
Change Component Designator: Old Designator=R? New Designator=R71
Change Component Designator: Old Designator=R? New Designator=R72
Change Component Designator: Old Designator=R? New Designator=R73
Change Component Designator: Old Designator=R? New Designator=R74
Change Component Designator: Old Designator=R? New Designator=R75
Change Component Designator: Old Designator=R? New Designator=R76
Change Component Designator: Old Designator=R? New Designator=R77
Change Component Designator: Old Designator=R? New Designator=R78
Change Component Designator: Old Designator=R? New Designator=R79
Change Component Designator: Old Designator=R? New Designator=R80
Change Component Designator: Old Designator=R? New Designator=R81
Change Component Designator: Old Designator=R? New Designator=R82
Change Component Designator: Old Designator=R? New Designator=R83
Change Component Designator: Old Designator=R? New Designator=R84
Change Component Designator: Old Designator=R? New Designator=R85
Change Component Designator: Old Designator=R? New Designator=R86
Change Component Designator: Old Designator=R? New Designator=R87
Change Component Designator: Old Designator=R? New Designator=R88
Change Component Designator: Old Designator=R? New Designator=R89
Change Component Designator: Old Designator=R? New Designator=R90
Change Component Designator: Old Designator=R? New Designator=R91
Change Component Designator: Old Designator=R? New Designator=R92
Change Component Designator: Old Designator=R? New Designator=R93
Change Component Designator: Old Designator=R? New Designator=R94
Change Component Designator: Old Designator=R? New Designator=R95
Change Component Designator: Old Designator=R? New Designator=R96
Change Component Designator: Old Designator=R? New Designator=R97
Change Component Designator: Old Designator=R? New Designator=R98
Change Component Designator: Old Designator=SA? New Designator=SA1
Change Component Designator: Old Designator=VD? New Designator=VD1
Change Component Designator: Old Designator=VD? New Designator=VD2
Change Component Designator: Old Designator=VD? New Designator=VD3
Change Component Designator: Old Designator=VD? New Designator=VD4
Change Component Designator: Old Designator=VD? New Designator=VD5
Change Component Designator: Old Designator=VD? New Designator=VD6
Change Component Designator: Old Designator=VD? New Designator=VD7
Change Component Designator: Old Designator=VD? New Designator=VD8
Change Component Designator: Old Designator=VD? New Designator=VD9
Change Component Designator: Old Designator=VD? New Designator=VD10
Change Component Designator: Old Designator=VD? New Designator=VD11
Change Component Designator: Old Designator=XP? New Designator=XP1
Change Component Designator: Old Designator=XP? New Designator=XP2
Change Component Designator: Old Designator=XP? New Designator=XP3
Change Component Designator: Old Designator=XP? New Designator=XP4
Change Component Designator: Old Designator=XP? New Designator=XP5
Change Component Designator: Old Designator=XP? New Designator=XP6
Change Component Designator: Old Designator=XP? New Designator=XP7
Change Component Designator: Old Designator=XP? New Designator=XP8
Change Component Designator: Old Designator=XP? New Designator=XP9
Change Component Designator: Old Designator=XP? New Designator=XP10
Change Component Designator: Old Designator=XP? New Designator=XP11
Change Component Designator: Old Designator=XP? New Designator=XP12
Change Component Designator: Old Designator=XP? New Designator=XP13
Change Component Designator: Old Designator=XP? New Designator=XP14
Change Component Designator: Old Designator=XP? New Designator=XP15
Change Component Designator: Old Designator=XP? New Designator=XP16
Change Component Designator: Old Designator=XP? New Designator=XP17
Change Component Designator: Old Designator=XP? New Designator=XP18
Change Component Designator: Old Designator=XP? New Designator=XP19
Change Component Designator: Old Designator=XP? New Designator=XP20
Change Component Designator: Old Designator=XP? New Designator=XP21
Change Component Designator: Old Designator=XS? New Designator=XS1
Change Component Designator: Old Designator=ZQ? New Designator=ZQ1
