Removed Pin From Net: NetName=GND Pin=VD1-A
Removed Pin From Net: NetName=GND Pin=VD3-A
Change Component Footprint: Designator=VD1 Old Footprint=SOT23 2D706AS9 New Footprint=SMB_(DO-214AA) KA1-KA2
Change Component Footprint: Designator=VD3 Old Footprint=SOT23 2D706AS9 New Footprint=SMB_(DO-214AA) KA1-KA2
Change component parameters: Designator = "VD1" ("VD1"); Footprint = "SOT23 2D706AS9"; UniqueID = "\ZSGPRINO" ("\ZSGPRINO")
Change component parameters (AddParameter): Name = "Alternative"; Value = "SMBJ5.0CA-TR YJ"; VariantName = "[No Variations]"
Change component parameters (AddParameter): Name = "Alternative2"; Value = ""; VariantName = "[No Variations]"
Change component parameters (AddParameter): Name = "Alternative3"; Value = ""; VariantName = "[No Variations]"
Change component parameters (AddParameter): Name = "CardKRR"; Value = "56"; VariantName = "[No Variations]"
Change component parameters (AddParameter): Name = "ComponentLink1Description"; Value = ""; VariantName = "[No Variations]"
Change component parameters (AddParameter): Name = "ComponentLink1URL"; Value = "\\192.168.0.101\U_Base\PDF\V\SMBJ.pdf"; VariantName = "[No Variations]"
Change component parameters (AddParameter): Name = "ComponentLink2Description"; Value = ""; VariantName = "[No Variations]"
Change component parameters (AddParameter): Name = "ComponentLink2URL"; Value = ""; VariantName = "[No Variations]"
Change component parameters (AddParameter): Name = "CurrentFact"; Value = ""; VariantName = "[No Variations]"
Change component parameters (AddParameter): Name = "CurrentLimit"; Value = ""; VariantName = "[No Variations]"
Change component parameters (AddParameter): Name = "DataSheet"; Value = "#\\192.168.0.101\U_Base\PDF\V\SMBJ.pdf#"; VariantName = "[No Variations]"
Change component parameters (AddParameter): Name = "DeliveryTime"; Value = ""; VariantName = "[No Variations]"
Change component parameters (AddParameter): Name = "Group"; Value = "Диоды"; VariantName = "[No Variations]"
Change component parameters (AddParameter): Name = "HelpURL"; Value = "\\192.168.0.101\U_Base\PDF\V\SMBJ.pdf"; VariantName = "[No Variations]"
Change component parameters (AddParameter): Name = "key"; Value = "163"; VariantName = "[No Variations]"
Change component parameters (AddParameter): Name = "Manufacturer"; Value = "STMicroelectronics"; VariantName = "[No Variations]"
Change component parameters (AddParameter): Name = "ManufacturerPartNumber"; Value = ""; VariantName = "[No Variations]"
Change component parameters (AddParameter): Name = "ManufacturerTU"; Value = ""; VariantName = "[No Variations]"
Change component parameters (AddParameter): Name = "Mark"; Value = ""; VariantName = "[No Variations]"
Change component parameters (AddParameter): Name = "Mass"; Value = "0.26"; VariantName = "[No Variations]"
Change component parameters (AddParameter): Name = "MilitaryControl"; Value = "ОТК"; VariantName = "[No Variations]"
Change component parameters (AddParameter): Name = "Modify"; Value = "05.12.2022"; VariantName = "[No Variations]"
Change component parameters (AddParameter): Name = "MountChoice"; Value = ""; VariantName = "[No Variations]"
Change component parameters (AddParameter): Name = "MountType"; Value = "ПМ"; VariantName = "[No Variations]"
Change component parameters (AddParameter): Name = "Name"; Value = "SMBJ5.0CA"; VariantName = "[No Variations]"
Change component parameters (AddParameter): Name = "Notice"; Value = ""; VariantName = "[No Variations]"
Change component parameters (AddParameter): Name = "Package"; Value = ""; VariantName = "[No Variations]"
Change component parameters (AddParameter): Name = "PartNumber"; Value = "Диод защитный SMBJ5.0CA-TR"; VariantName = "[No Variations]"
Change component parameters (AddParameter): Name = "PowerFact"; Value = ""; VariantName = "[No Variations]"
Change component parameters (AddParameter): Name = "PowerLimit"; Value = ""; VariantName = "[No Variations]"
Change component parameters (AddParameter): Name = "SolderName"; Value = "SMBJ5.0CA"; VariantName = "[No Variations]"
Change component parameters (AddParameter): Name = "SolderTemperature"; Value = "260"; VariantName = "[No Variations]"
Change component parameters (AddParameter): Name = "Tag"; Value = ""; VariantName = "[No Variations]"
Change component parameters (AddParameter): Name = "TemperatureRange"; Value = "от минус 55 до 150"; VariantName = "[No Variations]"
Change component parameters (AddParameter): Name = "Usage"; Value = ""; VariantName = "[No Variations]"
Change component parameters (AddParameter): Name = "Value"; Value = "SMBJ5.0CA"; VariantName = "[No Variations]"
Change component parameters (AddParameter): Name = "ViewControl"; Value = "В, 10%"; VariantName = "[No Variations]"
Change component parameters (AddParameter): Name = "VoltageFact"; Value = ""; VariantName = "[No Variations]"
Change component parameters (AddParameter): Name = "VoltageLimit"; Value = "13,4"; VariantName = "[No Variations]"
Change component parameters (AddParameter): Name = "X_SORT_1"; Value = ""; VariantName = "[No Variations]"
Change component parameters (AddParameter): Name = "X_SORT_2"; Value = ""; VariantName = "[No Variations]"
Change component parameters (AddParameter): Name = "X_SORT_3"; Value = ""; VariantName = "[No Variations]"
Change component parameters: Designator = "VD3" ("VD3"); Footprint = "SOT23 2D706AS9"; UniqueID = "\YXXESPHL" ("\YXXESPHL")
Change component parameters (AddParameter): Name = "Alternative"; Value = "SMBJ5.0CA-TR YJ"; VariantName = "[No Variations]"
Change component parameters (AddParameter): Name = "Alternative2"; Value = ""; VariantName = "[No Variations]"
Change component parameters (AddParameter): Name = "Alternative3"; Value = ""; VariantName = "[No Variations]"
Change component parameters (AddParameter): Name = "CardKRR"; Value = "56"; VariantName = "[No Variations]"
Change component parameters (AddParameter): Name = "ComponentLink1Description"; Value = ""; VariantName = "[No Variations]"
Change component parameters (AddParameter): Name = "ComponentLink1URL"; Value = "\\192.168.0.101\U_Base\PDF\V\SMBJ.pdf"; VariantName = "[No Variations]"
Change component parameters (AddParameter): Name = "ComponentLink2Description"; Value = ""; VariantName = "[No Variations]"
Change component parameters (AddParameter): Name = "ComponentLink2URL"; Value = ""; VariantName = "[No Variations]"
Change component parameters (AddParameter): Name = "CurrentFact"; Value = ""; VariantName = "[No Variations]"
Change component parameters (AddParameter): Name = "CurrentLimit"; Value = ""; VariantName = "[No Variations]"
Change component parameters (AddParameter): Name = "DataSheet"; Value = "#\\192.168.0.101\U_Base\PDF\V\SMBJ.pdf#"; VariantName = "[No Variations]"
Change component parameters (AddParameter): Name = "DeliveryTime"; Value = ""; VariantName = "[No Variations]"
Change component parameters (AddParameter): Name = "Group"; Value = "Диоды"; VariantName = "[No Variations]"
Change component parameters (AddParameter): Name = "HelpURL"; Value = "\\192.168.0.101\U_Base\PDF\V\SMBJ.pdf"; VariantName = "[No Variations]"
Change component parameters (AddParameter): Name = "key"; Value = "163"; VariantName = "[No Variations]"
Change component parameters (AddParameter): Name = "Manufacturer"; Value = "STMicroelectronics"; VariantName = "[No Variations]"
Change component parameters (AddParameter): Name = "ManufacturerPartNumber"; Value = ""; VariantName = "[No Variations]"
Change component parameters (AddParameter): Name = "ManufacturerTU"; Value = ""; VariantName = "[No Variations]"
Change component parameters (AddParameter): Name = "Mark"; Value = ""; VariantName = "[No Variations]"
Change component parameters (AddParameter): Name = "Mass"; Value = "0.26"; VariantName = "[No Variations]"
Change component parameters (AddParameter): Name = "MilitaryControl"; Value = "ОТК"; VariantName = "[No Variations]"
Change component parameters (AddParameter): Name = "Modify"; Value = "05.12.2022"; VariantName = "[No Variations]"
Change component parameters (AddParameter): Name = "MountChoice"; Value = ""; VariantName = "[No Variations]"
Change component parameters (AddParameter): Name = "MountType"; Value = "ПМ"; VariantName = "[No Variations]"
Change component parameters (AddParameter): Name = "Name"; Value = "SMBJ5.0CA"; VariantName = "[No Variations]"
Change component parameters (AddParameter): Name = "Notice"; Value = ""; VariantName = "[No Variations]"
Change component parameters (AddParameter): Name = "Package"; Value = ""; VariantName = "[No Variations]"
Change component parameters (AddParameter): Name = "PartNumber"; Value = "Диод защитный SMBJ5.0CA-TR"; VariantName = "[No Variations]"
Change component parameters (AddParameter): Name = "PowerFact"; Value = ""; VariantName = "[No Variations]"
Change component parameters (AddParameter): Name = "PowerLimit"; Value = ""; VariantName = "[No Variations]"
Change component parameters (AddParameter): Name = "SolderName"; Value = "SMBJ5.0CA"; VariantName = "[No Variations]"
Change component parameters (AddParameter): Name = "SolderTemperature"; Value = "260"; VariantName = "[No Variations]"
Change component parameters (AddParameter): Name = "Tag"; Value = ""; VariantName = "[No Variations]"
Change component parameters (AddParameter): Name = "TemperatureRange"; Value = "от минус 55 до 150"; VariantName = "[No Variations]"
Change component parameters (AddParameter): Name = "Usage"; Value = ""; VariantName = "[No Variations]"
Change component parameters (AddParameter): Name = "Value"; Value = "SMBJ5.0CA"; VariantName = "[No Variations]"
Change component parameters (AddParameter): Name = "ViewControl"; Value = "В, 10%"; VariantName = "[No Variations]"
Change component parameters (AddParameter): Name = "VoltageFact"; Value = ""; VariantName = "[No Variations]"
Change component parameters (AddParameter): Name = "VoltageLimit"; Value = "13,4"; VariantName = "[No Variations]"
Change component parameters (AddParameter): Name = "X_SORT_1"; Value = ""; VariantName = "[No Variations]"
Change component parameters (AddParameter): Name = "X_SORT_2"; Value = ""; VariantName = "[No Variations]"
Change component parameters (AddParameter): Name = "X_SORT_3"; Value = ""; VariantName = "[No Variations]"
Change component parameters: Designator = "VD4" ("VD4"); Footprint = "SMB_(DO-214AA) KA1-KA2"; UniqueID = "\TSLOTZVR" ("\TSLOTZVR")
Change component parameters (AddParameter): Name = "Alternative"; Value = "SMBJ5.0CA-TR YJ"; VariantName = "[No Variations]"
Change component parameters (AddParameter): Name = "Alternative2"; Value = ""; VariantName = "[No Variations]"
Change component parameters (AddParameter): Name = "Alternative3"; Value = ""; VariantName = "[No Variations]"
Change component parameters (AddParameter): Name = "CardKRR"; Value = "56"; VariantName = "[No Variations]"
Change component parameters (AddParameter): Name = "ComponentLink1Description"; Value = ""; VariantName = "[No Variations]"
Change component parameters (AddParameter): Name = "ComponentLink1URL"; Value = "\\192.168.0.101\U_Base\PDF\V\SMBJ.pdf"; VariantName = "[No Variations]"
Change component parameters (AddParameter): Name = "ComponentLink2Description"; Value = ""; VariantName = "[No Variations]"
Change component parameters (AddParameter): Name = "ComponentLink2URL"; Value = ""; VariantName = "[No Variations]"
Change component parameters (AddParameter): Name = "CurrentFact"; Value = ""; VariantName = "[No Variations]"
Change component parameters (AddParameter): Name = "CurrentLimit"; Value = ""; VariantName = "[No Variations]"
Change component parameters (AddParameter): Name = "DataSheet"; Value = "#\\192.168.0.101\U_Base\PDF\V\SMBJ.pdf#"; VariantName = "[No Variations]"
Change component parameters (AddParameter): Name = "DeliveryTime"; Value = ""; VariantName = "[No Variations]"
Change component parameters (AddParameter): Name = "Group"; Value = "Диоды"; VariantName = "[No Variations]"
Change component parameters (AddParameter): Name = "HelpURL"; Value = "\\192.168.0.101\U_Base\PDF\V\SMBJ.pdf"; VariantName = "[No Variations]"
Change component parameters (AddParameter): Name = "key"; Value = "163"; VariantName = "[No Variations]"
Change component parameters (AddParameter): Name = "Manufacturer"; Value = "STMicroelectronics"; VariantName = "[No Variations]"
Change component parameters (AddParameter): Name = "ManufacturerPartNumber"; Value = ""; VariantName = "[No Variations]"
Change component parameters (AddParameter): Name = "ManufacturerTU"; Value = ""; VariantName = "[No Variations]"
Change component parameters (AddParameter): Name = "Mark"; Value = ""; VariantName = "[No Variations]"
Change component parameters (AddParameter): Name = "Mass"; Value = "0.26"; VariantName = "[No Variations]"
Change component parameters (AddParameter): Name = "MilitaryControl"; Value = "ОТК"; VariantName = "[No Variations]"
Change component parameters (AddParameter): Name = "Modify"; Value = "05.12.2022"; VariantName = "[No Variations]"
Change component parameters (AddParameter): Name = "MountChoice"; Value = ""; VariantName = "[No Variations]"
Change component parameters (AddParameter): Name = "MountType"; Value = "ПМ"; VariantName = "[No Variations]"
Change component parameters (AddParameter): Name = "Name"; Value = "SMBJ5.0CA"; VariantName = "[No Variations]"
Change component parameters (AddParameter): Name = "Notice"; Value = ""; VariantName = "[No Variations]"
Change component parameters (AddParameter): Name = "Package"; Value = ""; VariantName = "[No Variations]"
Change component parameters (AddParameter): Name = "PartNumber"; Value = "Диод защитный SMBJ5.0CA-TR"; VariantName = "[No Variations]"
Change component parameters (AddParameter): Name = "PowerFact"; Value = ""; VariantName = "[No Variations]"
Change component parameters (AddParameter): Name = "PowerLimit"; Value = ""; VariantName = "[No Variations]"
Change component parameters (AddParameter): Name = "SolderName"; Value = "SMBJ5.0CA"; VariantName = "[No Variations]"
Change component parameters (AddParameter): Name = "SolderTemperature"; Value = "260"; VariantName = "[No Variations]"
Change component parameters (AddParameter): Name = "Tag"; Value = ""; VariantName = "[No Variations]"
Change component parameters (AddParameter): Name = "TemperatureRange"; Value = "от минус 55 до 150"; VariantName = "[No Variations]"
Change component parameters (AddParameter): Name = "Usage"; Value = ""; VariantName = "[No Variations]"
Change component parameters (AddParameter): Name = "Value"; Value = "SMBJ5.0CA"; VariantName = "[No Variations]"
Change component parameters (AddParameter): Name = "ViewControl"; Value = "В, 10%"; VariantName = "[No Variations]"
Change component parameters (AddParameter): Name = "VoltageFact"; Value = ""; VariantName = "[No Variations]"
Change component parameters (AddParameter): Name = "VoltageLimit"; Value = "13,4"; VariantName = "[No Variations]"
Change component parameters (AddParameter): Name = "X_SORT_1"; Value = ""; VariantName = "[No Variations]"
Change component parameters (AddParameter): Name = "X_SORT_2"; Value = ""; VariantName = "[No Variations]"
Change component parameters (AddParameter): Name = "X_SORT_3"; Value = ""; VariantName = "[No Variations]"
Change component parameters: Designator = "VD5" ("VD5"); Footprint = "SMB_(DO-214AA) KA1-KA2"; UniqueID = "\TVDIBLPB" ("\TVDIBLPB")
Change component parameters (AddParameter): Name = "Alternative"; Value = "SMBJ5.0CA-TR YJ"; VariantName = "[No Variations]"
Change component parameters (AddParameter): Name = "Alternative2"; Value = ""; VariantName = "[No Variations]"
Change component parameters (AddParameter): Name = "Alternative3"; Value = ""; VariantName = "[No Variations]"
Change component parameters (AddParameter): Name = "CardKRR"; Value = "56"; VariantName = "[No Variations]"
Change component parameters (AddParameter): Name = "ComponentLink1Description"; Value = ""; VariantName = "[No Variations]"
Change component parameters (AddParameter): Name = "ComponentLink1URL"; Value = "\\192.168.0.101\U_Base\PDF\V\SMBJ.pdf"; VariantName = "[No Variations]"
Change component parameters (AddParameter): Name = "ComponentLink2Description"; Value = ""; VariantName = "[No Variations]"
Change component parameters (AddParameter): Name = "ComponentLink2URL"; Value = ""; VariantName = "[No Variations]"
Change component parameters (AddParameter): Name = "CurrentFact"; Value = ""; VariantName = "[No Variations]"
Change component parameters (AddParameter): Name = "CurrentLimit"; Value = ""; VariantName = "[No Variations]"
Change component parameters (AddParameter): Name = "DataSheet"; Value = "#\\192.168.0.101\U_Base\PDF\V\SMBJ.pdf#"; VariantName = "[No Variations]"
Change component parameters (AddParameter): Name = "DeliveryTime"; Value = ""; VariantName = "[No Variations]"
Change component parameters (AddParameter): Name = "Group"; Value = "Диоды"; VariantName = "[No Variations]"
Change component parameters (AddParameter): Name = "HelpURL"; Value = "\\192.168.0.101\U_Base\PDF\V\SMBJ.pdf"; VariantName = "[No Variations]"
Change component parameters (AddParameter): Name = "key"; Value = "163"; VariantName = "[No Variations]"
Change component parameters (AddParameter): Name = "Manufacturer"; Value = "STMicroelectronics"; VariantName = "[No Variations]"
Change component parameters (AddParameter): Name = "ManufacturerPartNumber"; Value = ""; VariantName = "[No Variations]"
Change component parameters (AddParameter): Name = "ManufacturerTU"; Value = ""; VariantName = "[No Variations]"
Change component parameters (AddParameter): Name = "Mark"; Value = ""; VariantName = "[No Variations]"
Change component parameters (AddParameter): Name = "Mass"; Value = "0.26"; VariantName = "[No Variations]"
Change component parameters (AddParameter): Name = "MilitaryControl"; Value = "ОТК"; VariantName = "[No Variations]"
Change component parameters (AddParameter): Name = "Modify"; Value = "05.12.2022"; VariantName = "[No Variations]"
Change component parameters (AddParameter): Name = "MountChoice"; Value = ""; VariantName = "[No Variations]"
Change component parameters (AddParameter): Name = "MountType"; Value = "ПМ"; VariantName = "[No Variations]"
Change component parameters (AddParameter): Name = "Name"; Value = "SMBJ5.0CA"; VariantName = "[No Variations]"
Change component parameters (AddParameter): Name = "Notice"; Value = ""; VariantName = "[No Variations]"
Change component parameters (AddParameter): Name = "Package"; Value = ""; VariantName = "[No Variations]"
Change component parameters (AddParameter): Name = "PartNumber"; Value = "Диод защитный SMBJ5.0CA-TR"; VariantName = "[No Variations]"
Change component parameters (AddParameter): Name = "PowerFact"; Value = ""; VariantName = "[No Variations]"
Change component parameters (AddParameter): Name = "PowerLimit"; Value = ""; VariantName = "[No Variations]"
Change component parameters (AddParameter): Name = "SolderName"; Value = "SMBJ5.0CA"; VariantName = "[No Variations]"
Change component parameters (AddParameter): Name = "SolderTemperature"; Value = "260"; VariantName = "[No Variations]"
Change component parameters (AddParameter): Name = "Tag"; Value = ""; VariantName = "[No Variations]"
Change component parameters (AddParameter): Name = "TemperatureRange"; Value = "от минус 55 до 150"; VariantName = "[No Variations]"
Change component parameters (AddParameter): Name = "Usage"; Value = ""; VariantName = "[No Variations]"
Change component parameters (AddParameter): Name = "Value"; Value = "SMBJ5.0CA"; VariantName = "[No Variations]"
Change component parameters (AddParameter): Name = "ViewControl"; Value = "В, 10%"; VariantName = "[No Variations]"
Change component parameters (AddParameter): Name = "VoltageFact"; Value = ""; VariantName = "[No Variations]"
Change component parameters (AddParameter): Name = "VoltageLimit"; Value = "13,4"; VariantName = "[No Variations]"
Change component parameters (AddParameter): Name = "X_SORT_1"; Value = ""; VariantName = "[No Variations]"
Change component parameters (AddParameter): Name = "X_SORT_2"; Value = ""; VariantName = "[No Variations]"
Change component parameters (AddParameter): Name = "X_SORT_3"; Value = ""; VariantName = "[No Variations]"
Added Component: Designator=VD2(SMB_(DO-214AA) KA1-KA2)
Add component (AddParameter): Name = "Alternative"; Value = "SMBJ5.0CA-TR YJ"; VariantName = "[No Variations]"
Add component (AddParameter): Name = "Alternative2"; Value = ""; VariantName = "[No Variations]"
Add component (AddParameter): Name = "Alternative3"; Value = ""; VariantName = "[No Variations]"
Add component (AddParameter): Name = "CardKRR"; Value = "56"; VariantName = "[No Variations]"
Add component (AddParameter): Name = "ComponentLink1Description"; Value = ""; VariantName = "[No Variations]"
Add component (AddParameter): Name = "ComponentLink1URL"; Value = "\\192.168.0.101\U_Base\PDF\V\SMBJ.pdf"; VariantName = "[No Variations]"
Add component (AddParameter): Name = "ComponentLink2Description"; Value = ""; VariantName = "[No Variations]"
Add component (AddParameter): Name = "ComponentLink2URL"; Value = ""; VariantName = "[No Variations]"
Add component (AddParameter): Name = "CurrentFact"; Value = ""; VariantName = "[No Variations]"
Add component (AddParameter): Name = "CurrentLimit"; Value = ""; VariantName = "[No Variations]"
Add component (AddParameter): Name = "DataSheet"; Value = "#\\192.168.0.101\U_Base\PDF\V\SMBJ.pdf#"; VariantName = "[No Variations]"
Add component (AddParameter): Name = "DeliveryTime"; Value = ""; VariantName = "[No Variations]"
Add component (AddParameter): Name = "Group"; Value = "Диоды"; VariantName = "[No Variations]"
Add component (AddParameter): Name = "HelpURL"; Value = "\\192.168.0.101\U_Base\PDF\V\SMBJ.pdf"; VariantName = "[No Variations]"
Add component (AddParameter): Name = "key"; Value = "163"; VariantName = "[No Variations]"
Add component (AddParameter): Name = "Manufacturer"; Value = "STMicroelectronics"; VariantName = "[No Variations]"
Add component (AddParameter): Name = "ManufacturerPartNumber"; Value = ""; VariantName = "[No Variations]"
Add component (AddParameter): Name = "ManufacturerTU"; Value = ""; VariantName = "[No Variations]"
Add component (AddParameter): Name = "Mark"; Value = ""; VariantName = "[No Variations]"
Add component (AddParameter): Name = "Mass"; Value = "0.26"; VariantName = "[No Variations]"
Add component (AddParameter): Name = "MilitaryControl"; Value = "ОТК"; VariantName = "[No Variations]"
Add component (AddParameter): Name = "Modify"; Value = "05.12.2022"; VariantName = "[No Variations]"
Add component (AddParameter): Name = "MountChoice"; Value = ""; VariantName = "[No Variations]"
Add component (AddParameter): Name = "MountType"; Value = "ПМ"; VariantName = "[No Variations]"
Add component (AddParameter): Name = "Name"; Value = "SMBJ5.0CA"; VariantName = "[No Variations]"
Add component (AddParameter): Name = "Notice"; Value = ""; VariantName = "[No Variations]"
Add component (AddParameter): Name = "Package"; Value = ""; VariantName = "[No Variations]"
Add component (AddParameter): Name = "PartNumber"; Value = "Диод защитный SMBJ5.0CA-TR"; VariantName = "[No Variations]"
Add component (AddParameter): Name = "PowerFact"; Value = ""; VariantName = "[No Variations]"
Add component (AddParameter): Name = "PowerLimit"; Value = ""; VariantName = "[No Variations]"
Add component (AddParameter): Name = "SolderName"; Value = "SMBJ5.0CA"; VariantName = "[No Variations]"
Add component (AddParameter): Name = "SolderTemperature"; Value = "260"; VariantName = "[No Variations]"
Add component (AddParameter): Name = "Tag"; Value = ""; VariantName = "[No Variations]"
Add component (AddParameter): Name = "TemperatureRange"; Value = "от минус 55 до 150"; VariantName = "[No Variations]"
Add component (AddParameter): Name = "Usage"; Value = ""; VariantName = "[No Variations]"
Add component (AddParameter): Name = "Value"; Value = "SMBJ5.0CA"; VariantName = "[No Variations]"
Add component (AddParameter): Name = "ViewControl"; Value = "В, 10%"; VariantName = "[No Variations]"
Add component (AddParameter): Name = "VoltageFact"; Value = ""; VariantName = "[No Variations]"
Add component (AddParameter): Name = "VoltageLimit"; Value = "13,4"; VariantName = "[No Variations]"
Add component (AddParameter): Name = "X_SORT_1"; Value = ""; VariantName = "[No Variations]"
Add component (AddParameter): Name = "X_SORT_2"; Value = ""; VariantName = "[No Variations]"
Add component (AddParameter): Name = "X_SORT_3"; Value = ""; VariantName = "[No Variations]"
Added Component: Designator=VD6(SMB_(DO-214AA) KA1-KA2)
Add component (AddParameter): Name = "Alternative"; Value = "SMBJ5.0CA-TR YJ"; VariantName = "[No Variations]"
Add component (AddParameter): Name = "Alternative2"; Value = ""; VariantName = "[No Variations]"
Add component (AddParameter): Name = "Alternative3"; Value = ""; VariantName = "[No Variations]"
Add component (AddParameter): Name = "CardKRR"; Value = "56"; VariantName = "[No Variations]"
Add component (AddParameter): Name = "ComponentLink1Description"; Value = ""; VariantName = "[No Variations]"
Add component (AddParameter): Name = "ComponentLink1URL"; Value = "\\192.168.0.101\U_Base\PDF\V\SMBJ.pdf"; VariantName = "[No Variations]"
Add component (AddParameter): Name = "ComponentLink2Description"; Value = ""; VariantName = "[No Variations]"
Add component (AddParameter): Name = "ComponentLink2URL"; Value = ""; VariantName = "[No Variations]"
Add component (AddParameter): Name = "CurrentFact"; Value = ""; VariantName = "[No Variations]"
Add component (AddParameter): Name = "CurrentLimit"; Value = ""; VariantName = "[No Variations]"
Add component (AddParameter): Name = "DataSheet"; Value = "#\\192.168.0.101\U_Base\PDF\V\SMBJ.pdf#"; VariantName = "[No Variations]"
Add component (AddParameter): Name = "DeliveryTime"; Value = ""; VariantName = "[No Variations]"
Add component (AddParameter): Name = "Group"; Value = "Диоды"; VariantName = "[No Variations]"
Add component (AddParameter): Name = "HelpURL"; Value = "\\192.168.0.101\U_Base\PDF\V\SMBJ.pdf"; VariantName = "[No Variations]"
Add component (AddParameter): Name = "key"; Value = "163"; VariantName = "[No Variations]"
Add component (AddParameter): Name = "Manufacturer"; Value = "STMicroelectronics"; VariantName = "[No Variations]"
Add component (AddParameter): Name = "ManufacturerPartNumber"; Value = ""; VariantName = "[No Variations]"
Add component (AddParameter): Name = "ManufacturerTU"; Value = ""; VariantName = "[No Variations]"
Add component (AddParameter): Name = "Mark"; Value = ""; VariantName = "[No Variations]"
Add component (AddParameter): Name = "Mass"; Value = "0.26"; VariantName = "[No Variations]"
Add component (AddParameter): Name = "MilitaryControl"; Value = "ОТК"; VariantName = "[No Variations]"
Add component (AddParameter): Name = "Modify"; Value = "05.12.2022"; VariantName = "[No Variations]"
Add component (AddParameter): Name = "MountChoice"; Value = ""; VariantName = "[No Variations]"
Add component (AddParameter): Name = "MountType"; Value = "ПМ"; VariantName = "[No Variations]"
Add component (AddParameter): Name = "Name"; Value = "SMBJ5.0CA"; VariantName = "[No Variations]"
Add component (AddParameter): Name = "Notice"; Value = ""; VariantName = "[No Variations]"
Add component (AddParameter): Name = "Package"; Value = ""; VariantName = "[No Variations]"
Add component (AddParameter): Name = "PartNumber"; Value = "Диод защитный SMBJ5.0CA-TR"; VariantName = "[No Variations]"
Add component (AddParameter): Name = "PowerFact"; Value = ""; VariantName = "[No Variations]"
Add component (AddParameter): Name = "PowerLimit"; Value = ""; VariantName = "[No Variations]"
Add component (AddParameter): Name = "SolderName"; Value = "SMBJ5.0CA"; VariantName = "[No Variations]"
Add component (AddParameter): Name = "SolderTemperature"; Value = "260"; VariantName = "[No Variations]"
Add component (AddParameter): Name = "Tag"; Value = ""; VariantName = "[No Variations]"
Add component (AddParameter): Name = "TemperatureRange"; Value = "от минус 55 до 150"; VariantName = "[No Variations]"
Add component (AddParameter): Name = "Usage"; Value = ""; VariantName = "[No Variations]"
Add component (AddParameter): Name = "Value"; Value = "SMBJ5.0CA"; VariantName = "[No Variations]"
Add component (AddParameter): Name = "ViewControl"; Value = "В, 10%"; VariantName = "[No Variations]"
Add component (AddParameter): Name = "VoltageFact"; Value = ""; VariantName = "[No Variations]"
Add component (AddParameter): Name = "VoltageLimit"; Value = "13,4"; VariantName = "[No Variations]"
Add component (AddParameter): Name = "X_SORT_1"; Value = ""; VariantName = "[No Variations]"
Add component (AddParameter): Name = "X_SORT_2"; Value = ""; VariantName = "[No Variations]"
Add component (AddParameter): Name = "X_SORT_3"; Value = ""; VariantName = "[No Variations]"
Added Component: Designator=VD7(SMB_(DO-214AA) KA1-KA2)
Add component (AddParameter): Name = "Alternative"; Value = "SMBJ5.0CA-TR YJ"; VariantName = "[No Variations]"
Add component (AddParameter): Name = "Alternative2"; Value = ""; VariantName = "[No Variations]"
Add component (AddParameter): Name = "Alternative3"; Value = ""; VariantName = "[No Variations]"
Add component (AddParameter): Name = "CardKRR"; Value = "56"; VariantName = "[No Variations]"
Add component (AddParameter): Name = "ComponentLink1Description"; Value = ""; VariantName = "[No Variations]"
Add component (AddParameter): Name = "ComponentLink1URL"; Value = "\\192.168.0.101\U_Base\PDF\V\SMBJ.pdf"; VariantName = "[No Variations]"
Add component (AddParameter): Name = "ComponentLink2Description"; Value = ""; VariantName = "[No Variations]"
Add component (AddParameter): Name = "ComponentLink2URL"; Value = ""; VariantName = "[No Variations]"
Add component (AddParameter): Name = "CurrentFact"; Value = ""; VariantName = "[No Variations]"
Add component (AddParameter): Name = "CurrentLimit"; Value = ""; VariantName = "[No Variations]"
Add component (AddParameter): Name = "DataSheet"; Value = "#\\192.168.0.101\U_Base\PDF\V\SMBJ.pdf#"; VariantName = "[No Variations]"
Add component (AddParameter): Name = "DeliveryTime"; Value = ""; VariantName = "[No Variations]"
Add component (AddParameter): Name = "Group"; Value = "Диоды"; VariantName = "[No Variations]"
Add component (AddParameter): Name = "HelpURL"; Value = "\\192.168.0.101\U_Base\PDF\V\SMBJ.pdf"; VariantName = "[No Variations]"
Add component (AddParameter): Name = "key"; Value = "163"; VariantName = "[No Variations]"
Add component (AddParameter): Name = "Manufacturer"; Value = "STMicroelectronics"; VariantName = "[No Variations]"
Add component (AddParameter): Name = "ManufacturerPartNumber"; Value = ""; VariantName = "[No Variations]"
Add component (AddParameter): Name = "ManufacturerTU"; Value = ""; VariantName = "[No Variations]"
Add component (AddParameter): Name = "Mark"; Value = ""; VariantName = "[No Variations]"
Add component (AddParameter): Name = "Mass"; Value = "0.26"; VariantName = "[No Variations]"
Add component (AddParameter): Name = "MilitaryControl"; Value = "ОТК"; VariantName = "[No Variations]"
Add component (AddParameter): Name = "Modify"; Value = "05.12.2022"; VariantName = "[No Variations]"
Add component (AddParameter): Name = "MountChoice"; Value = ""; VariantName = "[No Variations]"
Add component (AddParameter): Name = "MountType"; Value = "ПМ"; VariantName = "[No Variations]"
Add component (AddParameter): Name = "Name"; Value = "SMBJ5.0CA"; VariantName = "[No Variations]"
Add component (AddParameter): Name = "Notice"; Value = ""; VariantName = "[No Variations]"
Add component (AddParameter): Name = "Package"; Value = ""; VariantName = "[No Variations]"
Add component (AddParameter): Name = "PartNumber"; Value = "Диод защитный SMBJ5.0CA-TR"; VariantName = "[No Variations]"
Add component (AddParameter): Name = "PowerFact"; Value = ""; VariantName = "[No Variations]"
Add component (AddParameter): Name = "PowerLimit"; Value = ""; VariantName = "[No Variations]"
Add component (AddParameter): Name = "SolderName"; Value = "SMBJ5.0CA"; VariantName = "[No Variations]"
Add component (AddParameter): Name = "SolderTemperature"; Value = "260"; VariantName = "[No Variations]"
Add component (AddParameter): Name = "Tag"; Value = ""; VariantName = "[No Variations]"
Add component (AddParameter): Name = "TemperatureRange"; Value = "от минус 55 до 150"; VariantName = "[No Variations]"
Add component (AddParameter): Name = "Usage"; Value = ""; VariantName = "[No Variations]"
Add component (AddParameter): Name = "Value"; Value = "SMBJ5.0CA"; VariantName = "[No Variations]"
Add component (AddParameter): Name = "ViewControl"; Value = "В, 10%"; VariantName = "[No Variations]"
Add component (AddParameter): Name = "VoltageFact"; Value = ""; VariantName = "[No Variations]"
Add component (AddParameter): Name = "VoltageLimit"; Value = "13,4"; VariantName = "[No Variations]"
Add component (AddParameter): Name = "X_SORT_1"; Value = ""; VariantName = "[No Variations]"
Add component (AddParameter): Name = "X_SORT_2"; Value = ""; VariantName = "[No Variations]"
Add component (AddParameter): Name = "X_SORT_3"; Value = ""; VariantName = "[No Variations]"
Added Component: Designator=VD9(SMB_(DO-214AA) KA1-KA2)
Add component (AddParameter): Name = "Alternative"; Value = "SMBJ5.0CA-TR YJ"; VariantName = "[No Variations]"
Add component (AddParameter): Name = "Alternative2"; Value = ""; VariantName = "[No Variations]"
Add component (AddParameter): Name = "Alternative3"; Value = ""; VariantName = "[No Variations]"
Add component (AddParameter): Name = "CardKRR"; Value = "56"; VariantName = "[No Variations]"
Add component (AddParameter): Name = "ComponentLink1Description"; Value = ""; VariantName = "[No Variations]"
Add component (AddParameter): Name = "ComponentLink1URL"; Value = "\\192.168.0.101\U_Base\PDF\V\SMBJ.pdf"; VariantName = "[No Variations]"
Add component (AddParameter): Name = "ComponentLink2Description"; Value = ""; VariantName = "[No Variations]"
Add component (AddParameter): Name = "ComponentLink2URL"; Value = ""; VariantName = "[No Variations]"
Add component (AddParameter): Name = "CurrentFact"; Value = ""; VariantName = "[No Variations]"
Add component (AddParameter): Name = "CurrentLimit"; Value = ""; VariantName = "[No Variations]"
Add component (AddParameter): Name = "DataSheet"; Value = "#\\192.168.0.101\U_Base\PDF\V\SMBJ.pdf#"; VariantName = "[No Variations]"
Add component (AddParameter): Name = "DeliveryTime"; Value = ""; VariantName = "[No Variations]"
Add component (AddParameter): Name = "Group"; Value = "Диоды"; VariantName = "[No Variations]"
Add component (AddParameter): Name = "HelpURL"; Value = "\\192.168.0.101\U_Base\PDF\V\SMBJ.pdf"; VariantName = "[No Variations]"
Add component (AddParameter): Name = "key"; Value = "163"; VariantName = "[No Variations]"
Add component (AddParameter): Name = "Manufacturer"; Value = "STMicroelectronics"; VariantName = "[No Variations]"
Add component (AddParameter): Name = "ManufacturerPartNumber"; Value = ""; VariantName = "[No Variations]"
Add component (AddParameter): Name = "ManufacturerTU"; Value = ""; VariantName = "[No Variations]"
Add component (AddParameter): Name = "Mark"; Value = ""; VariantName = "[No Variations]"
Add component (AddParameter): Name = "Mass"; Value = "0.26"; VariantName = "[No Variations]"
Add component (AddParameter): Name = "MilitaryControl"; Value = "ОТК"; VariantName = "[No Variations]"
Add component (AddParameter): Name = "Modify"; Value = "05.12.2022"; VariantName = "[No Variations]"
Add component (AddParameter): Name = "MountChoice"; Value = ""; VariantName = "[No Variations]"
Add component (AddParameter): Name = "MountType"; Value = "ПМ"; VariantName = "[No Variations]"
Add component (AddParameter): Name = "Name"; Value = "SMBJ5.0CA"; VariantName = "[No Variations]"
Add component (AddParameter): Name = "Notice"; Value = ""; VariantName = "[No Variations]"
Add component (AddParameter): Name = "Package"; Value = ""; VariantName = "[No Variations]"
Add component (AddParameter): Name = "PartNumber"; Value = "Диод защитный SMBJ5.0CA-TR"; VariantName = "[No Variations]"
Add component (AddParameter): Name = "PowerFact"; Value = ""; VariantName = "[No Variations]"
Add component (AddParameter): Name = "PowerLimit"; Value = ""; VariantName = "[No Variations]"
Add component (AddParameter): Name = "SolderName"; Value = "SMBJ5.0CA"; VariantName = "[No Variations]"
Add component (AddParameter): Name = "SolderTemperature"; Value = "260"; VariantName = "[No Variations]"
Add component (AddParameter): Name = "Tag"; Value = ""; VariantName = "[No Variations]"
Add component (AddParameter): Name = "TemperatureRange"; Value = "от минус 55 до 150"; VariantName = "[No Variations]"
Add component (AddParameter): Name = "Usage"; Value = ""; VariantName = "[No Variations]"
Add component (AddParameter): Name = "Value"; Value = "SMBJ5.0CA"; VariantName = "[No Variations]"
Add component (AddParameter): Name = "ViewControl"; Value = "В, 10%"; VariantName = "[No Variations]"
Add component (AddParameter): Name = "VoltageFact"; Value = ""; VariantName = "[No Variations]"
Add component (AddParameter): Name = "VoltageLimit"; Value = "13,4"; VariantName = "[No Variations]"
Add component (AddParameter): Name = "X_SORT_1"; Value = ""; VariantName = "[No Variations]"
Add component (AddParameter): Name = "X_SORT_2"; Value = ""; VariantName = "[No Variations]"
Add component (AddParameter): Name = "X_SORT_3"; Value = ""; VariantName = "[No Variations]"
Added Component: Designator=VD10(SMB_(DO-214AA) KA1-KA2)
Add component (AddParameter): Name = "Alternative"; Value = "SMBJ5.0CA-TR YJ"; VariantName = "[No Variations]"
Add component (AddParameter): Name = "Alternative2"; Value = ""; VariantName = "[No Variations]"
Add component (AddParameter): Name = "Alternative3"; Value = ""; VariantName = "[No Variations]"
Add component (AddParameter): Name = "CardKRR"; Value = "56"; VariantName = "[No Variations]"
Add component (AddParameter): Name = "ComponentLink1Description"; Value = ""; VariantName = "[No Variations]"
Add component (AddParameter): Name = "ComponentLink1URL"; Value = "\\192.168.0.101\U_Base\PDF\V\SMBJ.pdf"; VariantName = "[No Variations]"
Add component (AddParameter): Name = "ComponentLink2Description"; Value = ""; VariantName = "[No Variations]"
Add component (AddParameter): Name = "ComponentLink2URL"; Value = ""; VariantName = "[No Variations]"
Add component (AddParameter): Name = "CurrentFact"; Value = ""; VariantName = "[No Variations]"
Add component (AddParameter): Name = "CurrentLimit"; Value = ""; VariantName = "[No Variations]"
Add component (AddParameter): Name = "DataSheet"; Value = "#\\192.168.0.101\U_Base\PDF\V\SMBJ.pdf#"; VariantName = "[No Variations]"
Add component (AddParameter): Name = "DeliveryTime"; Value = ""; VariantName = "[No Variations]"
Add component (AddParameter): Name = "Group"; Value = "Диоды"; VariantName = "[No Variations]"
Add component (AddParameter): Name = "HelpURL"; Value = "\\192.168.0.101\U_Base\PDF\V\SMBJ.pdf"; VariantName = "[No Variations]"
Add component (AddParameter): Name = "key"; Value = "163"; VariantName = "[No Variations]"
Add component (AddParameter): Name = "Manufacturer"; Value = "STMicroelectronics"; VariantName = "[No Variations]"
Add component (AddParameter): Name = "ManufacturerPartNumber"; Value = ""; VariantName = "[No Variations]"
Add component (AddParameter): Name = "ManufacturerTU"; Value = ""; VariantName = "[No Variations]"
Add component (AddParameter): Name = "Mark"; Value = ""; VariantName = "[No Variations]"
Add component (AddParameter): Name = "Mass"; Value = "0.26"; VariantName = "[No Variations]"
Add component (AddParameter): Name = "MilitaryControl"; Value = "ОТК"; VariantName = "[No Variations]"
Add component (AddParameter): Name = "Modify"; Value = "05.12.2022"; VariantName = "[No Variations]"
Add component (AddParameter): Name = "MountChoice"; Value = ""; VariantName = "[No Variations]"
Add component (AddParameter): Name = "MountType"; Value = "ПМ"; VariantName = "[No Variations]"
Add component (AddParameter): Name = "Name"; Value = "SMBJ5.0CA"; VariantName = "[No Variations]"
Add component (AddParameter): Name = "Notice"; Value = ""; VariantName = "[No Variations]"
Add component (AddParameter): Name = "Package"; Value = ""; VariantName = "[No Variations]"
Add component (AddParameter): Name = "PartNumber"; Value = "Диод защитный SMBJ5.0CA-TR"; VariantName = "[No Variations]"
Add component (AddParameter): Name = "PowerFact"; Value = ""; VariantName = "[No Variations]"
Add component (AddParameter): Name = "PowerLimit"; Value = ""; VariantName = "[No Variations]"
Add component (AddParameter): Name = "SolderName"; Value = "SMBJ5.0CA"; VariantName = "[No Variations]"
Add component (AddParameter): Name = "SolderTemperature"; Value = "260"; VariantName = "[No Variations]"
Add component (AddParameter): Name = "Tag"; Value = ""; VariantName = "[No Variations]"
Add component (AddParameter): Name = "TemperatureRange"; Value = "от минус 55 до 150"; VariantName = "[No Variations]"
Add component (AddParameter): Name = "Usage"; Value = ""; VariantName = "[No Variations]"
Add component (AddParameter): Name = "Value"; Value = "SMBJ5.0CA"; VariantName = "[No Variations]"
Add component (AddParameter): Name = "ViewControl"; Value = "В, 10%"; VariantName = "[No Variations]"
Add component (AddParameter): Name = "VoltageFact"; Value = ""; VariantName = "[No Variations]"
Add component (AddParameter): Name = "VoltageLimit"; Value = "13,4"; VariantName = "[No Variations]"
Add component (AddParameter): Name = "X_SORT_1"; Value = ""; VariantName = "[No Variations]"
Add component (AddParameter): Name = "X_SORT_2"; Value = ""; VariantName = "[No Variations]"
Add component (AddParameter): Name = "X_SORT_3"; Value = ""; VariantName = "[No Variations]"
Added Component: Designator=VD11(SMB_(DO-214AA) KA1-KA2)
Add component (AddParameter): Name = "Alternative"; Value = "SMBJ5.0CA-TR YJ"; VariantName = "[No Variations]"
Add component (AddParameter): Name = "Alternative2"; Value = ""; VariantName = "[No Variations]"
Add component (AddParameter): Name = "Alternative3"; Value = ""; VariantName = "[No Variations]"
Add component (AddParameter): Name = "CardKRR"; Value = "56"; VariantName = "[No Variations]"
Add component (AddParameter): Name = "ComponentLink1Description"; Value = ""; VariantName = "[No Variations]"
Add component (AddParameter): Name = "ComponentLink1URL"; Value = "\\192.168.0.101\U_Base\PDF\V\SMBJ.pdf"; VariantName = "[No Variations]"
Add component (AddParameter): Name = "ComponentLink2Description"; Value = ""; VariantName = "[No Variations]"
Add component (AddParameter): Name = "ComponentLink2URL"; Value = ""; VariantName = "[No Variations]"
Add component (AddParameter): Name = "CurrentFact"; Value = ""; VariantName = "[No Variations]"
Add component (AddParameter): Name = "CurrentLimit"; Value = ""; VariantName = "[No Variations]"
Add component (AddParameter): Name = "DataSheet"; Value = "#\\192.168.0.101\U_Base\PDF\V\SMBJ.pdf#"; VariantName = "[No Variations]"
Add component (AddParameter): Name = "DeliveryTime"; Value = ""; VariantName = "[No Variations]"
Add component (AddParameter): Name = "Group"; Value = "Диоды"; VariantName = "[No Variations]"
Add component (AddParameter): Name = "HelpURL"; Value = "\\192.168.0.101\U_Base\PDF\V\SMBJ.pdf"; VariantName = "[No Variations]"
Add component (AddParameter): Name = "key"; Value = "163"; VariantName = "[No Variations]"
Add component (AddParameter): Name = "Manufacturer"; Value = "STMicroelectronics"; VariantName = "[No Variations]"
Add component (AddParameter): Name = "ManufacturerPartNumber"; Value = ""; VariantName = "[No Variations]"
Add component (AddParameter): Name = "ManufacturerTU"; Value = ""; VariantName = "[No Variations]"
Add component (AddParameter): Name = "Mark"; Value = ""; VariantName = "[No Variations]"
Add component (AddParameter): Name = "Mass"; Value = "0.26"; VariantName = "[No Variations]"
Add component (AddParameter): Name = "MilitaryControl"; Value = "ОТК"; VariantName = "[No Variations]"
Add component (AddParameter): Name = "Modify"; Value = "05.12.2022"; VariantName = "[No Variations]"
Add component (AddParameter): Name = "MountChoice"; Value = ""; VariantName = "[No Variations]"
Add component (AddParameter): Name = "MountType"; Value = "ПМ"; VariantName = "[No Variations]"
Add component (AddParameter): Name = "Name"; Value = "SMBJ5.0CA"; VariantName = "[No Variations]"
Add component (AddParameter): Name = "Notice"; Value = ""; VariantName = "[No Variations]"
Add component (AddParameter): Name = "Package"; Value = ""; VariantName = "[No Variations]"
Add component (AddParameter): Name = "PartNumber"; Value = "Диод защитный SMBJ5.0CA-TR"; VariantName = "[No Variations]"
Add component (AddParameter): Name = "PowerFact"; Value = ""; VariantName = "[No Variations]"
Add component (AddParameter): Name = "PowerLimit"; Value = ""; VariantName = "[No Variations]"
Add component (AddParameter): Name = "SolderName"; Value = "SMBJ5.0CA"; VariantName = "[No Variations]"
Add component (AddParameter): Name = "SolderTemperature"; Value = "260"; VariantName = "[No Variations]"
Add component (AddParameter): Name = "Tag"; Value = ""; VariantName = "[No Variations]"
Add component (AddParameter): Name = "TemperatureRange"; Value = "от минус 55 до 150"; VariantName = "[No Variations]"
Add component (AddParameter): Name = "Usage"; Value = ""; VariantName = "[No Variations]"
Add component (AddParameter): Name = "Value"; Value = "SMBJ5.0CA"; VariantName = "[No Variations]"
Add component (AddParameter): Name = "ViewControl"; Value = "В, 10%"; VariantName = "[No Variations]"
Add component (AddParameter): Name = "VoltageFact"; Value = ""; VariantName = "[No Variations]"
Add component (AddParameter): Name = "VoltageLimit"; Value = "13,4"; VariantName = "[No Variations]"
Add component (AddParameter): Name = "X_SORT_1"; Value = ""; VariantName = "[No Variations]"
Add component (AddParameter): Name = "X_SORT_2"; Value = ""; VariantName = "[No Variations]"
Add component (AddParameter): Name = "X_SORT_3"; Value = ""; VariantName = "[No Variations]"
Added Component: Designator=VD12(SMB_(DO-214AA) KA1-KA2)
Add component (AddParameter): Name = "Alternative"; Value = "SMBJ5.0CA-TR YJ"; VariantName = "[No Variations]"
Add component (AddParameter): Name = "Alternative2"; Value = ""; VariantName = "[No Variations]"
Add component (AddParameter): Name = "Alternative3"; Value = ""; VariantName = "[No Variations]"
Add component (AddParameter): Name = "CardKRR"; Value = "56"; VariantName = "[No Variations]"
Add component (AddParameter): Name = "ComponentLink1Description"; Value = ""; VariantName = "[No Variations]"
Add component (AddParameter): Name = "ComponentLink1URL"; Value = "\\192.168.0.101\U_Base\PDF\V\SMBJ.pdf"; VariantName = "[No Variations]"
Add component (AddParameter): Name = "ComponentLink2Description"; Value = ""; VariantName = "[No Variations]"
Add component (AddParameter): Name = "ComponentLink2URL"; Value = ""; VariantName = "[No Variations]"
Add component (AddParameter): Name = "CurrentFact"; Value = ""; VariantName = "[No Variations]"
Add component (AddParameter): Name = "CurrentLimit"; Value = ""; VariantName = "[No Variations]"
Add component (AddParameter): Name = "DataSheet"; Value = "#\\192.168.0.101\U_Base\PDF\V\SMBJ.pdf#"; VariantName = "[No Variations]"
Add component (AddParameter): Name = "DeliveryTime"; Value = ""; VariantName = "[No Variations]"
Add component (AddParameter): Name = "Group"; Value = "Диоды"; VariantName = "[No Variations]"
Add component (AddParameter): Name = "HelpURL"; Value = "\\192.168.0.101\U_Base\PDF\V\SMBJ.pdf"; VariantName = "[No Variations]"
Add component (AddParameter): Name = "key"; Value = "163"; VariantName = "[No Variations]"
Add component (AddParameter): Name = "Manufacturer"; Value = "STMicroelectronics"; VariantName = "[No Variations]"
Add component (AddParameter): Name = "ManufacturerPartNumber"; Value = ""; VariantName = "[No Variations]"
Add component (AddParameter): Name = "ManufacturerTU"; Value = ""; VariantName = "[No Variations]"
Add component (AddParameter): Name = "Mark"; Value = ""; VariantName = "[No Variations]"
Add component (AddParameter): Name = "Mass"; Value = "0.26"; VariantName = "[No Variations]"
Add component (AddParameter): Name = "MilitaryControl"; Value = "ОТК"; VariantName = "[No Variations]"
Add component (AddParameter): Name = "Modify"; Value = "05.12.2022"; VariantName = "[No Variations]"
Add component (AddParameter): Name = "MountChoice"; Value = ""; VariantName = "[No Variations]"
Add component (AddParameter): Name = "MountType"; Value = "ПМ"; VariantName = "[No Variations]"
Add component (AddParameter): Name = "Name"; Value = "SMBJ5.0CA"; VariantName = "[No Variations]"
Add component (AddParameter): Name = "Notice"; Value = ""; VariantName = "[No Variations]"
Add component (AddParameter): Name = "Package"; Value = ""; VariantName = "[No Variations]"
Add component (AddParameter): Name = "PartNumber"; Value = "Диод защитный SMBJ5.0CA-TR"; VariantName = "[No Variations]"
Add component (AddParameter): Name = "PowerFact"; Value = ""; VariantName = "[No Variations]"
Add component (AddParameter): Name = "PowerLimit"; Value = ""; VariantName = "[No Variations]"
Add component (AddParameter): Name = "SolderName"; Value = "SMBJ5.0CA"; VariantName = "[No Variations]"
Add component (AddParameter): Name = "SolderTemperature"; Value = "260"; VariantName = "[No Variations]"
Add component (AddParameter): Name = "Tag"; Value = ""; VariantName = "[No Variations]"
Add component (AddParameter): Name = "TemperatureRange"; Value = "от минус 55 до 150"; VariantName = "[No Variations]"
Add component (AddParameter): Name = "Usage"; Value = ""; VariantName = "[No Variations]"
Add component (AddParameter): Name = "Value"; Value = "SMBJ5.0CA"; VariantName = "[No Variations]"
Add component (AddParameter): Name = "ViewControl"; Value = "В, 10%"; VariantName = "[No Variations]"
Add component (AddParameter): Name = "VoltageFact"; Value = ""; VariantName = "[No Variations]"
Add component (AddParameter): Name = "VoltageLimit"; Value = "13,4"; VariantName = "[No Variations]"
Add component (AddParameter): Name = "X_SORT_1"; Value = ""; VariantName = "[No Variations]"
Add component (AddParameter): Name = "X_SORT_2"; Value = ""; VariantName = "[No Variations]"
Add component (AddParameter): Name = "X_SORT_3"; Value = ""; VariantName = "[No Variations]"
Added Component: Designator=VD13(SMB_(DO-214AA) KA1-KA2)
Add component (AddParameter): Name = "Alternative"; Value = "SMBJ5.0CA-TR YJ"; VariantName = "[No Variations]"
Add component (AddParameter): Name = "Alternative2"; Value = ""; VariantName = "[No Variations]"
Add component (AddParameter): Name = "Alternative3"; Value = ""; VariantName = "[No Variations]"
Add component (AddParameter): Name = "CardKRR"; Value = "56"; VariantName = "[No Variations]"
Add component (AddParameter): Name = "ComponentLink1Description"; Value = ""; VariantName = "[No Variations]"
Add component (AddParameter): Name = "ComponentLink1URL"; Value = "\\192.168.0.101\U_Base\PDF\V\SMBJ.pdf"; VariantName = "[No Variations]"
Add component (AddParameter): Name = "ComponentLink2Description"; Value = ""; VariantName = "[No Variations]"
Add component (AddParameter): Name = "ComponentLink2URL"; Value = ""; VariantName = "[No Variations]"
Add component (AddParameter): Name = "CurrentFact"; Value = ""; VariantName = "[No Variations]"
Add component (AddParameter): Name = "CurrentLimit"; Value = ""; VariantName = "[No Variations]"
Add component (AddParameter): Name = "DataSheet"; Value = "#\\192.168.0.101\U_Base\PDF\V\SMBJ.pdf#"; VariantName = "[No Variations]"
Add component (AddParameter): Name = "DeliveryTime"; Value = ""; VariantName = "[No Variations]"
Add component (AddParameter): Name = "Group"; Value = "Диоды"; VariantName = "[No Variations]"
Add component (AddParameter): Name = "HelpURL"; Value = "\\192.168.0.101\U_Base\PDF\V\SMBJ.pdf"; VariantName = "[No Variations]"
Add component (AddParameter): Name = "key"; Value = "163"; VariantName = "[No Variations]"
Add component (AddParameter): Name = "Manufacturer"; Value = "STMicroelectronics"; VariantName = "[No Variations]"
Add component (AddParameter): Name = "ManufacturerPartNumber"; Value = ""; VariantName = "[No Variations]"
Add component (AddParameter): Name = "ManufacturerTU"; Value = ""; VariantName = "[No Variations]"
Add component (AddParameter): Name = "Mark"; Value = ""; VariantName = "[No Variations]"
Add component (AddParameter): Name = "Mass"; Value = "0.26"; VariantName = "[No Variations]"
Add component (AddParameter): Name = "MilitaryControl"; Value = "ОТК"; VariantName = "[No Variations]"
Add component (AddParameter): Name = "Modify"; Value = "05.12.2022"; VariantName = "[No Variations]"
Add component (AddParameter): Name = "MountChoice"; Value = ""; VariantName = "[No Variations]"
Add component (AddParameter): Name = "MountType"; Value = "ПМ"; VariantName = "[No Variations]"
Add component (AddParameter): Name = "Name"; Value = "SMBJ5.0CA"; VariantName = "[No Variations]"
Add component (AddParameter): Name = "Notice"; Value = ""; VariantName = "[No Variations]"
Add component (AddParameter): Name = "Package"; Value = ""; VariantName = "[No Variations]"
Add component (AddParameter): Name = "PartNumber"; Value = "Диод защитный SMBJ5.0CA-TR"; VariantName = "[No Variations]"
Add component (AddParameter): Name = "PowerFact"; Value = ""; VariantName = "[No Variations]"
Add component (AddParameter): Name = "PowerLimit"; Value = ""; VariantName = "[No Variations]"
Add component (AddParameter): Name = "SolderName"; Value = "SMBJ5.0CA"; VariantName = "[No Variations]"
Add component (AddParameter): Name = "SolderTemperature"; Value = "260"; VariantName = "[No Variations]"
Add component (AddParameter): Name = "Tag"; Value = ""; VariantName = "[No Variations]"
Add component (AddParameter): Name = "TemperatureRange"; Value = "от минус 55 до 150"; VariantName = "[No Variations]"
Add component (AddParameter): Name = "Usage"; Value = ""; VariantName = "[No Variations]"
Add component (AddParameter): Name = "Value"; Value = "SMBJ5.0CA"; VariantName = "[No Variations]"
Add component (AddParameter): Name = "ViewControl"; Value = "В, 10%"; VariantName = "[No Variations]"
Add component (AddParameter): Name = "VoltageFact"; Value = ""; VariantName = "[No Variations]"
Add component (AddParameter): Name = "VoltageLimit"; Value = "13,4"; VariantName = "[No Variations]"
Add component (AddParameter): Name = "X_SORT_1"; Value = ""; VariantName = "[No Variations]"
Add component (AddParameter): Name = "X_SORT_2"; Value = ""; VariantName = "[No Variations]"
Add component (AddParameter): Name = "X_SORT_3"; Value = ""; VariantName = "[No Variations]"
Added Component: Designator=VD14(SMB_(DO-214AA) KA1-KA2)
Add component (AddParameter): Name = "Alternative"; Value = "SMBJ5.0CA-TR YJ"; VariantName = "[No Variations]"
Add component (AddParameter): Name = "Alternative2"; Value = ""; VariantName = "[No Variations]"
Add component (AddParameter): Name = "Alternative3"; Value = ""; VariantName = "[No Variations]"
Add component (AddParameter): Name = "CardKRR"; Value = "56"; VariantName = "[No Variations]"
Add component (AddParameter): Name = "ComponentLink1Description"; Value = ""; VariantName = "[No Variations]"
Add component (AddParameter): Name = "ComponentLink1URL"; Value = "\\192.168.0.101\U_Base\PDF\V\SMBJ.pdf"; VariantName = "[No Variations]"
Add component (AddParameter): Name = "ComponentLink2Description"; Value = ""; VariantName = "[No Variations]"
Add component (AddParameter): Name = "ComponentLink2URL"; Value = ""; VariantName = "[No Variations]"
Add component (AddParameter): Name = "CurrentFact"; Value = ""; VariantName = "[No Variations]"
Add component (AddParameter): Name = "CurrentLimit"; Value = ""; VariantName = "[No Variations]"
Add component (AddParameter): Name = "DataSheet"; Value = "#\\192.168.0.101\U_Base\PDF\V\SMBJ.pdf#"; VariantName = "[No Variations]"
Add component (AddParameter): Name = "DeliveryTime"; Value = ""; VariantName = "[No Variations]"
Add component (AddParameter): Name = "Group"; Value = "Диоды"; VariantName = "[No Variations]"
Add component (AddParameter): Name = "HelpURL"; Value = "\\192.168.0.101\U_Base\PDF\V\SMBJ.pdf"; VariantName = "[No Variations]"
Add component (AddParameter): Name = "key"; Value = "163"; VariantName = "[No Variations]"
Add component (AddParameter): Name = "Manufacturer"; Value = "STMicroelectronics"; VariantName = "[No Variations]"
Add component (AddParameter): Name = "ManufacturerPartNumber"; Value = ""; VariantName = "[No Variations]"
Add component (AddParameter): Name = "ManufacturerTU"; Value = ""; VariantName = "[No Variations]"
Add component (AddParameter): Name = "Mark"; Value = ""; VariantName = "[No Variations]"
Add component (AddParameter): Name = "Mass"; Value = "0.26"; VariantName = "[No Variations]"
Add component (AddParameter): Name = "MilitaryControl"; Value = "ОТК"; VariantName = "[No Variations]"
Add component (AddParameter): Name = "Modify"; Value = "05.12.2022"; VariantName = "[No Variations]"
Add component (AddParameter): Name = "MountChoice"; Value = ""; VariantName = "[No Variations]"
Add component (AddParameter): Name = "MountType"; Value = "ПМ"; VariantName = "[No Variations]"
Add component (AddParameter): Name = "Name"; Value = "SMBJ5.0CA"; VariantName = "[No Variations]"
Add component (AddParameter): Name = "Notice"; Value = ""; VariantName = "[No Variations]"
Add component (AddParameter): Name = "Package"; Value = ""; VariantName = "[No Variations]"
Add component (AddParameter): Name = "PartNumber"; Value = "Диод защитный SMBJ5.0CA-TR"; VariantName = "[No Variations]"
Add component (AddParameter): Name = "PowerFact"; Value = ""; VariantName = "[No Variations]"
Add component (AddParameter): Name = "PowerLimit"; Value = ""; VariantName = "[No Variations]"
Add component (AddParameter): Name = "SolderName"; Value = "SMBJ5.0CA"; VariantName = "[No Variations]"
Add component (AddParameter): Name = "SolderTemperature"; Value = "260"; VariantName = "[No Variations]"
Add component (AddParameter): Name = "Tag"; Value = ""; VariantName = "[No Variations]"
Add component (AddParameter): Name = "TemperatureRange"; Value = "от минус 55 до 150"; VariantName = "[No Variations]"
Add component (AddParameter): Name = "Usage"; Value = ""; VariantName = "[No Variations]"
Add component (AddParameter): Name = "Value"; Value = "SMBJ5.0CA"; VariantName = "[No Variations]"
Add component (AddParameter): Name = "ViewControl"; Value = "В, 10%"; VariantName = "[No Variations]"
Add component (AddParameter): Name = "VoltageFact"; Value = ""; VariantName = "[No Variations]"
Add component (AddParameter): Name = "VoltageLimit"; Value = "13,4"; VariantName = "[No Variations]"
Add component (AddParameter): Name = "X_SORT_1"; Value = ""; VariantName = "[No Variations]"
Add component (AddParameter): Name = "X_SORT_2"; Value = ""; VariantName = "[No Variations]"
Add component (AddParameter): Name = "X_SORT_3"; Value = ""; VariantName = "[No Variations]"
Added Pin To Net: NetName=GND Pin=VD1-KA1
Added Pin To Net: NetName=OTG_FS_DM Pin=VD1-KA2
Added Pin To Net: NetName=GND Pin=VD2-KA1
Added Pin To Net: NetName=OTG_FS_DP Pin=VD2-KA2
Added Pin To Net: NetName=GND Pin=VD3-KA1
Added Pin To Net: NetName=+5V_I Pin=VD3-KA2
Added Pin To Net: NetName=GND Pin=VD4-KA1
Added Pin To Net: NetName=SDIO Pin=VD4-KA2
Added Pin To Net: NetName=GND Pin=VD5-KA1
Added Pin To Net: NetName=SWCLK Pin=VD5-KA2
Added Pin To Net: NetName=GND Pin=VD6-KA1
Added Pin To Net: NetName=NetC54_2 Pin=VD6-KA2
Added Pin To Net: NetName=GND Pin=VD7-KA1
Added Pin To Net: NetName=NetC55_2 Pin=VD7-KA2
Added Pin To Net: NetName=NetC62_1 Pin=VD9-KA1
Added Pin To Net: NetName=NetC62_2 Pin=VD9-KA2
Added Pin To Net: NetName=NetC63_1 Pin=VD10-KA1
Added Pin To Net: NetName=NetC63_2 Pin=VD10-KA2
Added Pin To Net: NetName=NetC64_1 Pin=VD11-KA1
Added Pin To Net: NetName=NetC64_2 Pin=VD11-KA2
Added Pin To Net: NetName=NetC65_1 Pin=VD12-KA1
Added Pin To Net: NetName=NetC65_2 Pin=VD12-KA2
Added Pin To Net: NetName=NetC66_1 Pin=VD13-KA1
Added Pin To Net: NetName=NetC66_2 Pin=VD13-KA2
Added Pin To Net: NetName=NetC67_1 Pin=VD14-KA1
Added Pin To Net: NetName=NetC67_2 Pin=VD14-KA2
Added Member To Class: ClassName=GenPulseBox Member=Component VD2 DiodZachitnuy
Added Member To Class: ClassName=GenPulseBox Member=Component VD6 DiodZachitnuy
Added Member To Class: ClassName=GenPulseBox Member=Component VD7 DiodZachitnuy
Added Member To Class: ClassName=GenPulseBox Member=Component VD9 DiodZachitnuy
Added Member To Class: ClassName=GenPulseBox Member=Component VD10 DiodZachitnuy
Added Member To Class: ClassName=GenPulseBox Member=Component VD11 DiodZachitnuy
Added Member To Class: ClassName=GenPulseBox Member=Component VD12 DiodZachitnuy
Added Member To Class: ClassName=GenPulseBox Member=Component VD13 DiodZachitnuy
Added Member To Class: ClassName=GenPulseBox Member=Component VD14 DiodZachitnuy
Added Room: Name=GenPulseBox
