Change Component Designator: Old Designator=C1 New Designator=C?
Change Component Designator: Old Designator=C2 New Designator=C?
Change Component Designator: Old Designator=C3 New Designator=C?
Change Component Designator: Old Designator=C4 New Designator=C?
Change Component Designator: Old Designator=C5 New Designator=C?
Change Component Designator: Old Designator=C6 New Designator=C?
Change Component Designator: Old Designator=C7 New Designator=C?
Change Component Designator: Old Designator=C8 New Designator=C?
Change Component Designator: Old Designator=C9 New Designator=C?
Change Component Designator: Old Designator=C10 New Designator=C?
Change Component Designator: Old Designator=C11 New Designator=C?
Change Component Designator: Old Designator=C12 New Designator=C?
Change Component Designator: Old Designator=C13 New Designator=C?
Change Component Designator: Old Designator=C14 New Designator=C?
Change Component Designator: Old Designator=C15 New Designator=C?
Change Component Designator: Old Designator=C16 New Designator=C?
Change Component Designator: Old Designator=C17 New Designator=C?
Change Component Designator: Old Designator=C18 New Designator=C?
Change Component Designator: Old Designator=C19 New Designator=C?
Change Component Designator: Old Designator=C20 New Designator=C?
Change Component Designator: Old Designator=C21 New Designator=C?
Change Component Designator: Old Designator=C22 New Designator=C?
Change Component Designator: Old Designator=C23 New Designator=C?
Change Component Designator: Old Designator=C24 New Designator=C?
Change Component Designator: Old Designator=C25 New Designator=C?
Change Component Designator: Old Designator=C26 New Designator=C?
Change Component Designator: Old Designator=C27 New Designator=C?
Change Component Designator: Old Designator=C28 New Designator=C?
Change Component Designator: Old Designator=C29 New Designator=C?
Change Component Designator: Old Designator=C30 New Designator=C?
Change Component Designator: Old Designator=C31 New Designator=C?
Change Component Designator: Old Designator=C32 New Designator=C?
Change Component Designator: Old Designator=C33 New Designator=C?
Change Component Designator: Old Designator=C34 New Designator=C?
Change Component Designator: Old Designator=C35 New Designator=C?
Change Component Designator: Old Designator=C36 New Designator=C?
Change Component Designator: Old Designator=C37 New Designator=C?
Change Component Designator: Old Designator=C38 New Designator=C?
Change Component Designator: Old Designator=C39 New Designator=C?
Change Component Designator: Old Designator=C40 New Designator=C?
Change Component Designator: Old Designator=C41 New Designator=C?
Change Component Designator: Old Designator=C42 New Designator=C?
Change Component Designator: Old Designator=C43 New Designator=C?
Change Component Designator: Old Designator=C44 New Designator=C?
Change Component Designator: Old Designator=C45 New Designator=C?
Change Component Designator: Old Designator=C46 New Designator=C?
Change Component Designator: Old Designator=C47 New Designator=C?
Change Component Designator: Old Designator=C48 New Designator=C?
Change Component Designator: Old Designator=C49 New Designator=C?
Change Component Designator: Old Designator=C50 New Designator=C?
Change Component Designator: Old Designator=C51 New Designator=C?
Change Component Designator: Old Designator=C52 New Designator=C?
Change Component Designator: Old Designator=C53 New Designator=C?
Change Component Designator: Old Designator=C54 New Designator=C?
Change Component Designator: Old Designator=C55 New Designator=C?
Change Component Designator: Old Designator=C56 New Designator=C?
Change Component Designator: Old Designator=C57 New Designator=C?
Change Component Designator: Old Designator=C58 New Designator=C?
Change Component Designator: Old Designator=C59 New Designator=C?
Change Component Designator: Old Designator=C60 New Designator=C?
Change Component Designator: Old Designator=C61 New Designator=C?
Change Component Designator: Old Designator=C62 New Designator=C?
Change Component Designator: Old Designator=C63 New Designator=C?
Change Component Designator: Old Designator=C64 New Designator=C?
Change Component Designator: Old Designator=C65 New Designator=C?
Change Component Designator: Old Designator=C66 New Designator=C?
Change Component Designator: Old Designator=C67 New Designator=C?
Change Component Designator: Old Designator=C68 New Designator=C?
Change Component Designator: Old Designator=C69 New Designator=C?
Change Component Designator: Old Designator=C70 New Designator=C?
Change Component Designator: Old Designator=C71 New Designator=C?
Change Component Designator: Old Designator=C72 New Designator=C?
Change Component Designator: Old Designator=C73 New Designator=C?
Change Component Designator: Old Designator=C74 New Designator=C?
Change Component Designator: Old Designator=C75 New Designator=C?
Change Component Designator: Old Designator=C76 New Designator=C?
Change Component Designator: Old Designator=C77 New Designator=C?
Change Component Designator: Old Designator=DA1 New Designator=DA?
Change Component Designator: Old Designator=DA2 New Designator=DA?
Change Component Designator: Old Designator=DA2 New Designator=DA?
Change Component Designator: Old Designator=DA2 New Designator=DA?
Change Component Designator: Old Designator=DA2 New Designator=DA?
Change Component Designator: Old Designator=DA2 New Designator=DA?
Change Component Designator: Old Designator=DA3 New Designator=DA?
Change Component Designator: Old Designator=DA3 New Designator=DA?
Change Component Designator: Old Designator=DA3 New Designator=DA?
Change Component Designator: Old Designator=DA3 New Designator=DA?
Change Component Designator: Old Designator=DA3 New Designator=DA?
Change Component Designator: Old Designator=DA4 New Designator=DA?
Change Component Designator: Old Designator=DA4 New Designator=DA?
Change Component Designator: Old Designator=DA4 New Designator=DA?
Change Component Designator: Old Designator=DA4 New Designator=DA?
Change Component Designator: Old Designator=DA5 New Designator=DA?
Change Component Designator: Old Designator=DA5 New Designator=DA?
Change Component Designator: Old Designator=DA5 New Designator=DA?
Change Component Designator: Old Designator=DA5 New Designator=DA?
Change Component Designator: Old Designator=DD1 New Designator=DD?
Change Component Designator: Old Designator=DD1 New Designator=DD?
Change Component Designator: Old Designator=DD1 New Designator=DD?
Change Component Designator: Old Designator=DD1 New Designator=DD?
Change Component Designator: Old Designator=DD1 New Designator=DD?
Change Component Designator: Old Designator=DD1 New Designator=DD?
Change Component Designator: Old Designator=DD2 New Designator=DD?
Change Component Designator: Old Designator=DD2 New Designator=DD?
Change Component Designator: Old Designator=DD2 New Designator=DD?
Change Component Designator: Old Designator=DD2 New Designator=DD?
Change Component Designator: Old Designator=DD2 New Designator=DD?
Change Component Designator: Old Designator=DD2 New Designator=DD?
Change Component Designator: Old Designator=DD3 New Designator=DD?
Change Component Designator: Old Designator=DD3 New Designator=DD?
Change Component Designator: Old Designator=DD3 New Designator=DD?
Change Component Designator: Old Designator=DD3 New Designator=DD?
Change Component Designator: Old Designator=DD3 New Designator=DD?
Change Component Designator: Old Designator=DD3 New Designator=DD?
Change Component Designator: Old Designator=DD4 New Designator=DD?
Change Component Designator: Old Designator=DD5 New Designator=DD?
Change Component Designator: Old Designator=DD5 New Designator=DD?
Change Component Designator: Old Designator=DD5 New Designator=DD?
Change Component Designator: Old Designator=DD5 New Designator=DD?
Change Component Designator: Old Designator=DD5 New Designator=DD?
Change Component Designator: Old Designator=DD5 New Designator=DD?
Change Component Designator: Old Designator=DD6 New Designator=DD?
Change Component Designator: Old Designator=HL1 New Designator=HL?
Change Component Designator: Old Designator=KT1 New Designator=KT?
Change Component Designator: Old Designator=KT2 New Designator=KT?
Change Component Designator: Old Designator=KT3 New Designator=KT?
Change Component Designator: Old Designator=KT4 New Designator=KT?
Change Component Designator: Old Designator=KT5 New Designator=KT?
Change Component Designator: Old Designator=KT6 New Designator=KT?
Change Component Designator: Old Designator=KT7 New Designator=KT?
Change Component Designator: Old Designator=KT8 New Designator=KT?
Change Component Designator: Old Designator=KT9 New Designator=KT?
Change Component Designator: Old Designator=KT10 New Designator=KT?
Change Component Designator: Old Designator=KT11 New Designator=KT?
Change Component Designator: Old Designator=KT12 New Designator=KT?
Change Component Designator: Old Designator=KT13 New Designator=KT?
Change Component Designator: Old Designator=KT14 New Designator=KT?
Change Component Designator: Old Designator=KT15 New Designator=KT?
Change Component Designator: Old Designator=KT16 New Designator=KT?
Change Component Designator: Old Designator=KT17 New Designator=KT?
Change Component Designator: Old Designator=KT18 New Designator=KT?
Change Component Designator: Old Designator=KT19 New Designator=KT?
Change Component Designator: Old Designator=KT20 New Designator=KT?
Change Component Designator: Old Designator=KT21 New Designator=KT?
Change Component Designator: Old Designator=KT22 New Designator=KT?
Change Component Designator: Old Designator=KT23 New Designator=KT?
Change Component Designator: Old Designator=KT24 New Designator=KT?
Change Component Designator: Old Designator=KT25 New Designator=KT?
Change Component Designator: Old Designator=KT26 New Designator=KT?
Change Component Designator: Old Designator=KT27 New Designator=KT?
Change Component Designator: Old Designator=KT28 New Designator=KT?
Change Component Designator: Old Designator=KT29 New Designator=KT?
Change Component Designator: Old Designator=KT30 New Designator=KT?
Change Component Designator: Old Designator=KT31 New Designator=KT?
Change Component Designator: Old Designator=KT32 New Designator=KT?
Change Component Designator: Old Designator=KT33 New Designator=KT?
Change Component Designator: Old Designator=KT34 New Designator=KT?
Change Component Designator: Old Designator=KT35 New Designator=KT?
Change Component Designator: Old Designator=KT36 New Designator=KT?
Change Component Designator: Old Designator=KT37 New Designator=KT?
Change Component Designator: Old Designator=KT38 New Designator=KT?
Change Component Designator: Old Designator=KT39 New Designator=KT?
Change Component Designator: Old Designator=KT40 New Designator=KT?
Change Component Designator: Old Designator=KT41 New Designator=KT?
Change Component Designator: Old Designator=KT42 New Designator=KT?
Change Component Designator: Old Designator=KT43 New Designator=KT?
Change Component Designator: Old Designator=KT44 New Designator=KT?
Change Component Designator: Old Designator=KT45 New Designator=KT?
Change Component Designator: Old Designator=KT46 New Designator=KT?
Change Component Designator: Old Designator=KT47 New Designator=KT?
Change Component Designator: Old Designator=KT48 New Designator=KT?
Change Component Designator: Old Designator=KT49 New Designator=KT?
Change Component Designator: Old Designator=KT50 New Designator=KT?
Change Component Designator: Old Designator=KT51 New Designator=KT?
Change Component Designator: Old Designator=KT52 New Designator=KT?
Change Component Designator: Old Designator=KT53 New Designator=KT?
Change Component Designator: Old Designator=KT54 New Designator=KT?
Change Component Designator: Old Designator=KT55 New Designator=KT?
Change Component Designator: Old Designator=KT56 New Designator=KT?
Change Component Designator: Old Designator=KT57 New Designator=KT?
Change Component Designator: Old Designator=KT58 New Designator=KT?
Change Component Designator: Old Designator=KT59 New Designator=KT?
Change Component Designator: Old Designator=KT60 New Designator=KT?
Change Component Designator: Old Designator=KT61 New Designator=KT?
Change Component Designator: Old Designator=KT62 New Designator=KT?
Change Component Designator: Old Designator=KT63 New Designator=KT?
Change Component Designator: Old Designator=KT64 New Designator=KT?
Change Component Designator: Old Designator=KT65 New Designator=KT?
Change Component Designator: Old Designator=KT66 New Designator=KT?
Change Component Designator: Old Designator=KT67 New Designator=KT?
Change Component Designator: Old Designator=KT68 New Designator=KT?
Change Component Designator: Old Designator=KT69 New Designator=KT?
Change Component Designator: Old Designator=KT70 New Designator=KT?
Change Component Designator: Old Designator=KT71 New Designator=KT?
Change Component Designator: Old Designator=KT72 New Designator=KT?
Change Component Designator: Old Designator=KT73 New Designator=KT?
Change Component Designator: Old Designator=KT74 New Designator=KT?
Change Component Designator: Old Designator=KT75 New Designator=KT?
Change Component Designator: Old Designator=KT76 New Designator=KT?
Change Component Designator: Old Designator=KT77 New Designator=KT?
Change Component Designator: Old Designator=KT78 New Designator=KT?
Change Component Designator: Old Designator=KT79 New Designator=KT?
Change Component Designator: Old Designator=KT80 New Designator=KT?
Change Component Designator: Old Designator=KT81 New Designator=KT?
Change Component Designator: Old Designator=KT82 New Designator=KT?
Change Component Designator: Old Designator=KT83 New Designator=KT?
Change Component Designator: Old Designator=KT84 New Designator=KT?
Change Component Designator: Old Designator=KT85 New Designator=KT?
Change Component Designator: Old Designator=KT86 New Designator=KT?
Change Component Designator: Old Designator=KT87 New Designator=KT?
Change Component Designator: Old Designator=KT88 New Designator=KT?
Change Component Designator: Old Designator=KT89 New Designator=KT?
Change Component Designator: Old Designator=KT90 New Designator=KT?
Change Component Designator: Old Designator=KT91 New Designator=KT?
Change Component Designator: Old Designator=L1 New Designator=L?
Change Component Designator: Old Designator=L2 New Designator=L?
Change Component Designator: Old Designator=L3 New Designator=L?
Change Component Designator: Old Designator=L4 New Designator=L?
Change Component Designator: Old Designator=R1 New Designator=R?
Change Component Designator: Old Designator=R2 New Designator=R?
Change Component Designator: Old Designator=R3 New Designator=R?
Change Component Designator: Old Designator=R4 New Designator=R?
Change Component Designator: Old Designator=R5 New Designator=R?
Change Component Designator: Old Designator=R6 New Designator=R?
Change Component Designator: Old Designator=R7 New Designator=R?
Change Component Designator: Old Designator=R8 New Designator=R?
Change Component Designator: Old Designator=R9 New Designator=R?
Change Component Designator: Old Designator=R10 New Designator=R?
Change Component Designator: Old Designator=R11 New Designator=R?
Change Component Designator: Old Designator=R12 New Designator=R?
Change Component Designator: Old Designator=R13 New Designator=R?
Change Component Designator: Old Designator=R14 New Designator=R?
Change Component Designator: Old Designator=R15 New Designator=R?
Change Component Designator: Old Designator=R16 New Designator=R?
Change Component Designator: Old Designator=R17 New Designator=R?
Change Component Designator: Old Designator=R18 New Designator=R?
Change Component Designator: Old Designator=R19 New Designator=R?
Change Component Designator: Old Designator=R20 New Designator=R?
Change Component Designator: Old Designator=R21 New Designator=R?
Change Component Designator: Old Designator=R22 New Designator=R?
Change Component Designator: Old Designator=R31 New Designator=R?
Change Component Designator: Old Designator=R32 New Designator=R?
Change Component Designator: Old Designator=R33 New Designator=R?
Change Component Designator: Old Designator=R34 New Designator=R?
Change Component Designator: Old Designator=R35 New Designator=R?
Change Component Designator: Old Designator=R36 New Designator=R?
Change Component Designator: Old Designator=R37 New Designator=R?
Change Component Designator: Old Designator=R38 New Designator=R?
Change Component Designator: Old Designator=R39 New Designator=R?
Change Component Designator: Old Designator=R40 New Designator=R?
Change Component Designator: Old Designator=R41 New Designator=R?
Change Component Designator: Old Designator=R42 New Designator=R?
Change Component Designator: Old Designator=R43 New Designator=R?
Change Component Designator: Old Designator=R44 New Designator=R?
Change Component Designator: Old Designator=R45 New Designator=R?
Change Component Designator: Old Designator=R46 New Designator=R?
Change Component Designator: Old Designator=R47 New Designator=R?
Change Component Designator: Old Designator=R48 New Designator=R?
Change Component Designator: Old Designator=R49 New Designator=R?
Change Component Designator: Old Designator=R50 New Designator=R?
Change Component Designator: Old Designator=R51 New Designator=R?
Change Component Designator: Old Designator=R52 New Designator=R?
Change Component Designator: Old Designator=R53 New Designator=R?
Change Component Designator: Old Designator=R54 New Designator=R?
Change Component Designator: Old Designator=R55 New Designator=R?
Change Component Designator: Old Designator=R56 New Designator=R?
Change Component Designator: Old Designator=R57 New Designator=R?
Change Component Designator: Old Designator=R58 New Designator=R?
Change Component Designator: Old Designator=R59 New Designator=R?
Change Component Designator: Old Designator=R60 New Designator=R?
Change Component Designator: Old Designator=R61 New Designator=R?
Change Component Designator: Old Designator=R67 New Designator=R?
Change Component Designator: Old Designator=R68 New Designator=R?
Change Component Designator: Old Designator=R69 New Designator=R?
Change Component Designator: Old Designator=R70 New Designator=R?
Change Component Designator: Old Designator=R71 New Designator=R?
Change Component Designator: Old Designator=R72 New Designator=R?
Change Component Designator: Old Designator=R73 New Designator=R?
Change Component Designator: Old Designator=R74 New Designator=R?
Change Component Designator: Old Designator=R75 New Designator=R?
Change Component Designator: Old Designator=R76 New Designator=R?
Change Component Designator: Old Designator=R77 New Designator=R?
Change Component Designator: Old Designator=R78 New Designator=R?
Change Component Designator: Old Designator=R79 New Designator=R?
Change Component Designator: Old Designator=R80 New Designator=R?
Change Component Designator: Old Designator=R81 New Designator=R?
Change Component Designator: Old Designator=R82 New Designator=R?
Change Component Designator: Old Designator=R83 New Designator=R?
Change Component Designator: Old Designator=R84 New Designator=R?
Change Component Designator: Old Designator=R85 New Designator=R?
Change Component Designator: Old Designator=R86 New Designator=R?
Change Component Designator: Old Designator=R87 New Designator=R?
Change Component Designator: Old Designator=R88 New Designator=R?
Change Component Designator: Old Designator=R89 New Designator=R?
Change Component Designator: Old Designator=R90 New Designator=R?
Change Component Designator: Old Designator=R91 New Designator=R?
Change Component Designator: Old Designator=R92 New Designator=R?
Change Component Designator: Old Designator=R93 New Designator=R?
Change Component Designator: Old Designator=R94 New Designator=R?
Change Component Designator: Old Designator=R95 New Designator=R?
Change Component Designator: Old Designator=R96 New Designator=R?
Change Component Designator: Old Designator=VD1 New Designator=VD?
Change Component Designator: Old Designator=VD2 New Designator=VD?
Change Component Designator: Old Designator=VD3 New Designator=VD?
Change Component Designator: Old Designator=VD4 New Designator=VD?
Change Component Designator: Old Designator=VD5 New Designator=VD?
Change Component Designator: Old Designator=VD6 New Designator=VD?
Change Component Designator: Old Designator=VD7 New Designator=VD?
Change Component Designator: Old Designator=VD8 New Designator=VD?
Change Component Designator: Old Designator=VD9 New Designator=VD?
Change Component Designator: Old Designator=VD10 New Designator=VD?
Change Component Designator: Old Designator=VD11 New Designator=VD?
Change Component Designator: Old Designator=XP1 New Designator=XP?
Change Component Designator: Old Designator=XP2 New Designator=XP?
Change Component Designator: Old Designator=XP3 New Designator=XP?
Change Component Designator: Old Designator=XP4 New Designator=XP?
Change Component Designator: Old Designator=XP5 New Designator=XP?
Change Component Designator: Old Designator=XP6 New Designator=XP?
Change Component Designator: Old Designator=XP7 New Designator=XP?
Change Component Designator: Old Designator=XP8 New Designator=XP?
Change Component Designator: Old Designator=XP9 New Designator=XP?
Change Component Designator: Old Designator=XP10 New Designator=XP?
Change Component Designator: Old Designator=XP11 New Designator=XP?
Change Component Designator: Old Designator=XP12 New Designator=XP?
Change Component Designator: Old Designator=XP13 New Designator=XP?
Change Component Designator: Old Designator=XP14 New Designator=XP?
Change Component Designator: Old Designator=XP15 New Designator=XP?
Change Component Designator: Old Designator=XP16 New Designator=XP?
Change Component Designator: Old Designator=XP17 New Designator=XP?
Change Component Designator: Old Designator=XP18 New Designator=XP?
Change Component Designator: Old Designator=XP19 New Designator=XP?
Change Component Designator: Old Designator=XP20 New Designator=XP?
Change Component Designator: Old Designator=XP21 New Designator=XP?
Change Component Designator: Old Designator=XS1 New Designator=XS?
Change Component Designator: Old Designator=ZQ1 New Designator=ZQ?
