Removed Pin From Net: NetName=NetR1_1 Pin=R1-1
Removed Pin From Net: NetName=OTG_FS_DM Pin=R1-2
Removed Pin From Net: NetName=NetR2_1 Pin=R2-1
Removed Pin From Net: NetName=OTG_FS_DP Pin=R2-2
Removed Pin From Net: NetName=NetR7_1 Pin=R7-1
Removed Pin From Net: NetName=SWCLK Pin=R7-2
Removed Pin From Net: NetName=NetR10_1 Pin=R10-1
Removed Pin From Net: NetName=SDIO Pin=R10-2
Removed Pin From Net: NetName=NetC67_2 Pin=R89-1
Removed Pin From Net: NetName=NetR89_2 Pin=R89-2
Removed Pin From Net: NetName=NetC67_1 Pin=R90-1
Removed Pin From Net: NetName=NetR90_2 Pin=R90-2
Removed Pin From Net: NetName=OTG_FS_DM Pin=VD1-K1
Removed Pin From Net: NetName=OTG_FS_DP Pin=VD1-K2
Removed Pin From Net: NetName=+5V_I Pin=VD2-K
Removed Pin From Net: NetName=SWCLK Pin=VD3-K1
Removed Pin From Net: NetName=SDIO Pin=VD3-K2
Removed Pin From Net: NetName=NetC62_1 Pin=VD5-A
Removed Pin From Net: NetName=NetC62_2 Pin=VD5-K
Removed Pin From Net: NetName=NetC63_1 Pin=VD6-A
Removed Pin From Net: NetName=NetC63_2 Pin=VD6-K
Removed Pin From Net: NetName=NetC64_1 Pin=VD7-A
Removed Pin From Net: NetName=NetC64_2 Pin=VD7-K
Removed Pin From Net: NetName=NetC65_1 Pin=VD8-A
Removed Pin From Net: NetName=NetC65_2 Pin=VD8-K
Removed Pin From Net: NetName=NetC66_1 Pin=VD9-A
Removed Pin From Net: NetName=NetC66_2 Pin=VD9-K
Removed Pin From Net: NetName=NetC67_1 Pin=VD10-A
Removed Pin From Net: NetName=NetC67_2 Pin=VD10-K
Removed Pin From Net: NetName=NetR10_1 Pin=XP14-3
Removed Pin From Net: NetName=NetR7_1 Pin=XP14-4
Removed Pin From Net: NetName=NetR7_1 Pin=XP14-5
Removed Pin From Net: NetName=NetR10_1 Pin=XP14-6
Removed Pin From Net: NetName=+5V_I Pin=XS1-1
Removed Pin From Net: NetName=NetR1_1 Pin=XS1-2
Removed Pin From Net: NetName=NetR2_1 Pin=XS1-3
Removed Pin From Net: NetName=GND Pin=XS1-4
Removed Member From Class: ClassName=GenPulseBox Member=R85
Removed Member From Class: ClassName=GenPulseBox Member=R86
Removed Member From Class: ClassName=GenPulseBox Member=R87
Removed Member From Class: ClassName=GenPulseBox Member=R88
Removed Member From Class: ClassName=GenPulseBox Member=R89
Removed Member From Class: ClassName=GenPulseBox Member=R90
Change Component Comment : Designator=VD1 Old Comment=Diod2K New Comment=DiodZachitnuy
Change Component Comment : Designator=VD3 Old Comment=Diod2K New Comment=DiodZachitnuy
Change Component Comment : Designator=VD2 Old Comment=Diod New Comment=DiodZachitnuy
Change Component Comment : Designator=VD5 Old Comment=Diod New Comment=DiodZachitnuy
Change Component Comment : Designator=VD6 Old Comment=Diod New Comment=DiodZachitnuy
Change Component Comment : Designator=VD7 Old Comment=Diod New Comment=DiodZachitnuy
Change Component Comment : Designator=VD9 Old Comment=Diod New Comment=DiodZachitnuy
Change Component Comment : Designator=VD10 Old Comment=Diod New Comment=DiodZachitnuy
Change Component Designator: OldDesignator=R3 NewDesignator=R1
Change Component Designator: OldDesignator=R4 NewDesignator=R2
Change Component Designator: OldDesignator=R5 NewDesignator=R3
Change Component Designator: OldDesignator=R6 NewDesignator=R4
Change Component Designator: OldDesignator=R8 NewDesignator=R5
Change Component Designator: OldDesignator=R9 NewDesignator=R6
Change Component Designator: OldDesignator=R11 NewDesignator=R7
Change Component Designator: OldDesignator=R12 NewDesignator=R8
Change Component Designator: OldDesignator=R13 NewDesignator=R9
Change Component Designator: OldDesignator=R14 NewDesignator=R10
Change Component Designator: OldDesignator=R15 NewDesignator=R11
Change Component Designator: OldDesignator=R16 NewDesignator=R12
Change Component Designator: OldDesignator=R17 NewDesignator=R13
Change Component Designator: OldDesignator=R18 NewDesignator=R14
Change Component Designator: OldDesignator=R19 NewDesignator=R16
Change Component Designator: OldDesignator=R20 NewDesignator=R15
Change Component Designator: OldDesignator=R21 NewDesignator=R17
Change Component Designator: OldDesignator=R22 NewDesignator=R18
Change Component Designator: OldDesignator=R23 NewDesignator=R19
Change Component Designator: OldDesignator=R24 NewDesignator=R20
Change Component Designator: OldDesignator=R25 NewDesignator=R21
Change Component Designator: OldDesignator=R26 NewDesignator=R22
Change Component Designator: OldDesignator=R27 NewDesignator=R23
Change Component Designator: OldDesignator=R28 NewDesignator=R24
Change Component Designator: OldDesignator=R29 NewDesignator=R25
Change Component Designator: OldDesignator=R30 NewDesignator=R26
Change Component Designator: OldDesignator=R31 NewDesignator=R27
Change Component Designator: OldDesignator=R32 NewDesignator=R28
Change Component Designator: OldDesignator=R33 NewDesignator=R29
Change Component Designator: OldDesignator=R34 NewDesignator=R30
Change Component Designator: OldDesignator=R35 NewDesignator=R31
Change Component Designator: OldDesignator=R36 NewDesignator=R32
Change Component Designator: OldDesignator=R37 NewDesignator=R33
Change Component Designator: OldDesignator=R38 NewDesignator=R34
Change Component Designator: OldDesignator=R39 NewDesignator=R35
Change Component Designator: OldDesignator=R40 NewDesignator=R36
Change Component Designator: OldDesignator=R41 NewDesignator=R37
Change Component Designator: OldDesignator=R42 NewDesignator=R38
Change Component Designator: OldDesignator=R43 NewDesignator=R39
Change Component Designator: OldDesignator=R44 NewDesignator=R40
Change Component Designator: OldDesignator=R45 NewDesignator=R41
Change Component Designator: OldDesignator=R46 NewDesignator=R42
Change Component Designator: OldDesignator=R47 NewDesignator=R43
Change Component Designator: OldDesignator=R48 NewDesignator=R44
Change Component Designator: OldDesignator=R49 NewDesignator=R45
Change Component Designator: OldDesignator=R50 NewDesignator=R46
Change Component Designator: OldDesignator=R51 NewDesignator=R47
Change Component Designator: OldDesignator=R52 NewDesignator=R48
Change Component Designator: OldDesignator=R53 NewDesignator=R49
Change Component Designator: OldDesignator=R54 NewDesignator=R50
Change Component Designator: OldDesignator=R55 NewDesignator=R51
Change Component Designator: OldDesignator=R56 NewDesignator=R52
Change Component Designator: OldDesignator=R57 NewDesignator=R53
Change Component Designator: OldDesignator=R58 NewDesignator=R54
Change Component Designator: OldDesignator=R59 NewDesignator=R55
Change Component Designator: OldDesignator=R60 NewDesignator=R56
Change Component Designator: OldDesignator=R61 NewDesignator=R57
Change Component Designator: OldDesignator=R62 NewDesignator=R58
Change Component Designator: OldDesignator=R63 NewDesignator=R59
Change Component Designator: OldDesignator=R64 NewDesignator=R60
Change Component Designator: OldDesignator=R65 NewDesignator=R61
Change Component Designator: OldDesignator=R66 NewDesignator=R62
Change Component Designator: OldDesignator=R67 NewDesignator=R63
Change Component Designator: OldDesignator=R68 NewDesignator=R64
Change Component Designator: OldDesignator=R69 NewDesignator=R65
Change Component Designator: OldDesignator=R70 NewDesignator=R66
Change Component Designator: OldDesignator=R71 NewDesignator=R67
Change Component Designator: OldDesignator=R72 NewDesignator=R68
Change Component Designator: OldDesignator=R73 NewDesignator=R69
Change Component Designator: OldDesignator=R74 NewDesignator=R70
Change Component Designator: OldDesignator=R75 NewDesignator=R71
Change Component Designator: OldDesignator=R76 NewDesignator=R72
Change Component Designator: OldDesignator=R77 NewDesignator=R73
Change Component Designator: OldDesignator=R78 NewDesignator=R74
Change Component Designator: OldDesignator=R79 NewDesignator=R75
Change Component Designator: OldDesignator=R80 NewDesignator=R76
Change Component Designator: OldDesignator=R81 NewDesignator=R77
Change Component Designator: OldDesignator=R82 NewDesignator=R78
Change Component Designator: OldDesignator=R83 NewDesignator=R79
Change Component Designator: OldDesignator=R84 NewDesignator=R80
Change Component Designator: OldDesignator=R85 NewDesignator=R81
Change Component Designator: OldDesignator=R86 NewDesignator=R82
Change Component Designator: OldDesignator=R87 NewDesignator=R83
Change Component Designator: OldDesignator=R88 NewDesignator=R84
Change Component Designator: OldDesignator=VD4 NewDesignator=VD8
Change component parameters: Designator = "VD2" ("VD2"); Footprint = "DO-201AD"; UniqueID = "\RGFBNHIP" ("\RGFBNHIP")
Change component parameters (AddParameter): Name = "Alternative"; Value = "SMBJ5.0CA-TR YJ"; VariantName = "[No Variations]"
Change component parameters (AddParameter): Name = "Alternative2"; Value = ""; VariantName = "[No Variations]"
Change component parameters (AddParameter): Name = "Alternative3"; Value = ""; VariantName = "[No Variations]"
Change component parameters (AddParameter): Name = "CardKRR"; Value = "56"; VariantName = "[No Variations]"
Change component parameters (AddParameter): Name = "ComponentLink1Description"; Value = ""; VariantName = "[No Variations]"
Change component parameters (AddParameter): Name = "ComponentLink1URL"; Value = "\\192.168.0.101\U_Base\PDF\V\SMBJ.pdf"; VariantName = "[No Variations]"
Change component parameters (AddParameter): Name = "ComponentLink2Description"; Value = ""; VariantName = "[No Variations]"
Change component parameters (AddParameter): Name = "ComponentLink2URL"; Value = ""; VariantName = "[No Variations]"
Change component parameters (AddParameter): Name = "CurrentFact"; Value = ""; VariantName = "[No Variations]"
Change component parameters (AddParameter): Name = "CurrentLimit"; Value = ""; VariantName = "[No Variations]"
Change component parameters (AddParameter): Name = "DataSheet"; Value = "#\\192.168.0.101\U_Base\PDF\V\SMBJ.pdf#"; VariantName = "[No Variations]"
Change component parameters (AddParameter): Name = "DeliveryTime"; Value = ""; VariantName = "[No Variations]"
Change component parameters (AddParameter): Name = "Group"; Value = "Диоды"; VariantName = "[No Variations]"
Change component parameters (AddParameter): Name = "HelpURL"; Value = "\\192.168.0.101\U_Base\PDF\V\SMBJ.pdf"; VariantName = "[No Variations]"
Change component parameters (AddParameter): Name = "key"; Value = "163"; VariantName = "[No Variations]"
Change component parameters (AddParameter): Name = "Manufacturer"; Value = "STMicroelectronics"; VariantName = "[No Variations]"
Change component parameters (AddParameter): Name = "ManufacturerPartNumber"; Value = ""; VariantName = "[No Variations]"
Change component parameters (AddParameter): Name = "ManufacturerTU"; Value = ""; VariantName = "[No Variations]"
Change component parameters (AddParameter): Name = "Mark"; Value = ""; VariantName = "[No Variations]"
Change component parameters (AddParameter): Name = "Mass"; Value = "0.26"; VariantName = "[No Variations]"
Change component parameters (AddParameter): Name = "MilitaryControl"; Value = "ОТК"; VariantName = "[No Variations]"
Change component parameters (AddParameter): Name = "Modify"; Value = "05.12.2022"; VariantName = "[No Variations]"
Change component parameters (AddParameter): Name = "MountChoice"; Value = ""; VariantName = "[No Variations]"
Change component parameters (AddParameter): Name = "MountType"; Value = "ПМ"; VariantName = "[No Variations]"
Change component parameters (AddParameter): Name = "Name"; Value = "SMBJ5.0CA"; VariantName = "[No Variations]"
Change component parameters (AddParameter): Name = "Notice"; Value = ""; VariantName = "[No Variations]"
Change component parameters (AddParameter): Name = "Package"; Value = ""; VariantName = "[No Variations]"
Change component parameters (AddParameter): Name = "PartNumber"; Value = "Диод защитный SMBJ5.0CA-TR"; VariantName = "[No Variations]"
Change component parameters (AddParameter): Name = "PowerFact"; Value = ""; VariantName = "[No Variations]"
Change component parameters (AddParameter): Name = "PowerLimit"; Value = ""; VariantName = "[No Variations]"
Change component parameters (AddParameter): Name = "SolderName"; Value = "SMBJ5.0CA-TR"; VariantName = "[No Variations]"
Change component parameters (AddParameter): Name = "SolderTemperature"; Value = "260"; VariantName = "[No Variations]"
Change component parameters (AddParameter): Name = "Tag"; Value = ""; VariantName = "[No Variations]"
Change component parameters (AddParameter): Name = "TemperatureRange"; Value = "от минус 55 до 150"; VariantName = "[No Variations]"
Change component parameters (AddParameter): Name = "Usage"; Value = ""; VariantName = "[No Variations]"
Change component parameters (AddParameter): Name = "Value"; Value = ""; VariantName = "[No Variations]"
Change component parameters (AddParameter): Name = "ViewControl"; Value = "В, 10%"; VariantName = "[No Variations]"
Change component parameters (AddParameter): Name = "VoltageFact"; Value = ""; VariantName = "[No Variations]"
Change component parameters (AddParameter): Name = "VoltageLimit"; Value = "13,4"; VariantName = "[No Variations]"
Change component parameters (AddParameter): Name = "X_SORT_1"; Value = ""; VariantName = "[No Variations]"
Change component parameters (AddParameter): Name = "X_SORT_2"; Value = ""; VariantName = "[No Variations]"
Change component parameters (AddParameter): Name = "X_SORT_3"; Value = ""; VariantName = "[No Variations]"
Change component parameters: Designator = "VD5" ("VD5"); Footprint = "DO-201AD"; UniqueID = "\TVDIBLPB" ("\TVDIBLPB")
Change component parameters (AddParameter): Name = "Alternative"; Value = "SMBJ5.0CA-TR YJ"; VariantName = "[No Variations]"
Change component parameters (AddParameter): Name = "Alternative2"; Value = ""; VariantName = "[No Variations]"
Change component parameters (AddParameter): Name = "Alternative3"; Value = ""; VariantName = "[No Variations]"
Change component parameters (AddParameter): Name = "CardKRR"; Value = "56"; VariantName = "[No Variations]"
Change component parameters (AddParameter): Name = "ComponentLink1Description"; Value = ""; VariantName = "[No Variations]"
Change component parameters (AddParameter): Name = "ComponentLink1URL"; Value = "\\192.168.0.101\U_Base\PDF\V\SMBJ.pdf"; VariantName = "[No Variations]"
Change component parameters (AddParameter): Name = "ComponentLink2Description"; Value = ""; VariantName = "[No Variations]"
Change component parameters (AddParameter): Name = "ComponentLink2URL"; Value = ""; VariantName = "[No Variations]"
Change component parameters (AddParameter): Name = "CurrentFact"; Value = ""; VariantName = "[No Variations]"
Change component parameters (AddParameter): Name = "CurrentLimit"; Value = ""; VariantName = "[No Variations]"
Change component parameters (AddParameter): Name = "DataSheet"; Value = "#\\192.168.0.101\U_Base\PDF\V\SMBJ.pdf#"; VariantName = "[No Variations]"
Change component parameters (AddParameter): Name = "DeliveryTime"; Value = ""; VariantName = "[No Variations]"
Change component parameters (AddParameter): Name = "Group"; Value = "Диоды"; VariantName = "[No Variations]"
Change component parameters (AddParameter): Name = "HelpURL"; Value = "\\192.168.0.101\U_Base\PDF\V\SMBJ.pdf"; VariantName = "[No Variations]"
Change component parameters (AddParameter): Name = "key"; Value = "163"; VariantName = "[No Variations]"
Change component parameters (AddParameter): Name = "Manufacturer"; Value = "STMicroelectronics"; VariantName = "[No Variations]"
Change component parameters (AddParameter): Name = "ManufacturerPartNumber"; Value = ""; VariantName = "[No Variations]"
Change component parameters (AddParameter): Name = "ManufacturerTU"; Value = ""; VariantName = "[No Variations]"
Change component parameters (AddParameter): Name = "Mark"; Value = ""; VariantName = "[No Variations]"
Change component parameters (AddParameter): Name = "Mass"; Value = "0.26"; VariantName = "[No Variations]"
Change component parameters (AddParameter): Name = "MilitaryControl"; Value = "ОТК"; VariantName = "[No Variations]"
Change component parameters (AddParameter): Name = "Modify"; Value = "05.12.2022"; VariantName = "[No Variations]"
Change component parameters (AddParameter): Name = "MountChoice"; Value = ""; VariantName = "[No Variations]"
Change component parameters (AddParameter): Name = "MountType"; Value = "ПМ"; VariantName = "[No Variations]"
Change component parameters (AddParameter): Name = "Name"; Value = "SMBJ5.0CA"; VariantName = "[No Variations]"
Change component parameters (AddParameter): Name = "Notice"; Value = ""; VariantName = "[No Variations]"
Change component parameters (AddParameter): Name = "Package"; Value = ""; VariantName = "[No Variations]"
Change component parameters (AddParameter): Name = "PartNumber"; Value = "Диод защитный SMBJ5.0CA-TR"; VariantName = "[No Variations]"
Change component parameters (AddParameter): Name = "PowerFact"; Value = ""; VariantName = "[No Variations]"
Change component parameters (AddParameter): Name = "PowerLimit"; Value = ""; VariantName = "[No Variations]"
Change component parameters (AddParameter): Name = "SolderName"; Value = "SMBJ5.0CA-TR"; VariantName = "[No Variations]"
Change component parameters (AddParameter): Name = "SolderTemperature"; Value = "260"; VariantName = "[No Variations]"
Change component parameters (AddParameter): Name = "Tag"; Value = ""; VariantName = "[No Variations]"
Change component parameters (AddParameter): Name = "TemperatureRange"; Value = "от минус 55 до 150"; VariantName = "[No Variations]"
Change component parameters (AddParameter): Name = "Usage"; Value = ""; VariantName = "[No Variations]"
Change component parameters (AddParameter): Name = "Value"; Value = ""; VariantName = "[No Variations]"
Change component parameters (AddParameter): Name = "ViewControl"; Value = "В, 10%"; VariantName = "[No Variations]"
Change component parameters (AddParameter): Name = "VoltageFact"; Value = ""; VariantName = "[No Variations]"
Change component parameters (AddParameter): Name = "VoltageLimit"; Value = "13,4"; VariantName = "[No Variations]"
Change component parameters (AddParameter): Name = "X_SORT_1"; Value = ""; VariantName = "[No Variations]"
Change component parameters (AddParameter): Name = "X_SORT_2"; Value = ""; VariantName = "[No Variations]"
Change component parameters (AddParameter): Name = "X_SORT_3"; Value = ""; VariantName = "[No Variations]"
Change component parameters: Designator = "VD6" ("VD6"); Footprint = "DO-201AD"; UniqueID = "\XCDPIKPY" ("\XCDPIKPY")
Change component parameters (AddParameter): Name = "Alternative"; Value = "SMBJ5.0CA-TR YJ"; VariantName = "[No Variations]"
Change component parameters (AddParameter): Name = "Alternative2"; Value = ""; VariantName = "[No Variations]"
Change component parameters (AddParameter): Name = "Alternative3"; Value = ""; VariantName = "[No Variations]"
Change component parameters (AddParameter): Name = "CardKRR"; Value = "56"; VariantName = "[No Variations]"
Change component parameters (AddParameter): Name = "ComponentLink1Description"; Value = ""; VariantName = "[No Variations]"
Change component parameters (AddParameter): Name = "ComponentLink1URL"; Value = "\\192.168.0.101\U_Base\PDF\V\SMBJ.pdf"; VariantName = "[No Variations]"
Change component parameters (AddParameter): Name = "ComponentLink2Description"; Value = ""; VariantName = "[No Variations]"
Change component parameters (AddParameter): Name = "ComponentLink2URL"; Value = ""; VariantName = "[No Variations]"
Change component parameters (AddParameter): Name = "CurrentFact"; Value = ""; VariantName = "[No Variations]"
Change component parameters (AddParameter): Name = "CurrentLimit"; Value = ""; VariantName = "[No Variations]"
Change component parameters (AddParameter): Name = "DataSheet"; Value = "#\\192.168.0.101\U_Base\PDF\V\SMBJ.pdf#"; VariantName = "[No Variations]"
Change component parameters (AddParameter): Name = "DeliveryTime"; Value = ""; VariantName = "[No Variations]"
Change component parameters (AddParameter): Name = "Group"; Value = "Диоды"; VariantName = "[No Variations]"
Change component parameters (AddParameter): Name = "HelpURL"; Value = "\\192.168.0.101\U_Base\PDF\V\SMBJ.pdf"; VariantName = "[No Variations]"
Change component parameters (AddParameter): Name = "key"; Value = "163"; VariantName = "[No Variations]"
Change component parameters (AddParameter): Name = "Manufacturer"; Value = "STMicroelectronics"; VariantName = "[No Variations]"
Change component parameters (AddParameter): Name = "ManufacturerPartNumber"; Value = ""; VariantName = "[No Variations]"
Change component parameters (AddParameter): Name = "ManufacturerTU"; Value = ""; VariantName = "[No Variations]"
Change component parameters (AddParameter): Name = "Mark"; Value = ""; VariantName = "[No Variations]"
Change component parameters (AddParameter): Name = "Mass"; Value = "0.26"; VariantName = "[No Variations]"
Change component parameters (AddParameter): Name = "MilitaryControl"; Value = "ОТК"; VariantName = "[No Variations]"
Change component parameters (AddParameter): Name = "Modify"; Value = "05.12.2022"; VariantName = "[No Variations]"
Change component parameters (AddParameter): Name = "MountChoice"; Value = ""; VariantName = "[No Variations]"
Change component parameters (AddParameter): Name = "MountType"; Value = "ПМ"; VariantName = "[No Variations]"
Change component parameters (AddParameter): Name = "Name"; Value = "SMBJ5.0CA"; VariantName = "[No Variations]"
Change component parameters (AddParameter): Name = "Notice"; Value = ""; VariantName = "[No Variations]"
Change component parameters (AddParameter): Name = "Package"; Value = ""; VariantName = "[No Variations]"
Change component parameters (AddParameter): Name = "PartNumber"; Value = "Диод защитный SMBJ5.0CA-TR"; VariantName = "[No Variations]"
Change component parameters (AddParameter): Name = "PowerFact"; Value = ""; VariantName = "[No Variations]"
Change component parameters (AddParameter): Name = "PowerLimit"; Value = ""; VariantName = "[No Variations]"
Change component parameters (AddParameter): Name = "SolderName"; Value = "SMBJ5.0CA-TR"; VariantName = "[No Variations]"
Change component parameters (AddParameter): Name = "SolderTemperature"; Value = "260"; VariantName = "[No Variations]"
Change component parameters (AddParameter): Name = "Tag"; Value = ""; VariantName = "[No Variations]"
Change component parameters (AddParameter): Name = "TemperatureRange"; Value = "от минус 55 до 150"; VariantName = "[No Variations]"
Change component parameters (AddParameter): Name = "Usage"; Value = ""; VariantName = "[No Variations]"
Change component parameters (AddParameter): Name = "Value"; Value = ""; VariantName = "[No Variations]"
Change component parameters (AddParameter): Name = "ViewControl"; Value = "В, 10%"; VariantName = "[No Variations]"
Change component parameters (AddParameter): Name = "VoltageFact"; Value = ""; VariantName = "[No Variations]"
Change component parameters (AddParameter): Name = "VoltageLimit"; Value = "13,4"; VariantName = "[No Variations]"
Change component parameters (AddParameter): Name = "X_SORT_1"; Value = ""; VariantName = "[No Variations]"
Change component parameters (AddParameter): Name = "X_SORT_2"; Value = ""; VariantName = "[No Variations]"
Change component parameters (AddParameter): Name = "X_SORT_3"; Value = ""; VariantName = "[No Variations]"
Change component parameters: Designator = "VD7" ("VD7"); Footprint = "DO-201AD"; UniqueID = "\YWNBCWMT" ("\YWNBCWMT")
Change component parameters (AddParameter): Name = "Alternative"; Value = "SMBJ5.0CA-TR YJ"; VariantName = "[No Variations]"
Change component parameters (AddParameter): Name = "Alternative2"; Value = ""; VariantName = "[No Variations]"
Change component parameters (AddParameter): Name = "Alternative3"; Value = ""; VariantName = "[No Variations]"
Change component parameters (AddParameter): Name = "CardKRR"; Value = "56"; VariantName = "[No Variations]"
Change component parameters (AddParameter): Name = "ComponentLink1Description"; Value = ""; VariantName = "[No Variations]"
Change component parameters (AddParameter): Name = "ComponentLink1URL"; Value = "\\192.168.0.101\U_Base\PDF\V\SMBJ.pdf"; VariantName = "[No Variations]"
Change component parameters (AddParameter): Name = "ComponentLink2Description"; Value = ""; VariantName = "[No Variations]"
Change component parameters (AddParameter): Name = "ComponentLink2URL"; Value = ""; VariantName = "[No Variations]"
Change component parameters (AddParameter): Name = "CurrentFact"; Value = ""; VariantName = "[No Variations]"
Change component parameters (AddParameter): Name = "CurrentLimit"; Value = ""; VariantName = "[No Variations]"
Change component parameters (AddParameter): Name = "DataSheet"; Value = "#\\192.168.0.101\U_Base\PDF\V\SMBJ.pdf#"; VariantName = "[No Variations]"
Change component parameters (AddParameter): Name = "DeliveryTime"; Value = ""; VariantName = "[No Variations]"
Change component parameters (AddParameter): Name = "Group"; Value = "Диоды"; VariantName = "[No Variations]"
Change component parameters (AddParameter): Name = "HelpURL"; Value = "\\192.168.0.101\U_Base\PDF\V\SMBJ.pdf"; VariantName = "[No Variations]"
Change component parameters (AddParameter): Name = "key"; Value = "163"; VariantName = "[No Variations]"
Change component parameters (AddParameter): Name = "Manufacturer"; Value = "STMicroelectronics"; VariantName = "[No Variations]"
Change component parameters (AddParameter): Name = "ManufacturerPartNumber"; Value = ""; VariantName = "[No Variations]"
Change component parameters (AddParameter): Name = "ManufacturerTU"; Value = ""; VariantName = "[No Variations]"
Change component parameters (AddParameter): Name = "Mark"; Value = ""; VariantName = "[No Variations]"
Change component parameters (AddParameter): Name = "Mass"; Value = "0.26"; VariantName = "[No Variations]"
Change component parameters (AddParameter): Name = "MilitaryControl"; Value = "ОТК"; VariantName = "[No Variations]"
Change component parameters (AddParameter): Name = "Modify"; Value = "05.12.2022"; VariantName = "[No Variations]"
Change component parameters (AddParameter): Name = "MountChoice"; Value = ""; VariantName = "[No Variations]"
Change component parameters (AddParameter): Name = "MountType"; Value = "ПМ"; VariantName = "[No Variations]"
Change component parameters (AddParameter): Name = "Name"; Value = "SMBJ5.0CA"; VariantName = "[No Variations]"
Change component parameters (AddParameter): Name = "Notice"; Value = ""; VariantName = "[No Variations]"
Change component parameters (AddParameter): Name = "Package"; Value = ""; VariantName = "[No Variations]"
Change component parameters (AddParameter): Name = "PartNumber"; Value = "Диод защитный SMBJ5.0CA-TR"; VariantName = "[No Variations]"
Change component parameters (AddParameter): Name = "PowerFact"; Value = ""; VariantName = "[No Variations]"
Change component parameters (AddParameter): Name = "PowerLimit"; Value = ""; VariantName = "[No Variations]"
Change component parameters (AddParameter): Name = "SolderName"; Value = "SMBJ5.0CA-TR"; VariantName = "[No Variations]"
Change component parameters (AddParameter): Name = "SolderTemperature"; Value = "260"; VariantName = "[No Variations]"
Change component parameters (AddParameter): Name = "Tag"; Value = ""; VariantName = "[No Variations]"
Change component parameters (AddParameter): Name = "TemperatureRange"; Value = "от минус 55 до 150"; VariantName = "[No Variations]"
Change component parameters (AddParameter): Name = "Usage"; Value = ""; VariantName = "[No Variations]"
Change component parameters (AddParameter): Name = "Value"; Value = ""; VariantName = "[No Variations]"
Change component parameters (AddParameter): Name = "ViewControl"; Value = "В, 10%"; VariantName = "[No Variations]"
Change component parameters (AddParameter): Name = "VoltageFact"; Value = ""; VariantName = "[No Variations]"
Change component parameters (AddParameter): Name = "VoltageLimit"; Value = "13,4"; VariantName = "[No Variations]"
Change component parameters (AddParameter): Name = "X_SORT_1"; Value = ""; VariantName = "[No Variations]"
Change component parameters (AddParameter): Name = "X_SORT_2"; Value = ""; VariantName = "[No Variations]"
Change component parameters (AddParameter): Name = "X_SORT_3"; Value = ""; VariantName = "[No Variations]"
Change component parameters: Designator = "VD9" ("VD9"); Footprint = "DO-201AD"; UniqueID = "\PXQKIYUA" ("\PXQKIYUA")
Change component parameters (AddParameter): Name = "Alternative"; Value = "SMBJ5.0CA-TR YJ"; VariantName = "[No Variations]"
Change component parameters (AddParameter): Name = "Alternative2"; Value = ""; VariantName = "[No Variations]"
Change component parameters (AddParameter): Name = "Alternative3"; Value = ""; VariantName = "[No Variations]"
Change component parameters (AddParameter): Name = "CardKRR"; Value = "56"; VariantName = "[No Variations]"
Change component parameters (AddParameter): Name = "ComponentLink1Description"; Value = ""; VariantName = "[No Variations]"
Change component parameters (AddParameter): Name = "ComponentLink1URL"; Value = "\\192.168.0.101\U_Base\PDF\V\SMBJ.pdf"; VariantName = "[No Variations]"
Change component parameters (AddParameter): Name = "ComponentLink2Description"; Value = ""; VariantName = "[No Variations]"
Change component parameters (AddParameter): Name = "ComponentLink2URL"; Value = ""; VariantName = "[No Variations]"
Change component parameters (AddParameter): Name = "CurrentFact"; Value = ""; VariantName = "[No Variations]"
Change component parameters (AddParameter): Name = "CurrentLimit"; Value = ""; VariantName = "[No Variations]"
Change component parameters (AddParameter): Name = "DataSheet"; Value = "#\\192.168.0.101\U_Base\PDF\V\SMBJ.pdf#"; VariantName = "[No Variations]"
Change component parameters (AddParameter): Name = "DeliveryTime"; Value = ""; VariantName = "[No Variations]"
Change component parameters (AddParameter): Name = "Group"; Value = "Диоды"; VariantName = "[No Variations]"
Change component parameters (AddParameter): Name = "HelpURL"; Value = "\\192.168.0.101\U_Base\PDF\V\SMBJ.pdf"; VariantName = "[No Variations]"
Change component parameters (AddParameter): Name = "key"; Value = "163"; VariantName = "[No Variations]"
Change component parameters (AddParameter): Name = "Manufacturer"; Value = "STMicroelectronics"; VariantName = "[No Variations]"
Change component parameters (AddParameter): Name = "ManufacturerPartNumber"; Value = ""; VariantName = "[No Variations]"
Change component parameters (AddParameter): Name = "ManufacturerTU"; Value = ""; VariantName = "[No Variations]"
Change component parameters (AddParameter): Name = "Mark"; Value = ""; VariantName = "[No Variations]"
Change component parameters (AddParameter): Name = "Mass"; Value = "0.26"; VariantName = "[No Variations]"
Change component parameters (AddParameter): Name = "MilitaryControl"; Value = "ОТК"; VariantName = "[No Variations]"
Change component parameters (AddParameter): Name = "Modify"; Value = "05.12.2022"; VariantName = "[No Variations]"
Change component parameters (AddParameter): Name = "MountChoice"; Value = ""; VariantName = "[No Variations]"
Change component parameters (AddParameter): Name = "MountType"; Value = "ПМ"; VariantName = "[No Variations]"
Change component parameters (AddParameter): Name = "Name"; Value = "SMBJ5.0CA"; VariantName = "[No Variations]"
Change component parameters (AddParameter): Name = "Notice"; Value = ""; VariantName = "[No Variations]"
Change component parameters (AddParameter): Name = "Package"; Value = ""; VariantName = "[No Variations]"
Change component parameters (AddParameter): Name = "PartNumber"; Value = "Диод защитный SMBJ5.0CA-TR"; VariantName = "[No Variations]"
Change component parameters (AddParameter): Name = "PowerFact"; Value = ""; VariantName = "[No Variations]"
Change component parameters (AddParameter): Name = "PowerLimit"; Value = ""; VariantName = "[No Variations]"
Change component parameters (AddParameter): Name = "SolderName"; Value = "SMBJ5.0CA-TR"; VariantName = "[No Variations]"
Change component parameters (AddParameter): Name = "SolderTemperature"; Value = "260"; VariantName = "[No Variations]"
Change component parameters (AddParameter): Name = "Tag"; Value = ""; VariantName = "[No Variations]"
Change component parameters (AddParameter): Name = "TemperatureRange"; Value = "от минус 55 до 150"; VariantName = "[No Variations]"
Change component parameters (AddParameter): Name = "Usage"; Value = ""; VariantName = "[No Variations]"
Change component parameters (AddParameter): Name = "Value"; Value = ""; VariantName = "[No Variations]"
Change component parameters (AddParameter): Name = "ViewControl"; Value = "В, 10%"; VariantName = "[No Variations]"
Change component parameters (AddParameter): Name = "VoltageFact"; Value = ""; VariantName = "[No Variations]"
Change component parameters (AddParameter): Name = "VoltageLimit"; Value = "13,4"; VariantName = "[No Variations]"
Change component parameters (AddParameter): Name = "X_SORT_1"; Value = ""; VariantName = "[No Variations]"
Change component parameters (AddParameter): Name = "X_SORT_2"; Value = ""; VariantName = "[No Variations]"
Change component parameters (AddParameter): Name = "X_SORT_3"; Value = ""; VariantName = "[No Variations]"
Change component parameters: Designator = "VD10" ("VD10"); Footprint = "DO-201AD"; UniqueID = "\OWRIMCTZ" ("\OWRIMCTZ")
Change component parameters (AddParameter): Name = "Alternative"; Value = "SMBJ5.0CA-TR YJ"; VariantName = "[No Variations]"
Change component parameters (AddParameter): Name = "Alternative2"; Value = ""; VariantName = "[No Variations]"
Change component parameters (AddParameter): Name = "Alternative3"; Value = ""; VariantName = "[No Variations]"
Change component parameters (AddParameter): Name = "CardKRR"; Value = "56"; VariantName = "[No Variations]"
Change component parameters (AddParameter): Name = "ComponentLink1Description"; Value = ""; VariantName = "[No Variations]"
Change component parameters (AddParameter): Name = "ComponentLink1URL"; Value = "\\192.168.0.101\U_Base\PDF\V\SMBJ.pdf"; VariantName = "[No Variations]"
Change component parameters (AddParameter): Name = "ComponentLink2Description"; Value = ""; VariantName = "[No Variations]"
Change component parameters (AddParameter): Name = "ComponentLink2URL"; Value = ""; VariantName = "[No Variations]"
Change component parameters (AddParameter): Name = "CurrentFact"; Value = ""; VariantName = "[No Variations]"
Change component parameters (AddParameter): Name = "CurrentLimit"; Value = ""; VariantName = "[No Variations]"
Change component parameters (AddParameter): Name = "DataSheet"; Value = "#\\192.168.0.101\U_Base\PDF\V\SMBJ.pdf#"; VariantName = "[No Variations]"
Change component parameters (AddParameter): Name = "DeliveryTime"; Value = ""; VariantName = "[No Variations]"
Change component parameters (AddParameter): Name = "Group"; Value = "Диоды"; VariantName = "[No Variations]"
Change component parameters (AddParameter): Name = "HelpURL"; Value = "\\192.168.0.101\U_Base\PDF\V\SMBJ.pdf"; VariantName = "[No Variations]"
Change component parameters (AddParameter): Name = "key"; Value = "163"; VariantName = "[No Variations]"
Change component parameters (AddParameter): Name = "Manufacturer"; Value = "STMicroelectronics"; VariantName = "[No Variations]"
Change component parameters (AddParameter): Name = "ManufacturerPartNumber"; Value = ""; VariantName = "[No Variations]"
Change component parameters (AddParameter): Name = "ManufacturerTU"; Value = ""; VariantName = "[No Variations]"
Change component parameters (AddParameter): Name = "Mark"; Value = ""; VariantName = "[No Variations]"
Change component parameters (AddParameter): Name = "Mass"; Value = "0.26"; VariantName = "[No Variations]"
Change component parameters (AddParameter): Name = "MilitaryControl"; Value = "ОТК"; VariantName = "[No Variations]"
Change component parameters (AddParameter): Name = "Modify"; Value = "05.12.2022"; VariantName = "[No Variations]"
Change component parameters (AddParameter): Name = "MountChoice"; Value = ""; VariantName = "[No Variations]"
Change component parameters (AddParameter): Name = "MountType"; Value = "ПМ"; VariantName = "[No Variations]"
Change component parameters (AddParameter): Name = "Name"; Value = "SMBJ5.0CA"; VariantName = "[No Variations]"
Change component parameters (AddParameter): Name = "Notice"; Value = ""; VariantName = "[No Variations]"
Change component parameters (AddParameter): Name = "Package"; Value = ""; VariantName = "[No Variations]"
Change component parameters (AddParameter): Name = "PartNumber"; Value = "Диод защитный SMBJ5.0CA-TR"; VariantName = "[No Variations]"
Change component parameters (AddParameter): Name = "PowerFact"; Value = ""; VariantName = "[No Variations]"
Change component parameters (AddParameter): Name = "PowerLimit"; Value = ""; VariantName = "[No Variations]"
Change component parameters (AddParameter): Name = "SolderName"; Value = "SMBJ5.0CA-TR"; VariantName = "[No Variations]"
Change component parameters (AddParameter): Name = "SolderTemperature"; Value = "260"; VariantName = "[No Variations]"
Change component parameters (AddParameter): Name = "Tag"; Value = ""; VariantName = "[No Variations]"
Change component parameters (AddParameter): Name = "TemperatureRange"; Value = "от минус 55 до 150"; VariantName = "[No Variations]"
Change component parameters (AddParameter): Name = "Usage"; Value = ""; VariantName = "[No Variations]"
Change component parameters (AddParameter): Name = "Value"; Value = ""; VariantName = "[No Variations]"
Change component parameters (AddParameter): Name = "ViewControl"; Value = "В, 10%"; VariantName = "[No Variations]"
Change component parameters (AddParameter): Name = "VoltageFact"; Value = ""; VariantName = "[No Variations]"
Change component parameters (AddParameter): Name = "VoltageLimit"; Value = "13,4"; VariantName = "[No Variations]"
Change component parameters (AddParameter): Name = "X_SORT_1"; Value = ""; VariantName = "[No Variations]"
Change component parameters (AddParameter): Name = "X_SORT_2"; Value = ""; VariantName = "[No Variations]"
Change component parameters (AddParameter): Name = "X_SORT_3"; Value = ""; VariantName = "[No Variations]"
Change component parameters: Designator = "VD1" ("VD1"); Footprint = "SOT23 2D706AS9"; UniqueID = "\ZSGPRINO" ("\ZSGPRINO")
Change component parameters (AddParameter): Name = "Alternative"; Value = "SMBJ5.0CA-TR YJ"; VariantName = "[No Variations]"
Change component parameters (AddParameter): Name = "Alternative2"; Value = ""; VariantName = "[No Variations]"
Change component parameters (AddParameter): Name = "Alternative3"; Value = ""; VariantName = "[No Variations]"
Change component parameters (AddParameter): Name = "CardKRR"; Value = "56"; VariantName = "[No Variations]"
Change component parameters (AddParameter): Name = "ComponentLink1Description"; Value = ""; VariantName = "[No Variations]"
Change component parameters (AddParameter): Name = "ComponentLink1URL"; Value = "\\192.168.0.101\U_Base\PDF\V\SMBJ.pdf"; VariantName = "[No Variations]"
Change component parameters (AddParameter): Name = "ComponentLink2Description"; Value = ""; VariantName = "[No Variations]"
Change component parameters (AddParameter): Name = "ComponentLink2URL"; Value = ""; VariantName = "[No Variations]"
Change component parameters (AddParameter): Name = "CurrentFact"; Value = ""; VariantName = "[No Variations]"
Change component parameters (AddParameter): Name = "CurrentLimit"; Value = ""; VariantName = "[No Variations]"
Change component parameters (AddParameter): Name = "DataSheet"; Value = "#\\192.168.0.101\U_Base\PDF\V\SMBJ.pdf#"; VariantName = "[No Variations]"
Change component parameters (AddParameter): Name = "DeliveryTime"; Value = ""; VariantName = "[No Variations]"
Change component parameters (AddParameter): Name = "Group"; Value = "Диоды"; VariantName = "[No Variations]"
Change component parameters (AddParameter): Name = "HelpURL"; Value = "\\192.168.0.101\U_Base\PDF\V\SMBJ.pdf"; VariantName = "[No Variations]"
Change component parameters (AddParameter): Name = "key"; Value = "163"; VariantName = "[No Variations]"
Change component parameters (AddParameter): Name = "Manufacturer"; Value = "STMicroelectronics"; VariantName = "[No Variations]"
Change component parameters (AddParameter): Name = "ManufacturerPartNumber"; Value = ""; VariantName = "[No Variations]"
Change component parameters (AddParameter): Name = "ManufacturerTU"; Value = ""; VariantName = "[No Variations]"
Change component parameters (AddParameter): Name = "Mark"; Value = ""; VariantName = "[No Variations]"
Change component parameters (AddParameter): Name = "Mass"; Value = "0.26"; VariantName = "[No Variations]"
Change component parameters (AddParameter): Name = "MilitaryControl"; Value = "ОТК"; VariantName = "[No Variations]"
Change component parameters (AddParameter): Name = "Modify"; Value = "05.12.2022"; VariantName = "[No Variations]"
Change component parameters (AddParameter): Name = "MountChoice"; Value = ""; VariantName = "[No Variations]"
Change component parameters (AddParameter): Name = "MountType"; Value = "ПМ"; VariantName = "[No Variations]"
Change component parameters (AddParameter): Name = "Name"; Value = "SMBJ5.0CA"; VariantName = "[No Variations]"
Change component parameters (AddParameter): Name = "Notice"; Value = ""; VariantName = "[No Variations]"
Change component parameters (AddParameter): Name = "Package"; Value = ""; VariantName = "[No Variations]"
Change component parameters (AddParameter): Name = "PartNumber"; Value = "Диод защитный SMBJ5.0CA-TR"; VariantName = "[No Variations]"
Change component parameters (AddParameter): Name = "PowerFact"; Value = ""; VariantName = "[No Variations]"
Change component parameters (AddParameter): Name = "PowerLimit"; Value = ""; VariantName = "[No Variations]"
Change component parameters (AddParameter): Name = "SolderName"; Value = "SMBJ5.0CA-TR"; VariantName = "[No Variations]"
Change component parameters (AddParameter): Name = "SolderTemperature"; Value = "260"; VariantName = "[No Variations]"
Change component parameters (AddParameter): Name = "Tag"; Value = ""; VariantName = "[No Variations]"
Change component parameters (AddParameter): Name = "TemperatureRange"; Value = "от минус 55 до 150"; VariantName = "[No Variations]"
Change component parameters (AddParameter): Name = "Usage"; Value = ""; VariantName = "[No Variations]"
Change component parameters (AddParameter): Name = "Value"; Value = ""; VariantName = "[No Variations]"
Change component parameters (AddParameter): Name = "ViewControl"; Value = "В, 10%"; VariantName = "[No Variations]"
Change component parameters (AddParameter): Name = "VoltageFact"; Value = ""; VariantName = "[No Variations]"
Change component parameters (AddParameter): Name = "VoltageLimit"; Value = "13,4"; VariantName = "[No Variations]"
Change component parameters (AddParameter): Name = "X_SORT_1"; Value = ""; VariantName = "[No Variations]"
Change component parameters (AddParameter): Name = "X_SORT_2"; Value = ""; VariantName = "[No Variations]"
Change component parameters (AddParameter): Name = "X_SORT_3"; Value = ""; VariantName = "[No Variations]"
Change component parameters: Designator = "VD3" ("VD3"); Footprint = "SOT23 2D706AS9"; UniqueID = "\YXXESPHL" ("\YXXESPHL")
Change component parameters (AddParameter): Name = "Alternative"; Value = "SMBJ5.0CA-TR YJ"; VariantName = "[No Variations]"
Change component parameters (AddParameter): Name = "Alternative2"; Value = ""; VariantName = "[No Variations]"
Change component parameters (AddParameter): Name = "Alternative3"; Value = ""; VariantName = "[No Variations]"
Change component parameters (AddParameter): Name = "CardKRR"; Value = "56"; VariantName = "[No Variations]"
Change component parameters (AddParameter): Name = "ComponentLink1Description"; Value = ""; VariantName = "[No Variations]"
Change component parameters (AddParameter): Name = "ComponentLink1URL"; Value = "\\192.168.0.101\U_Base\PDF\V\SMBJ.pdf"; VariantName = "[No Variations]"
Change component parameters (AddParameter): Name = "ComponentLink2Description"; Value = ""; VariantName = "[No Variations]"
Change component parameters (AddParameter): Name = "ComponentLink2URL"; Value = ""; VariantName = "[No Variations]"
Change component parameters (AddParameter): Name = "CurrentFact"; Value = ""; VariantName = "[No Variations]"
Change component parameters (AddParameter): Name = "CurrentLimit"; Value = ""; VariantName = "[No Variations]"
Change component parameters (AddParameter): Name = "DataSheet"; Value = "#\\192.168.0.101\U_Base\PDF\V\SMBJ.pdf#"; VariantName = "[No Variations]"
Change component parameters (AddParameter): Name = "DeliveryTime"; Value = ""; VariantName = "[No Variations]"
Change component parameters (AddParameter): Name = "Group"; Value = "Диоды"; VariantName = "[No Variations]"
Change component parameters (AddParameter): Name = "HelpURL"; Value = "\\192.168.0.101\U_Base\PDF\V\SMBJ.pdf"; VariantName = "[No Variations]"
Change component parameters (AddParameter): Name = "key"; Value = "163"; VariantName = "[No Variations]"
Change component parameters (AddParameter): Name = "Manufacturer"; Value = "STMicroelectronics"; VariantName = "[No Variations]"
Change component parameters (AddParameter): Name = "ManufacturerPartNumber"; Value = ""; VariantName = "[No Variations]"
Change component parameters (AddParameter): Name = "ManufacturerTU"; Value = ""; VariantName = "[No Variations]"
Change component parameters (AddParameter): Name = "Mark"; Value = ""; VariantName = "[No Variations]"
Change component parameters (AddParameter): Name = "Mass"; Value = "0.26"; VariantName = "[No Variations]"
Change component parameters (AddParameter): Name = "MilitaryControl"; Value = "ОТК"; VariantName = "[No Variations]"
Change component parameters (AddParameter): Name = "Modify"; Value = "05.12.2022"; VariantName = "[No Variations]"
Change component parameters (AddParameter): Name = "MountChoice"; Value = ""; VariantName = "[No Variations]"
Change component parameters (AddParameter): Name = "MountType"; Value = "ПМ"; VariantName = "[No Variations]"
Change component parameters (AddParameter): Name = "Name"; Value = "SMBJ5.0CA"; VariantName = "[No Variations]"
Change component parameters (AddParameter): Name = "Notice"; Value = ""; VariantName = "[No Variations]"
Change component parameters (AddParameter): Name = "Package"; Value = ""; VariantName = "[No Variations]"
Change component parameters (AddParameter): Name = "PartNumber"; Value = "Диод защитный SMBJ5.0CA-TR"; VariantName = "[No Variations]"
Change component parameters (AddParameter): Name = "PowerFact"; Value = ""; VariantName = "[No Variations]"
Change component parameters (AddParameter): Name = "PowerLimit"; Value = ""; VariantName = "[No Variations]"
Change component parameters (AddParameter): Name = "SolderName"; Value = "SMBJ5.0CA-TR"; VariantName = "[No Variations]"
Change component parameters (AddParameter): Name = "SolderTemperature"; Value = "260"; VariantName = "[No Variations]"
Change component parameters (AddParameter): Name = "Tag"; Value = ""; VariantName = "[No Variations]"
Change component parameters (AddParameter): Name = "TemperatureRange"; Value = "от минус 55 до 150"; VariantName = "[No Variations]"
Change component parameters (AddParameter): Name = "Usage"; Value = ""; VariantName = "[No Variations]"
Change component parameters (AddParameter): Name = "Value"; Value = ""; VariantName = "[No Variations]"
Change component parameters (AddParameter): Name = "ViewControl"; Value = "В, 10%"; VariantName = "[No Variations]"
Change component parameters (AddParameter): Name = "VoltageFact"; Value = ""; VariantName = "[No Variations]"
Change component parameters (AddParameter): Name = "VoltageLimit"; Value = "13,4"; VariantName = "[No Variations]"
Change component parameters (AddParameter): Name = "X_SORT_1"; Value = ""; VariantName = "[No Variations]"
Change component parameters (AddParameter): Name = "X_SORT_2"; Value = ""; VariantName = "[No Variations]"
Change component parameters (AddParameter): Name = "X_SORT_3"; Value = ""; VariantName = "[No Variations]"
Added Component: Designator=FU1(MF-R50)
Add component (AddParameter): Name = "Alternative"; Value = ""; VariantName = "[No Variations]"
Add component (AddParameter): Name = "Alternative2"; Value = ""; VariantName = "[No Variations]"
Add component (AddParameter): Name = "Alternative3"; Value = ""; VariantName = "[No Variations]"
Add component (AddParameter): Name = "CardKRR"; Value = "87"; VariantName = "[No Variations]"
Add component (AddParameter): Name = "ComponentLink1Description"; Value = ""; VariantName = "[No Variations]"
Add component (AddParameter): Name = "ComponentLink1URL"; Value = "\\192.168.0.101\U_Base\PDF\OTHER\MF-Rxxx.pdf"; VariantName = "[No Variations]"
Add component (AddParameter): Name = "ComponentLink2Description"; Value = ""; VariantName = "[No Variations]"
Add component (AddParameter): Name = "ComponentLink2URL"; Value = ""; VariantName = "[No Variations]"
Add component (AddParameter): Name = "CurrentFact"; Value = ""; VariantName = "[No Variations]"
Add component (AddParameter): Name = "CurrentLimit"; Value = ""; VariantName = "[No Variations]"
Add component (AddParameter): Name = "DataSheet"; Value = "#\\192.168.0.101\U_Base\PDF\OTHER\MF-Rxxx.pdf#"; VariantName = "[No Variations]"
Add component (AddParameter): Name = "DeliveryTime"; Value = ""; VariantName = "[No Variations]"
Add component (AddParameter): Name = "Group"; Value = "Предохранитель"; VariantName = "[No Variations]"
Add component (AddParameter): Name = "HelpURL"; Value = "\\192.168.0.101\U_Base\PDF\OTHER\MF-Rxxx.pdf"; VariantName = "[No Variations]"
Add component (AddParameter): Name = "Key"; Value = "65"; VariantName = "[No Variations]"
Add component (AddParameter): Name = "Manufacturer"; Value = "Bourns"; VariantName = "[No Variations]"
Add component (AddParameter): Name = "ManufacturerPartNumber"; Value = ""; VariantName = "[No Variations]"
Add component (AddParameter): Name = "ManufacturerTU"; Value = ""; VariantName = "[No Variations]"
Add component (AddParameter): Name = "Mark"; Value = ""; VariantName = "[No Variations]"
Add component (AddParameter): Name = "Mass"; Value = "0,1"; VariantName = "[No Variations]"
Add component (AddParameter): Name = "MilitaryControl"; Value = "ОТК"; VariantName = "[No Variations]"
Add component (AddParameter): Name = "Modify"; Value = "05.12.2022"; VariantName = "[No Variations]"
Add component (AddParameter): Name = "MountChoice"; Value = ""; VariantName = "[No Variations]"
Add component (AddParameter): Name = "MountType"; Value = "РМ"; VariantName = "[No Variations]"
Add component (AddParameter): Name = "Name"; Value = "MF-R050, 0.5 A"; VariantName = "[No Variations]"
Add component (AddParameter): Name = "Notice"; Value = ""; VariantName = "[No Variations]"
Add component (AddParameter): Name = "Package"; Value = ""; VariantName = "[No Variations]"
Add component (AddParameter): Name = "PartNumber"; Value = "Предохранитель MF-R050, 0.5 A"; VariantName = "[No Variations]"
Add component (AddParameter): Name = "PowerFact"; Value = ""; VariantName = "[No Variations]"
Add component (AddParameter): Name = "PowerLimit"; Value = ""; VariantName = "[No Variations]"
Add component (AddParameter): Name = "SolderName"; Value = "MF-R050,0.5A"; VariantName = "[No Variations]"
Add component (AddParameter): Name = "SolderTemperature"; Value = ""; VariantName = "[No Variations]"
Add component (AddParameter): Name = "Tag"; Value = ""; VariantName = "[No Variations]"
Add component (AddParameter): Name = "TemperatureRange"; Value = "от минус 40 до 85"; VariantName = "[No Variations]"
Add component (AddParameter): Name = "Usage"; Value = ""; VariantName = "[No Variations]"
Add component (AddParameter): Name = "Value"; Value = ""; VariantName = "[No Variations]"
Add component (AddParameter): Name = "ViewControl"; Value = "В,100%"; VariantName = "[No Variations]"
Add component (AddParameter): Name = "VoltageFact"; Value = ""; VariantName = "[No Variations]"
Add component (AddParameter): Name = "VoltageLimit"; Value = ""; VariantName = "[No Variations]"
Add component (AddParameter): Name = "X_SORT_1"; Value = ""; VariantName = "[No Variations]"
Add component (AddParameter): Name = "X_SORT_2"; Value = ""; VariantName = "[No Variations]"
Add component (AddParameter): Name = "X_SORT_3"; Value = ""; VariantName = "[No Variations]"
Added Component: Designator=FU3(MF-R50)
Add component (AddParameter): Name = "Alternative"; Value = ""; VariantName = "[No Variations]"
Add component (AddParameter): Name = "Alternative2"; Value = ""; VariantName = "[No Variations]"
Add component (AddParameter): Name = "Alternative3"; Value = ""; VariantName = "[No Variations]"
Add component (AddParameter): Name = "CardKRR"; Value = "87"; VariantName = "[No Variations]"
Add component (AddParameter): Name = "ComponentLink1Description"; Value = ""; VariantName = "[No Variations]"
Add component (AddParameter): Name = "ComponentLink1URL"; Value = "\\192.168.0.101\U_Base\PDF\OTHER\MF-Rxxx.pdf"; VariantName = "[No Variations]"
Add component (AddParameter): Name = "ComponentLink2Description"; Value = ""; VariantName = "[No Variations]"
Add component (AddParameter): Name = "ComponentLink2URL"; Value = ""; VariantName = "[No Variations]"
Add component (AddParameter): Name = "CurrentFact"; Value = ""; VariantName = "[No Variations]"
Add component (AddParameter): Name = "CurrentLimit"; Value = ""; VariantName = "[No Variations]"
Add component (AddParameter): Name = "DataSheet"; Value = "#\\192.168.0.101\U_Base\PDF\OTHER\MF-Rxxx.pdf#"; VariantName = "[No Variations]"
Add component (AddParameter): Name = "DeliveryTime"; Value = ""; VariantName = "[No Variations]"
Add component (AddParameter): Name = "Group"; Value = "Предохранитель"; VariantName = "[No Variations]"
Add component (AddParameter): Name = "HelpURL"; Value = "\\192.168.0.101\U_Base\PDF\OTHER\MF-Rxxx.pdf"; VariantName = "[No Variations]"
Add component (AddParameter): Name = "Key"; Value = "65"; VariantName = "[No Variations]"
Add component (AddParameter): Name = "Manufacturer"; Value = "Bourns"; VariantName = "[No Variations]"
Add component (AddParameter): Name = "ManufacturerPartNumber"; Value = ""; VariantName = "[No Variations]"
Add component (AddParameter): Name = "ManufacturerTU"; Value = ""; VariantName = "[No Variations]"
Add component (AddParameter): Name = "Mark"; Value = ""; VariantName = "[No Variations]"
Add component (AddParameter): Name = "Mass"; Value = "0,1"; VariantName = "[No Variations]"
Add component (AddParameter): Name = "MilitaryControl"; Value = "ОТК"; VariantName = "[No Variations]"
Add component (AddParameter): Name = "Modify"; Value = "05.12.2022"; VariantName = "[No Variations]"
Add component (AddParameter): Name = "MountChoice"; Value = ""; VariantName = "[No Variations]"
Add component (AddParameter): Name = "MountType"; Value = "РМ"; VariantName = "[No Variations]"
Add component (AddParameter): Name = "Name"; Value = "MF-R050, 0.5 A"; VariantName = "[No Variations]"
Add component (AddParameter): Name = "Notice"; Value = ""; VariantName = "[No Variations]"
Add component (AddParameter): Name = "Package"; Value = ""; VariantName = "[No Variations]"
Add component (AddParameter): Name = "PartNumber"; Value = "Предохранитель MF-R050, 0.5 A"; VariantName = "[No Variations]"
Add component (AddParameter): Name = "PowerFact"; Value = ""; VariantName = "[No Variations]"
Add component (AddParameter): Name = "PowerLimit"; Value = ""; VariantName = "[No Variations]"
Add component (AddParameter): Name = "SolderName"; Value = "MF-R050,0.5A"; VariantName = "[No Variations]"
Add component (AddParameter): Name = "SolderTemperature"; Value = ""; VariantName = "[No Variations]"
Add component (AddParameter): Name = "Tag"; Value = ""; VariantName = "[No Variations]"
Add component (AddParameter): Name = "TemperatureRange"; Value = "от минус 40 до 85"; VariantName = "[No Variations]"
Add component (AddParameter): Name = "Usage"; Value = ""; VariantName = "[No Variations]"
Add component (AddParameter): Name = "Value"; Value = ""; VariantName = "[No Variations]"
Add component (AddParameter): Name = "ViewControl"; Value = "В,100%"; VariantName = "[No Variations]"
Add component (AddParameter): Name = "VoltageFact"; Value = ""; VariantName = "[No Variations]"
Add component (AddParameter): Name = "VoltageLimit"; Value = ""; VariantName = "[No Variations]"
Add component (AddParameter): Name = "X_SORT_1"; Value = ""; VariantName = "[No Variations]"
Add component (AddParameter): Name = "X_SORT_2"; Value = ""; VariantName = "[No Variations]"
Add component (AddParameter): Name = "X_SORT_3"; Value = ""; VariantName = "[No Variations]"
Added Component: Designator=FU5(MF-R50)
Add component (AddParameter): Name = "Alternative"; Value = ""; VariantName = "[No Variations]"
Add component (AddParameter): Name = "Alternative2"; Value = ""; VariantName = "[No Variations]"
Add component (AddParameter): Name = "Alternative3"; Value = ""; VariantName = "[No Variations]"
Add component (AddParameter): Name = "CardKRR"; Value = "87"; VariantName = "[No Variations]"
Add component (AddParameter): Name = "ComponentLink1Description"; Value = ""; VariantName = "[No Variations]"
Add component (AddParameter): Name = "ComponentLink1URL"; Value = "\\192.168.0.101\U_Base\PDF\OTHER\MF-Rxxx.pdf"; VariantName = "[No Variations]"
Add component (AddParameter): Name = "ComponentLink2Description"; Value = ""; VariantName = "[No Variations]"
Add component (AddParameter): Name = "ComponentLink2URL"; Value = ""; VariantName = "[No Variations]"
Add component (AddParameter): Name = "CurrentFact"; Value = ""; VariantName = "[No Variations]"
Add component (AddParameter): Name = "CurrentLimit"; Value = ""; VariantName = "[No Variations]"
Add component (AddParameter): Name = "DataSheet"; Value = "#\\192.168.0.101\U_Base\PDF\OTHER\MF-Rxxx.pdf#"; VariantName = "[No Variations]"
Add component (AddParameter): Name = "DeliveryTime"; Value = ""; VariantName = "[No Variations]"
Add component (AddParameter): Name = "Group"; Value = "Предохранитель"; VariantName = "[No Variations]"
Add component (AddParameter): Name = "HelpURL"; Value = "\\192.168.0.101\U_Base\PDF\OTHER\MF-Rxxx.pdf"; VariantName = "[No Variations]"
Add component (AddParameter): Name = "Key"; Value = "65"; VariantName = "[No Variations]"
Add component (AddParameter): Name = "Manufacturer"; Value = "Bourns"; VariantName = "[No Variations]"
Add component (AddParameter): Name = "ManufacturerPartNumber"; Value = ""; VariantName = "[No Variations]"
Add component (AddParameter): Name = "ManufacturerTU"; Value = ""; VariantName = "[No Variations]"
Add component (AddParameter): Name = "Mark"; Value = ""; VariantName = "[No Variations]"
Add component (AddParameter): Name = "Mass"; Value = "0,1"; VariantName = "[No Variations]"
Add component (AddParameter): Name = "MilitaryControl"; Value = "ОТК"; VariantName = "[No Variations]"
Add component (AddParameter): Name = "Modify"; Value = "05.12.2022"; VariantName = "[No Variations]"
Add component (AddParameter): Name = "MountChoice"; Value = ""; VariantName = "[No Variations]"
Add component (AddParameter): Name = "MountType"; Value = "РМ"; VariantName = "[No Variations]"
Add component (AddParameter): Name = "Name"; Value = "MF-R050, 0.5 A"; VariantName = "[No Variations]"
Add component (AddParameter): Name = "Notice"; Value = ""; VariantName = "[No Variations]"
Add component (AddParameter): Name = "Package"; Value = ""; VariantName = "[No Variations]"
Add component (AddParameter): Name = "PartNumber"; Value = "Предохранитель MF-R050, 0.5 A"; VariantName = "[No Variations]"
Add component (AddParameter): Name = "PowerFact"; Value = ""; VariantName = "[No Variations]"
Add component (AddParameter): Name = "PowerLimit"; Value = ""; VariantName = "[No Variations]"
Add component (AddParameter): Name = "SolderName"; Value = "MF-R050,0.5A"; VariantName = "[No Variations]"
Add component (AddParameter): Name = "SolderTemperature"; Value = ""; VariantName = "[No Variations]"
Add component (AddParameter): Name = "Tag"; Value = ""; VariantName = "[No Variations]"
Add component (AddParameter): Name = "TemperatureRange"; Value = "от минус 40 до 85"; VariantName = "[No Variations]"
Add component (AddParameter): Name = "Usage"; Value = ""; VariantName = "[No Variations]"
Add component (AddParameter): Name = "Value"; Value = ""; VariantName = "[No Variations]"
Add component (AddParameter): Name = "ViewControl"; Value = "В,100%"; VariantName = "[No Variations]"
Add component (AddParameter): Name = "VoltageFact"; Value = ""; VariantName = "[No Variations]"
Add component (AddParameter): Name = "VoltageLimit"; Value = ""; VariantName = "[No Variations]"
Add component (AddParameter): Name = "X_SORT_1"; Value = ""; VariantName = "[No Variations]"
Add component (AddParameter): Name = "X_SORT_2"; Value = ""; VariantName = "[No Variations]"
Add component (AddParameter): Name = "X_SORT_3"; Value = ""; VariantName = "[No Variations]"
Added Component: Designator=FU6(MF-R50)
Add component (AddParameter): Name = "Alternative"; Value = ""; VariantName = "[No Variations]"
Add component (AddParameter): Name = "Alternative2"; Value = ""; VariantName = "[No Variations]"
Add component (AddParameter): Name = "Alternative3"; Value = ""; VariantName = "[No Variations]"
Add component (AddParameter): Name = "CardKRR"; Value = "87"; VariantName = "[No Variations]"
Add component (AddParameter): Name = "ComponentLink1Description"; Value = ""; VariantName = "[No Variations]"
Add component (AddParameter): Name = "ComponentLink1URL"; Value = "\\192.168.0.101\U_Base\PDF\OTHER\MF-Rxxx.pdf"; VariantName = "[No Variations]"
Add component (AddParameter): Name = "ComponentLink2Description"; Value = ""; VariantName = "[No Variations]"
Add component (AddParameter): Name = "ComponentLink2URL"; Value = ""; VariantName = "[No Variations]"
Add component (AddParameter): Name = "CurrentFact"; Value = ""; VariantName = "[No Variations]"
Add component (AddParameter): Name = "CurrentLimit"; Value = ""; VariantName = "[No Variations]"
Add component (AddParameter): Name = "DataSheet"; Value = "#\\192.168.0.101\U_Base\PDF\OTHER\MF-Rxxx.pdf#"; VariantName = "[No Variations]"
Add component (AddParameter): Name = "DeliveryTime"; Value = ""; VariantName = "[No Variations]"
Add component (AddParameter): Name = "Group"; Value = "Предохранитель"; VariantName = "[No Variations]"
Add component (AddParameter): Name = "HelpURL"; Value = "\\192.168.0.101\U_Base\PDF\OTHER\MF-Rxxx.pdf"; VariantName = "[No Variations]"
Add component (AddParameter): Name = "Key"; Value = "65"; VariantName = "[No Variations]"
Add component (AddParameter): Name = "Manufacturer"; Value = "Bourns"; VariantName = "[No Variations]"
Add component (AddParameter): Name = "ManufacturerPartNumber"; Value = ""; VariantName = "[No Variations]"
Add component (AddParameter): Name = "ManufacturerTU"; Value = ""; VariantName = "[No Variations]"
Add component (AddParameter): Name = "Mark"; Value = ""; VariantName = "[No Variations]"
Add component (AddParameter): Name = "Mass"; Value = "0,1"; VariantName = "[No Variations]"
Add component (AddParameter): Name = "MilitaryControl"; Value = "ОТК"; VariantName = "[No Variations]"
Add component (AddParameter): Name = "Modify"; Value = "05.12.2022"; VariantName = "[No Variations]"
Add component (AddParameter): Name = "MountChoice"; Value = ""; VariantName = "[No Variations]"
Add component (AddParameter): Name = "MountType"; Value = "РМ"; VariantName = "[No Variations]"
Add component (AddParameter): Name = "Name"; Value = "MF-R050, 0.5 A"; VariantName = "[No Variations]"
Add component (AddParameter): Name = "Notice"; Value = ""; VariantName = "[No Variations]"
Add component (AddParameter): Name = "Package"; Value = ""; VariantName = "[No Variations]"
Add component (AddParameter): Name = "PartNumber"; Value = "Предохранитель MF-R050, 0.5 A"; VariantName = "[No Variations]"
Add component (AddParameter): Name = "PowerFact"; Value = ""; VariantName = "[No Variations]"
Add component (AddParameter): Name = "PowerLimit"; Value = ""; VariantName = "[No Variations]"
Add component (AddParameter): Name = "SolderName"; Value = "MF-R050,0.5A"; VariantName = "[No Variations]"
Add component (AddParameter): Name = "SolderTemperature"; Value = ""; VariantName = "[No Variations]"
Add component (AddParameter): Name = "Tag"; Value = ""; VariantName = "[No Variations]"
Add component (AddParameter): Name = "TemperatureRange"; Value = "от минус 40 до 85"; VariantName = "[No Variations]"
Add component (AddParameter): Name = "Usage"; Value = ""; VariantName = "[No Variations]"
Add component (AddParameter): Name = "Value"; Value = ""; VariantName = "[No Variations]"
Add component (AddParameter): Name = "ViewControl"; Value = "В,100%"; VariantName = "[No Variations]"
Add component (AddParameter): Name = "VoltageFact"; Value = ""; VariantName = "[No Variations]"
Add component (AddParameter): Name = "VoltageLimit"; Value = ""; VariantName = "[No Variations]"
Add component (AddParameter): Name = "X_SORT_1"; Value = ""; VariantName = "[No Variations]"
Add component (AddParameter): Name = "X_SORT_2"; Value = ""; VariantName = "[No Variations]"
Add component (AddParameter): Name = "X_SORT_3"; Value = ""; VariantName = "[No Variations]"
Added Component: Designator=FU7(MF-R50)
Add component (AddParameter): Name = "Alternative"; Value = ""; VariantName = "[No Variations]"
Add component (AddParameter): Name = "Alternative2"; Value = ""; VariantName = "[No Variations]"
Add component (AddParameter): Name = "Alternative3"; Value = ""; VariantName = "[No Variations]"
Add component (AddParameter): Name = "CardKRR"; Value = "87"; VariantName = "[No Variations]"
Add component (AddParameter): Name = "ComponentLink1Description"; Value = ""; VariantName = "[No Variations]"
Add component (AddParameter): Name = "ComponentLink1URL"; Value = "\\192.168.0.101\U_Base\PDF\OTHER\MF-Rxxx.pdf"; VariantName = "[No Variations]"
Add component (AddParameter): Name = "ComponentLink2Description"; Value = ""; VariantName = "[No Variations]"
Add component (AddParameter): Name = "ComponentLink2URL"; Value = ""; VariantName = "[No Variations]"
Add component (AddParameter): Name = "CurrentFact"; Value = ""; VariantName = "[No Variations]"
Add component (AddParameter): Name = "CurrentLimit"; Value = ""; VariantName = "[No Variations]"
Add component (AddParameter): Name = "DataSheet"; Value = "#\\192.168.0.101\U_Base\PDF\OTHER\MF-Rxxx.pdf#"; VariantName = "[No Variations]"
Add component (AddParameter): Name = "DeliveryTime"; Value = ""; VariantName = "[No Variations]"
Add component (AddParameter): Name = "Group"; Value = "Предохранитель"; VariantName = "[No Variations]"
Add component (AddParameter): Name = "HelpURL"; Value = "\\192.168.0.101\U_Base\PDF\OTHER\MF-Rxxx.pdf"; VariantName = "[No Variations]"
Add component (AddParameter): Name = "Key"; Value = "65"; VariantName = "[No Variations]"
Add component (AddParameter): Name = "Manufacturer"; Value = "Bourns"; VariantName = "[No Variations]"
Add component (AddParameter): Name = "ManufacturerPartNumber"; Value = ""; VariantName = "[No Variations]"
Add component (AddParameter): Name = "ManufacturerTU"; Value = ""; VariantName = "[No Variations]"
Add component (AddParameter): Name = "Mark"; Value = ""; VariantName = "[No Variations]"
Add component (AddParameter): Name = "Mass"; Value = "0,1"; VariantName = "[No Variations]"
Add component (AddParameter): Name = "MilitaryControl"; Value = "ОТК"; VariantName = "[No Variations]"
Add component (AddParameter): Name = "Modify"; Value = "05.12.2022"; VariantName = "[No Variations]"
Add component (AddParameter): Name = "MountChoice"; Value = ""; VariantName = "[No Variations]"
Add component (AddParameter): Name = "MountType"; Value = "РМ"; VariantName = "[No Variations]"
Add component (AddParameter): Name = "Name"; Value = "MF-R050, 0.5 A"; VariantName = "[No Variations]"
Add component (AddParameter): Name = "Notice"; Value = ""; VariantName = "[No Variations]"
Add component (AddParameter): Name = "Package"; Value = ""; VariantName = "[No Variations]"
Add component (AddParameter): Name = "PartNumber"; Value = "Предохранитель MF-R050, 0.5 A"; VariantName = "[No Variations]"
Add component (AddParameter): Name = "PowerFact"; Value = ""; VariantName = "[No Variations]"
Add component (AddParameter): Name = "PowerLimit"; Value = ""; VariantName = "[No Variations]"
Add component (AddParameter): Name = "SolderName"; Value = "MF-R050,0.5A"; VariantName = "[No Variations]"
Add component (AddParameter): Name = "SolderTemperature"; Value = ""; VariantName = "[No Variations]"
Add component (AddParameter): Name = "Tag"; Value = ""; VariantName = "[No Variations]"
Add component (AddParameter): Name = "TemperatureRange"; Value = "от минус 40 до 85"; VariantName = "[No Variations]"
Add component (AddParameter): Name = "Usage"; Value = ""; VariantName = "[No Variations]"
Add component (AddParameter): Name = "Value"; Value = ""; VariantName = "[No Variations]"
Add component (AddParameter): Name = "ViewControl"; Value = "В,100%"; VariantName = "[No Variations]"
Add component (AddParameter): Name = "VoltageFact"; Value = ""; VariantName = "[No Variations]"
Add component (AddParameter): Name = "VoltageLimit"; Value = ""; VariantName = "[No Variations]"
Add component (AddParameter): Name = "X_SORT_1"; Value = ""; VariantName = "[No Variations]"
Add component (AddParameter): Name = "X_SORT_2"; Value = ""; VariantName = "[No Variations]"
Add component (AddParameter): Name = "X_SORT_3"; Value = ""; VariantName = "[No Variations]"
Added Component: Designator=FU8(MF-R50)
Add component (AddParameter): Name = "Alternative"; Value = ""; VariantName = "[No Variations]"
Add component (AddParameter): Name = "Alternative2"; Value = ""; VariantName = "[No Variations]"
Add component (AddParameter): Name = "Alternative3"; Value = ""; VariantName = "[No Variations]"
Add component (AddParameter): Name = "CardKRR"; Value = "87"; VariantName = "[No Variations]"
Add component (AddParameter): Name = "ComponentLink1Description"; Value = ""; VariantName = "[No Variations]"
Add component (AddParameter): Name = "ComponentLink1URL"; Value = "\\192.168.0.101\U_Base\PDF\OTHER\MF-Rxxx.pdf"; VariantName = "[No Variations]"
Add component (AddParameter): Name = "ComponentLink2Description"; Value = ""; VariantName = "[No Variations]"
Add component (AddParameter): Name = "ComponentLink2URL"; Value = ""; VariantName = "[No Variations]"
Add component (AddParameter): Name = "CurrentFact"; Value = ""; VariantName = "[No Variations]"
Add component (AddParameter): Name = "CurrentLimit"; Value = ""; VariantName = "[No Variations]"
Add component (AddParameter): Name = "DataSheet"; Value = "#\\192.168.0.101\U_Base\PDF\OTHER\MF-Rxxx.pdf#"; VariantName = "[No Variations]"
Add component (AddParameter): Name = "DeliveryTime"; Value = ""; VariantName = "[No Variations]"
Add component (AddParameter): Name = "Group"; Value = "Предохранитель"; VariantName = "[No Variations]"
Add component (AddParameter): Name = "HelpURL"; Value = "\\192.168.0.101\U_Base\PDF\OTHER\MF-Rxxx.pdf"; VariantName = "[No Variations]"
Add component (AddParameter): Name = "Key"; Value = "65"; VariantName = "[No Variations]"
Add component (AddParameter): Name = "Manufacturer"; Value = "Bourns"; VariantName = "[No Variations]"
Add component (AddParameter): Name = "ManufacturerPartNumber"; Value = ""; VariantName = "[No Variations]"
Add component (AddParameter): Name = "ManufacturerTU"; Value = ""; VariantName = "[No Variations]"
Add component (AddParameter): Name = "Mark"; Value = ""; VariantName = "[No Variations]"
Add component (AddParameter): Name = "Mass"; Value = "0,1"; VariantName = "[No Variations]"
Add component (AddParameter): Name = "MilitaryControl"; Value = "ОТК"; VariantName = "[No Variations]"
Add component (AddParameter): Name = "Modify"; Value = "05.12.2022"; VariantName = "[No Variations]"
Add component (AddParameter): Name = "MountChoice"; Value = ""; VariantName = "[No Variations]"
Add component (AddParameter): Name = "MountType"; Value = "РМ"; VariantName = "[No Variations]"
Add component (AddParameter): Name = "Name"; Value = "MF-R050, 0.5 A"; VariantName = "[No Variations]"
Add component (AddParameter): Name = "Notice"; Value = ""; VariantName = "[No Variations]"
Add component (AddParameter): Name = "Package"; Value = ""; VariantName = "[No Variations]"
Add component (AddParameter): Name = "PartNumber"; Value = "Предохранитель MF-R050, 0.5 A"; VariantName = "[No Variations]"
Add component (AddParameter): Name = "PowerFact"; Value = ""; VariantName = "[No Variations]"
Add component (AddParameter): Name = "PowerLimit"; Value = ""; VariantName = "[No Variations]"
Add component (AddParameter): Name = "SolderName"; Value = "MF-R050,0.5A"; VariantName = "[No Variations]"
Add component (AddParameter): Name = "SolderTemperature"; Value = ""; VariantName = "[No Variations]"
Add component (AddParameter): Name = "Tag"; Value = ""; VariantName = "[No Variations]"
Add component (AddParameter): Name = "TemperatureRange"; Value = "от минус 40 до 85"; VariantName = "[No Variations]"
Add component (AddParameter): Name = "Usage"; Value = ""; VariantName = "[No Variations]"
Add component (AddParameter): Name = "Value"; Value = ""; VariantName = "[No Variations]"
Add component (AddParameter): Name = "ViewControl"; Value = "В,100%"; VariantName = "[No Variations]"
Add component (AddParameter): Name = "VoltageFact"; Value = ""; VariantName = "[No Variations]"
Add component (AddParameter): Name = "VoltageLimit"; Value = ""; VariantName = "[No Variations]"
Add component (AddParameter): Name = "X_SORT_1"; Value = ""; VariantName = "[No Variations]"
Add component (AddParameter): Name = "X_SORT_2"; Value = ""; VariantName = "[No Variations]"
Add component (AddParameter): Name = "X_SORT_3"; Value = ""; VariantName = "[No Variations]"
Added Pin To Net: NetName=OTG_FS_DM Pin=FU1-2
Added Pin To Net: NetName=NetR10_1 Pin=FU3-1
Added Pin To Net: NetName=OTG_FS_DP Pin=FU3-2
Added Pin To Net: NetName=SWCLK Pin=FU5-1
Added Pin To Net: NetName=NetR2_1 Pin=FU5-2
Added Pin To Net: NetName=SDIO Pin=FU6-1
Added Pin To Net: NetName=NetR1_1 Pin=FU6-2
Added Pin To Net: NetName=NetC67_2 Pin=FU7-1
Added Pin To Net: NetName=NetR89_2 Pin=FU7-2
Added Pin To Net: NetName=NetC67_1 Pin=FU8-1
Added Pin To Net: NetName=NetR90_2 Pin=FU8-2
Added Pin To Net: NetName=OTG_FS_DP Pin=VD2-K
Added Pin To Net: NetName=GND Pin=VD5-A
Added Pin To Net: NetName=SWCLK Pin=VD5-K
Added Pin To Net: NetName=GND Pin=VD6-A
Added Pin To Net: NetName=NetC54_2 Pin=VD6-K
Added Pin To Net: NetName=GND Pin=VD7-A
Added Pin To Net: NetName=NetC55_2 Pin=VD7-K
Added Pin To Net: NetName=NetC62_1 Pin=VD9-A
Added Pin To Net: NetName=NetC62_2 Pin=VD9-K
Added Pin To Net: NetName=NetC63_1 Pin=VD10-A
Added Pin To Net: NetName=NetC63_2 Pin=VD10-K
Added Pin To Net: NetName=NetR1_1 Pin=XP14-3
Added Pin To Net: NetName=NetR2_1 Pin=XP14-4
Added Pin To Net: NetName=NetR2_1 Pin=XP14-5
Added Pin To Net: NetName=NetR1_1 Pin=XP14-6
Added Pin To Net: NetName=NetR7_1 Pin=XS1-1
Added Pin To Net: NetName=NetR10_1 Pin=XS1-3
Change Net Name : Old Net Name=NetR1_1 New Net Name=NetFU6_2
Change Net Name : Old Net Name=NetR2_1 New Net Name=NetFU5_2
Change Net Name : Old Net Name=NetR7_1 New Net Name=NetFU4_2
Change Net Name : Old Net Name=NetR10_1 New Net Name=NetFU3_1
Change Net Name : Old Net Name=NetR20_1 New Net Name=NetR15_1
Change Net Name : Old Net Name=NetR21_1 New Net Name=NetR17_1
Change Net Name : Old Net Name=NetR79_2 New Net Name=NetR75_2
Change Net Name : Old Net Name=NetR80_2 New Net Name=NetR76_2
Change Net Name : Old Net Name=NetR81_2 New Net Name=NetR77_2
Change Net Name : Old Net Name=NetR82_2 New Net Name=NetR78_2
Change Net Name : Old Net Name=NetR83_2 New Net Name=NetR79_2
Change Net Name : Old Net Name=NetR84_2 New Net Name=NetR80_2
Change Net Name : Old Net Name=NetR85_2 New Net Name=NetR81_2
Change Net Name : Old Net Name=NetR86_2 New Net Name=NetR82_2
Change Net Name : Old Net Name=NetR87_2 New Net Name=NetR83_2
Change Net Name : Old Net Name=NetR88_2 New Net Name=NetR84_2
Change Net Name : Old Net Name=NetR89_2 New Net Name=NetFU7_2
Change Net Name : Old Net Name=NetR90_2 New Net Name=NetFU8_2
Added Pin To Net: NetName=NetFU1_1 Pin=FU1-1
Added Pin To Net: NetName=NetFU1_1 Pin=XS1-2
Added Net: Name=NetFU1_1
Added Pin To Net: NetName=NetFU2_2 Pin=XS1-4
Added Net: Name=NetFU2_2
Added Member To Class: ClassName=GenPulseBox Member=Component FU1 Predoxranitel
Added Member To Class: ClassName=GenPulseBox Member=Component FU3 Predoxranitel
Added Member To Class: ClassName=GenPulseBox Member=Component FU5 Predoxranitel
Added Member To Class: ClassName=GenPulseBox Member=Component FU6 Predoxranitel
Added Member To Class: ClassName=GenPulseBox Member=Component FU7 Predoxranitel
Added Member To Class: ClassName=GenPulseBox Member=Component FU8 Predoxranitel
