Replace Symbol from C1 Capacitor in D:\SolovevRI\Devices\GenPulseBox\PCB\LedBtn PCB 2022.12.02\LedBtn.SchDoc with Capacitor from AltiumBase new.DbLib
Replace Symbol from C2 Capacitor in D:\SolovevRI\Devices\GenPulseBox\PCB\LedBtn PCB 2022.12.02\LedBtn.SchDoc with Capacitor from AltiumBase new.DbLib
Replace Symbol from C3 Capacitor in D:\SolovevRI\Devices\GenPulseBox\PCB\LedBtn PCB 2022.12.02\LedBtn.SchDoc with Capacitor from AltiumBase new.DbLib
Replace Symbol from C4 Capacitor in D:\SolovevRI\Devices\GenPulseBox\PCB\LedBtn PCB 2022.12.02\LedBtn.SchDoc with Capacitor from AltiumBase new.DbLib
Replace Symbol from C5 Capacitor in D:\SolovevRI\Devices\GenPulseBox\PCB\LedBtn PCB 2022.12.02\LedBtn.SchDoc with Capacitor from AltiumBase new.DbLib
Replace Symbol from C6 Capacitor in D:\SolovevRI\Devices\GenPulseBox\PCB\LedBtn PCB 2022.12.02\LedBtn.SchDoc with Capacitor from AltiumBase new.DbLib
Replace Symbol from C7 Capacitor in D:\SolovevRI\Devices\GenPulseBox\PCB\LedBtn PCB 2022.12.02\LedBtn.SchDoc with Capacitor from AltiumBase new.DbLib
Replace Symbol from C8 Capacitor in D:\SolovevRI\Devices\GenPulseBox\PCB\LedBtn PCB 2022.12.02\LedBtn.SchDoc with Capacitor from AltiumBase new.DbLib
Replace Symbol from C9 Capacitor in D:\SolovevRI\Devices\GenPulseBox\PCB\LedBtn PCB 2022.12.02\LedBtn.SchDoc with Capacitor from AltiumBase new.DbLib
Replace Symbol from C10 Capacitor in D:\SolovevRI\Devices\GenPulseBox\PCB\LedBtn PCB 2022.12.02\LedBtn.SchDoc with Capacitor from AltiumBase new.DbLib
Replace Symbol from C11 Capacitor in D:\SolovevRI\Devices\GenPulseBox\PCB\LedBtn PCB 2022.12.02\LedBtn.SchDoc with Capacitor from AltiumBase new.DbLib
Replace Symbol from C12 Capacitor in D:\SolovevRI\Devices\GenPulseBox\PCB\LedBtn PCB 2022.12.02\LedBtn.SchDoc with Capacitor from AltiumBase new.DbLib
Replace Symbol from C13 Capacitor in D:\SolovevRI\Devices\GenPulseBox\PCB\LedBtn PCB 2022.12.02\LedBtn.SchDoc with Capacitor from AltiumBase new.DbLib
Replace Symbol from C14 Capacitor in D:\SolovevRI\Devices\GenPulseBox\PCB\LedBtn PCB 2022.12.02\LedBtn.SchDoc with Capacitor from AltiumBase new.DbLib
Replace Symbol from C15 Capacitor in D:\SolovevRI\Devices\GenPulseBox\PCB\LedBtn PCB 2022.12.02\LedBtn.SchDoc with Capacitor from AltiumBase new.DbLib
Replace Symbol from C16 Capacitor in D:\SolovevRI\Devices\GenPulseBox\PCB\LedBtn PCB 2022.12.02\LedBtn.SchDoc with Capacitor from AltiumBase new.DbLib
Replace Symbol from C17 Capacitor in D:\SolovevRI\Devices\GenPulseBox\PCB\LedBtn PCB 2022.12.02\LedBtn.SchDoc with Capacitor from AltiumBase new.DbLib
Replace Symbol from HL1 LED-RGB_C in D:\SolovevRI\Devices\GenPulseBox\PCB\LedBtn PCB 2022.12.02\LedBtn.SchDoc with LED-RGB_C from AltiumBase new.DbLib
Replace Symbol from HL2 LED-RGB_C in D:\SolovevRI\Devices\GenPulseBox\PCB\LedBtn PCB 2022.12.02\LedBtn.SchDoc with LED-RGB_C from AltiumBase new.DbLib
Replace Symbol from HL3 LED-RGB_C in D:\SolovevRI\Devices\GenPulseBox\PCB\LedBtn PCB 2022.12.02\LedBtn.SchDoc with LED-RGB_C from AltiumBase new.DbLib
Replace Symbol from HL4 LED-RGB_C in D:\SolovevRI\Devices\GenPulseBox\PCB\LedBtn PCB 2022.12.02\LedBtn.SchDoc with LED-RGB_C from AltiumBase new.DbLib
Replace Symbol from HL5 LED-RGB_C in D:\SolovevRI\Devices\GenPulseBox\PCB\LedBtn PCB 2022.12.02\LedBtn.SchDoc with LED-RGB_C from AltiumBase new.DbLib
Replace Symbol from R1 Resistor0125 in D:\SolovevRI\Devices\GenPulseBox\PCB\LedBtn PCB 2022.12.02\LedBtn.SchDoc with Resistor0125 from AltiumBase new.DbLib
Replace Symbol from R2 Resistor0125 in D:\SolovevRI\Devices\GenPulseBox\PCB\LedBtn PCB 2022.12.02\LedBtn.SchDoc with Resistor0125 from AltiumBase new.DbLib
Replace Symbol from R3 Resistor0125 in D:\SolovevRI\Devices\GenPulseBox\PCB\LedBtn PCB 2022.12.02\LedBtn.SchDoc with Resistor0125 from AltiumBase new.DbLib
Replace Symbol from R4 Resistor0125 in D:\SolovevRI\Devices\GenPulseBox\PCB\LedBtn PCB 2022.12.02\LedBtn.SchDoc with Resistor0125 from AltiumBase new.DbLib
Replace Symbol from R5 Resistor0125 in D:\SolovevRI\Devices\GenPulseBox\PCB\LedBtn PCB 2022.12.02\LedBtn.SchDoc with Resistor0125 from AltiumBase new.DbLib
Replace Symbol from R6 Resistor0125 in D:\SolovevRI\Devices\GenPulseBox\PCB\LedBtn PCB 2022.12.02\LedBtn.SchDoc with Resistor0125 from AltiumBase new.DbLib
Replace Symbol from R7 Resistor0125 in D:\SolovevRI\Devices\GenPulseBox\PCB\LedBtn PCB 2022.12.02\LedBtn.SchDoc with Resistor0125 from AltiumBase new.DbLib
Replace Symbol from R8 Resistor0125 in D:\SolovevRI\Devices\GenPulseBox\PCB\LedBtn PCB 2022.12.02\LedBtn.SchDoc with Resistor0125 from AltiumBase new.DbLib
Replace Symbol from R9 Resistor0125 in D:\SolovevRI\Devices\GenPulseBox\PCB\LedBtn PCB 2022.12.02\LedBtn.SchDoc with Resistor0125 from AltiumBase new.DbLib
Replace Symbol from R10 Resistor0125 in D:\SolovevRI\Devices\GenPulseBox\PCB\LedBtn PCB 2022.12.02\LedBtn.SchDoc with Resistor0125 from AltiumBase new.DbLib
Replace Symbol from R11 Resistor0125 in D:\SolovevRI\Devices\GenPulseBox\PCB\LedBtn PCB 2022.12.02\LedBtn.SchDoc with Resistor0125 from AltiumBase new.DbLib
Replace Symbol from R12 Resistor0125 in D:\SolovevRI\Devices\GenPulseBox\PCB\LedBtn PCB 2022.12.02\LedBtn.SchDoc with Resistor0125 from AltiumBase new.DbLib
Replace Symbol from R13 Resistor0125 in D:\SolovevRI\Devices\GenPulseBox\PCB\LedBtn PCB 2022.12.02\LedBtn.SchDoc with Resistor0125 from AltiumBase new.DbLib
Replace Symbol from R14 Resistor0125 in D:\SolovevRI\Devices\GenPulseBox\PCB\LedBtn PCB 2022.12.02\LedBtn.SchDoc with Resistor0125 from AltiumBase new.DbLib
Replace Symbol from R15 Resistor0125 in D:\SolovevRI\Devices\GenPulseBox\PCB\LedBtn PCB 2022.12.02\LedBtn.SchDoc with Resistor0125 from AltiumBase new.DbLib
Replace Symbol from R16 Resistor01 in D:\SolovevRI\Devices\GenPulseBox\PCB\LedBtn PCB 2022.12.02\LedBtn.SchDoc with Resistor01 from AltiumBase new.DbLib
Replace Symbol from R17 Resistor01 in D:\SolovevRI\Devices\GenPulseBox\PCB\LedBtn PCB 2022.12.02\LedBtn.SchDoc with Resistor01 from AltiumBase new.DbLib
Replace Symbol from R18 Resistor01 in D:\SolovevRI\Devices\GenPulseBox\PCB\LedBtn PCB 2022.12.02\LedBtn.SchDoc with Resistor01 from AltiumBase new.DbLib
Replace Symbol from R19 Resistor01 in D:\SolovevRI\Devices\GenPulseBox\PCB\LedBtn PCB 2022.12.02\LedBtn.SchDoc with Resistor01 from AltiumBase new.DbLib
Replace Symbol from R20 Resistor01 in D:\SolovevRI\Devices\GenPulseBox\PCB\LedBtn PCB 2022.12.02\LedBtn.SchDoc with Resistor01 from AltiumBase new.DbLib
Replace Symbol from R21 Resistor01 in D:\SolovevRI\Devices\GenPulseBox\PCB\LedBtn PCB 2022.12.02\LedBtn.SchDoc with Resistor01 from AltiumBase new.DbLib
Replace Symbol from R22 Resistor01 in D:\SolovevRI\Devices\GenPulseBox\PCB\LedBtn PCB 2022.12.02\LedBtn.SchDoc with Resistor01 from AltiumBase new.DbLib
Replace Symbol from R23 Resistor01 in D:\SolovevRI\Devices\GenPulseBox\PCB\LedBtn PCB 2022.12.02\LedBtn.SchDoc with Resistor01 from AltiumBase new.DbLib
Replace Symbol from R24 Resistor01 in D:\SolovevRI\Devices\GenPulseBox\PCB\LedBtn PCB 2022.12.02\LedBtn.SchDoc with Resistor01 from AltiumBase new.DbLib
Replace Symbol from R25 Resistor01 in D:\SolovevRI\Devices\GenPulseBox\PCB\LedBtn PCB 2022.12.02\LedBtn.SchDoc with Resistor01 from AltiumBase new.DbLib
Replace Symbol from R26 Resistor01 in D:\SolovevRI\Devices\GenPulseBox\PCB\LedBtn PCB 2022.12.02\LedBtn.SchDoc with Resistor01 from AltiumBase new.DbLib
Replace Symbol from R27 Resistor01 in D:\SolovevRI\Devices\GenPulseBox\PCB\LedBtn PCB 2022.12.02\LedBtn.SchDoc with Resistor01 from AltiumBase new.DbLib
Replace Symbol from R28 Resistor01 in D:\SolovevRI\Devices\GenPulseBox\PCB\LedBtn PCB 2022.12.02\LedBtn.SchDoc with Resistor01 from AltiumBase new.DbLib
Replace Symbol from R29 Resistor01 in D:\SolovevRI\Devices\GenPulseBox\PCB\LedBtn PCB 2022.12.02\LedBtn.SchDoc with Resistor01 from AltiumBase new.DbLib
Replace Symbol from R30 Resistor01 in D:\SolovevRI\Devices\GenPulseBox\PCB\LedBtn PCB 2022.12.02\LedBtn.SchDoc with Resistor01 from AltiumBase new.DbLib
Replace Symbol from R31 Resistor01 in D:\SolovevRI\Devices\GenPulseBox\PCB\LedBtn PCB 2022.12.02\LedBtn.SchDoc with Resistor01 from AltiumBase new.DbLib
Replace Symbol from R32 Resistor01 in D:\SolovevRI\Devices\GenPulseBox\PCB\LedBtn PCB 2022.12.02\LedBtn.SchDoc with Resistor01 from AltiumBase new.DbLib
Replace Symbol from SB1 Knopka in D:\SolovevRI\Devices\GenPulseBox\PCB\LedBtn PCB 2022.12.02\LedBtn.SchDoc with Knopka from AltiumBase new.DbLib
Replace Symbol from SB2 Knopka in D:\SolovevRI\Devices\GenPulseBox\PCB\LedBtn PCB 2022.12.02\LedBtn.SchDoc with Knopka from AltiumBase new.DbLib
Replace Symbol from SB3 Knopka in D:\SolovevRI\Devices\GenPulseBox\PCB\LedBtn PCB 2022.12.02\LedBtn.SchDoc with Knopka from AltiumBase new.DbLib
Replace Symbol from SB4 Knopka in D:\SolovevRI\Devices\GenPulseBox\PCB\LedBtn PCB 2022.12.02\LedBtn.SchDoc with Knopka from AltiumBase new.DbLib
Replace Symbol from SB5 Knopka in D:\SolovevRI\Devices\GenPulseBox\PCB\LedBtn PCB 2022.12.02\LedBtn.SchDoc with Knopka from AltiumBase new.DbLib
Replace Symbol from SB6 Knopka in D:\SolovevRI\Devices\GenPulseBox\PCB\LedBtn PCB 2022.12.02\LedBtn.SchDoc with Knopka from AltiumBase new.DbLib
Replace Symbol from SB7 Knopka in D:\SolovevRI\Devices\GenPulseBox\PCB\LedBtn PCB 2022.12.02\LedBtn.SchDoc with Knopka from AltiumBase new.DbLib
Replace Symbol from SB8 Knopka in D:\SolovevRI\Devices\GenPulseBox\PCB\LedBtn PCB 2022.12.02\LedBtn.SchDoc with Knopka from AltiumBase new.DbLib
Replace Symbol from SB9 Knopka in D:\SolovevRI\Devices\GenPulseBox\PCB\LedBtn PCB 2022.12.02\LedBtn.SchDoc with Knopka from AltiumBase new.DbLib
Replace Symbol from SB10 Knopka in D:\SolovevRI\Devices\GenPulseBox\PCB\LedBtn PCB 2022.12.02\LedBtn.SchDoc with Knopka from AltiumBase new.DbLib
Replace Symbol from SB11 Knopka in D:\SolovevRI\Devices\GenPulseBox\PCB\LedBtn PCB 2022.12.02\LedBtn.SchDoc with Knopka from AltiumBase new.DbLib
Replace Symbol from SB12 Knopka in D:\SolovevRI\Devices\GenPulseBox\PCB\LedBtn PCB 2022.12.02\LedBtn.SchDoc with Knopka from AltiumBase new.DbLib
Replace Symbol from SB13 Knopka in D:\SolovevRI\Devices\GenPulseBox\PCB\LedBtn PCB 2022.12.02\LedBtn.SchDoc with Knopka from AltiumBase new.DbLib
Replace Symbol from SB14 Knopka in D:\SolovevRI\Devices\GenPulseBox\PCB\LedBtn PCB 2022.12.02\LedBtn.SchDoc with Knopka from AltiumBase new.DbLib
Replace Symbol from SB15 Knopka in D:\SolovevRI\Devices\GenPulseBox\PCB\LedBtn PCB 2022.12.02\LedBtn.SchDoc with Knopka from AltiumBase new.DbLib
Replace Symbol from SB16 Knopka in D:\SolovevRI\Devices\GenPulseBox\PCB\LedBtn PCB 2022.12.02\LedBtn.SchDoc with Knopka from AltiumBase new.DbLib
Replace Symbol from SB17 Knopka in D:\SolovevRI\Devices\GenPulseBox\PCB\LedBtn PCB 2022.12.02\LedBtn.SchDoc with Knopka from AltiumBase new.DbLib
Replace Symbol from XP1 ConnectorP34 in D:\SolovevRI\Devices\GenPulseBox\PCB\LedBtn PCB 2022.12.02\LedBtn.SchDoc with ConnectorP34 from AltiumBase new.DbLib
