Removed Pin From Net: NetName=LED_PWR_O_B Pin=R1-2
Removed Pin From Net: NetName=LED_CH1(1)_O_B Pin=R2-2
Removed Pin From Net: NetName=LED_CH2(1)_O_B Pin=R3-2
Removed Pin From Net: NetName=LED_CH1(2)_O_B Pin=R4-2
Removed Pin From Net: NetName=LED_CH2(2)_O_B Pin=R5-2
Removed Pin From Net: NetName=LED_PWR_O_R Pin=R7-2
Removed Pin From Net: NetName=LED_CH1(1)_O_R Pin=R9-2
Removed Pin From Net: NetName=LED_CH2(1)_O_R Pin=R11-2
Removed Pin From Net: NetName=LED_CH1(2)_O_R Pin=R13-2
Removed Pin From Net: NetName=LED_CH2(2)_O_R Pin=R15-2
Added Pin To Net: NetName=LED_PWR_O_R Pin=R1-2
Added Pin To Net: NetName=LED_CH1(1)_O_R Pin=R2-2
Added Pin To Net: NetName=LED_CH2(1)_O_R Pin=R3-2
Added Pin To Net: NetName=LED_CH1(2)_O_R Pin=R4-2
Added Pin To Net: NetName=LED_CH2(2)_O_R Pin=R5-2
Added Pin To Net: NetName=LED_PWR_O_B Pin=R7-2
Added Pin To Net: NetName=LED_CH1(1)_O_B Pin=R9-2
Added Pin To Net: NetName=LED_CH2(1)_O_B Pin=R11-2
Added Pin To Net: NetName=LED_CH1(2)_O_B Pin=R13-2
Added Pin To Net: NetName=LED_CH2(2)_O_B Pin=R15-2
