Replace Part C1 Capacitor in D:\SolovevRI\Devices\GenPulseBox\PCB\LedBtn PCB 2022.12.02\LedBtn.SchDoc with Capacitor from AltiumBase new.DbLib
Replace Part C2 Capacitor in D:\SolovevRI\Devices\GenPulseBox\PCB\LedBtn PCB 2022.12.02\LedBtn.SchDoc with Capacitor from AltiumBase new.DbLib
Replace Part C3 Capacitor in D:\SolovevRI\Devices\GenPulseBox\PCB\LedBtn PCB 2022.12.02\LedBtn.SchDoc with Capacitor from AltiumBase new.DbLib
Replace Part C4 Capacitor in D:\SolovevRI\Devices\GenPulseBox\PCB\LedBtn PCB 2022.12.02\LedBtn.SchDoc with Capacitor from AltiumBase new.DbLib
Replace Part C5 Capacitor in D:\SolovevRI\Devices\GenPulseBox\PCB\LedBtn PCB 2022.12.02\LedBtn.SchDoc with Capacitor from AltiumBase new.DbLib
Replace Part C6 Capacitor in D:\SolovevRI\Devices\GenPulseBox\PCB\LedBtn PCB 2022.12.02\LedBtn.SchDoc with Capacitor from AltiumBase new.DbLib
Replace Part C7 Capacitor in D:\SolovevRI\Devices\GenPulseBox\PCB\LedBtn PCB 2022.12.02\LedBtn.SchDoc with Capacitor from AltiumBase new.DbLib
Replace Part C8 Capacitor in D:\SolovevRI\Devices\GenPulseBox\PCB\LedBtn PCB 2022.12.02\LedBtn.SchDoc with Capacitor from AltiumBase new.DbLib
Replace Part C9 Capacitor in D:\SolovevRI\Devices\GenPulseBox\PCB\LedBtn PCB 2022.12.02\LedBtn.SchDoc with Capacitor from AltiumBase new.DbLib
Replace Part C10 Capacitor in D:\SolovevRI\Devices\GenPulseBox\PCB\LedBtn PCB 2022.12.02\LedBtn.SchDoc with Capacitor from AltiumBase new.DbLib
Replace Part C11 Capacitor in D:\SolovevRI\Devices\GenPulseBox\PCB\LedBtn PCB 2022.12.02\LedBtn.SchDoc with Capacitor from AltiumBase new.DbLib
Replace Part C12 Capacitor in D:\SolovevRI\Devices\GenPulseBox\PCB\LedBtn PCB 2022.12.02\LedBtn.SchDoc with Capacitor from AltiumBase new.DbLib
Replace Part C13 Capacitor in D:\SolovevRI\Devices\GenPulseBox\PCB\LedBtn PCB 2022.12.02\LedBtn.SchDoc with Capacitor from AltiumBase new.DbLib
Replace Part C14 Capacitor in D:\SolovevRI\Devices\GenPulseBox\PCB\LedBtn PCB 2022.12.02\LedBtn.SchDoc with Capacitor from AltiumBase new.DbLib
Replace Part C15 Capacitor in D:\SolovevRI\Devices\GenPulseBox\PCB\LedBtn PCB 2022.12.02\LedBtn.SchDoc with Capacitor from AltiumBase new.DbLib
Replace Part C16 Capacitor in D:\SolovevRI\Devices\GenPulseBox\PCB\LedBtn PCB 2022.12.02\LedBtn.SchDoc with Capacitor from AltiumBase new.DbLib
Replace Part C17 Capacitor in D:\SolovevRI\Devices\GenPulseBox\PCB\LedBtn PCB 2022.12.02\LedBtn.SchDoc with Capacitor from AltiumBase new.DbLib
Replace Part HL1 LED-RGB_C in D:\SolovevRI\Devices\GenPulseBox\PCB\LedBtn PCB 2022.12.02\LedBtn.SchDoc with LED-RGB_C from AltiumBase new.DbLib
Replace Part HL2 LED-RGB_C in D:\SolovevRI\Devices\GenPulseBox\PCB\LedBtn PCB 2022.12.02\LedBtn.SchDoc with LED-RGB_C from AltiumBase new.DbLib
Replace Part HL3 LED-RGB_C in D:\SolovevRI\Devices\GenPulseBox\PCB\LedBtn PCB 2022.12.02\LedBtn.SchDoc with LED-RGB_C from AltiumBase new.DbLib
Replace Part HL4 LED-RGB_C in D:\SolovevRI\Devices\GenPulseBox\PCB\LedBtn PCB 2022.12.02\LedBtn.SchDoc with LED-RGB_C from AltiumBase new.DbLib
Replace Part HL5 LED-RGB_C in D:\SolovevRI\Devices\GenPulseBox\PCB\LedBtn PCB 2022.12.02\LedBtn.SchDoc with LED-RGB_C from AltiumBase new.DbLib
Replace Part R1 Resistor0125 in D:\SolovevRI\Devices\GenPulseBox\PCB\LedBtn PCB 2022.12.02\LedBtn.SchDoc with Resistor0125 from AltiumBase new.DbLib
Replace Part R2 Resistor0125 in D:\SolovevRI\Devices\GenPulseBox\PCB\LedBtn PCB 2022.12.02\LedBtn.SchDoc with Resistor0125 from AltiumBase new.DbLib
Replace Part R3 Resistor0125 in D:\SolovevRI\Devices\GenPulseBox\PCB\LedBtn PCB 2022.12.02\LedBtn.SchDoc with Resistor0125 from AltiumBase new.DbLib
Replace Part R4 Resistor0125 in D:\SolovevRI\Devices\GenPulseBox\PCB\LedBtn PCB 2022.12.02\LedBtn.SchDoc with Resistor0125 from AltiumBase new.DbLib
Replace Part R5 Resistor0125 in D:\SolovevRI\Devices\GenPulseBox\PCB\LedBtn PCB 2022.12.02\LedBtn.SchDoc with Resistor0125 from AltiumBase new.DbLib
Replace Part R6 Resistor0125 in D:\SolovevRI\Devices\GenPulseBox\PCB\LedBtn PCB 2022.12.02\LedBtn.SchDoc with Resistor0125 from AltiumBase new.DbLib
Replace Part R7 Resistor0125 in D:\SolovevRI\Devices\GenPulseBox\PCB\LedBtn PCB 2022.12.02\LedBtn.SchDoc with Resistor0125 from AltiumBase new.DbLib
Replace Part R8 Resistor0125 in D:\SolovevRI\Devices\GenPulseBox\PCB\LedBtn PCB 2022.12.02\LedBtn.SchDoc with Resistor0125 from AltiumBase new.DbLib
Replace Part R9 Resistor0125 in D:\SolovevRI\Devices\GenPulseBox\PCB\LedBtn PCB 2022.12.02\LedBtn.SchDoc with Resistor0125 from AltiumBase new.DbLib
Replace Part R10 Resistor0125 in D:\SolovevRI\Devices\GenPulseBox\PCB\LedBtn PCB 2022.12.02\LedBtn.SchDoc with Resistor0125 from AltiumBase new.DbLib
Replace Part R11 Resistor0125 in D:\SolovevRI\Devices\GenPulseBox\PCB\LedBtn PCB 2022.12.02\LedBtn.SchDoc with Resistor0125 from AltiumBase new.DbLib
Replace Part R12 Resistor0125 in D:\SolovevRI\Devices\GenPulseBox\PCB\LedBtn PCB 2022.12.02\LedBtn.SchDoc with Resistor0125 from AltiumBase new.DbLib
Replace Part R13 Resistor0125 in D:\SolovevRI\Devices\GenPulseBox\PCB\LedBtn PCB 2022.12.02\LedBtn.SchDoc with Resistor0125 from AltiumBase new.DbLib
Replace Part R14 Resistor0125 in D:\SolovevRI\Devices\GenPulseBox\PCB\LedBtn PCB 2022.12.02\LedBtn.SchDoc with Resistor0125 from AltiumBase new.DbLib
Replace Part R15 Resistor0125 in D:\SolovevRI\Devices\GenPulseBox\PCB\LedBtn PCB 2022.12.02\LedBtn.SchDoc with Resistor0125 from AltiumBase new.DbLib
Replace Part R16 Resistor01 in D:\SolovevRI\Devices\GenPulseBox\PCB\LedBtn PCB 2022.12.02\LedBtn.SchDoc with Resistor01 from AltiumBase new.DbLib
Replace Part R17 Resistor01 in D:\SolovevRI\Devices\GenPulseBox\PCB\LedBtn PCB 2022.12.02\LedBtn.SchDoc with Resistor01 from AltiumBase new.DbLib
Replace Part R18 Resistor01 in D:\SolovevRI\Devices\GenPulseBox\PCB\LedBtn PCB 2022.12.02\LedBtn.SchDoc with Resistor01 from AltiumBase new.DbLib
Replace Part R19 Resistor01 in D:\SolovevRI\Devices\GenPulseBox\PCB\LedBtn PCB 2022.12.02\LedBtn.SchDoc with Resistor01 from AltiumBase new.DbLib
Replace Part R20 Resistor01 in D:\SolovevRI\Devices\GenPulseBox\PCB\LedBtn PCB 2022.12.02\LedBtn.SchDoc with Resistor01 from AltiumBase new.DbLib
Replace Part R21 Resistor01 in D:\SolovevRI\Devices\GenPulseBox\PCB\LedBtn PCB 2022.12.02\LedBtn.SchDoc with Resistor01 from AltiumBase new.DbLib
Replace Part R22 Resistor01 in D:\SolovevRI\Devices\GenPulseBox\PCB\LedBtn PCB 2022.12.02\LedBtn.SchDoc with Resistor01 from AltiumBase new.DbLib
Replace Part R23 Resistor01 in D:\SolovevRI\Devices\GenPulseBox\PCB\LedBtn PCB 2022.12.02\LedBtn.SchDoc with Resistor01 from AltiumBase new.DbLib
Replace Part R24 Resistor01 in D:\SolovevRI\Devices\GenPulseBox\PCB\LedBtn PCB 2022.12.02\LedBtn.SchDoc with Resistor01 from AltiumBase new.DbLib
Replace Part R25 Resistor01 in D:\SolovevRI\Devices\GenPulseBox\PCB\LedBtn PCB 2022.12.02\LedBtn.SchDoc with Resistor01 from AltiumBase new.DbLib
Replace Part R26 Resistor01 in D:\SolovevRI\Devices\GenPulseBox\PCB\LedBtn PCB 2022.12.02\LedBtn.SchDoc with Resistor01 from AltiumBase new.DbLib
Replace Part R27 Resistor01 in D:\SolovevRI\Devices\GenPulseBox\PCB\LedBtn PCB 2022.12.02\LedBtn.SchDoc with Resistor01 from AltiumBase new.DbLib
Replace Part R28 Resistor01 in D:\SolovevRI\Devices\GenPulseBox\PCB\LedBtn PCB 2022.12.02\LedBtn.SchDoc with Resistor01 from AltiumBase new.DbLib
Replace Part R29 Resistor01 in D:\SolovevRI\Devices\GenPulseBox\PCB\LedBtn PCB 2022.12.02\LedBtn.SchDoc with Resistor01 from AltiumBase new.DbLib
Replace Part R30 Resistor01 in D:\SolovevRI\Devices\GenPulseBox\PCB\LedBtn PCB 2022.12.02\LedBtn.SchDoc with Resistor01 from AltiumBase new.DbLib
Replace Part R31 Resistor01 in D:\SolovevRI\Devices\GenPulseBox\PCB\LedBtn PCB 2022.12.02\LedBtn.SchDoc with Resistor01 from AltiumBase new.DbLib
Replace Part R32 Resistor01 in D:\SolovevRI\Devices\GenPulseBox\PCB\LedBtn PCB 2022.12.02\LedBtn.SchDoc with Resistor01 from AltiumBase new.DbLib
Replace Part SB1 Knopka in D:\SolovevRI\Devices\GenPulseBox\PCB\LedBtn PCB 2022.12.02\LedBtn.SchDoc with Knopka from AltiumBase new.DbLib
Replace Part SB2 Knopka in D:\SolovevRI\Devices\GenPulseBox\PCB\LedBtn PCB 2022.12.02\LedBtn.SchDoc with Knopka from AltiumBase new.DbLib
Replace Part SB3 Knopka in D:\SolovevRI\Devices\GenPulseBox\PCB\LedBtn PCB 2022.12.02\LedBtn.SchDoc with Knopka from AltiumBase new.DbLib
Replace Part SB4 Knopka in D:\SolovevRI\Devices\GenPulseBox\PCB\LedBtn PCB 2022.12.02\LedBtn.SchDoc with Knopka from AltiumBase new.DbLib
Replace Part SB5 Knopka in D:\SolovevRI\Devices\GenPulseBox\PCB\LedBtn PCB 2022.12.02\LedBtn.SchDoc with Knopka from AltiumBase new.DbLib
Replace Part SB6 Knopka in D:\SolovevRI\Devices\GenPulseBox\PCB\LedBtn PCB 2022.12.02\LedBtn.SchDoc with Knopka from AltiumBase new.DbLib
Replace Part SB7 Knopka in D:\SolovevRI\Devices\GenPulseBox\PCB\LedBtn PCB 2022.12.02\LedBtn.SchDoc with Knopka from AltiumBase new.DbLib
Replace Part SB8 Knopka in D:\SolovevRI\Devices\GenPulseBox\PCB\LedBtn PCB 2022.12.02\LedBtn.SchDoc with Knopka from AltiumBase new.DbLib
Replace Part SB9 Knopka in D:\SolovevRI\Devices\GenPulseBox\PCB\LedBtn PCB 2022.12.02\LedBtn.SchDoc with Knopka from AltiumBase new.DbLib
Replace Part SB10 Knopka in D:\SolovevRI\Devices\GenPulseBox\PCB\LedBtn PCB 2022.12.02\LedBtn.SchDoc with Knopka from AltiumBase new.DbLib
Replace Part SB11 Knopka in D:\SolovevRI\Devices\GenPulseBox\PCB\LedBtn PCB 2022.12.02\LedBtn.SchDoc with Knopka from AltiumBase new.DbLib
Replace Part SB12 Knopka in D:\SolovevRI\Devices\GenPulseBox\PCB\LedBtn PCB 2022.12.02\LedBtn.SchDoc with Knopka from AltiumBase new.DbLib
Replace Part SB13 Knopka in D:\SolovevRI\Devices\GenPulseBox\PCB\LedBtn PCB 2022.12.02\LedBtn.SchDoc with Knopka from AltiumBase new.DbLib
Replace Part SB14 Knopka in D:\SolovevRI\Devices\GenPulseBox\PCB\LedBtn PCB 2022.12.02\LedBtn.SchDoc with Knopka from AltiumBase new.DbLib
Replace Part SB15 Knopka in D:\SolovevRI\Devices\GenPulseBox\PCB\LedBtn PCB 2022.12.02\LedBtn.SchDoc with Knopka from AltiumBase new.DbLib
Replace Part SB16 Knopka in D:\SolovevRI\Devices\GenPulseBox\PCB\LedBtn PCB 2022.12.02\LedBtn.SchDoc with Knopka from AltiumBase new.DbLib
Replace Part SB17 Knopka in D:\SolovevRI\Devices\GenPulseBox\PCB\LedBtn PCB 2022.12.02\LedBtn.SchDoc with Knopka from AltiumBase new.DbLib
Replace Part XP1 ConnectorP34 in D:\SolovevRI\Devices\GenPulseBox\PCB\LedBtn PCB 2022.12.02\LedBtn.SchDoc with ConnectorP34 from AltiumBase new.DbLib
