Change Component Footprint: Designator=SB1 Old Footprint=SWITCH_TACT_17MM New Footprint=Switch_tact_11mm
Change Component Footprint: Designator=SB2 Old Footprint=SWITCH_TACT_17MM New Footprint=Switch_tact_11mm
Change Component Footprint: Designator=SB3 Old Footprint=SWITCH_TACT_17MM New Footprint=Switch_tact_11mm
Change Component Footprint: Designator=SB4 Old Footprint=SWITCH_TACT_17MM New Footprint=Switch_tact_11mm
Change Component Footprint: Designator=SB5 Old Footprint=SWITCH_TACT_17MM New Footprint=Switch_tact_11mm
Change Component Footprint: Designator=SB6 Old Footprint=SWITCH_TACT_17MM New Footprint=Switch_tact_11mm
Change Component Footprint: Designator=SB7 Old Footprint=SWITCH_TACT_17MM New Footprint=Switch_tact_11mm
Change Component Footprint: Designator=SB8 Old Footprint=SWITCH_TACT_17MM New Footprint=Switch_tact_11mm
Change Component Footprint: Designator=SB9 Old Footprint=SWITCH_TACT_17MM New Footprint=Switch_tact_11mm
Change Component Footprint: Designator=SB10 Old Footprint=SWITCH_TACT_17MM New Footprint=Switch_tact_11mm
Change Component Footprint: Designator=SB11 Old Footprint=SWITCH_TACT_17MM New Footprint=Switch_tact_11mm
Change Component Footprint: Designator=SB12 Old Footprint=SWITCH_TACT_17MM New Footprint=Switch_tact_11mm
Change Component Footprint: Designator=SB13 Old Footprint=SWITCH_TACT_17MM New Footprint=Switch_tact_11mm
Change Component Footprint: Designator=SB14 Old Footprint=SWITCH_TACT_17MM New Footprint=Switch_tact_11mm
Change Component Footprint: Designator=SB15 Old Footprint=SWITCH_TACT_17MM New Footprint=Switch_tact_11mm
Change Component Footprint: Designator=SB16 Old Footprint=SWITCH_TACT_17MM New Footprint=Switch_tact_11mm
Change Component Footprint: Designator=SB17 Old Footprint=SWITCH_TACT_17MM New Footprint=Switch_tact_11mm
Change component parameters: Designator = "SB1" ("SB1"); Footprint = "SWITCH_TACT_17MM"; UniqueID = "\SZCLGVOC" ("\SZCLGVOC")
Change component parameters (AddParameter): Name = "Alternative"; Value = "IT-1102"; VariantName = "[No Variations]"
Change component parameters (AddParameter): Name = "Alternative2"; Value = ""; VariantName = "[No Variations]"
Change component parameters (AddParameter): Name = "Alternative3"; Value = ""; VariantName = "[No Variations]"
Change component parameters (AddParameter): Name = "CardKRR"; Value = ""; VariantName = "[No Variations]"
Change component parameters (AddParameter): Name = "ComponentLink1Description"; Value = ""; VariantName = "[No Variations]"
Change component parameters (AddParameter): Name = "ComponentLink1URL"; Value = "\\192.168.0.101\U_Base\PDF\OTHER\KLS7-TS6601.pdf"; VariantName = "[No Variations]"
Change component parameters (AddParameter): Name = "ComponentLink2Description"; Value = ""; VariantName = "[No Variations]"
Change component parameters (AddParameter): Name = "ComponentLink2URL"; Value = ""; VariantName = "[No Variations]"
Change component parameters (AddParameter): Name = "CurrentFact"; Value = ""; VariantName = "[No Variations]"
Change component parameters (AddParameter): Name = "CurrentLimit"; Value = ""; VariantName = "[No Variations]"
Change component parameters (AddParameter): Name = "DataSheet"; Value = "#\\192.168.0.101\U_Base\PDF\OTHER\KLS7-TS6601.pdf#"; VariantName = "[No Variations]"
Change component parameters (AddParameter): Name = "DeliveryTime"; Value = ""; VariantName = "[No Variations]"
Change component parameters (AddParameter): Name = "Group"; Value = "Кнопка тактовая"; VariantName = "[No Variations]"
Change component parameters (AddParameter): Name = "HelpURL"; Value = "\\192.168.0.101\U_Base\PDF\OTHER\KLS7-TS6601.pdf"; VariantName = "[No Variations]"
Change component parameters (AddParameter): Name = "Key"; Value = "60"; VariantName = "[No Variations]"
Change component parameters (AddParameter): Name = "Manufacturer"; Value = "KLS Electronic"; VariantName = "[No Variations]"
Change component parameters (AddParameter): Name = "ManufacturerPartNumber"; Value = ""; VariantName = "[No Variations]"
Change component parameters (AddParameter): Name = "ManufacturerTU"; Value = ""; VariantName = "[No Variations]"
Change component parameters (AddParameter): Name = "Mark"; Value = ""; VariantName = "[No Variations]"
Change component parameters (AddParameter): Name = "Mass"; Value = ""; VariantName = "[No Variations]"
Change component parameters (AddParameter): Name = "MilitaryControl"; Value = "ОТК"; VariantName = "[No Variations]"
Change component parameters (AddParameter): Name = "Modify"; Value = "05.12.2022"; VariantName = "[No Variations]"
Change component parameters (AddParameter): Name = "MountChoice"; Value = ""; VariantName = "[No Variations]"
Change component parameters (AddParameter): Name = "MountType"; Value = "РМ"; VariantName = "[No Variations]"
Change component parameters (AddParameter): Name = "Name"; Value = "KLS7-TS6601-11-180"; VariantName = "[No Variations]"
Change component parameters (AddParameter): Name = "Notice"; Value = ""; VariantName = "[No Variations]"
Change component parameters (AddParameter): Name = "Package"; Value = ""; VariantName = "[No Variations]"
Change component parameters (AddParameter): Name = "PartNumber"; Value = "Кнопка тактовая прямая KLS7-TS6601-11-180"; VariantName = "[No Variations]"
Change component parameters (AddParameter): Name = "PowerFact"; Value = ""; VariantName = "[No Variations]"
Change component parameters (AddParameter): Name = "PowerLimit"; Value = ""; VariantName = "[No Variations]"
Change component parameters (AddParameter): Name = "SolderName"; Value = "KLS7-TS6601-11-180"; VariantName = "[No Variations]"
Change component parameters (AddParameter): Name = "SolderTemperature"; Value = ""; VariantName = "[No Variations]"
Change component parameters (AddParameter): Name = "Tag"; Value = ""; VariantName = "[No Variations]"
Change component parameters (AddParameter): Name = "TemperatureRange"; Value = ""; VariantName = "[No Variations]"
Change component parameters (AddParameter): Name = "Usage"; Value = ""; VariantName = "[No Variations]"
Change component parameters (AddParameter): Name = "Value"; Value = ""; VariantName = "[No Variations]"
Change component parameters (AddParameter): Name = "ViewControl"; Value = "В,100%"; VariantName = "[No Variations]"
Change component parameters (AddParameter): Name = "VoltageFact"; Value = ""; VariantName = "[No Variations]"
Change component parameters (AddParameter): Name = "VoltageLimit"; Value = ""; VariantName = "[No Variations]"
Change component parameters (AddParameter): Name = "X_SORT_1"; Value = ""; VariantName = "[No Variations]"
Change component parameters (AddParameter): Name = "X_SORT_2"; Value = ""; VariantName = "[No Variations]"
Change component parameters (AddParameter): Name = "X_SORT_3"; Value = ""; VariantName = "[No Variations]"
Change component parameters: Designator = "SB2" ("SB2"); Footprint = "SWITCH_TACT_17MM"; UniqueID = "\DXCOCNQH" ("\DXCOCNQH")
Change component parameters (AddParameter): Name = "Alternative"; Value = "IT-1102"; VariantName = "[No Variations]"
Change component parameters (AddParameter): Name = "Alternative2"; Value = ""; VariantName = "[No Variations]"
Change component parameters (AddParameter): Name = "Alternative3"; Value = ""; VariantName = "[No Variations]"
Change component parameters (AddParameter): Name = "CardKRR"; Value = ""; VariantName = "[No Variations]"
Change component parameters (AddParameter): Name = "ComponentLink1Description"; Value = ""; VariantName = "[No Variations]"
Change component parameters (AddParameter): Name = "ComponentLink1URL"; Value = "\\192.168.0.101\U_Base\PDF\OTHER\KLS7-TS6601.pdf"; VariantName = "[No Variations]"
Change component parameters (AddParameter): Name = "ComponentLink2Description"; Value = ""; VariantName = "[No Variations]"
Change component parameters (AddParameter): Name = "ComponentLink2URL"; Value = ""; VariantName = "[No Variations]"
Change component parameters (AddParameter): Name = "CurrentFact"; Value = ""; VariantName = "[No Variations]"
Change component parameters (AddParameter): Name = "CurrentLimit"; Value = ""; VariantName = "[No Variations]"
Change component parameters (AddParameter): Name = "DataSheet"; Value = "#\\192.168.0.101\U_Base\PDF\OTHER\KLS7-TS6601.pdf#"; VariantName = "[No Variations]"
Change component parameters (AddParameter): Name = "DeliveryTime"; Value = ""; VariantName = "[No Variations]"
Change component parameters (AddParameter): Name = "Group"; Value = "Кнопка тактовая"; VariantName = "[No Variations]"
Change component parameters (AddParameter): Name = "HelpURL"; Value = "\\192.168.0.101\U_Base\PDF\OTHER\KLS7-TS6601.pdf"; VariantName = "[No Variations]"
Change component parameters (AddParameter): Name = "Key"; Value = "60"; VariantName = "[No Variations]"
Change component parameters (AddParameter): Name = "Manufacturer"; Value = "KLS Electronic"; VariantName = "[No Variations]"
Change component parameters (AddParameter): Name = "ManufacturerPartNumber"; Value = ""; VariantName = "[No Variations]"
Change component parameters (AddParameter): Name = "ManufacturerTU"; Value = ""; VariantName = "[No Variations]"
Change component parameters (AddParameter): Name = "Mark"; Value = ""; VariantName = "[No Variations]"
Change component parameters (AddParameter): Name = "Mass"; Value = ""; VariantName = "[No Variations]"
Change component parameters (AddParameter): Name = "MilitaryControl"; Value = "ОТК"; VariantName = "[No Variations]"
Change component parameters (AddParameter): Name = "Modify"; Value = "05.12.2022"; VariantName = "[No Variations]"
Change component parameters (AddParameter): Name = "MountChoice"; Value = ""; VariantName = "[No Variations]"
Change component parameters (AddParameter): Name = "MountType"; Value = "РМ"; VariantName = "[No Variations]"
Change component parameters (AddParameter): Name = "Name"; Value = "KLS7-TS6601-11-180"; VariantName = "[No Variations]"
Change component parameters (AddParameter): Name = "Notice"; Value = ""; VariantName = "[No Variations]"
Change component parameters (AddParameter): Name = "Package"; Value = ""; VariantName = "[No Variations]"
Change component parameters (AddParameter): Name = "PartNumber"; Value = "Кнопка тактовая прямая KLS7-TS6601-11-180"; VariantName = "[No Variations]"
Change component parameters (AddParameter): Name = "PowerFact"; Value = ""; VariantName = "[No Variations]"
Change component parameters (AddParameter): Name = "PowerLimit"; Value = ""; VariantName = "[No Variations]"
Change component parameters (AddParameter): Name = "SolderName"; Value = "KLS7-TS6601-11-180"; VariantName = "[No Variations]"
Change component parameters (AddParameter): Name = "SolderTemperature"; Value = ""; VariantName = "[No Variations]"
Change component parameters (AddParameter): Name = "Tag"; Value = ""; VariantName = "[No Variations]"
Change component parameters (AddParameter): Name = "TemperatureRange"; Value = ""; VariantName = "[No Variations]"
Change component parameters (AddParameter): Name = "Usage"; Value = ""; VariantName = "[No Variations]"
Change component parameters (AddParameter): Name = "Value"; Value = ""; VariantName = "[No Variations]"
Change component parameters (AddParameter): Name = "ViewControl"; Value = "В,100%"; VariantName = "[No Variations]"
Change component parameters (AddParameter): Name = "VoltageFact"; Value = ""; VariantName = "[No Variations]"
Change component parameters (AddParameter): Name = "VoltageLimit"; Value = ""; VariantName = "[No Variations]"
Change component parameters (AddParameter): Name = "X_SORT_1"; Value = ""; VariantName = "[No Variations]"
Change component parameters (AddParameter): Name = "X_SORT_2"; Value = ""; VariantName = "[No Variations]"
Change component parameters (AddParameter): Name = "X_SORT_3"; Value = ""; VariantName = "[No Variations]"
Change component parameters: Designator = "SB3" ("SB3"); Footprint = "SWITCH_TACT_17MM"; UniqueID = "\IFYEJJLE" ("\IFYEJJLE")
Change component parameters (AddParameter): Name = "Alternative"; Value = "IT-1102"; VariantName = "[No Variations]"
Change component parameters (AddParameter): Name = "Alternative2"; Value = ""; VariantName = "[No Variations]"
Change component parameters (AddParameter): Name = "Alternative3"; Value = ""; VariantName = "[No Variations]"
Change component parameters (AddParameter): Name = "CardKRR"; Value = ""; VariantName = "[No Variations]"
Change component parameters (AddParameter): Name = "ComponentLink1Description"; Value = ""; VariantName = "[No Variations]"
Change component parameters (AddParameter): Name = "ComponentLink1URL"; Value = "\\192.168.0.101\U_Base\PDF\OTHER\KLS7-TS6601.pdf"; VariantName = "[No Variations]"
Change component parameters (AddParameter): Name = "ComponentLink2Description"; Value = ""; VariantName = "[No Variations]"
Change component parameters (AddParameter): Name = "ComponentLink2URL"; Value = ""; VariantName = "[No Variations]"
Change component parameters (AddParameter): Name = "CurrentFact"; Value = ""; VariantName = "[No Variations]"
Change component parameters (AddParameter): Name = "CurrentLimit"; Value = ""; VariantName = "[No Variations]"
Change component parameters (AddParameter): Name = "DataSheet"; Value = "#\\192.168.0.101\U_Base\PDF\OTHER\KLS7-TS6601.pdf#"; VariantName = "[No Variations]"
Change component parameters (AddParameter): Name = "DeliveryTime"; Value = ""; VariantName = "[No Variations]"
Change component parameters (AddParameter): Name = "Group"; Value = "Кнопка тактовая"; VariantName = "[No Variations]"
Change component parameters (AddParameter): Name = "HelpURL"; Value = "\\192.168.0.101\U_Base\PDF\OTHER\KLS7-TS6601.pdf"; VariantName = "[No Variations]"
Change component parameters (AddParameter): Name = "Key"; Value = "60"; VariantName = "[No Variations]"
Change component parameters (AddParameter): Name = "Manufacturer"; Value = "KLS Electronic"; VariantName = "[No Variations]"
Change component parameters (AddParameter): Name = "ManufacturerPartNumber"; Value = ""; VariantName = "[No Variations]"
Change component parameters (AddParameter): Name = "ManufacturerTU"; Value = ""; VariantName = "[No Variations]"
Change component parameters (AddParameter): Name = "Mark"; Value = ""; VariantName = "[No Variations]"
Change component parameters (AddParameter): Name = "Mass"; Value = ""; VariantName = "[No Variations]"
Change component parameters (AddParameter): Name = "MilitaryControl"; Value = "ОТК"; VariantName = "[No Variations]"
Change component parameters (AddParameter): Name = "Modify"; Value = "05.12.2022"; VariantName = "[No Variations]"
Change component parameters (AddParameter): Name = "MountChoice"; Value = ""; VariantName = "[No Variations]"
Change component parameters (AddParameter): Name = "MountType"; Value = "РМ"; VariantName = "[No Variations]"
Change component parameters (AddParameter): Name = "Name"; Value = "KLS7-TS6601-11-180"; VariantName = "[No Variations]"
Change component parameters (AddParameter): Name = "Notice"; Value = ""; VariantName = "[No Variations]"
Change component parameters (AddParameter): Name = "Package"; Value = ""; VariantName = "[No Variations]"
Change component parameters (AddParameter): Name = "PartNumber"; Value = "Кнопка тактовая прямая KLS7-TS6601-11-180"; VariantName = "[No Variations]"
Change component parameters (AddParameter): Name = "PowerFact"; Value = ""; VariantName = "[No Variations]"
Change component parameters (AddParameter): Name = "PowerLimit"; Value = ""; VariantName = "[No Variations]"
Change component parameters (AddParameter): Name = "SolderName"; Value = "KLS7-TS6601-11-180"; VariantName = "[No Variations]"
Change component parameters (AddParameter): Name = "SolderTemperature"; Value = ""; VariantName = "[No Variations]"
Change component parameters (AddParameter): Name = "Tag"; Value = ""; VariantName = "[No Variations]"
Change component parameters (AddParameter): Name = "TemperatureRange"; Value = ""; VariantName = "[No Variations]"
Change component parameters (AddParameter): Name = "Usage"; Value = ""; VariantName = "[No Variations]"
Change component parameters (AddParameter): Name = "Value"; Value = ""; VariantName = "[No Variations]"
Change component parameters (AddParameter): Name = "ViewControl"; Value = "В,100%"; VariantName = "[No Variations]"
Change component parameters (AddParameter): Name = "VoltageFact"; Value = ""; VariantName = "[No Variations]"
Change component parameters (AddParameter): Name = "VoltageLimit"; Value = ""; VariantName = "[No Variations]"
Change component parameters (AddParameter): Name = "X_SORT_1"; Value = ""; VariantName = "[No Variations]"
Change component parameters (AddParameter): Name = "X_SORT_2"; Value = ""; VariantName = "[No Variations]"
Change component parameters (AddParameter): Name = "X_SORT_3"; Value = ""; VariantName = "[No Variations]"
Change component parameters: Designator = "SB4" ("SB4"); Footprint = "SWITCH_TACT_17MM"; UniqueID = "\GDMCRTLU" ("\GDMCRTLU")
Change component parameters (AddParameter): Name = "Alternative"; Value = "IT-1102"; VariantName = "[No Variations]"
Change component parameters (AddParameter): Name = "Alternative2"; Value = ""; VariantName = "[No Variations]"
Change component parameters (AddParameter): Name = "Alternative3"; Value = ""; VariantName = "[No Variations]"
Change component parameters (AddParameter): Name = "CardKRR"; Value = ""; VariantName = "[No Variations]"
Change component parameters (AddParameter): Name = "ComponentLink1Description"; Value = ""; VariantName = "[No Variations]"
Change component parameters (AddParameter): Name = "ComponentLink1URL"; Value = "\\192.168.0.101\U_Base\PDF\OTHER\KLS7-TS6601.pdf"; VariantName = "[No Variations]"
Change component parameters (AddParameter): Name = "ComponentLink2Description"; Value = ""; VariantName = "[No Variations]"
Change component parameters (AddParameter): Name = "ComponentLink2URL"; Value = ""; VariantName = "[No Variations]"
Change component parameters (AddParameter): Name = "CurrentFact"; Value = ""; VariantName = "[No Variations]"
Change component parameters (AddParameter): Name = "CurrentLimit"; Value = ""; VariantName = "[No Variations]"
Change component parameters (AddParameter): Name = "DataSheet"; Value = "#\\192.168.0.101\U_Base\PDF\OTHER\KLS7-TS6601.pdf#"; VariantName = "[No Variations]"
Change component parameters (AddParameter): Name = "DeliveryTime"; Value = ""; VariantName = "[No Variations]"
Change component parameters (AddParameter): Name = "Group"; Value = "Кнопка тактовая"; VariantName = "[No Variations]"
Change component parameters (AddParameter): Name = "HelpURL"; Value = "\\192.168.0.101\U_Base\PDF\OTHER\KLS7-TS6601.pdf"; VariantName = "[No Variations]"
Change component parameters (AddParameter): Name = "Key"; Value = "60"; VariantName = "[No Variations]"
Change component parameters (AddParameter): Name = "Manufacturer"; Value = "KLS Electronic"; VariantName = "[No Variations]"
Change component parameters (AddParameter): Name = "ManufacturerPartNumber"; Value = ""; VariantName = "[No Variations]"
Change component parameters (AddParameter): Name = "ManufacturerTU"; Value = ""; VariantName = "[No Variations]"
Change component parameters (AddParameter): Name = "Mark"; Value = ""; VariantName = "[No Variations]"
Change component parameters (AddParameter): Name = "Mass"; Value = ""; VariantName = "[No Variations]"
Change component parameters (AddParameter): Name = "MilitaryControl"; Value = "ОТК"; VariantName = "[No Variations]"
Change component parameters (AddParameter): Name = "Modify"; Value = "05.12.2022"; VariantName = "[No Variations]"
Change component parameters (AddParameter): Name = "MountChoice"; Value = ""; VariantName = "[No Variations]"
Change component parameters (AddParameter): Name = "MountType"; Value = "РМ"; VariantName = "[No Variations]"
Change component parameters (AddParameter): Name = "Name"; Value = "KLS7-TS6601-11-180"; VariantName = "[No Variations]"
Change component parameters (AddParameter): Name = "Notice"; Value = ""; VariantName = "[No Variations]"
Change component parameters (AddParameter): Name = "Package"; Value = ""; VariantName = "[No Variations]"
Change component parameters (AddParameter): Name = "PartNumber"; Value = "Кнопка тактовая прямая KLS7-TS6601-11-180"; VariantName = "[No Variations]"
Change component parameters (AddParameter): Name = "PowerFact"; Value = ""; VariantName = "[No Variations]"
Change component parameters (AddParameter): Name = "PowerLimit"; Value = ""; VariantName = "[No Variations]"
Change component parameters (AddParameter): Name = "SolderName"; Value = "KLS7-TS6601-11-180"; VariantName = "[No Variations]"
Change component parameters (AddParameter): Name = "SolderTemperature"; Value = ""; VariantName = "[No Variations]"
Change component parameters (AddParameter): Name = "Tag"; Value = ""; VariantName = "[No Variations]"
Change component parameters (AddParameter): Name = "TemperatureRange"; Value = ""; VariantName = "[No Variations]"
Change component parameters (AddParameter): Name = "Usage"; Value = ""; VariantName = "[No Variations]"
Change component parameters (AddParameter): Name = "Value"; Value = ""; VariantName = "[No Variations]"
Change component parameters (AddParameter): Name = "ViewControl"; Value = "В,100%"; VariantName = "[No Variations]"
Change component parameters (AddParameter): Name = "VoltageFact"; Value = ""; VariantName = "[No Variations]"
Change component parameters (AddParameter): Name = "VoltageLimit"; Value = ""; VariantName = "[No Variations]"
Change component parameters (AddParameter): Name = "X_SORT_1"; Value = ""; VariantName = "[No Variations]"
Change component parameters (AddParameter): Name = "X_SORT_2"; Value = ""; VariantName = "[No Variations]"
Change component parameters (AddParameter): Name = "X_SORT_3"; Value = ""; VariantName = "[No Variations]"
Change component parameters: Designator = "SB5" ("SB5"); Footprint = "SWITCH_TACT_17MM"; UniqueID = "\ULWGFAHA" ("\ULWGFAHA")
Change component parameters (AddParameter): Name = "Alternative"; Value = "IT-1102"; VariantName = "[No Variations]"
Change component parameters (AddParameter): Name = "Alternative2"; Value = ""; VariantName = "[No Variations]"
Change component parameters (AddParameter): Name = "Alternative3"; Value = ""; VariantName = "[No Variations]"
Change component parameters (AddParameter): Name = "CardKRR"; Value = ""; VariantName = "[No Variations]"
Change component parameters (AddParameter): Name = "ComponentLink1Description"; Value = ""; VariantName = "[No Variations]"
Change component parameters (AddParameter): Name = "ComponentLink1URL"; Value = "\\192.168.0.101\U_Base\PDF\OTHER\KLS7-TS6601.pdf"; VariantName = "[No Variations]"
Change component parameters (AddParameter): Name = "ComponentLink2Description"; Value = ""; VariantName = "[No Variations]"
Change component parameters (AddParameter): Name = "ComponentLink2URL"; Value = ""; VariantName = "[No Variations]"
Change component parameters (AddParameter): Name = "CurrentFact"; Value = ""; VariantName = "[No Variations]"
Change component parameters (AddParameter): Name = "CurrentLimit"; Value = ""; VariantName = "[No Variations]"
Change component parameters (AddParameter): Name = "DataSheet"; Value = "#\\192.168.0.101\U_Base\PDF\OTHER\KLS7-TS6601.pdf#"; VariantName = "[No Variations]"
Change component parameters (AddParameter): Name = "DeliveryTime"; Value = ""; VariantName = "[No Variations]"
Change component parameters (AddParameter): Name = "Group"; Value = "Кнопка тактовая"; VariantName = "[No Variations]"
Change component parameters (AddParameter): Name = "HelpURL"; Value = "\\192.168.0.101\U_Base\PDF\OTHER\KLS7-TS6601.pdf"; VariantName = "[No Variations]"
Change component parameters (AddParameter): Name = "Key"; Value = "60"; VariantName = "[No Variations]"
Change component parameters (AddParameter): Name = "Manufacturer"; Value = "KLS Electronic"; VariantName = "[No Variations]"
Change component parameters (AddParameter): Name = "ManufacturerPartNumber"; Value = ""; VariantName = "[No Variations]"
Change component parameters (AddParameter): Name = "ManufacturerTU"; Value = ""; VariantName = "[No Variations]"
Change component parameters (AddParameter): Name = "Mark"; Value = ""; VariantName = "[No Variations]"
Change component parameters (AddParameter): Name = "Mass"; Value = ""; VariantName = "[No Variations]"
Change component parameters (AddParameter): Name = "MilitaryControl"; Value = "ОТК"; VariantName = "[No Variations]"
Change component parameters (AddParameter): Name = "Modify"; Value = "05.12.2022"; VariantName = "[No Variations]"
Change component parameters (AddParameter): Name = "MountChoice"; Value = ""; VariantName = "[No Variations]"
Change component parameters (AddParameter): Name = "MountType"; Value = "РМ"; VariantName = "[No Variations]"
Change component parameters (AddParameter): Name = "Name"; Value = "KLS7-TS6601-11-180"; VariantName = "[No Variations]"
Change component parameters (AddParameter): Name = "Notice"; Value = ""; VariantName = "[No Variations]"
Change component parameters (AddParameter): Name = "Package"; Value = ""; VariantName = "[No Variations]"
Change component parameters (AddParameter): Name = "PartNumber"; Value = "Кнопка тактовая прямая KLS7-TS6601-11-180"; VariantName = "[No Variations]"
Change component parameters (AddParameter): Name = "PowerFact"; Value = ""; VariantName = "[No Variations]"
Change component parameters (AddParameter): Name = "PowerLimit"; Value = ""; VariantName = "[No Variations]"
Change component parameters (AddParameter): Name = "SolderName"; Value = "KLS7-TS6601-11-180"; VariantName = "[No Variations]"
Change component parameters (AddParameter): Name = "SolderTemperature"; Value = ""; VariantName = "[No Variations]"
Change component parameters (AddParameter): Name = "Tag"; Value = ""; VariantName = "[No Variations]"
Change component parameters (AddParameter): Name = "TemperatureRange"; Value = ""; VariantName = "[No Variations]"
Change component parameters (AddParameter): Name = "Usage"; Value = ""; VariantName = "[No Variations]"
Change component parameters (AddParameter): Name = "Value"; Value = ""; VariantName = "[No Variations]"
Change component parameters (AddParameter): Name = "ViewControl"; Value = "В,100%"; VariantName = "[No Variations]"
Change component parameters (AddParameter): Name = "VoltageFact"; Value = ""; VariantName = "[No Variations]"
Change component parameters (AddParameter): Name = "VoltageLimit"; Value = ""; VariantName = "[No Variations]"
Change component parameters (AddParameter): Name = "X_SORT_1"; Value = ""; VariantName = "[No Variations]"
Change component parameters (AddParameter): Name = "X_SORT_2"; Value = ""; VariantName = "[No Variations]"
Change component parameters (AddParameter): Name = "X_SORT_3"; Value = ""; VariantName = "[No Variations]"
Change component parameters: Designator = "SB6" ("SB6"); Footprint = "SWITCH_TACT_17MM"; UniqueID = "\JECOXGVX" ("\JECOXGVX")
Change component parameters (AddParameter): Name = "Alternative"; Value = "IT-1102"; VariantName = "[No Variations]"
Change component parameters (AddParameter): Name = "Alternative2"; Value = ""; VariantName = "[No Variations]"
Change component parameters (AddParameter): Name = "Alternative3"; Value = ""; VariantName = "[No Variations]"
Change component parameters (AddParameter): Name = "CardKRR"; Value = ""; VariantName = "[No Variations]"
Change component parameters (AddParameter): Name = "ComponentLink1Description"; Value = ""; VariantName = "[No Variations]"
Change component parameters (AddParameter): Name = "ComponentLink1URL"; Value = "\\192.168.0.101\U_Base\PDF\OTHER\KLS7-TS6601.pdf"; VariantName = "[No Variations]"
Change component parameters (AddParameter): Name = "ComponentLink2Description"; Value = ""; VariantName = "[No Variations]"
Change component parameters (AddParameter): Name = "ComponentLink2URL"; Value = ""; VariantName = "[No Variations]"
Change component parameters (AddParameter): Name = "CurrentFact"; Value = ""; VariantName = "[No Variations]"
Change component parameters (AddParameter): Name = "CurrentLimit"; Value = ""; VariantName = "[No Variations]"
Change component parameters (AddParameter): Name = "DataSheet"; Value = "#\\192.168.0.101\U_Base\PDF\OTHER\KLS7-TS6601.pdf#"; VariantName = "[No Variations]"
Change component parameters (AddParameter): Name = "DeliveryTime"; Value = ""; VariantName = "[No Variations]"
Change component parameters (AddParameter): Name = "Group"; Value = "Кнопка тактовая"; VariantName = "[No Variations]"
Change component parameters (AddParameter): Name = "HelpURL"; Value = "\\192.168.0.101\U_Base\PDF\OTHER\KLS7-TS6601.pdf"; VariantName = "[No Variations]"
Change component parameters (AddParameter): Name = "Key"; Value = "60"; VariantName = "[No Variations]"
Change component parameters (AddParameter): Name = "Manufacturer"; Value = "KLS Electronic"; VariantName = "[No Variations]"
Change component parameters (AddParameter): Name = "ManufacturerPartNumber"; Value = ""; VariantName = "[No Variations]"
Change component parameters (AddParameter): Name = "ManufacturerTU"; Value = ""; VariantName = "[No Variations]"
Change component parameters (AddParameter): Name = "Mark"; Value = ""; VariantName = "[No Variations]"
Change component parameters (AddParameter): Name = "Mass"; Value = ""; VariantName = "[No Variations]"
Change component parameters (AddParameter): Name = "MilitaryControl"; Value = "ОТК"; VariantName = "[No Variations]"
Change component parameters (AddParameter): Name = "Modify"; Value = "05.12.2022"; VariantName = "[No Variations]"
Change component parameters (AddParameter): Name = "MountChoice"; Value = ""; VariantName = "[No Variations]"
Change component parameters (AddParameter): Name = "MountType"; Value = "РМ"; VariantName = "[No Variations]"
Change component parameters (AddParameter): Name = "Name"; Value = "KLS7-TS6601-11-180"; VariantName = "[No Variations]"
Change component parameters (AddParameter): Name = "Notice"; Value = ""; VariantName = "[No Variations]"
Change component parameters (AddParameter): Name = "Package"; Value = ""; VariantName = "[No Variations]"
Change component parameters (AddParameter): Name = "PartNumber"; Value = "Кнопка тактовая прямая KLS7-TS6601-11-180"; VariantName = "[No Variations]"
Change component parameters (AddParameter): Name = "PowerFact"; Value = ""; VariantName = "[No Variations]"
Change component parameters (AddParameter): Name = "PowerLimit"; Value = ""; VariantName = "[No Variations]"
Change component parameters (AddParameter): Name = "SolderName"; Value = "KLS7-TS6601-11-180"; VariantName = "[No Variations]"
Change component parameters (AddParameter): Name = "SolderTemperature"; Value = ""; VariantName = "[No Variations]"
Change component parameters (AddParameter): Name = "Tag"; Value = ""; VariantName = "[No Variations]"
Change component parameters (AddParameter): Name = "TemperatureRange"; Value = ""; VariantName = "[No Variations]"
Change component parameters (AddParameter): Name = "Usage"; Value = ""; VariantName = "[No Variations]"
Change component parameters (AddParameter): Name = "Value"; Value = ""; VariantName = "[No Variations]"
Change component parameters (AddParameter): Name = "ViewControl"; Value = "В,100%"; VariantName = "[No Variations]"
Change component parameters (AddParameter): Name = "VoltageFact"; Value = ""; VariantName = "[No Variations]"
Change component parameters (AddParameter): Name = "VoltageLimit"; Value = ""; VariantName = "[No Variations]"
Change component parameters (AddParameter): Name = "X_SORT_1"; Value = ""; VariantName = "[No Variations]"
Change component parameters (AddParameter): Name = "X_SORT_2"; Value = ""; VariantName = "[No Variations]"
Change component parameters (AddParameter): Name = "X_SORT_3"; Value = ""; VariantName = "[No Variations]"
Change component parameters: Designator = "SB7" ("SB7"); Footprint = "SWITCH_TACT_17MM"; UniqueID = "\XLBPHYEK" ("\XLBPHYEK")
Change component parameters (AddParameter): Name = "Alternative"; Value = "IT-1102"; VariantName = "[No Variations]"
Change component parameters (AddParameter): Name = "Alternative2"; Value = ""; VariantName = "[No Variations]"
Change component parameters (AddParameter): Name = "Alternative3"; Value = ""; VariantName = "[No Variations]"
Change component parameters (AddParameter): Name = "CardKRR"; Value = ""; VariantName = "[No Variations]"
Change component parameters (AddParameter): Name = "ComponentLink1Description"; Value = ""; VariantName = "[No Variations]"
Change component parameters (AddParameter): Name = "ComponentLink1URL"; Value = "\\192.168.0.101\U_Base\PDF\OTHER\KLS7-TS6601.pdf"; VariantName = "[No Variations]"
Change component parameters (AddParameter): Name = "ComponentLink2Description"; Value = ""; VariantName = "[No Variations]"
Change component parameters (AddParameter): Name = "ComponentLink2URL"; Value = ""; VariantName = "[No Variations]"
Change component parameters (AddParameter): Name = "CurrentFact"; Value = ""; VariantName = "[No Variations]"
Change component parameters (AddParameter): Name = "CurrentLimit"; Value = ""; VariantName = "[No Variations]"
Change component parameters (AddParameter): Name = "DataSheet"; Value = "#\\192.168.0.101\U_Base\PDF\OTHER\KLS7-TS6601.pdf#"; VariantName = "[No Variations]"
Change component parameters (AddParameter): Name = "DeliveryTime"; Value = ""; VariantName = "[No Variations]"
Change component parameters (AddParameter): Name = "Group"; Value = "Кнопка тактовая"; VariantName = "[No Variations]"
Change component parameters (AddParameter): Name = "HelpURL"; Value = "\\192.168.0.101\U_Base\PDF\OTHER\KLS7-TS6601.pdf"; VariantName = "[No Variations]"
Change component parameters (AddParameter): Name = "Key"; Value = "60"; VariantName = "[No Variations]"
Change component parameters (AddParameter): Name = "Manufacturer"; Value = "KLS Electronic"; VariantName = "[No Variations]"
Change component parameters (AddParameter): Name = "ManufacturerPartNumber"; Value = ""; VariantName = "[No Variations]"
Change component parameters (AddParameter): Name = "ManufacturerTU"; Value = ""; VariantName = "[No Variations]"
Change component parameters (AddParameter): Name = "Mark"; Value = ""; VariantName = "[No Variations]"
Change component parameters (AddParameter): Name = "Mass"; Value = ""; VariantName = "[No Variations]"
Change component parameters (AddParameter): Name = "MilitaryControl"; Value = "ОТК"; VariantName = "[No Variations]"
Change component parameters (AddParameter): Name = "Modify"; Value = "05.12.2022"; VariantName = "[No Variations]"
Change component parameters (AddParameter): Name = "MountChoice"; Value = ""; VariantName = "[No Variations]"
Change component parameters (AddParameter): Name = "MountType"; Value = "РМ"; VariantName = "[No Variations]"
Change component parameters (AddParameter): Name = "Name"; Value = "KLS7-TS6601-11-180"; VariantName = "[No Variations]"
Change component parameters (AddParameter): Name = "Notice"; Value = ""; VariantName = "[No Variations]"
Change component parameters (AddParameter): Name = "Package"; Value = ""; VariantName = "[No Variations]"
Change component parameters (AddParameter): Name = "PartNumber"; Value = "Кнопка тактовая прямая KLS7-TS6601-11-180"; VariantName = "[No Variations]"
Change component parameters (AddParameter): Name = "PowerFact"; Value = ""; VariantName = "[No Variations]"
Change component parameters (AddParameter): Name = "PowerLimit"; Value = ""; VariantName = "[No Variations]"
Change component parameters (AddParameter): Name = "SolderName"; Value = "KLS7-TS6601-11-180"; VariantName = "[No Variations]"
Change component parameters (AddParameter): Name = "SolderTemperature"; Value = ""; VariantName = "[No Variations]"
Change component parameters (AddParameter): Name = "Tag"; Value = ""; VariantName = "[No Variations]"
Change component parameters (AddParameter): Name = "TemperatureRange"; Value = ""; VariantName = "[No Variations]"
Change component parameters (AddParameter): Name = "Usage"; Value = ""; VariantName = "[No Variations]"
Change component parameters (AddParameter): Name = "Value"; Value = ""; VariantName = "[No Variations]"
Change component parameters (AddParameter): Name = "ViewControl"; Value = "В,100%"; VariantName = "[No Variations]"
Change component parameters (AddParameter): Name = "VoltageFact"; Value = ""; VariantName = "[No Variations]"
Change component parameters (AddParameter): Name = "VoltageLimit"; Value = ""; VariantName = "[No Variations]"
Change component parameters (AddParameter): Name = "X_SORT_1"; Value = ""; VariantName = "[No Variations]"
Change component parameters (AddParameter): Name = "X_SORT_2"; Value = ""; VariantName = "[No Variations]"
Change component parameters (AddParameter): Name = "X_SORT_3"; Value = ""; VariantName = "[No Variations]"
Change component parameters: Designator = "SB8" ("SB8"); Footprint = "SWITCH_TACT_17MM"; UniqueID = "\YYYPEGOU" ("\YYYPEGOU")
Change component parameters (AddParameter): Name = "Alternative"; Value = "IT-1102"; VariantName = "[No Variations]"
Change component parameters (AddParameter): Name = "Alternative2"; Value = ""; VariantName = "[No Variations]"
Change component parameters (AddParameter): Name = "Alternative3"; Value = ""; VariantName = "[No Variations]"
Change component parameters (AddParameter): Name = "CardKRR"; Value = ""; VariantName = "[No Variations]"
Change component parameters (AddParameter): Name = "ComponentLink1Description"; Value = ""; VariantName = "[No Variations]"
Change component parameters (AddParameter): Name = "ComponentLink1URL"; Value = "\\192.168.0.101\U_Base\PDF\OTHER\KLS7-TS6601.pdf"; VariantName = "[No Variations]"
Change component parameters (AddParameter): Name = "ComponentLink2Description"; Value = ""; VariantName = "[No Variations]"
Change component parameters (AddParameter): Name = "ComponentLink2URL"; Value = ""; VariantName = "[No Variations]"
Change component parameters (AddParameter): Name = "CurrentFact"; Value = ""; VariantName = "[No Variations]"
Change component parameters (AddParameter): Name = "CurrentLimit"; Value = ""; VariantName = "[No Variations]"
Change component parameters (AddParameter): Name = "DataSheet"; Value = "#\\192.168.0.101\U_Base\PDF\OTHER\KLS7-TS6601.pdf#"; VariantName = "[No Variations]"
Change component parameters (AddParameter): Name = "DeliveryTime"; Value = ""; VariantName = "[No Variations]"
Change component parameters (AddParameter): Name = "Group"; Value = "Кнопка тактовая"; VariantName = "[No Variations]"
Change component parameters (AddParameter): Name = "HelpURL"; Value = "\\192.168.0.101\U_Base\PDF\OTHER\KLS7-TS6601.pdf"; VariantName = "[No Variations]"
Change component parameters (AddParameter): Name = "Key"; Value = "60"; VariantName = "[No Variations]"
Change component parameters (AddParameter): Name = "Manufacturer"; Value = "KLS Electronic"; VariantName = "[No Variations]"
Change component parameters (AddParameter): Name = "ManufacturerPartNumber"; Value = ""; VariantName = "[No Variations]"
Change component parameters (AddParameter): Name = "ManufacturerTU"; Value = ""; VariantName = "[No Variations]"
Change component parameters (AddParameter): Name = "Mark"; Value = ""; VariantName = "[No Variations]"
Change component parameters (AddParameter): Name = "Mass"; Value = ""; VariantName = "[No Variations]"
Change component parameters (AddParameter): Name = "MilitaryControl"; Value = "ОТК"; VariantName = "[No Variations]"
Change component parameters (AddParameter): Name = "Modify"; Value = "05.12.2022"; VariantName = "[No Variations]"
Change component parameters (AddParameter): Name = "MountChoice"; Value = ""; VariantName = "[No Variations]"
Change component parameters (AddParameter): Name = "MountType"; Value = "РМ"; VariantName = "[No Variations]"
Change component parameters (AddParameter): Name = "Name"; Value = "KLS7-TS6601-11-180"; VariantName = "[No Variations]"
Change component parameters (AddParameter): Name = "Notice"; Value = ""; VariantName = "[No Variations]"
Change component parameters (AddParameter): Name = "Package"; Value = ""; VariantName = "[No Variations]"
Change component parameters (AddParameter): Name = "PartNumber"; Value = "Кнопка тактовая прямая KLS7-TS6601-11-180"; VariantName = "[No Variations]"
Change component parameters (AddParameter): Name = "PowerFact"; Value = ""; VariantName = "[No Variations]"
Change component parameters (AddParameter): Name = "PowerLimit"; Value = ""; VariantName = "[No Variations]"
Change component parameters (AddParameter): Name = "SolderName"; Value = "KLS7-TS6601-11-180"; VariantName = "[No Variations]"
Change component parameters (AddParameter): Name = "SolderTemperature"; Value = ""; VariantName = "[No Variations]"
Change component parameters (AddParameter): Name = "Tag"; Value = ""; VariantName = "[No Variations]"
Change component parameters (AddParameter): Name = "TemperatureRange"; Value = ""; VariantName = "[No Variations]"
Change component parameters (AddParameter): Name = "Usage"; Value = ""; VariantName = "[No Variations]"
Change component parameters (AddParameter): Name = "Value"; Value = ""; VariantName = "[No Variations]"
Change component parameters (AddParameter): Name = "ViewControl"; Value = "В,100%"; VariantName = "[No Variations]"
Change component parameters (AddParameter): Name = "VoltageFact"; Value = ""; VariantName = "[No Variations]"
Change component parameters (AddParameter): Name = "VoltageLimit"; Value = ""; VariantName = "[No Variations]"
Change component parameters (AddParameter): Name = "X_SORT_1"; Value = ""; VariantName = "[No Variations]"
Change component parameters (AddParameter): Name = "X_SORT_2"; Value = ""; VariantName = "[No Variations]"
Change component parameters (AddParameter): Name = "X_SORT_3"; Value = ""; VariantName = "[No Variations]"
Change component parameters: Designator = "SB9" ("SB9"); Footprint = "SWITCH_TACT_17MM"; UniqueID = "\ETONRDGY" ("\ETONRDGY")
Change component parameters (AddParameter): Name = "Alternative"; Value = "IT-1102"; VariantName = "[No Variations]"
Change component parameters (AddParameter): Name = "Alternative2"; Value = ""; VariantName = "[No Variations]"
Change component parameters (AddParameter): Name = "Alternative3"; Value = ""; VariantName = "[No Variations]"
Change component parameters (AddParameter): Name = "CardKRR"; Value = ""; VariantName = "[No Variations]"
Change component parameters (AddParameter): Name = "ComponentLink1Description"; Value = ""; VariantName = "[No Variations]"
Change component parameters (AddParameter): Name = "ComponentLink1URL"; Value = "\\192.168.0.101\U_Base\PDF\OTHER\KLS7-TS6601.pdf"; VariantName = "[No Variations]"
Change component parameters (AddParameter): Name = "ComponentLink2Description"; Value = ""; VariantName = "[No Variations]"
Change component parameters (AddParameter): Name = "ComponentLink2URL"; Value = ""; VariantName = "[No Variations]"
Change component parameters (AddParameter): Name = "CurrentFact"; Value = ""; VariantName = "[No Variations]"
Change component parameters (AddParameter): Name = "CurrentLimit"; Value = ""; VariantName = "[No Variations]"
Change component parameters (AddParameter): Name = "DataSheet"; Value = "#\\192.168.0.101\U_Base\PDF\OTHER\KLS7-TS6601.pdf#"; VariantName = "[No Variations]"
Change component parameters (AddParameter): Name = "DeliveryTime"; Value = ""; VariantName = "[No Variations]"
Change component parameters (AddParameter): Name = "Group"; Value = "Кнопка тактовая"; VariantName = "[No Variations]"
Change component parameters (AddParameter): Name = "HelpURL"; Value = "\\192.168.0.101\U_Base\PDF\OTHER\KLS7-TS6601.pdf"; VariantName = "[No Variations]"
Change component parameters (AddParameter): Name = "Key"; Value = "60"; VariantName = "[No Variations]"
Change component parameters (AddParameter): Name = "Manufacturer"; Value = "KLS Electronic"; VariantName = "[No Variations]"
Change component parameters (AddParameter): Name = "ManufacturerPartNumber"; Value = ""; VariantName = "[No Variations]"
Change component parameters (AddParameter): Name = "ManufacturerTU"; Value = ""; VariantName = "[No Variations]"
Change component parameters (AddParameter): Name = "Mark"; Value = ""; VariantName = "[No Variations]"
Change component parameters (AddParameter): Name = "Mass"; Value = ""; VariantName = "[No Variations]"
Change component parameters (AddParameter): Name = "MilitaryControl"; Value = "ОТК"; VariantName = "[No Variations]"
Change component parameters (AddParameter): Name = "Modify"; Value = "05.12.2022"; VariantName = "[No Variations]"
Change component parameters (AddParameter): Name = "MountChoice"; Value = ""; VariantName = "[No Variations]"
Change component parameters (AddParameter): Name = "MountType"; Value = "РМ"; VariantName = "[No Variations]"
Change component parameters (AddParameter): Name = "Name"; Value = "KLS7-TS6601-11-180"; VariantName = "[No Variations]"
Change component parameters (AddParameter): Name = "Notice"; Value = ""; VariantName = "[No Variations]"
Change component parameters (AddParameter): Name = "Package"; Value = ""; VariantName = "[No Variations]"
Change component parameters (AddParameter): Name = "PartNumber"; Value = "Кнопка тактовая прямая KLS7-TS6601-11-180"; VariantName = "[No Variations]"
Change component parameters (AddParameter): Name = "PowerFact"; Value = ""; VariantName = "[No Variations]"
Change component parameters (AddParameter): Name = "PowerLimit"; Value = ""; VariantName = "[No Variations]"
Change component parameters (AddParameter): Name = "SolderName"; Value = "KLS7-TS6601-11-180"; VariantName = "[No Variations]"
Change component parameters (AddParameter): Name = "SolderTemperature"; Value = ""; VariantName = "[No Variations]"
Change component parameters (AddParameter): Name = "Tag"; Value = ""; VariantName = "[No Variations]"
Change component parameters (AddParameter): Name = "TemperatureRange"; Value = ""; VariantName = "[No Variations]"
Change component parameters (AddParameter): Name = "Usage"; Value = ""; VariantName = "[No Variations]"
Change component parameters (AddParameter): Name = "Value"; Value = ""; VariantName = "[No Variations]"
Change component parameters (AddParameter): Name = "ViewControl"; Value = "В,100%"; VariantName = "[No Variations]"
Change component parameters (AddParameter): Name = "VoltageFact"; Value = ""; VariantName = "[No Variations]"
Change component parameters (AddParameter): Name = "VoltageLimit"; Value = ""; VariantName = "[No Variations]"
Change component parameters (AddParameter): Name = "X_SORT_1"; Value = ""; VariantName = "[No Variations]"
Change component parameters (AddParameter): Name = "X_SORT_2"; Value = ""; VariantName = "[No Variations]"
Change component parameters (AddParameter): Name = "X_SORT_3"; Value = ""; VariantName = "[No Variations]"
Change component parameters: Designator = "SB10" ("SB10"); Footprint = "SWITCH_TACT_17MM"; UniqueID = "\JPOFTNXP" ("\JPOFTNXP")
Change component parameters (AddParameter): Name = "Alternative"; Value = "IT-1102"; VariantName = "[No Variations]"
Change component parameters (AddParameter): Name = "Alternative2"; Value = ""; VariantName = "[No Variations]"
Change component parameters (AddParameter): Name = "Alternative3"; Value = ""; VariantName = "[No Variations]"
Change component parameters (AddParameter): Name = "CardKRR"; Value = ""; VariantName = "[No Variations]"
Change component parameters (AddParameter): Name = "ComponentLink1Description"; Value = ""; VariantName = "[No Variations]"
Change component parameters (AddParameter): Name = "ComponentLink1URL"; Value = "\\192.168.0.101\U_Base\PDF\OTHER\KLS7-TS6601.pdf"; VariantName = "[No Variations]"
Change component parameters (AddParameter): Name = "ComponentLink2Description"; Value = ""; VariantName = "[No Variations]"
Change component parameters (AddParameter): Name = "ComponentLink2URL"; Value = ""; VariantName = "[No Variations]"
Change component parameters (AddParameter): Name = "CurrentFact"; Value = ""; VariantName = "[No Variations]"
Change component parameters (AddParameter): Name = "CurrentLimit"; Value = ""; VariantName = "[No Variations]"
Change component parameters (AddParameter): Name = "DataSheet"; Value = "#\\192.168.0.101\U_Base\PDF\OTHER\KLS7-TS6601.pdf#"; VariantName = "[No Variations]"
Change component parameters (AddParameter): Name = "DeliveryTime"; Value = ""; VariantName = "[No Variations]"
Change component parameters (AddParameter): Name = "Group"; Value = "Кнопка тактовая"; VariantName = "[No Variations]"
Change component parameters (AddParameter): Name = "HelpURL"; Value = "\\192.168.0.101\U_Base\PDF\OTHER\KLS7-TS6601.pdf"; VariantName = "[No Variations]"
Change component parameters (AddParameter): Name = "Key"; Value = "60"; VariantName = "[No Variations]"
Change component parameters (AddParameter): Name = "Manufacturer"; Value = "KLS Electronic"; VariantName = "[No Variations]"
Change component parameters (AddParameter): Name = "ManufacturerPartNumber"; Value = ""; VariantName = "[No Variations]"
Change component parameters (AddParameter): Name = "ManufacturerTU"; Value = ""; VariantName = "[No Variations]"
Change component parameters (AddParameter): Name = "Mark"; Value = ""; VariantName = "[No Variations]"
Change component parameters (AddParameter): Name = "Mass"; Value = ""; VariantName = "[No Variations]"
Change component parameters (AddParameter): Name = "MilitaryControl"; Value = "ОТК"; VariantName = "[No Variations]"
Change component parameters (AddParameter): Name = "Modify"; Value = "05.12.2022"; VariantName = "[No Variations]"
Change component parameters (AddParameter): Name = "MountChoice"; Value = ""; VariantName = "[No Variations]"
Change component parameters (AddParameter): Name = "MountType"; Value = "РМ"; VariantName = "[No Variations]"
Change component parameters (AddParameter): Name = "Name"; Value = "KLS7-TS6601-11-180"; VariantName = "[No Variations]"
Change component parameters (AddParameter): Name = "Notice"; Value = ""; VariantName = "[No Variations]"
Change component parameters (AddParameter): Name = "Package"; Value = ""; VariantName = "[No Variations]"
Change component parameters (AddParameter): Name = "PartNumber"; Value = "Кнопка тактовая прямая KLS7-TS6601-11-180"; VariantName = "[No Variations]"
Change component parameters (AddParameter): Name = "PowerFact"; Value = ""; VariantName = "[No Variations]"
Change component parameters (AddParameter): Name = "PowerLimit"; Value = ""; VariantName = "[No Variations]"
Change component parameters (AddParameter): Name = "SolderName"; Value = "KLS7-TS6601-11-180"; VariantName = "[No Variations]"
Change component parameters (AddParameter): Name = "SolderTemperature"; Value = ""; VariantName = "[No Variations]"
Change component parameters (AddParameter): Name = "Tag"; Value = ""; VariantName = "[No Variations]"
Change component parameters (AddParameter): Name = "TemperatureRange"; Value = ""; VariantName = "[No Variations]"
Change component parameters (AddParameter): Name = "Usage"; Value = ""; VariantName = "[No Variations]"
Change component parameters (AddParameter): Name = "Value"; Value = ""; VariantName = "[No Variations]"
Change component parameters (AddParameter): Name = "ViewControl"; Value = "В,100%"; VariantName = "[No Variations]"
Change component parameters (AddParameter): Name = "VoltageFact"; Value = ""; VariantName = "[No Variations]"
Change component parameters (AddParameter): Name = "VoltageLimit"; Value = ""; VariantName = "[No Variations]"
Change component parameters (AddParameter): Name = "X_SORT_1"; Value = ""; VariantName = "[No Variations]"
Change component parameters (AddParameter): Name = "X_SORT_2"; Value = ""; VariantName = "[No Variations]"
Change component parameters (AddParameter): Name = "X_SORT_3"; Value = ""; VariantName = "[No Variations]"
Change component parameters: Designator = "SB11" ("SB11"); Footprint = "SWITCH_TACT_17MM"; UniqueID = "\FWZTZEQF" ("\FWZTZEQF")
Change component parameters (AddParameter): Name = "Alternative"; Value = "IT-1102"; VariantName = "[No Variations]"
Change component parameters (AddParameter): Name = "Alternative2"; Value = ""; VariantName = "[No Variations]"
Change component parameters (AddParameter): Name = "Alternative3"; Value = ""; VariantName = "[No Variations]"
Change component parameters (AddParameter): Name = "CardKRR"; Value = ""; VariantName = "[No Variations]"
Change component parameters (AddParameter): Name = "ComponentLink1Description"; Value = ""; VariantName = "[No Variations]"
Change component parameters (AddParameter): Name = "ComponentLink1URL"; Value = "\\192.168.0.101\U_Base\PDF\OTHER\KLS7-TS6601.pdf"; VariantName = "[No Variations]"
Change component parameters (AddParameter): Name = "ComponentLink2Description"; Value = ""; VariantName = "[No Variations]"
Change component parameters (AddParameter): Name = "ComponentLink2URL"; Value = ""; VariantName = "[No Variations]"
Change component parameters (AddParameter): Name = "CurrentFact"; Value = ""; VariantName = "[No Variations]"
Change component parameters (AddParameter): Name = "CurrentLimit"; Value = ""; VariantName = "[No Variations]"
Change component parameters (AddParameter): Name = "DataSheet"; Value = "#\\192.168.0.101\U_Base\PDF\OTHER\KLS7-TS6601.pdf#"; VariantName = "[No Variations]"
Change component parameters (AddParameter): Name = "DeliveryTime"; Value = ""; VariantName = "[No Variations]"
Change component parameters (AddParameter): Name = "Group"; Value = "Кнопка тактовая"; VariantName = "[No Variations]"
Change component parameters (AddParameter): Name = "HelpURL"; Value = "\\192.168.0.101\U_Base\PDF\OTHER\KLS7-TS6601.pdf"; VariantName = "[No Variations]"
Change component parameters (AddParameter): Name = "Key"; Value = "60"; VariantName = "[No Variations]"
Change component parameters (AddParameter): Name = "Manufacturer"; Value = "KLS Electronic"; VariantName = "[No Variations]"
Change component parameters (AddParameter): Name = "ManufacturerPartNumber"; Value = ""; VariantName = "[No Variations]"
Change component parameters (AddParameter): Name = "ManufacturerTU"; Value = ""; VariantName = "[No Variations]"
Change component parameters (AddParameter): Name = "Mark"; Value = ""; VariantName = "[No Variations]"
Change component parameters (AddParameter): Name = "Mass"; Value = ""; VariantName = "[No Variations]"
Change component parameters (AddParameter): Name = "MilitaryControl"; Value = "ОТК"; VariantName = "[No Variations]"
Change component parameters (AddParameter): Name = "Modify"; Value = "05.12.2022"; VariantName = "[No Variations]"
Change component parameters (AddParameter): Name = "MountChoice"; Value = ""; VariantName = "[No Variations]"
Change component parameters (AddParameter): Name = "MountType"; Value = "РМ"; VariantName = "[No Variations]"
Change component parameters (AddParameter): Name = "Name"; Value = "KLS7-TS6601-11-180"; VariantName = "[No Variations]"
Change component parameters (AddParameter): Name = "Notice"; Value = ""; VariantName = "[No Variations]"
Change component parameters (AddParameter): Name = "Package"; Value = ""; VariantName = "[No Variations]"
Change component parameters (AddParameter): Name = "PartNumber"; Value = "Кнопка тактовая прямая KLS7-TS6601-11-180"; VariantName = "[No Variations]"
Change component parameters (AddParameter): Name = "PowerFact"; Value = ""; VariantName = "[No Variations]"
Change component parameters (AddParameter): Name = "PowerLimit"; Value = ""; VariantName = "[No Variations]"
Change component parameters (AddParameter): Name = "SolderName"; Value = "KLS7-TS6601-11-180"; VariantName = "[No Variations]"
Change component parameters (AddParameter): Name = "SolderTemperature"; Value = ""; VariantName = "[No Variations]"
Change component parameters (AddParameter): Name = "Tag"; Value = ""; VariantName = "[No Variations]"
Change component parameters (AddParameter): Name = "TemperatureRange"; Value = ""; VariantName = "[No Variations]"
Change component parameters (AddParameter): Name = "Usage"; Value = ""; VariantName = "[No Variations]"
Change component parameters (AddParameter): Name = "Value"; Value = ""; VariantName = "[No Variations]"
Change component parameters (AddParameter): Name = "ViewControl"; Value = "В,100%"; VariantName = "[No Variations]"
Change component parameters (AddParameter): Name = "VoltageFact"; Value = ""; VariantName = "[No Variations]"
Change component parameters (AddParameter): Name = "VoltageLimit"; Value = ""; VariantName = "[No Variations]"
Change component parameters (AddParameter): Name = "X_SORT_1"; Value = ""; VariantName = "[No Variations]"
Change component parameters (AddParameter): Name = "X_SORT_2"; Value = ""; VariantName = "[No Variations]"
Change component parameters (AddParameter): Name = "X_SORT_3"; Value = ""; VariantName = "[No Variations]"
Change component parameters: Designator = "SB12" ("SB12"); Footprint = "SWITCH_TACT_17MM"; UniqueID = "\LRRNFZON" ("\LRRNFZON")
Change component parameters (AddParameter): Name = "Alternative"; Value = "IT-1102"; VariantName = "[No Variations]"
Change component parameters (AddParameter): Name = "Alternative2"; Value = ""; VariantName = "[No Variations]"
Change component parameters (AddParameter): Name = "Alternative3"; Value = ""; VariantName = "[No Variations]"
Change component parameters (AddParameter): Name = "CardKRR"; Value = ""; VariantName = "[No Variations]"
Change component parameters (AddParameter): Name = "ComponentLink1Description"; Value = ""; VariantName = "[No Variations]"
Change component parameters (AddParameter): Name = "ComponentLink1URL"; Value = "\\192.168.0.101\U_Base\PDF\OTHER\KLS7-TS6601.pdf"; VariantName = "[No Variations]"
Change component parameters (AddParameter): Name = "ComponentLink2Description"; Value = ""; VariantName = "[No Variations]"
Change component parameters (AddParameter): Name = "ComponentLink2URL"; Value = ""; VariantName = "[No Variations]"
Change component parameters (AddParameter): Name = "CurrentFact"; Value = ""; VariantName = "[No Variations]"
Change component parameters (AddParameter): Name = "CurrentLimit"; Value = ""; VariantName = "[No Variations]"
Change component parameters (AddParameter): Name = "DataSheet"; Value = "#\\192.168.0.101\U_Base\PDF\OTHER\KLS7-TS6601.pdf#"; VariantName = "[No Variations]"
Change component parameters (AddParameter): Name = "DeliveryTime"; Value = ""; VariantName = "[No Variations]"
Change component parameters (AddParameter): Name = "Group"; Value = "Кнопка тактовая"; VariantName = "[No Variations]"
Change component parameters (AddParameter): Name = "HelpURL"; Value = "\\192.168.0.101\U_Base\PDF\OTHER\KLS7-TS6601.pdf"; VariantName = "[No Variations]"
Change component parameters (AddParameter): Name = "Key"; Value = "60"; VariantName = "[No Variations]"
Change component parameters (AddParameter): Name = "Manufacturer"; Value = "KLS Electronic"; VariantName = "[No Variations]"
Change component parameters (AddParameter): Name = "ManufacturerPartNumber"; Value = ""; VariantName = "[No Variations]"
Change component parameters (AddParameter): Name = "ManufacturerTU"; Value = ""; VariantName = "[No Variations]"
Change component parameters (AddParameter): Name = "Mark"; Value = ""; VariantName = "[No Variations]"
Change component parameters (AddParameter): Name = "Mass"; Value = ""; VariantName = "[No Variations]"
Change component parameters (AddParameter): Name = "MilitaryControl"; Value = "ОТК"; VariantName = "[No Variations]"
Change component parameters (AddParameter): Name = "Modify"; Value = "05.12.2022"; VariantName = "[No Variations]"
Change component parameters (AddParameter): Name = "MountChoice"; Value = ""; VariantName = "[No Variations]"
Change component parameters (AddParameter): Name = "MountType"; Value = "РМ"; VariantName = "[No Variations]"
Change component parameters (AddParameter): Name = "Name"; Value = "KLS7-TS6601-11-180"; VariantName = "[No Variations]"
Change component parameters (AddParameter): Name = "Notice"; Value = ""; VariantName = "[No Variations]"
Change component parameters (AddParameter): Name = "Package"; Value = ""; VariantName = "[No Variations]"
Change component parameters (AddParameter): Name = "PartNumber"; Value = "Кнопка тактовая прямая KLS7-TS6601-11-180"; VariantName = "[No Variations]"
Change component parameters (AddParameter): Name = "PowerFact"; Value = ""; VariantName = "[No Variations]"
Change component parameters (AddParameter): Name = "PowerLimit"; Value = ""; VariantName = "[No Variations]"
Change component parameters (AddParameter): Name = "SolderName"; Value = "KLS7-TS6601-11-180"; VariantName = "[No Variations]"
Change component parameters (AddParameter): Name = "SolderTemperature"; Value = ""; VariantName = "[No Variations]"
Change component parameters (AddParameter): Name = "Tag"; Value = ""; VariantName = "[No Variations]"
Change component parameters (AddParameter): Name = "TemperatureRange"; Value = ""; VariantName = "[No Variations]"
Change component parameters (AddParameter): Name = "Usage"; Value = ""; VariantName = "[No Variations]"
Change component parameters (AddParameter): Name = "Value"; Value = ""; VariantName = "[No Variations]"
Change component parameters (AddParameter): Name = "ViewControl"; Value = "В,100%"; VariantName = "[No Variations]"
Change component parameters (AddParameter): Name = "VoltageFact"; Value = ""; VariantName = "[No Variations]"
Change component parameters (AddParameter): Name = "VoltageLimit"; Value = ""; VariantName = "[No Variations]"
Change component parameters (AddParameter): Name = "X_SORT_1"; Value = ""; VariantName = "[No Variations]"
Change component parameters (AddParameter): Name = "X_SORT_2"; Value = ""; VariantName = "[No Variations]"
Change component parameters (AddParameter): Name = "X_SORT_3"; Value = ""; VariantName = "[No Variations]"
Change component parameters: Designator = "SB13" ("SB13"); Footprint = "SWITCH_TACT_17MM"; UniqueID = "\LLWFIWHF" ("\LLWFIWHF")
Change component parameters (AddParameter): Name = "Alternative"; Value = "IT-1102"; VariantName = "[No Variations]"
Change component parameters (AddParameter): Name = "Alternative2"; Value = ""; VariantName = "[No Variations]"
Change component parameters (AddParameter): Name = "Alternative3"; Value = ""; VariantName = "[No Variations]"
Change component parameters (AddParameter): Name = "CardKRR"; Value = ""; VariantName = "[No Variations]"
Change component parameters (AddParameter): Name = "ComponentLink1Description"; Value = ""; VariantName = "[No Variations]"
Change component parameters (AddParameter): Name = "ComponentLink1URL"; Value = "\\192.168.0.101\U_Base\PDF\OTHER\KLS7-TS6601.pdf"; VariantName = "[No Variations]"
Change component parameters (AddParameter): Name = "ComponentLink2Description"; Value = ""; VariantName = "[No Variations]"
Change component parameters (AddParameter): Name = "ComponentLink2URL"; Value = ""; VariantName = "[No Variations]"
Change component parameters (AddParameter): Name = "CurrentFact"; Value = ""; VariantName = "[No Variations]"
Change component parameters (AddParameter): Name = "CurrentLimit"; Value = ""; VariantName = "[No Variations]"
Change component parameters (AddParameter): Name = "DataSheet"; Value = "#\\192.168.0.101\U_Base\PDF\OTHER\KLS7-TS6601.pdf#"; VariantName = "[No Variations]"
Change component parameters (AddParameter): Name = "DeliveryTime"; Value = ""; VariantName = "[No Variations]"
Change component parameters (AddParameter): Name = "Group"; Value = "Кнопка тактовая"; VariantName = "[No Variations]"
Change component parameters (AddParameter): Name = "HelpURL"; Value = "\\192.168.0.101\U_Base\PDF\OTHER\KLS7-TS6601.pdf"; VariantName = "[No Variations]"
Change component parameters (AddParameter): Name = "Key"; Value = "60"; VariantName = "[No Variations]"
Change component parameters (AddParameter): Name = "Manufacturer"; Value = "KLS Electronic"; VariantName = "[No Variations]"
Change component parameters (AddParameter): Name = "ManufacturerPartNumber"; Value = ""; VariantName = "[No Variations]"
Change component parameters (AddParameter): Name = "ManufacturerTU"; Value = ""; VariantName = "[No Variations]"
Change component parameters (AddParameter): Name = "Mark"; Value = ""; VariantName = "[No Variations]"
Change component parameters (AddParameter): Name = "Mass"; Value = ""; VariantName = "[No Variations]"
Change component parameters (AddParameter): Name = "MilitaryControl"; Value = "ОТК"; VariantName = "[No Variations]"
Change component parameters (AddParameter): Name = "Modify"; Value = "05.12.2022"; VariantName = "[No Variations]"
Change component parameters (AddParameter): Name = "MountChoice"; Value = ""; VariantName = "[No Variations]"
Change component parameters (AddParameter): Name = "MountType"; Value = "РМ"; VariantName = "[No Variations]"
Change component parameters (AddParameter): Name = "Name"; Value = "KLS7-TS6601-11-180"; VariantName = "[No Variations]"
Change component parameters (AddParameter): Name = "Notice"; Value = ""; VariantName = "[No Variations]"
Change component parameters (AddParameter): Name = "Package"; Value = ""; VariantName = "[No Variations]"
Change component parameters (AddParameter): Name = "PartNumber"; Value = "Кнопка тактовая прямая KLS7-TS6601-11-180"; VariantName = "[No Variations]"
Change component parameters (AddParameter): Name = "PowerFact"; Value = ""; VariantName = "[No Variations]"
Change component parameters (AddParameter): Name = "PowerLimit"; Value = ""; VariantName = "[No Variations]"
Change component parameters (AddParameter): Name = "SolderName"; Value = "KLS7-TS6601-11-180"; VariantName = "[No Variations]"
Change component parameters (AddParameter): Name = "SolderTemperature"; Value = ""; VariantName = "[No Variations]"
Change component parameters (AddParameter): Name = "Tag"; Value = ""; VariantName = "[No Variations]"
Change component parameters (AddParameter): Name = "TemperatureRange"; Value = ""; VariantName = "[No Variations]"
Change component parameters (AddParameter): Name = "Usage"; Value = ""; VariantName = "[No Variations]"
Change component parameters (AddParameter): Name = "Value"; Value = ""; VariantName = "[No Variations]"
Change component parameters (AddParameter): Name = "ViewControl"; Value = "В,100%"; VariantName = "[No Variations]"
Change component parameters (AddParameter): Name = "VoltageFact"; Value = ""; VariantName = "[No Variations]"
Change component parameters (AddParameter): Name = "VoltageLimit"; Value = ""; VariantName = "[No Variations]"
Change component parameters (AddParameter): Name = "X_SORT_1"; Value = ""; VariantName = "[No Variations]"
Change component parameters (AddParameter): Name = "X_SORT_2"; Value = ""; VariantName = "[No Variations]"
Change component parameters (AddParameter): Name = "X_SORT_3"; Value = ""; VariantName = "[No Variations]"
Change component parameters: Designator = "SB14" ("SB14"); Footprint = "SWITCH_TACT_17MM"; UniqueID = "\HDNUWLAC" ("\HDNUWLAC")
Change component parameters (AddParameter): Name = "Alternative"; Value = "IT-1102"; VariantName = "[No Variations]"
Change component parameters (AddParameter): Name = "Alternative2"; Value = ""; VariantName = "[No Variations]"
Change component parameters (AddParameter): Name = "Alternative3"; Value = ""; VariantName = "[No Variations]"
Change component parameters (AddParameter): Name = "CardKRR"; Value = ""; VariantName = "[No Variations]"
Change component parameters (AddParameter): Name = "ComponentLink1Description"; Value = ""; VariantName = "[No Variations]"
Change component parameters (AddParameter): Name = "ComponentLink1URL"; Value = "\\192.168.0.101\U_Base\PDF\OTHER\KLS7-TS6601.pdf"; VariantName = "[No Variations]"
Change component parameters (AddParameter): Name = "ComponentLink2Description"; Value = ""; VariantName = "[No Variations]"
Change component parameters (AddParameter): Name = "ComponentLink2URL"; Value = ""; VariantName = "[No Variations]"
Change component parameters (AddParameter): Name = "CurrentFact"; Value = ""; VariantName = "[No Variations]"
Change component parameters (AddParameter): Name = "CurrentLimit"; Value = ""; VariantName = "[No Variations]"
Change component parameters (AddParameter): Name = "DataSheet"; Value = "#\\192.168.0.101\U_Base\PDF\OTHER\KLS7-TS6601.pdf#"; VariantName = "[No Variations]"
Change component parameters (AddParameter): Name = "DeliveryTime"; Value = ""; VariantName = "[No Variations]"
Change component parameters (AddParameter): Name = "Group"; Value = "Кнопка тактовая"; VariantName = "[No Variations]"
Change component parameters (AddParameter): Name = "HelpURL"; Value = "\\192.168.0.101\U_Base\PDF\OTHER\KLS7-TS6601.pdf"; VariantName = "[No Variations]"
Change component parameters (AddParameter): Name = "Key"; Value = "60"; VariantName = "[No Variations]"
Change component parameters (AddParameter): Name = "Manufacturer"; Value = "KLS Electronic"; VariantName = "[No Variations]"
Change component parameters (AddParameter): Name = "ManufacturerPartNumber"; Value = ""; VariantName = "[No Variations]"
Change component parameters (AddParameter): Name = "ManufacturerTU"; Value = ""; VariantName = "[No Variations]"
Change component parameters (AddParameter): Name = "Mark"; Value = ""; VariantName = "[No Variations]"
Change component parameters (AddParameter): Name = "Mass"; Value = ""; VariantName = "[No Variations]"
Change component parameters (AddParameter): Name = "MilitaryControl"; Value = "ОТК"; VariantName = "[No Variations]"
Change component parameters (AddParameter): Name = "Modify"; Value = "05.12.2022"; VariantName = "[No Variations]"
Change component parameters (AddParameter): Name = "MountChoice"; Value = ""; VariantName = "[No Variations]"
Change component parameters (AddParameter): Name = "MountType"; Value = "РМ"; VariantName = "[No Variations]"
Change component parameters (AddParameter): Name = "Name"; Value = "KLS7-TS6601-11-180"; VariantName = "[No Variations]"
Change component parameters (AddParameter): Name = "Notice"; Value = ""; VariantName = "[No Variations]"
Change component parameters (AddParameter): Name = "Package"; Value = ""; VariantName = "[No Variations]"
Change component parameters (AddParameter): Name = "PartNumber"; Value = "Кнопка тактовая прямая KLS7-TS6601-11-180"; VariantName = "[No Variations]"
Change component parameters (AddParameter): Name = "PowerFact"; Value = ""; VariantName = "[No Variations]"
Change component parameters (AddParameter): Name = "PowerLimit"; Value = ""; VariantName = "[No Variations]"
Change component parameters (AddParameter): Name = "SolderName"; Value = "KLS7-TS6601-11-180"; VariantName = "[No Variations]"
Change component parameters (AddParameter): Name = "SolderTemperature"; Value = ""; VariantName = "[No Variations]"
Change component parameters (AddParameter): Name = "Tag"; Value = ""; VariantName = "[No Variations]"
Change component parameters (AddParameter): Name = "TemperatureRange"; Value = ""; VariantName = "[No Variations]"
Change component parameters (AddParameter): Name = "Usage"; Value = ""; VariantName = "[No Variations]"
Change component parameters (AddParameter): Name = "Value"; Value = ""; VariantName = "[No Variations]"
Change component parameters (AddParameter): Name = "ViewControl"; Value = "В,100%"; VariantName = "[No Variations]"
Change component parameters (AddParameter): Name = "VoltageFact"; Value = ""; VariantName = "[No Variations]"
Change component parameters (AddParameter): Name = "VoltageLimit"; Value = ""; VariantName = "[No Variations]"
Change component parameters (AddParameter): Name = "X_SORT_1"; Value = ""; VariantName = "[No Variations]"
Change component parameters (AddParameter): Name = "X_SORT_2"; Value = ""; VariantName = "[No Variations]"
Change component parameters (AddParameter): Name = "X_SORT_3"; Value = ""; VariantName = "[No Variations]"
Change component parameters: Designator = "SB15" ("SB15"); Footprint = "SWITCH_TACT_17MM"; UniqueID = "\OYWHBGJY" ("\OYWHBGJY")
Change component parameters (AddParameter): Name = "Alternative"; Value = "IT-1102"; VariantName = "[No Variations]"
Change component parameters (AddParameter): Name = "Alternative2"; Value = ""; VariantName = "[No Variations]"
Change component parameters (AddParameter): Name = "Alternative3"; Value = ""; VariantName = "[No Variations]"
Change component parameters (AddParameter): Name = "CardKRR"; Value = ""; VariantName = "[No Variations]"
Change component parameters (AddParameter): Name = "ComponentLink1Description"; Value = ""; VariantName = "[No Variations]"
Change component parameters (AddParameter): Name = "ComponentLink1URL"; Value = "\\192.168.0.101\U_Base\PDF\OTHER\KLS7-TS6601.pdf"; VariantName = "[No Variations]"
Change component parameters (AddParameter): Name = "ComponentLink2Description"; Value = ""; VariantName = "[No Variations]"
Change component parameters (AddParameter): Name = "ComponentLink2URL"; Value = ""; VariantName = "[No Variations]"
Change component parameters (AddParameter): Name = "CurrentFact"; Value = ""; VariantName = "[No Variations]"
Change component parameters (AddParameter): Name = "CurrentLimit"; Value = ""; VariantName = "[No Variations]"
Change component parameters (AddParameter): Name = "DataSheet"; Value = "#\\192.168.0.101\U_Base\PDF\OTHER\KLS7-TS6601.pdf#"; VariantName = "[No Variations]"
Change component parameters (AddParameter): Name = "DeliveryTime"; Value = ""; VariantName = "[No Variations]"
Change component parameters (AddParameter): Name = "Group"; Value = "Кнопка тактовая"; VariantName = "[No Variations]"
Change component parameters (AddParameter): Name = "HelpURL"; Value = "\\192.168.0.101\U_Base\PDF\OTHER\KLS7-TS6601.pdf"; VariantName = "[No Variations]"
Change component parameters (AddParameter): Name = "Key"; Value = "60"; VariantName = "[No Variations]"
Change component parameters (AddParameter): Name = "Manufacturer"; Value = "KLS Electronic"; VariantName = "[No Variations]"
Change component parameters (AddParameter): Name = "ManufacturerPartNumber"; Value = ""; VariantName = "[No Variations]"
Change component parameters (AddParameter): Name = "ManufacturerTU"; Value = ""; VariantName = "[No Variations]"
Change component parameters (AddParameter): Name = "Mark"; Value = ""; VariantName = "[No Variations]"
Change component parameters (AddParameter): Name = "Mass"; Value = ""; VariantName = "[No Variations]"
Change component parameters (AddParameter): Name = "MilitaryControl"; Value = "ОТК"; VariantName = "[No Variations]"
Change component parameters (AddParameter): Name = "Modify"; Value = "05.12.2022"; VariantName = "[No Variations]"
Change component parameters (AddParameter): Name = "MountChoice"; Value = ""; VariantName = "[No Variations]"
Change component parameters (AddParameter): Name = "MountType"; Value = "РМ"; VariantName = "[No Variations]"
Change component parameters (AddParameter): Name = "Name"; Value = "KLS7-TS6601-11-180"; VariantName = "[No Variations]"
Change component parameters (AddParameter): Name = "Notice"; Value = ""; VariantName = "[No Variations]"
Change component parameters (AddParameter): Name = "Package"; Value = ""; VariantName = "[No Variations]"
Change component parameters (AddParameter): Name = "PartNumber"; Value = "Кнопка тактовая прямая KLS7-TS6601-11-180"; VariantName = "[No Variations]"
Change component parameters (AddParameter): Name = "PowerFact"; Value = ""; VariantName = "[No Variations]"
Change component parameters (AddParameter): Name = "PowerLimit"; Value = ""; VariantName = "[No Variations]"
Change component parameters (AddParameter): Name = "SolderName"; Value = "KLS7-TS6601-11-180"; VariantName = "[No Variations]"
Change component parameters (AddParameter): Name = "SolderTemperature"; Value = ""; VariantName = "[No Variations]"
Change component parameters (AddParameter): Name = "Tag"; Value = ""; VariantName = "[No Variations]"
Change component parameters (AddParameter): Name = "TemperatureRange"; Value = ""; VariantName = "[No Variations]"
Change component parameters (AddParameter): Name = "Usage"; Value = ""; VariantName = "[No Variations]"
Change component parameters (AddParameter): Name = "Value"; Value = ""; VariantName = "[No Variations]"
Change component parameters (AddParameter): Name = "ViewControl"; Value = "В,100%"; VariantName = "[No Variations]"
Change component parameters (AddParameter): Name = "VoltageFact"; Value = ""; VariantName = "[No Variations]"
Change component parameters (AddParameter): Name = "VoltageLimit"; Value = ""; VariantName = "[No Variations]"
Change component parameters (AddParameter): Name = "X_SORT_1"; Value = ""; VariantName = "[No Variations]"
Change component parameters (AddParameter): Name = "X_SORT_2"; Value = ""; VariantName = "[No Variations]"
Change component parameters (AddParameter): Name = "X_SORT_3"; Value = ""; VariantName = "[No Variations]"
Change component parameters: Designator = "SB16" ("SB16"); Footprint = "SWITCH_TACT_17MM"; UniqueID = "\TRNDWQKX" ("\TRNDWQKX")
Change component parameters (AddParameter): Name = "Alternative"; Value = "IT-1102"; VariantName = "[No Variations]"
Change component parameters (AddParameter): Name = "Alternative2"; Value = ""; VariantName = "[No Variations]"
Change component parameters (AddParameter): Name = "Alternative3"; Value = ""; VariantName = "[No Variations]"
Change component parameters (AddParameter): Name = "CardKRR"; Value = ""; VariantName = "[No Variations]"
Change component parameters (AddParameter): Name = "ComponentLink1Description"; Value = ""; VariantName = "[No Variations]"
Change component parameters (AddParameter): Name = "ComponentLink1URL"; Value = "\\192.168.0.101\U_Base\PDF\OTHER\KLS7-TS6601.pdf"; VariantName = "[No Variations]"
Change component parameters (AddParameter): Name = "ComponentLink2Description"; Value = ""; VariantName = "[No Variations]"
Change component parameters (AddParameter): Name = "ComponentLink2URL"; Value = ""; VariantName = "[No Variations]"
Change component parameters (AddParameter): Name = "CurrentFact"; Value = ""; VariantName = "[No Variations]"
Change component parameters (AddParameter): Name = "CurrentLimit"; Value = ""; VariantName = "[No Variations]"
Change component parameters (AddParameter): Name = "DataSheet"; Value = "#\\192.168.0.101\U_Base\PDF\OTHER\KLS7-TS6601.pdf#"; VariantName = "[No Variations]"
Change component parameters (AddParameter): Name = "DeliveryTime"; Value = ""; VariantName = "[No Variations]"
Change component parameters (AddParameter): Name = "Group"; Value = "Кнопка тактовая"; VariantName = "[No Variations]"
Change component parameters (AddParameter): Name = "HelpURL"; Value = "\\192.168.0.101\U_Base\PDF\OTHER\KLS7-TS6601.pdf"; VariantName = "[No Variations]"
Change component parameters (AddParameter): Name = "Key"; Value = "60"; VariantName = "[No Variations]"
Change component parameters (AddParameter): Name = "Manufacturer"; Value = "KLS Electronic"; VariantName = "[No Variations]"
Change component parameters (AddParameter): Name = "ManufacturerPartNumber"; Value = ""; VariantName = "[No Variations]"
Change component parameters (AddParameter): Name = "ManufacturerTU"; Value = ""; VariantName = "[No Variations]"
Change component parameters (AddParameter): Name = "Mark"; Value = ""; VariantName = "[No Variations]"
Change component parameters (AddParameter): Name = "Mass"; Value = ""; VariantName = "[No Variations]"
Change component parameters (AddParameter): Name = "MilitaryControl"; Value = "ОТК"; VariantName = "[No Variations]"
Change component parameters (AddParameter): Name = "Modify"; Value = "05.12.2022"; VariantName = "[No Variations]"
Change component parameters (AddParameter): Name = "MountChoice"; Value = ""; VariantName = "[No Variations]"
Change component parameters (AddParameter): Name = "MountType"; Value = "РМ"; VariantName = "[No Variations]"
Change component parameters (AddParameter): Name = "Name"; Value = "KLS7-TS6601-11-180"; VariantName = "[No Variations]"
Change component parameters (AddParameter): Name = "Notice"; Value = ""; VariantName = "[No Variations]"
Change component parameters (AddParameter): Name = "Package"; Value = ""; VariantName = "[No Variations]"
Change component parameters (AddParameter): Name = "PartNumber"; Value = "Кнопка тактовая прямая KLS7-TS6601-11-180"; VariantName = "[No Variations]"
Change component parameters (AddParameter): Name = "PowerFact"; Value = ""; VariantName = "[No Variations]"
Change component parameters (AddParameter): Name = "PowerLimit"; Value = ""; VariantName = "[No Variations]"
Change component parameters (AddParameter): Name = "SolderName"; Value = "KLS7-TS6601-11-180"; VariantName = "[No Variations]"
Change component parameters (AddParameter): Name = "SolderTemperature"; Value = ""; VariantName = "[No Variations]"
Change component parameters (AddParameter): Name = "Tag"; Value = ""; VariantName = "[No Variations]"
Change component parameters (AddParameter): Name = "TemperatureRange"; Value = ""; VariantName = "[No Variations]"
Change component parameters (AddParameter): Name = "Usage"; Value = ""; VariantName = "[No Variations]"
Change component parameters (AddParameter): Name = "Value"; Value = ""; VariantName = "[No Variations]"
Change component parameters (AddParameter): Name = "ViewControl"; Value = "В,100%"; VariantName = "[No Variations]"
Change component parameters (AddParameter): Name = "VoltageFact"; Value = ""; VariantName = "[No Variations]"
Change component parameters (AddParameter): Name = "VoltageLimit"; Value = ""; VariantName = "[No Variations]"
Change component parameters (AddParameter): Name = "X_SORT_1"; Value = ""; VariantName = "[No Variations]"
Change component parameters (AddParameter): Name = "X_SORT_2"; Value = ""; VariantName = "[No Variations]"
Change component parameters (AddParameter): Name = "X_SORT_3"; Value = ""; VariantName = "[No Variations]"
Change component parameters: Designator = "SB17" ("SB17"); Footprint = "SWITCH_TACT_17MM"; UniqueID = "\YMRMOALF" ("\YMRMOALF")
Change component parameters (AddParameter): Name = "Alternative"; Value = "IT-1102"; VariantName = "[No Variations]"
Change component parameters (AddParameter): Name = "Alternative2"; Value = ""; VariantName = "[No Variations]"
Change component parameters (AddParameter): Name = "Alternative3"; Value = ""; VariantName = "[No Variations]"
Change component parameters (AddParameter): Name = "CardKRR"; Value = ""; VariantName = "[No Variations]"
Change component parameters (AddParameter): Name = "ComponentLink1Description"; Value = ""; VariantName = "[No Variations]"
Change component parameters (AddParameter): Name = "ComponentLink1URL"; Value = "\\192.168.0.101\U_Base\PDF\OTHER\KLS7-TS6601.pdf"; VariantName = "[No Variations]"
Change component parameters (AddParameter): Name = "ComponentLink2Description"; Value = ""; VariantName = "[No Variations]"
Change component parameters (AddParameter): Name = "ComponentLink2URL"; Value = ""; VariantName = "[No Variations]"
Change component parameters (AddParameter): Name = "CurrentFact"; Value = ""; VariantName = "[No Variations]"
Change component parameters (AddParameter): Name = "CurrentLimit"; Value = ""; VariantName = "[No Variations]"
Change component parameters (AddParameter): Name = "DataSheet"; Value = "#\\192.168.0.101\U_Base\PDF\OTHER\KLS7-TS6601.pdf#"; VariantName = "[No Variations]"
Change component parameters (AddParameter): Name = "DeliveryTime"; Value = ""; VariantName = "[No Variations]"
Change component parameters (AddParameter): Name = "Group"; Value = "Кнопка тактовая"; VariantName = "[No Variations]"
Change component parameters (AddParameter): Name = "HelpURL"; Value = "\\192.168.0.101\U_Base\PDF\OTHER\KLS7-TS6601.pdf"; VariantName = "[No Variations]"
Change component parameters (AddParameter): Name = "Key"; Value = "60"; VariantName = "[No Variations]"
Change component parameters (AddParameter): Name = "Manufacturer"; Value = "KLS Electronic"; VariantName = "[No Variations]"
Change component parameters (AddParameter): Name = "ManufacturerPartNumber"; Value = ""; VariantName = "[No Variations]"
Change component parameters (AddParameter): Name = "ManufacturerTU"; Value = ""; VariantName = "[No Variations]"
Change component parameters (AddParameter): Name = "Mark"; Value = ""; VariantName = "[No Variations]"
Change component parameters (AddParameter): Name = "Mass"; Value = ""; VariantName = "[No Variations]"
Change component parameters (AddParameter): Name = "MilitaryControl"; Value = "ОТК"; VariantName = "[No Variations]"
Change component parameters (AddParameter): Name = "Modify"; Value = "05.12.2022"; VariantName = "[No Variations]"
Change component parameters (AddParameter): Name = "MountChoice"; Value = ""; VariantName = "[No Variations]"
Change component parameters (AddParameter): Name = "MountType"; Value = "РМ"; VariantName = "[No Variations]"
Change component parameters (AddParameter): Name = "Name"; Value = "KLS7-TS6601-11-180"; VariantName = "[No Variations]"
Change component parameters (AddParameter): Name = "Notice"; Value = ""; VariantName = "[No Variations]"
Change component parameters (AddParameter): Name = "Package"; Value = ""; VariantName = "[No Variations]"
Change component parameters (AddParameter): Name = "PartNumber"; Value = "Кнопка тактовая прямая KLS7-TS6601-11-180"; VariantName = "[No Variations]"
Change component parameters (AddParameter): Name = "PowerFact"; Value = ""; VariantName = "[No Variations]"
Change component parameters (AddParameter): Name = "PowerLimit"; Value = ""; VariantName = "[No Variations]"
Change component parameters (AddParameter): Name = "SolderName"; Value = "KLS7-TS6601-11-180"; VariantName = "[No Variations]"
Change component parameters (AddParameter): Name = "SolderTemperature"; Value = ""; VariantName = "[No Variations]"
Change component parameters (AddParameter): Name = "Tag"; Value = ""; VariantName = "[No Variations]"
Change component parameters (AddParameter): Name = "TemperatureRange"; Value = ""; VariantName = "[No Variations]"
Change component parameters (AddParameter): Name = "Usage"; Value = ""; VariantName = "[No Variations]"
Change component parameters (AddParameter): Name = "Value"; Value = ""; VariantName = "[No Variations]"
Change component parameters (AddParameter): Name = "ViewControl"; Value = "В,100%"; VariantName = "[No Variations]"
Change component parameters (AddParameter): Name = "VoltageFact"; Value = ""; VariantName = "[No Variations]"
Change component parameters (AddParameter): Name = "VoltageLimit"; Value = ""; VariantName = "[No Variations]"
Change component parameters (AddParameter): Name = "X_SORT_1"; Value = ""; VariantName = "[No Variations]"
Change component parameters (AddParameter): Name = "X_SORT_2"; Value = ""; VariantName = "[No Variations]"
Change component parameters (AddParameter): Name = "X_SORT_3"; Value = ""; VariantName = "[No Variations]"
