Added Component: Designator=SB1(Switch_tact_17mm)
Add component (AddParameter): Name = "Alternative"; Value = ""; VariantName = "[No Variations]"
Add component (AddParameter): Name = "Alternative2"; Value = ""; VariantName = "[No Variations]"
Add component (AddParameter): Name = "Alternative3"; Value = ""; VariantName = "[No Variations]"
Add component (AddParameter): Name = "CardKRR"; Value = ""; VariantName = "[No Variations]"
Add component (AddParameter): Name = "ComponentLink1Description"; Value = ""; VariantName = "[No Variations]"
Add component (AddParameter): Name = "ComponentLink1URL"; Value = "\\192.168.0.101\U_Base\PDF\OTHER\FSMxxJH.pdf"; VariantName = "[No Variations]"
Add component (AddParameter): Name = "ComponentLink2Description"; Value = ""; VariantName = "[No Variations]"
Add component (AddParameter): Name = "ComponentLink2URL"; Value = ""; VariantName = "[No Variations]"
Add component (AddParameter): Name = "CurrentFact"; Value = ""; VariantName = "[No Variations]"
Add component (AddParameter): Name = "CurrentLimit"; Value = ""; VariantName = "[No Variations]"
Add component (AddParameter): Name = "DataSheet"; Value = "#\\192.168.0.101\U_Base\PDF\OTHER\FSMxxJH.pdf#"; VariantName = "[No Variations]"
Add component (AddParameter): Name = "DeliveryTime"; Value = ""; VariantName = "[No Variations]"
Add component (AddParameter): Name = "Group"; Value = "Кнопка тактовая"; VariantName = "[No Variations]"
Add component (AddParameter): Name = "HelpURL"; Value = "\\192.168.0.101\U_Base\PDF\OTHER\FSMxxJH.pdf"; VariantName = "[No Variations]"
Add component (AddParameter): Name = "Key"; Value = "50"; VariantName = "[No Variations]"
Add component (AddParameter): Name = "Manufacturer"; Value = "TE Connectivity"; VariantName = "[No Variations]"
Add component (AddParameter): Name = "ManufacturerPartNumber"; Value = ""; VariantName = "[No Variations]"
Add component (AddParameter): Name = "ManufacturerTU"; Value = ""; VariantName = "[No Variations]"
Add component (AddParameter): Name = "Mark"; Value = ""; VariantName = "[No Variations]"
Add component (AddParameter): Name = "Mass"; Value = ""; VariantName = "[No Variations]"
Add component (AddParameter): Name = "MilitaryControl"; Value = "ОТК"; VariantName = "[No Variations]"
Add component (AddParameter): Name = "Modify"; Value = "01.09.2022"; VariantName = "[No Variations]"
Add component (AddParameter): Name = "MountChoice"; Value = ""; VariantName = "[No Variations]"
Add component (AddParameter): Name = "MountType"; Value = "РМ"; VariantName = "[No Variations]"
Add component (AddParameter): Name = "Name"; Value = "1825910-1 (FSM16JH)"; VariantName = "[No Variations]"
Add component (AddParameter): Name = "Notice"; Value = ""; VariantName = "[No Variations]"
Add component (AddParameter): Name = "Package"; Value = ""; VariantName = "[No Variations]"
Add component (AddParameter): Name = "PartNumber"; Value = "Кнопка тактовая 1825910-1 (FSM16JH)"; VariantName = "[No Variations]"
Add component (AddParameter): Name = "PowerFact"; Value = ""; VariantName = "[No Variations]"
Add component (AddParameter): Name = "PowerLimit"; Value = ""; VariantName = "[No Variations]"
Add component (AddParameter): Name = "SolderName"; Value = ""; VariantName = "[No Variations]"
Add component (AddParameter): Name = "SolderTemperature"; Value = ""; VariantName = "[No Variations]"
Add component (AddParameter): Name = "Tag"; Value = ""; VariantName = "[No Variations]"
Add component (AddParameter): Name = "TemperatureRange"; Value = "от минус 35 до 85"; VariantName = "[No Variations]"
Add component (AddParameter): Name = "Usage"; Value = ""; VariantName = "[No Variations]"
Add component (AddParameter): Name = "Value"; Value = ""; VariantName = "[No Variations]"
Add component (AddParameter): Name = "ViewControl"; Value = "В,100%"; VariantName = "[No Variations]"
Add component (AddParameter): Name = "VoltageFact"; Value = ""; VariantName = "[No Variations]"
Add component (AddParameter): Name = "VoltageLimit"; Value = ""; VariantName = "[No Variations]"
Add component (AddParameter): Name = "X_SORT_1"; Value = ""; VariantName = "[No Variations]"
Add component (AddParameter): Name = "X_SORT_2"; Value = ""; VariantName = "[No Variations]"
Add component (AddParameter): Name = "X_SORT_3"; Value = ""; VariantName = "[No Variations]"
Added Component: Designator=SB2(Switch_tact_17mm)
Add component (AddParameter): Name = "Alternative"; Value = ""; VariantName = "[No Variations]"
Add component (AddParameter): Name = "Alternative2"; Value = ""; VariantName = "[No Variations]"
Add component (AddParameter): Name = "Alternative3"; Value = ""; VariantName = "[No Variations]"
Add component (AddParameter): Name = "CardKRR"; Value = ""; VariantName = "[No Variations]"
Add component (AddParameter): Name = "ComponentLink1Description"; Value = ""; VariantName = "[No Variations]"
Add component (AddParameter): Name = "ComponentLink1URL"; Value = "\\192.168.0.101\U_Base\PDF\OTHER\FSMxxJH.pdf"; VariantName = "[No Variations]"
Add component (AddParameter): Name = "ComponentLink2Description"; Value = ""; VariantName = "[No Variations]"
Add component (AddParameter): Name = "ComponentLink2URL"; Value = ""; VariantName = "[No Variations]"
Add component (AddParameter): Name = "CurrentFact"; Value = ""; VariantName = "[No Variations]"
Add component (AddParameter): Name = "CurrentLimit"; Value = ""; VariantName = "[No Variations]"
Add component (AddParameter): Name = "DataSheet"; Value = "#\\192.168.0.101\U_Base\PDF\OTHER\FSMxxJH.pdf#"; VariantName = "[No Variations]"
Add component (AddParameter): Name = "DeliveryTime"; Value = ""; VariantName = "[No Variations]"
Add component (AddParameter): Name = "Group"; Value = "Кнопка тактовая"; VariantName = "[No Variations]"
Add component (AddParameter): Name = "HelpURL"; Value = "\\192.168.0.101\U_Base\PDF\OTHER\FSMxxJH.pdf"; VariantName = "[No Variations]"
Add component (AddParameter): Name = "Key"; Value = "50"; VariantName = "[No Variations]"
Add component (AddParameter): Name = "Manufacturer"; Value = "TE Connectivity"; VariantName = "[No Variations]"
Add component (AddParameter): Name = "ManufacturerPartNumber"; Value = ""; VariantName = "[No Variations]"
Add component (AddParameter): Name = "ManufacturerTU"; Value = ""; VariantName = "[No Variations]"
Add component (AddParameter): Name = "Mark"; Value = ""; VariantName = "[No Variations]"
Add component (AddParameter): Name = "Mass"; Value = ""; VariantName = "[No Variations]"
Add component (AddParameter): Name = "MilitaryControl"; Value = "ОТК"; VariantName = "[No Variations]"
Add component (AddParameter): Name = "Modify"; Value = "01.09.2022"; VariantName = "[No Variations]"
Add component (AddParameter): Name = "MountChoice"; Value = ""; VariantName = "[No Variations]"
Add component (AddParameter): Name = "MountType"; Value = "РМ"; VariantName = "[No Variations]"
Add component (AddParameter): Name = "Name"; Value = "1825910-1 (FSM16JH)"; VariantName = "[No Variations]"
Add component (AddParameter): Name = "Notice"; Value = ""; VariantName = "[No Variations]"
Add component (AddParameter): Name = "Package"; Value = ""; VariantName = "[No Variations]"
Add component (AddParameter): Name = "PartNumber"; Value = "Кнопка тактовая 1825910-1 (FSM16JH)"; VariantName = "[No Variations]"
Add component (AddParameter): Name = "PowerFact"; Value = ""; VariantName = "[No Variations]"
Add component (AddParameter): Name = "PowerLimit"; Value = ""; VariantName = "[No Variations]"
Add component (AddParameter): Name = "SolderName"; Value = ""; VariantName = "[No Variations]"
Add component (AddParameter): Name = "SolderTemperature"; Value = ""; VariantName = "[No Variations]"
Add component (AddParameter): Name = "Tag"; Value = ""; VariantName = "[No Variations]"
Add component (AddParameter): Name = "TemperatureRange"; Value = "от минус 35 до 85"; VariantName = "[No Variations]"
Add component (AddParameter): Name = "Usage"; Value = ""; VariantName = "[No Variations]"
Add component (AddParameter): Name = "Value"; Value = ""; VariantName = "[No Variations]"
Add component (AddParameter): Name = "ViewControl"; Value = "В,100%"; VariantName = "[No Variations]"
Add component (AddParameter): Name = "VoltageFact"; Value = ""; VariantName = "[No Variations]"
Add component (AddParameter): Name = "VoltageLimit"; Value = ""; VariantName = "[No Variations]"
Add component (AddParameter): Name = "X_SORT_1"; Value = ""; VariantName = "[No Variations]"
Add component (AddParameter): Name = "X_SORT_2"; Value = ""; VariantName = "[No Variations]"
Add component (AddParameter): Name = "X_SORT_3"; Value = ""; VariantName = "[No Variations]"
Added Component: Designator=SB3(Switch_tact_17mm)
Add component (AddParameter): Name = "Alternative"; Value = ""; VariantName = "[No Variations]"
Add component (AddParameter): Name = "Alternative2"; Value = ""; VariantName = "[No Variations]"
Add component (AddParameter): Name = "Alternative3"; Value = ""; VariantName = "[No Variations]"
Add component (AddParameter): Name = "CardKRR"; Value = ""; VariantName = "[No Variations]"
Add component (AddParameter): Name = "ComponentLink1Description"; Value = ""; VariantName = "[No Variations]"
Add component (AddParameter): Name = "ComponentLink1URL"; Value = "\\192.168.0.101\U_Base\PDF\OTHER\FSMxxJH.pdf"; VariantName = "[No Variations]"
Add component (AddParameter): Name = "ComponentLink2Description"; Value = ""; VariantName = "[No Variations]"
Add component (AddParameter): Name = "ComponentLink2URL"; Value = ""; VariantName = "[No Variations]"
Add component (AddParameter): Name = "CurrentFact"; Value = ""; VariantName = "[No Variations]"
Add component (AddParameter): Name = "CurrentLimit"; Value = ""; VariantName = "[No Variations]"
Add component (AddParameter): Name = "DataSheet"; Value = "#\\192.168.0.101\U_Base\PDF\OTHER\FSMxxJH.pdf#"; VariantName = "[No Variations]"
Add component (AddParameter): Name = "DeliveryTime"; Value = ""; VariantName = "[No Variations]"
Add component (AddParameter): Name = "Group"; Value = "Кнопка тактовая"; VariantName = "[No Variations]"
Add component (AddParameter): Name = "HelpURL"; Value = "\\192.168.0.101\U_Base\PDF\OTHER\FSMxxJH.pdf"; VariantName = "[No Variations]"
Add component (AddParameter): Name = "Key"; Value = "50"; VariantName = "[No Variations]"
Add component (AddParameter): Name = "Manufacturer"; Value = "TE Connectivity"; VariantName = "[No Variations]"
Add component (AddParameter): Name = "ManufacturerPartNumber"; Value = ""; VariantName = "[No Variations]"
Add component (AddParameter): Name = "ManufacturerTU"; Value = ""; VariantName = "[No Variations]"
Add component (AddParameter): Name = "Mark"; Value = ""; VariantName = "[No Variations]"
Add component (AddParameter): Name = "Mass"; Value = ""; VariantName = "[No Variations]"
Add component (AddParameter): Name = "MilitaryControl"; Value = "ОТК"; VariantName = "[No Variations]"
Add component (AddParameter): Name = "Modify"; Value = "01.09.2022"; VariantName = "[No Variations]"
Add component (AddParameter): Name = "MountChoice"; Value = ""; VariantName = "[No Variations]"
Add component (AddParameter): Name = "MountType"; Value = "РМ"; VariantName = "[No Variations]"
Add component (AddParameter): Name = "Name"; Value = "1825910-1 (FSM16JH)"; VariantName = "[No Variations]"
Add component (AddParameter): Name = "Notice"; Value = ""; VariantName = "[No Variations]"
Add component (AddParameter): Name = "Package"; Value = ""; VariantName = "[No Variations]"
Add component (AddParameter): Name = "PartNumber"; Value = "Кнопка тактовая 1825910-1 (FSM16JH)"; VariantName = "[No Variations]"
Add component (AddParameter): Name = "PowerFact"; Value = ""; VariantName = "[No Variations]"
Add component (AddParameter): Name = "PowerLimit"; Value = ""; VariantName = "[No Variations]"
Add component (AddParameter): Name = "SolderName"; Value = ""; VariantName = "[No Variations]"
Add component (AddParameter): Name = "SolderTemperature"; Value = ""; VariantName = "[No Variations]"
Add component (AddParameter): Name = "Tag"; Value = ""; VariantName = "[No Variations]"
Add component (AddParameter): Name = "TemperatureRange"; Value = "от минус 35 до 85"; VariantName = "[No Variations]"
Add component (AddParameter): Name = "Usage"; Value = ""; VariantName = "[No Variations]"
Add component (AddParameter): Name = "Value"; Value = ""; VariantName = "[No Variations]"
Add component (AddParameter): Name = "ViewControl"; Value = "В,100%"; VariantName = "[No Variations]"
Add component (AddParameter): Name = "VoltageFact"; Value = ""; VariantName = "[No Variations]"
Add component (AddParameter): Name = "VoltageLimit"; Value = ""; VariantName = "[No Variations]"
Add component (AddParameter): Name = "X_SORT_1"; Value = ""; VariantName = "[No Variations]"
Add component (AddParameter): Name = "X_SORT_2"; Value = ""; VariantName = "[No Variations]"
Add component (AddParameter): Name = "X_SORT_3"; Value = ""; VariantName = "[No Variations]"
Added Component: Designator=SB4(Switch_tact_17mm)
Add component (AddParameter): Name = "Alternative"; Value = ""; VariantName = "[No Variations]"
Add component (AddParameter): Name = "Alternative2"; Value = ""; VariantName = "[No Variations]"
Add component (AddParameter): Name = "Alternative3"; Value = ""; VariantName = "[No Variations]"
Add component (AddParameter): Name = "CardKRR"; Value = ""; VariantName = "[No Variations]"
Add component (AddParameter): Name = "ComponentLink1Description"; Value = ""; VariantName = "[No Variations]"
Add component (AddParameter): Name = "ComponentLink1URL"; Value = "\\192.168.0.101\U_Base\PDF\OTHER\FSMxxJH.pdf"; VariantName = "[No Variations]"
Add component (AddParameter): Name = "ComponentLink2Description"; Value = ""; VariantName = "[No Variations]"
Add component (AddParameter): Name = "ComponentLink2URL"; Value = ""; VariantName = "[No Variations]"
Add component (AddParameter): Name = "CurrentFact"; Value = ""; VariantName = "[No Variations]"
Add component (AddParameter): Name = "CurrentLimit"; Value = ""; VariantName = "[No Variations]"
Add component (AddParameter): Name = "DataSheet"; Value = "#\\192.168.0.101\U_Base\PDF\OTHER\FSMxxJH.pdf#"; VariantName = "[No Variations]"
Add component (AddParameter): Name = "DeliveryTime"; Value = ""; VariantName = "[No Variations]"
Add component (AddParameter): Name = "Group"; Value = "Кнопка тактовая"; VariantName = "[No Variations]"
Add component (AddParameter): Name = "HelpURL"; Value = "\\192.168.0.101\U_Base\PDF\OTHER\FSMxxJH.pdf"; VariantName = "[No Variations]"
Add component (AddParameter): Name = "Key"; Value = "50"; VariantName = "[No Variations]"
Add component (AddParameter): Name = "Manufacturer"; Value = "TE Connectivity"; VariantName = "[No Variations]"
Add component (AddParameter): Name = "ManufacturerPartNumber"; Value = ""; VariantName = "[No Variations]"
Add component (AddParameter): Name = "ManufacturerTU"; Value = ""; VariantName = "[No Variations]"
Add component (AddParameter): Name = "Mark"; Value = ""; VariantName = "[No Variations]"
Add component (AddParameter): Name = "Mass"; Value = ""; VariantName = "[No Variations]"
Add component (AddParameter): Name = "MilitaryControl"; Value = "ОТК"; VariantName = "[No Variations]"
Add component (AddParameter): Name = "Modify"; Value = "01.09.2022"; VariantName = "[No Variations]"
Add component (AddParameter): Name = "MountChoice"; Value = ""; VariantName = "[No Variations]"
Add component (AddParameter): Name = "MountType"; Value = "РМ"; VariantName = "[No Variations]"
Add component (AddParameter): Name = "Name"; Value = "1825910-1 (FSM16JH)"; VariantName = "[No Variations]"
Add component (AddParameter): Name = "Notice"; Value = ""; VariantName = "[No Variations]"
Add component (AddParameter): Name = "Package"; Value = ""; VariantName = "[No Variations]"
Add component (AddParameter): Name = "PartNumber"; Value = "Кнопка тактовая 1825910-1 (FSM16JH)"; VariantName = "[No Variations]"
Add component (AddParameter): Name = "PowerFact"; Value = ""; VariantName = "[No Variations]"
Add component (AddParameter): Name = "PowerLimit"; Value = ""; VariantName = "[No Variations]"
Add component (AddParameter): Name = "SolderName"; Value = ""; VariantName = "[No Variations]"
Add component (AddParameter): Name = "SolderTemperature"; Value = ""; VariantName = "[No Variations]"
Add component (AddParameter): Name = "Tag"; Value = ""; VariantName = "[No Variations]"
Add component (AddParameter): Name = "TemperatureRange"; Value = "от минус 35 до 85"; VariantName = "[No Variations]"
Add component (AddParameter): Name = "Usage"; Value = ""; VariantName = "[No Variations]"
Add component (AddParameter): Name = "Value"; Value = ""; VariantName = "[No Variations]"
Add component (AddParameter): Name = "ViewControl"; Value = "В,100%"; VariantName = "[No Variations]"
Add component (AddParameter): Name = "VoltageFact"; Value = ""; VariantName = "[No Variations]"
Add component (AddParameter): Name = "VoltageLimit"; Value = ""; VariantName = "[No Variations]"
Add component (AddParameter): Name = "X_SORT_1"; Value = ""; VariantName = "[No Variations]"
Add component (AddParameter): Name = "X_SORT_2"; Value = ""; VariantName = "[No Variations]"
Add component (AddParameter): Name = "X_SORT_3"; Value = ""; VariantName = "[No Variations]"
Added Component: Designator=SB5(Switch_tact_17mm)
Add component (AddParameter): Name = "Alternative"; Value = ""; VariantName = "[No Variations]"
Add component (AddParameter): Name = "Alternative2"; Value = ""; VariantName = "[No Variations]"
Add component (AddParameter): Name = "Alternative3"; Value = ""; VariantName = "[No Variations]"
Add component (AddParameter): Name = "CardKRR"; Value = ""; VariantName = "[No Variations]"
Add component (AddParameter): Name = "ComponentLink1Description"; Value = ""; VariantName = "[No Variations]"
Add component (AddParameter): Name = "ComponentLink1URL"; Value = "\\192.168.0.101\U_Base\PDF\OTHER\FSMxxJH.pdf"; VariantName = "[No Variations]"
Add component (AddParameter): Name = "ComponentLink2Description"; Value = ""; VariantName = "[No Variations]"
Add component (AddParameter): Name = "ComponentLink2URL"; Value = ""; VariantName = "[No Variations]"
Add component (AddParameter): Name = "CurrentFact"; Value = ""; VariantName = "[No Variations]"
Add component (AddParameter): Name = "CurrentLimit"; Value = ""; VariantName = "[No Variations]"
Add component (AddParameter): Name = "DataSheet"; Value = "#\\192.168.0.101\U_Base\PDF\OTHER\FSMxxJH.pdf#"; VariantName = "[No Variations]"
Add component (AddParameter): Name = "DeliveryTime"; Value = ""; VariantName = "[No Variations]"
Add component (AddParameter): Name = "Group"; Value = "Кнопка тактовая"; VariantName = "[No Variations]"
Add component (AddParameter): Name = "HelpURL"; Value = "\\192.168.0.101\U_Base\PDF\OTHER\FSMxxJH.pdf"; VariantName = "[No Variations]"
Add component (AddParameter): Name = "Key"; Value = "50"; VariantName = "[No Variations]"
Add component (AddParameter): Name = "Manufacturer"; Value = "TE Connectivity"; VariantName = "[No Variations]"
Add component (AddParameter): Name = "ManufacturerPartNumber"; Value = ""; VariantName = "[No Variations]"
Add component (AddParameter): Name = "ManufacturerTU"; Value = ""; VariantName = "[No Variations]"
Add component (AddParameter): Name = "Mark"; Value = ""; VariantName = "[No Variations]"
Add component (AddParameter): Name = "Mass"; Value = ""; VariantName = "[No Variations]"
Add component (AddParameter): Name = "MilitaryControl"; Value = "ОТК"; VariantName = "[No Variations]"
Add component (AddParameter): Name = "Modify"; Value = "01.09.2022"; VariantName = "[No Variations]"
Add component (AddParameter): Name = "MountChoice"; Value = ""; VariantName = "[No Variations]"
Add component (AddParameter): Name = "MountType"; Value = "РМ"; VariantName = "[No Variations]"
Add component (AddParameter): Name = "Name"; Value = "1825910-1 (FSM16JH)"; VariantName = "[No Variations]"
Add component (AddParameter): Name = "Notice"; Value = ""; VariantName = "[No Variations]"
Add component (AddParameter): Name = "Package"; Value = ""; VariantName = "[No Variations]"
Add component (AddParameter): Name = "PartNumber"; Value = "Кнопка тактовая 1825910-1 (FSM16JH)"; VariantName = "[No Variations]"
Add component (AddParameter): Name = "PowerFact"; Value = ""; VariantName = "[No Variations]"
Add component (AddParameter): Name = "PowerLimit"; Value = ""; VariantName = "[No Variations]"
Add component (AddParameter): Name = "SolderName"; Value = ""; VariantName = "[No Variations]"
Add component (AddParameter): Name = "SolderTemperature"; Value = ""; VariantName = "[No Variations]"
Add component (AddParameter): Name = "Tag"; Value = ""; VariantName = "[No Variations]"
Add component (AddParameter): Name = "TemperatureRange"; Value = "от минус 35 до 85"; VariantName = "[No Variations]"
Add component (AddParameter): Name = "Usage"; Value = ""; VariantName = "[No Variations]"
Add component (AddParameter): Name = "Value"; Value = ""; VariantName = "[No Variations]"
Add component (AddParameter): Name = "ViewControl"; Value = "В,100%"; VariantName = "[No Variations]"
Add component (AddParameter): Name = "VoltageFact"; Value = ""; VariantName = "[No Variations]"
Add component (AddParameter): Name = "VoltageLimit"; Value = ""; VariantName = "[No Variations]"
Add component (AddParameter): Name = "X_SORT_1"; Value = ""; VariantName = "[No Variations]"
Add component (AddParameter): Name = "X_SORT_2"; Value = ""; VariantName = "[No Variations]"
Add component (AddParameter): Name = "X_SORT_3"; Value = ""; VariantName = "[No Variations]"
Added Component: Designator=SB6(Switch_tact_17mm)
Add component (AddParameter): Name = "Alternative"; Value = ""; VariantName = "[No Variations]"
Add component (AddParameter): Name = "Alternative2"; Value = ""; VariantName = "[No Variations]"
Add component (AddParameter): Name = "Alternative3"; Value = ""; VariantName = "[No Variations]"
Add component (AddParameter): Name = "CardKRR"; Value = ""; VariantName = "[No Variations]"
Add component (AddParameter): Name = "ComponentLink1Description"; Value = ""; VariantName = "[No Variations]"
Add component (AddParameter): Name = "ComponentLink1URL"; Value = "\\192.168.0.101\U_Base\PDF\OTHER\FSMxxJH.pdf"; VariantName = "[No Variations]"
Add component (AddParameter): Name = "ComponentLink2Description"; Value = ""; VariantName = "[No Variations]"
Add component (AddParameter): Name = "ComponentLink2URL"; Value = ""; VariantName = "[No Variations]"
Add component (AddParameter): Name = "CurrentFact"; Value = ""; VariantName = "[No Variations]"
Add component (AddParameter): Name = "CurrentLimit"; Value = ""; VariantName = "[No Variations]"
Add component (AddParameter): Name = "DataSheet"; Value = "#\\192.168.0.101\U_Base\PDF\OTHER\FSMxxJH.pdf#"; VariantName = "[No Variations]"
Add component (AddParameter): Name = "DeliveryTime"; Value = ""; VariantName = "[No Variations]"
Add component (AddParameter): Name = "Group"; Value = "Кнопка тактовая"; VariantName = "[No Variations]"
Add component (AddParameter): Name = "HelpURL"; Value = "\\192.168.0.101\U_Base\PDF\OTHER\FSMxxJH.pdf"; VariantName = "[No Variations]"
Add component (AddParameter): Name = "Key"; Value = "50"; VariantName = "[No Variations]"
Add component (AddParameter): Name = "Manufacturer"; Value = "TE Connectivity"; VariantName = "[No Variations]"
Add component (AddParameter): Name = "ManufacturerPartNumber"; Value = ""; VariantName = "[No Variations]"
Add component (AddParameter): Name = "ManufacturerTU"; Value = ""; VariantName = "[No Variations]"
Add component (AddParameter): Name = "Mark"; Value = ""; VariantName = "[No Variations]"
Add component (AddParameter): Name = "Mass"; Value = ""; VariantName = "[No Variations]"
Add component (AddParameter): Name = "MilitaryControl"; Value = "ОТК"; VariantName = "[No Variations]"
Add component (AddParameter): Name = "Modify"; Value = "01.09.2022"; VariantName = "[No Variations]"
Add component (AddParameter): Name = "MountChoice"; Value = ""; VariantName = "[No Variations]"
Add component (AddParameter): Name = "MountType"; Value = "РМ"; VariantName = "[No Variations]"
Add component (AddParameter): Name = "Name"; Value = "1825910-1 (FSM16JH)"; VariantName = "[No Variations]"
Add component (AddParameter): Name = "Notice"; Value = ""; VariantName = "[No Variations]"
Add component (AddParameter): Name = "Package"; Value = ""; VariantName = "[No Variations]"
Add component (AddParameter): Name = "PartNumber"; Value = "Кнопка тактовая 1825910-1 (FSM16JH)"; VariantName = "[No Variations]"
Add component (AddParameter): Name = "PowerFact"; Value = ""; VariantName = "[No Variations]"
Add component (AddParameter): Name = "PowerLimit"; Value = ""; VariantName = "[No Variations]"
Add component (AddParameter): Name = "SolderName"; Value = ""; VariantName = "[No Variations]"
Add component (AddParameter): Name = "SolderTemperature"; Value = ""; VariantName = "[No Variations]"
Add component (AddParameter): Name = "Tag"; Value = ""; VariantName = "[No Variations]"
Add component (AddParameter): Name = "TemperatureRange"; Value = "от минус 35 до 85"; VariantName = "[No Variations]"
Add component (AddParameter): Name = "Usage"; Value = ""; VariantName = "[No Variations]"
Add component (AddParameter): Name = "Value"; Value = ""; VariantName = "[No Variations]"
Add component (AddParameter): Name = "ViewControl"; Value = "В,100%"; VariantName = "[No Variations]"
Add component (AddParameter): Name = "VoltageFact"; Value = ""; VariantName = "[No Variations]"
Add component (AddParameter): Name = "VoltageLimit"; Value = ""; VariantName = "[No Variations]"
Add component (AddParameter): Name = "X_SORT_1"; Value = ""; VariantName = "[No Variations]"
Add component (AddParameter): Name = "X_SORT_2"; Value = ""; VariantName = "[No Variations]"
Add component (AddParameter): Name = "X_SORT_3"; Value = ""; VariantName = "[No Variations]"
Added Component: Designator=SB7(Switch_tact_17mm)
Add component (AddParameter): Name = "Alternative"; Value = ""; VariantName = "[No Variations]"
Add component (AddParameter): Name = "Alternative2"; Value = ""; VariantName = "[No Variations]"
Add component (AddParameter): Name = "Alternative3"; Value = ""; VariantName = "[No Variations]"
Add component (AddParameter): Name = "CardKRR"; Value = ""; VariantName = "[No Variations]"
Add component (AddParameter): Name = "ComponentLink1Description"; Value = ""; VariantName = "[No Variations]"
Add component (AddParameter): Name = "ComponentLink1URL"; Value = "\\192.168.0.101\U_Base\PDF\OTHER\FSMxxJH.pdf"; VariantName = "[No Variations]"
Add component (AddParameter): Name = "ComponentLink2Description"; Value = ""; VariantName = "[No Variations]"
Add component (AddParameter): Name = "ComponentLink2URL"; Value = ""; VariantName = "[No Variations]"
Add component (AddParameter): Name = "CurrentFact"; Value = ""; VariantName = "[No Variations]"
Add component (AddParameter): Name = "CurrentLimit"; Value = ""; VariantName = "[No Variations]"
Add component (AddParameter): Name = "DataSheet"; Value = "#\\192.168.0.101\U_Base\PDF\OTHER\FSMxxJH.pdf#"; VariantName = "[No Variations]"
Add component (AddParameter): Name = "DeliveryTime"; Value = ""; VariantName = "[No Variations]"
Add component (AddParameter): Name = "Group"; Value = "Кнопка тактовая"; VariantName = "[No Variations]"
Add component (AddParameter): Name = "HelpURL"; Value = "\\192.168.0.101\U_Base\PDF\OTHER\FSMxxJH.pdf"; VariantName = "[No Variations]"
Add component (AddParameter): Name = "Key"; Value = "50"; VariantName = "[No Variations]"
Add component (AddParameter): Name = "Manufacturer"; Value = "TE Connectivity"; VariantName = "[No Variations]"
Add component (AddParameter): Name = "ManufacturerPartNumber"; Value = ""; VariantName = "[No Variations]"
Add component (AddParameter): Name = "ManufacturerTU"; Value = ""; VariantName = "[No Variations]"
Add component (AddParameter): Name = "Mark"; Value = ""; VariantName = "[No Variations]"
Add component (AddParameter): Name = "Mass"; Value = ""; VariantName = "[No Variations]"
Add component (AddParameter): Name = "MilitaryControl"; Value = "ОТК"; VariantName = "[No Variations]"
Add component (AddParameter): Name = "Modify"; Value = "01.09.2022"; VariantName = "[No Variations]"
Add component (AddParameter): Name = "MountChoice"; Value = ""; VariantName = "[No Variations]"
Add component (AddParameter): Name = "MountType"; Value = "РМ"; VariantName = "[No Variations]"
Add component (AddParameter): Name = "Name"; Value = "1825910-1 (FSM16JH)"; VariantName = "[No Variations]"
Add component (AddParameter): Name = "Notice"; Value = ""; VariantName = "[No Variations]"
Add component (AddParameter): Name = "Package"; Value = ""; VariantName = "[No Variations]"
Add component (AddParameter): Name = "PartNumber"; Value = "Кнопка тактовая 1825910-1 (FSM16JH)"; VariantName = "[No Variations]"
Add component (AddParameter): Name = "PowerFact"; Value = ""; VariantName = "[No Variations]"
Add component (AddParameter): Name = "PowerLimit"; Value = ""; VariantName = "[No Variations]"
Add component (AddParameter): Name = "SolderName"; Value = ""; VariantName = "[No Variations]"
Add component (AddParameter): Name = "SolderTemperature"; Value = ""; VariantName = "[No Variations]"
Add component (AddParameter): Name = "Tag"; Value = ""; VariantName = "[No Variations]"
Add component (AddParameter): Name = "TemperatureRange"; Value = "от минус 35 до 85"; VariantName = "[No Variations]"
Add component (AddParameter): Name = "Usage"; Value = ""; VariantName = "[No Variations]"
Add component (AddParameter): Name = "Value"; Value = ""; VariantName = "[No Variations]"
Add component (AddParameter): Name = "ViewControl"; Value = "В,100%"; VariantName = "[No Variations]"
Add component (AddParameter): Name = "VoltageFact"; Value = ""; VariantName = "[No Variations]"
Add component (AddParameter): Name = "VoltageLimit"; Value = ""; VariantName = "[No Variations]"
Add component (AddParameter): Name = "X_SORT_1"; Value = ""; VariantName = "[No Variations]"
Add component (AddParameter): Name = "X_SORT_2"; Value = ""; VariantName = "[No Variations]"
Add component (AddParameter): Name = "X_SORT_3"; Value = ""; VariantName = "[No Variations]"
Added Component: Designator=SB8(Switch_tact_17mm)
Add component (AddParameter): Name = "Alternative"; Value = ""; VariantName = "[No Variations]"
Add component (AddParameter): Name = "Alternative2"; Value = ""; VariantName = "[No Variations]"
Add component (AddParameter): Name = "Alternative3"; Value = ""; VariantName = "[No Variations]"
Add component (AddParameter): Name = "CardKRR"; Value = ""; VariantName = "[No Variations]"
Add component (AddParameter): Name = "ComponentLink1Description"; Value = ""; VariantName = "[No Variations]"
Add component (AddParameter): Name = "ComponentLink1URL"; Value = "\\192.168.0.101\U_Base\PDF\OTHER\FSMxxJH.pdf"; VariantName = "[No Variations]"
Add component (AddParameter): Name = "ComponentLink2Description"; Value = ""; VariantName = "[No Variations]"
Add component (AddParameter): Name = "ComponentLink2URL"; Value = ""; VariantName = "[No Variations]"
Add component (AddParameter): Name = "CurrentFact"; Value = ""; VariantName = "[No Variations]"
Add component (AddParameter): Name = "CurrentLimit"; Value = ""; VariantName = "[No Variations]"
Add component (AddParameter): Name = "DataSheet"; Value = "#\\192.168.0.101\U_Base\PDF\OTHER\FSMxxJH.pdf#"; VariantName = "[No Variations]"
Add component (AddParameter): Name = "DeliveryTime"; Value = ""; VariantName = "[No Variations]"
Add component (AddParameter): Name = "Group"; Value = "Кнопка тактовая"; VariantName = "[No Variations]"
Add component (AddParameter): Name = "HelpURL"; Value = "\\192.168.0.101\U_Base\PDF\OTHER\FSMxxJH.pdf"; VariantName = "[No Variations]"
Add component (AddParameter): Name = "Key"; Value = "50"; VariantName = "[No Variations]"
Add component (AddParameter): Name = "Manufacturer"; Value = "TE Connectivity"; VariantName = "[No Variations]"
Add component (AddParameter): Name = "ManufacturerPartNumber"; Value = ""; VariantName = "[No Variations]"
Add component (AddParameter): Name = "ManufacturerTU"; Value = ""; VariantName = "[No Variations]"
Add component (AddParameter): Name = "Mark"; Value = ""; VariantName = "[No Variations]"
Add component (AddParameter): Name = "Mass"; Value = ""; VariantName = "[No Variations]"
Add component (AddParameter): Name = "MilitaryControl"; Value = "ОТК"; VariantName = "[No Variations]"
Add component (AddParameter): Name = "Modify"; Value = "01.09.2022"; VariantName = "[No Variations]"
Add component (AddParameter): Name = "MountChoice"; Value = ""; VariantName = "[No Variations]"
Add component (AddParameter): Name = "MountType"; Value = "РМ"; VariantName = "[No Variations]"
Add component (AddParameter): Name = "Name"; Value = "1825910-1 (FSM16JH)"; VariantName = "[No Variations]"
Add component (AddParameter): Name = "Notice"; Value = ""; VariantName = "[No Variations]"
Add component (AddParameter): Name = "Package"; Value = ""; VariantName = "[No Variations]"
Add component (AddParameter): Name = "PartNumber"; Value = "Кнопка тактовая 1825910-1 (FSM16JH)"; VariantName = "[No Variations]"
Add component (AddParameter): Name = "PowerFact"; Value = ""; VariantName = "[No Variations]"
Add component (AddParameter): Name = "PowerLimit"; Value = ""; VariantName = "[No Variations]"
Add component (AddParameter): Name = "SolderName"; Value = ""; VariantName = "[No Variations]"
Add component (AddParameter): Name = "SolderTemperature"; Value = ""; VariantName = "[No Variations]"
Add component (AddParameter): Name = "Tag"; Value = ""; VariantName = "[No Variations]"
Add component (AddParameter): Name = "TemperatureRange"; Value = "от минус 35 до 85"; VariantName = "[No Variations]"
Add component (AddParameter): Name = "Usage"; Value = ""; VariantName = "[No Variations]"
Add component (AddParameter): Name = "Value"; Value = ""; VariantName = "[No Variations]"
Add component (AddParameter): Name = "ViewControl"; Value = "В,100%"; VariantName = "[No Variations]"
Add component (AddParameter): Name = "VoltageFact"; Value = ""; VariantName = "[No Variations]"
Add component (AddParameter): Name = "VoltageLimit"; Value = ""; VariantName = "[No Variations]"
Add component (AddParameter): Name = "X_SORT_1"; Value = ""; VariantName = "[No Variations]"
Add component (AddParameter): Name = "X_SORT_2"; Value = ""; VariantName = "[No Variations]"
Add component (AddParameter): Name = "X_SORT_3"; Value = ""; VariantName = "[No Variations]"
Added Component: Designator=SB9(Switch_tact_17mm)
Add component (AddParameter): Name = "Alternative"; Value = ""; VariantName = "[No Variations]"
Add component (AddParameter): Name = "Alternative2"; Value = ""; VariantName = "[No Variations]"
Add component (AddParameter): Name = "Alternative3"; Value = ""; VariantName = "[No Variations]"
Add component (AddParameter): Name = "CardKRR"; Value = ""; VariantName = "[No Variations]"
Add component (AddParameter): Name = "ComponentLink1Description"; Value = ""; VariantName = "[No Variations]"
Add component (AddParameter): Name = "ComponentLink1URL"; Value = "\\192.168.0.101\U_Base\PDF\OTHER\FSMxxJH.pdf"; VariantName = "[No Variations]"
Add component (AddParameter): Name = "ComponentLink2Description"; Value = ""; VariantName = "[No Variations]"
Add component (AddParameter): Name = "ComponentLink2URL"; Value = ""; VariantName = "[No Variations]"
Add component (AddParameter): Name = "CurrentFact"; Value = ""; VariantName = "[No Variations]"
Add component (AddParameter): Name = "CurrentLimit"; Value = ""; VariantName = "[No Variations]"
Add component (AddParameter): Name = "DataSheet"; Value = "#\\192.168.0.101\U_Base\PDF\OTHER\FSMxxJH.pdf#"; VariantName = "[No Variations]"
Add component (AddParameter): Name = "DeliveryTime"; Value = ""; VariantName = "[No Variations]"
Add component (AddParameter): Name = "Group"; Value = "Кнопка тактовая"; VariantName = "[No Variations]"
Add component (AddParameter): Name = "HelpURL"; Value = "\\192.168.0.101\U_Base\PDF\OTHER\FSMxxJH.pdf"; VariantName = "[No Variations]"
Add component (AddParameter): Name = "Key"; Value = "50"; VariantName = "[No Variations]"
Add component (AddParameter): Name = "Manufacturer"; Value = "TE Connectivity"; VariantName = "[No Variations]"
Add component (AddParameter): Name = "ManufacturerPartNumber"; Value = ""; VariantName = "[No Variations]"
Add component (AddParameter): Name = "ManufacturerTU"; Value = ""; VariantName = "[No Variations]"
Add component (AddParameter): Name = "Mark"; Value = ""; VariantName = "[No Variations]"
Add component (AddParameter): Name = "Mass"; Value = ""; VariantName = "[No Variations]"
Add component (AddParameter): Name = "MilitaryControl"; Value = "ОТК"; VariantName = "[No Variations]"
Add component (AddParameter): Name = "Modify"; Value = "01.09.2022"; VariantName = "[No Variations]"
Add component (AddParameter): Name = "MountChoice"; Value = ""; VariantName = "[No Variations]"
Add component (AddParameter): Name = "MountType"; Value = "РМ"; VariantName = "[No Variations]"
Add component (AddParameter): Name = "Name"; Value = "1825910-1 (FSM16JH)"; VariantName = "[No Variations]"
Add component (AddParameter): Name = "Notice"; Value = ""; VariantName = "[No Variations]"
Add component (AddParameter): Name = "Package"; Value = ""; VariantName = "[No Variations]"
Add component (AddParameter): Name = "PartNumber"; Value = "Кнопка тактовая 1825910-1 (FSM16JH)"; VariantName = "[No Variations]"
Add component (AddParameter): Name = "PowerFact"; Value = ""; VariantName = "[No Variations]"
Add component (AddParameter): Name = "PowerLimit"; Value = ""; VariantName = "[No Variations]"
Add component (AddParameter): Name = "SolderName"; Value = ""; VariantName = "[No Variations]"
Add component (AddParameter): Name = "SolderTemperature"; Value = ""; VariantName = "[No Variations]"
Add component (AddParameter): Name = "Tag"; Value = ""; VariantName = "[No Variations]"
Add component (AddParameter): Name = "TemperatureRange"; Value = "от минус 35 до 85"; VariantName = "[No Variations]"
Add component (AddParameter): Name = "Usage"; Value = ""; VariantName = "[No Variations]"
Add component (AddParameter): Name = "Value"; Value = ""; VariantName = "[No Variations]"
Add component (AddParameter): Name = "ViewControl"; Value = "В,100%"; VariantName = "[No Variations]"
Add component (AddParameter): Name = "VoltageFact"; Value = ""; VariantName = "[No Variations]"
Add component (AddParameter): Name = "VoltageLimit"; Value = ""; VariantName = "[No Variations]"
Add component (AddParameter): Name = "X_SORT_1"; Value = ""; VariantName = "[No Variations]"
Add component (AddParameter): Name = "X_SORT_2"; Value = ""; VariantName = "[No Variations]"
Add component (AddParameter): Name = "X_SORT_3"; Value = ""; VariantName = "[No Variations]"
Added Component: Designator=SB10(Switch_tact_17mm)
Add component (AddParameter): Name = "Alternative"; Value = ""; VariantName = "[No Variations]"
Add component (AddParameter): Name = "Alternative2"; Value = ""; VariantName = "[No Variations]"
Add component (AddParameter): Name = "Alternative3"; Value = ""; VariantName = "[No Variations]"
Add component (AddParameter): Name = "CardKRR"; Value = ""; VariantName = "[No Variations]"
Add component (AddParameter): Name = "ComponentLink1Description"; Value = ""; VariantName = "[No Variations]"
Add component (AddParameter): Name = "ComponentLink1URL"; Value = "\\192.168.0.101\U_Base\PDF\OTHER\FSMxxJH.pdf"; VariantName = "[No Variations]"
Add component (AddParameter): Name = "ComponentLink2Description"; Value = ""; VariantName = "[No Variations]"
Add component (AddParameter): Name = "ComponentLink2URL"; Value = ""; VariantName = "[No Variations]"
Add component (AddParameter): Name = "CurrentFact"; Value = ""; VariantName = "[No Variations]"
Add component (AddParameter): Name = "CurrentLimit"; Value = ""; VariantName = "[No Variations]"
Add component (AddParameter): Name = "DataSheet"; Value = "#\\192.168.0.101\U_Base\PDF\OTHER\FSMxxJH.pdf#"; VariantName = "[No Variations]"
Add component (AddParameter): Name = "DeliveryTime"; Value = ""; VariantName = "[No Variations]"
Add component (AddParameter): Name = "Group"; Value = "Кнопка тактовая"; VariantName = "[No Variations]"
Add component (AddParameter): Name = "HelpURL"; Value = "\\192.168.0.101\U_Base\PDF\OTHER\FSMxxJH.pdf"; VariantName = "[No Variations]"
Add component (AddParameter): Name = "Key"; Value = "50"; VariantName = "[No Variations]"
Add component (AddParameter): Name = "Manufacturer"; Value = "TE Connectivity"; VariantName = "[No Variations]"
Add component (AddParameter): Name = "ManufacturerPartNumber"; Value = ""; VariantName = "[No Variations]"
Add component (AddParameter): Name = "ManufacturerTU"; Value = ""; VariantName = "[No Variations]"
Add component (AddParameter): Name = "Mark"; Value = ""; VariantName = "[No Variations]"
Add component (AddParameter): Name = "Mass"; Value = ""; VariantName = "[No Variations]"
Add component (AddParameter): Name = "MilitaryControl"; Value = "ОТК"; VariantName = "[No Variations]"
Add component (AddParameter): Name = "Modify"; Value = "01.09.2022"; VariantName = "[No Variations]"
Add component (AddParameter): Name = "MountChoice"; Value = ""; VariantName = "[No Variations]"
Add component (AddParameter): Name = "MountType"; Value = "РМ"; VariantName = "[No Variations]"
Add component (AddParameter): Name = "Name"; Value = "1825910-1 (FSM16JH)"; VariantName = "[No Variations]"
Add component (AddParameter): Name = "Notice"; Value = ""; VariantName = "[No Variations]"
Add component (AddParameter): Name = "Package"; Value = ""; VariantName = "[No Variations]"
Add component (AddParameter): Name = "PartNumber"; Value = "Кнопка тактовая 1825910-1 (FSM16JH)"; VariantName = "[No Variations]"
Add component (AddParameter): Name = "PowerFact"; Value = ""; VariantName = "[No Variations]"
Add component (AddParameter): Name = "PowerLimit"; Value = ""; VariantName = "[No Variations]"
Add component (AddParameter): Name = "SolderName"; Value = ""; VariantName = "[No Variations]"
Add component (AddParameter): Name = "SolderTemperature"; Value = ""; VariantName = "[No Variations]"
Add component (AddParameter): Name = "Tag"; Value = ""; VariantName = "[No Variations]"
Add component (AddParameter): Name = "TemperatureRange"; Value = "от минус 35 до 85"; VariantName = "[No Variations]"
Add component (AddParameter): Name = "Usage"; Value = ""; VariantName = "[No Variations]"
Add component (AddParameter): Name = "Value"; Value = ""; VariantName = "[No Variations]"
Add component (AddParameter): Name = "ViewControl"; Value = "В,100%"; VariantName = "[No Variations]"
Add component (AddParameter): Name = "VoltageFact"; Value = ""; VariantName = "[No Variations]"
Add component (AddParameter): Name = "VoltageLimit"; Value = ""; VariantName = "[No Variations]"
Add component (AddParameter): Name = "X_SORT_1"; Value = ""; VariantName = "[No Variations]"
Add component (AddParameter): Name = "X_SORT_2"; Value = ""; VariantName = "[No Variations]"
Add component (AddParameter): Name = "X_SORT_3"; Value = ""; VariantName = "[No Variations]"
Added Component: Designator=SB11(Switch_tact_17mm)
Add component (AddParameter): Name = "Alternative"; Value = ""; VariantName = "[No Variations]"
Add component (AddParameter): Name = "Alternative2"; Value = ""; VariantName = "[No Variations]"
Add component (AddParameter): Name = "Alternative3"; Value = ""; VariantName = "[No Variations]"
Add component (AddParameter): Name = "CardKRR"; Value = ""; VariantName = "[No Variations]"
Add component (AddParameter): Name = "ComponentLink1Description"; Value = ""; VariantName = "[No Variations]"
Add component (AddParameter): Name = "ComponentLink1URL"; Value = "\\192.168.0.101\U_Base\PDF\OTHER\FSMxxJH.pdf"; VariantName = "[No Variations]"
Add component (AddParameter): Name = "ComponentLink2Description"; Value = ""; VariantName = "[No Variations]"
Add component (AddParameter): Name = "ComponentLink2URL"; Value = ""; VariantName = "[No Variations]"
Add component (AddParameter): Name = "CurrentFact"; Value = ""; VariantName = "[No Variations]"
Add component (AddParameter): Name = "CurrentLimit"; Value = ""; VariantName = "[No Variations]"
Add component (AddParameter): Name = "DataSheet"; Value = "#\\192.168.0.101\U_Base\PDF\OTHER\FSMxxJH.pdf#"; VariantName = "[No Variations]"
Add component (AddParameter): Name = "DeliveryTime"; Value = ""; VariantName = "[No Variations]"
Add component (AddParameter): Name = "Group"; Value = "Кнопка тактовая"; VariantName = "[No Variations]"
Add component (AddParameter): Name = "HelpURL"; Value = "\\192.168.0.101\U_Base\PDF\OTHER\FSMxxJH.pdf"; VariantName = "[No Variations]"
Add component (AddParameter): Name = "Key"; Value = "50"; VariantName = "[No Variations]"
Add component (AddParameter): Name = "Manufacturer"; Value = "TE Connectivity"; VariantName = "[No Variations]"
Add component (AddParameter): Name = "ManufacturerPartNumber"; Value = ""; VariantName = "[No Variations]"
Add component (AddParameter): Name = "ManufacturerTU"; Value = ""; VariantName = "[No Variations]"
Add component (AddParameter): Name = "Mark"; Value = ""; VariantName = "[No Variations]"
Add component (AddParameter): Name = "Mass"; Value = ""; VariantName = "[No Variations]"
Add component (AddParameter): Name = "MilitaryControl"; Value = "ОТК"; VariantName = "[No Variations]"
Add component (AddParameter): Name = "Modify"; Value = "01.09.2022"; VariantName = "[No Variations]"
Add component (AddParameter): Name = "MountChoice"; Value = ""; VariantName = "[No Variations]"
Add component (AddParameter): Name = "MountType"; Value = "РМ"; VariantName = "[No Variations]"
Add component (AddParameter): Name = "Name"; Value = "1825910-1 (FSM16JH)"; VariantName = "[No Variations]"
Add component (AddParameter): Name = "Notice"; Value = ""; VariantName = "[No Variations]"
Add component (AddParameter): Name = "Package"; Value = ""; VariantName = "[No Variations]"
Add component (AddParameter): Name = "PartNumber"; Value = "Кнопка тактовая 1825910-1 (FSM16JH)"; VariantName = "[No Variations]"
Add component (AddParameter): Name = "PowerFact"; Value = ""; VariantName = "[No Variations]"
Add component (AddParameter): Name = "PowerLimit"; Value = ""; VariantName = "[No Variations]"
Add component (AddParameter): Name = "SolderName"; Value = ""; VariantName = "[No Variations]"
Add component (AddParameter): Name = "SolderTemperature"; Value = ""; VariantName = "[No Variations]"
Add component (AddParameter): Name = "Tag"; Value = ""; VariantName = "[No Variations]"
Add component (AddParameter): Name = "TemperatureRange"; Value = "от минус 35 до 85"; VariantName = "[No Variations]"
Add component (AddParameter): Name = "Usage"; Value = ""; VariantName = "[No Variations]"
Add component (AddParameter): Name = "Value"; Value = ""; VariantName = "[No Variations]"
Add component (AddParameter): Name = "ViewControl"; Value = "В,100%"; VariantName = "[No Variations]"
Add component (AddParameter): Name = "VoltageFact"; Value = ""; VariantName = "[No Variations]"
Add component (AddParameter): Name = "VoltageLimit"; Value = ""; VariantName = "[No Variations]"
Add component (AddParameter): Name = "X_SORT_1"; Value = ""; VariantName = "[No Variations]"
Add component (AddParameter): Name = "X_SORT_2"; Value = ""; VariantName = "[No Variations]"
Add component (AddParameter): Name = "X_SORT_3"; Value = ""; VariantName = "[No Variations]"
Added Component: Designator=SB12(Switch_tact_17mm)
Add component (AddParameter): Name = "Alternative"; Value = ""; VariantName = "[No Variations]"
Add component (AddParameter): Name = "Alternative2"; Value = ""; VariantName = "[No Variations]"
Add component (AddParameter): Name = "Alternative3"; Value = ""; VariantName = "[No Variations]"
Add component (AddParameter): Name = "CardKRR"; Value = ""; VariantName = "[No Variations]"
Add component (AddParameter): Name = "ComponentLink1Description"; Value = ""; VariantName = "[No Variations]"
Add component (AddParameter): Name = "ComponentLink1URL"; Value = "\\192.168.0.101\U_Base\PDF\OTHER\FSMxxJH.pdf"; VariantName = "[No Variations]"
Add component (AddParameter): Name = "ComponentLink2Description"; Value = ""; VariantName = "[No Variations]"
Add component (AddParameter): Name = "ComponentLink2URL"; Value = ""; VariantName = "[No Variations]"
Add component (AddParameter): Name = "CurrentFact"; Value = ""; VariantName = "[No Variations]"
Add component (AddParameter): Name = "CurrentLimit"; Value = ""; VariantName = "[No Variations]"
Add component (AddParameter): Name = "DataSheet"; Value = "#\\192.168.0.101\U_Base\PDF\OTHER\FSMxxJH.pdf#"; VariantName = "[No Variations]"
Add component (AddParameter): Name = "DeliveryTime"; Value = ""; VariantName = "[No Variations]"
Add component (AddParameter): Name = "Group"; Value = "Кнопка тактовая"; VariantName = "[No Variations]"
Add component (AddParameter): Name = "HelpURL"; Value = "\\192.168.0.101\U_Base\PDF\OTHER\FSMxxJH.pdf"; VariantName = "[No Variations]"
Add component (AddParameter): Name = "Key"; Value = "50"; VariantName = "[No Variations]"
Add component (AddParameter): Name = "Manufacturer"; Value = "TE Connectivity"; VariantName = "[No Variations]"
Add component (AddParameter): Name = "ManufacturerPartNumber"; Value = ""; VariantName = "[No Variations]"
Add component (AddParameter): Name = "ManufacturerTU"; Value = ""; VariantName = "[No Variations]"
Add component (AddParameter): Name = "Mark"; Value = ""; VariantName = "[No Variations]"
Add component (AddParameter): Name = "Mass"; Value = ""; VariantName = "[No Variations]"
Add component (AddParameter): Name = "MilitaryControl"; Value = "ОТК"; VariantName = "[No Variations]"
Add component (AddParameter): Name = "Modify"; Value = "01.09.2022"; VariantName = "[No Variations]"
Add component (AddParameter): Name = "MountChoice"; Value = ""; VariantName = "[No Variations]"
Add component (AddParameter): Name = "MountType"; Value = "РМ"; VariantName = "[No Variations]"
Add component (AddParameter): Name = "Name"; Value = "1825910-1 (FSM16JH)"; VariantName = "[No Variations]"
Add component (AddParameter): Name = "Notice"; Value = ""; VariantName = "[No Variations]"
Add component (AddParameter): Name = "Package"; Value = ""; VariantName = "[No Variations]"
Add component (AddParameter): Name = "PartNumber"; Value = "Кнопка тактовая 1825910-1 (FSM16JH)"; VariantName = "[No Variations]"
Add component (AddParameter): Name = "PowerFact"; Value = ""; VariantName = "[No Variations]"
Add component (AddParameter): Name = "PowerLimit"; Value = ""; VariantName = "[No Variations]"
Add component (AddParameter): Name = "SolderName"; Value = ""; VariantName = "[No Variations]"
Add component (AddParameter): Name = "SolderTemperature"; Value = ""; VariantName = "[No Variations]"
Add component (AddParameter): Name = "Tag"; Value = ""; VariantName = "[No Variations]"
Add component (AddParameter): Name = "TemperatureRange"; Value = "от минус 35 до 85"; VariantName = "[No Variations]"
Add component (AddParameter): Name = "Usage"; Value = ""; VariantName = "[No Variations]"
Add component (AddParameter): Name = "Value"; Value = ""; VariantName = "[No Variations]"
Add component (AddParameter): Name = "ViewControl"; Value = "В,100%"; VariantName = "[No Variations]"
Add component (AddParameter): Name = "VoltageFact"; Value = ""; VariantName = "[No Variations]"
Add component (AddParameter): Name = "VoltageLimit"; Value = ""; VariantName = "[No Variations]"
Add component (AddParameter): Name = "X_SORT_1"; Value = ""; VariantName = "[No Variations]"
Add component (AddParameter): Name = "X_SORT_2"; Value = ""; VariantName = "[No Variations]"
Add component (AddParameter): Name = "X_SORT_3"; Value = ""; VariantName = "[No Variations]"
Added Component: Designator=SB13(Switch_tact_17mm)
Add component (AddParameter): Name = "Alternative"; Value = ""; VariantName = "[No Variations]"
Add component (AddParameter): Name = "Alternative2"; Value = ""; VariantName = "[No Variations]"
Add component (AddParameter): Name = "Alternative3"; Value = ""; VariantName = "[No Variations]"
Add component (AddParameter): Name = "CardKRR"; Value = ""; VariantName = "[No Variations]"
Add component (AddParameter): Name = "ComponentLink1Description"; Value = ""; VariantName = "[No Variations]"
Add component (AddParameter): Name = "ComponentLink1URL"; Value = "\\192.168.0.101\U_Base\PDF\OTHER\FSMxxJH.pdf"; VariantName = "[No Variations]"
Add component (AddParameter): Name = "ComponentLink2Description"; Value = ""; VariantName = "[No Variations]"
Add component (AddParameter): Name = "ComponentLink2URL"; Value = ""; VariantName = "[No Variations]"
Add component (AddParameter): Name = "CurrentFact"; Value = ""; VariantName = "[No Variations]"
Add component (AddParameter): Name = "CurrentLimit"; Value = ""; VariantName = "[No Variations]"
Add component (AddParameter): Name = "DataSheet"; Value = "#\\192.168.0.101\U_Base\PDF\OTHER\FSMxxJH.pdf#"; VariantName = "[No Variations]"
Add component (AddParameter): Name = "DeliveryTime"; Value = ""; VariantName = "[No Variations]"
Add component (AddParameter): Name = "Group"; Value = "Кнопка тактовая"; VariantName = "[No Variations]"
Add component (AddParameter): Name = "HelpURL"; Value = "\\192.168.0.101\U_Base\PDF\OTHER\FSMxxJH.pdf"; VariantName = "[No Variations]"
Add component (AddParameter): Name = "Key"; Value = "50"; VariantName = "[No Variations]"
Add component (AddParameter): Name = "Manufacturer"; Value = "TE Connectivity"; VariantName = "[No Variations]"
Add component (AddParameter): Name = "ManufacturerPartNumber"; Value = ""; VariantName = "[No Variations]"
Add component (AddParameter): Name = "ManufacturerTU"; Value = ""; VariantName = "[No Variations]"
Add component (AddParameter): Name = "Mark"; Value = ""; VariantName = "[No Variations]"
Add component (AddParameter): Name = "Mass"; Value = ""; VariantName = "[No Variations]"
Add component (AddParameter): Name = "MilitaryControl"; Value = "ОТК"; VariantName = "[No Variations]"
Add component (AddParameter): Name = "Modify"; Value = "01.09.2022"; VariantName = "[No Variations]"
Add component (AddParameter): Name = "MountChoice"; Value = ""; VariantName = "[No Variations]"
Add component (AddParameter): Name = "MountType"; Value = "РМ"; VariantName = "[No Variations]"
Add component (AddParameter): Name = "Name"; Value = "1825910-1 (FSM16JH)"; VariantName = "[No Variations]"
Add component (AddParameter): Name = "Notice"; Value = ""; VariantName = "[No Variations]"
Add component (AddParameter): Name = "Package"; Value = ""; VariantName = "[No Variations]"
Add component (AddParameter): Name = "PartNumber"; Value = "Кнопка тактовая 1825910-1 (FSM16JH)"; VariantName = "[No Variations]"
Add component (AddParameter): Name = "PowerFact"; Value = ""; VariantName = "[No Variations]"
Add component (AddParameter): Name = "PowerLimit"; Value = ""; VariantName = "[No Variations]"
Add component (AddParameter): Name = "SolderName"; Value = ""; VariantName = "[No Variations]"
Add component (AddParameter): Name = "SolderTemperature"; Value = ""; VariantName = "[No Variations]"
Add component (AddParameter): Name = "Tag"; Value = ""; VariantName = "[No Variations]"
Add component (AddParameter): Name = "TemperatureRange"; Value = "от минус 35 до 85"; VariantName = "[No Variations]"
Add component (AddParameter): Name = "Usage"; Value = ""; VariantName = "[No Variations]"
Add component (AddParameter): Name = "Value"; Value = ""; VariantName = "[No Variations]"
Add component (AddParameter): Name = "ViewControl"; Value = "В,100%"; VariantName = "[No Variations]"
Add component (AddParameter): Name = "VoltageFact"; Value = ""; VariantName = "[No Variations]"
Add component (AddParameter): Name = "VoltageLimit"; Value = ""; VariantName = "[No Variations]"
Add component (AddParameter): Name = "X_SORT_1"; Value = ""; VariantName = "[No Variations]"
Add component (AddParameter): Name = "X_SORT_2"; Value = ""; VariantName = "[No Variations]"
Add component (AddParameter): Name = "X_SORT_3"; Value = ""; VariantName = "[No Variations]"
Added Component: Designator=SB14(Switch_tact_17mm)
Add component (AddParameter): Name = "Alternative"; Value = ""; VariantName = "[No Variations]"
Add component (AddParameter): Name = "Alternative2"; Value = ""; VariantName = "[No Variations]"
Add component (AddParameter): Name = "Alternative3"; Value = ""; VariantName = "[No Variations]"
Add component (AddParameter): Name = "CardKRR"; Value = ""; VariantName = "[No Variations]"
Add component (AddParameter): Name = "ComponentLink1Description"; Value = ""; VariantName = "[No Variations]"
Add component (AddParameter): Name = "ComponentLink1URL"; Value = "\\192.168.0.101\U_Base\PDF\OTHER\FSMxxJH.pdf"; VariantName = "[No Variations]"
Add component (AddParameter): Name = "ComponentLink2Description"; Value = ""; VariantName = "[No Variations]"
Add component (AddParameter): Name = "ComponentLink2URL"; Value = ""; VariantName = "[No Variations]"
Add component (AddParameter): Name = "CurrentFact"; Value = ""; VariantName = "[No Variations]"
Add component (AddParameter): Name = "CurrentLimit"; Value = ""; VariantName = "[No Variations]"
Add component (AddParameter): Name = "DataSheet"; Value = "#\\192.168.0.101\U_Base\PDF\OTHER\FSMxxJH.pdf#"; VariantName = "[No Variations]"
Add component (AddParameter): Name = "DeliveryTime"; Value = ""; VariantName = "[No Variations]"
Add component (AddParameter): Name = "Group"; Value = "Кнопка тактовая"; VariantName = "[No Variations]"
Add component (AddParameter): Name = "HelpURL"; Value = "\\192.168.0.101\U_Base\PDF\OTHER\FSMxxJH.pdf"; VariantName = "[No Variations]"
Add component (AddParameter): Name = "Key"; Value = "50"; VariantName = "[No Variations]"
Add component (AddParameter): Name = "Manufacturer"; Value = "TE Connectivity"; VariantName = "[No Variations]"
Add component (AddParameter): Name = "ManufacturerPartNumber"; Value = ""; VariantName = "[No Variations]"
Add component (AddParameter): Name = "ManufacturerTU"; Value = ""; VariantName = "[No Variations]"
Add component (AddParameter): Name = "Mark"; Value = ""; VariantName = "[No Variations]"
Add component (AddParameter): Name = "Mass"; Value = ""; VariantName = "[No Variations]"
Add component (AddParameter): Name = "MilitaryControl"; Value = "ОТК"; VariantName = "[No Variations]"
Add component (AddParameter): Name = "Modify"; Value = "01.09.2022"; VariantName = "[No Variations]"
Add component (AddParameter): Name = "MountChoice"; Value = ""; VariantName = "[No Variations]"
Add component (AddParameter): Name = "MountType"; Value = "РМ"; VariantName = "[No Variations]"
Add component (AddParameter): Name = "Name"; Value = "1825910-1 (FSM16JH)"; VariantName = "[No Variations]"
Add component (AddParameter): Name = "Notice"; Value = ""; VariantName = "[No Variations]"
Add component (AddParameter): Name = "Package"; Value = ""; VariantName = "[No Variations]"
Add component (AddParameter): Name = "PartNumber"; Value = "Кнопка тактовая 1825910-1 (FSM16JH)"; VariantName = "[No Variations]"
Add component (AddParameter): Name = "PowerFact"; Value = ""; VariantName = "[No Variations]"
Add component (AddParameter): Name = "PowerLimit"; Value = ""; VariantName = "[No Variations]"
Add component (AddParameter): Name = "SolderName"; Value = ""; VariantName = "[No Variations]"
Add component (AddParameter): Name = "SolderTemperature"; Value = ""; VariantName = "[No Variations]"
Add component (AddParameter): Name = "Tag"; Value = ""; VariantName = "[No Variations]"
Add component (AddParameter): Name = "TemperatureRange"; Value = "от минус 35 до 85"; VariantName = "[No Variations]"
Add component (AddParameter): Name = "Usage"; Value = ""; VariantName = "[No Variations]"
Add component (AddParameter): Name = "Value"; Value = ""; VariantName = "[No Variations]"
Add component (AddParameter): Name = "ViewControl"; Value = "В,100%"; VariantName = "[No Variations]"
Add component (AddParameter): Name = "VoltageFact"; Value = ""; VariantName = "[No Variations]"
Add component (AddParameter): Name = "VoltageLimit"; Value = ""; VariantName = "[No Variations]"
Add component (AddParameter): Name = "X_SORT_1"; Value = ""; VariantName = "[No Variations]"
Add component (AddParameter): Name = "X_SORT_2"; Value = ""; VariantName = "[No Variations]"
Add component (AddParameter): Name = "X_SORT_3"; Value = ""; VariantName = "[No Variations]"
Added Component: Designator=SB15(Switch_tact_17mm)
Add component (AddParameter): Name = "Alternative"; Value = ""; VariantName = "[No Variations]"
Add component (AddParameter): Name = "Alternative2"; Value = ""; VariantName = "[No Variations]"
Add component (AddParameter): Name = "Alternative3"; Value = ""; VariantName = "[No Variations]"
Add component (AddParameter): Name = "CardKRR"; Value = ""; VariantName = "[No Variations]"
Add component (AddParameter): Name = "ComponentLink1Description"; Value = ""; VariantName = "[No Variations]"
Add component (AddParameter): Name = "ComponentLink1URL"; Value = "\\192.168.0.101\U_Base\PDF\OTHER\FSMxxJH.pdf"; VariantName = "[No Variations]"
Add component (AddParameter): Name = "ComponentLink2Description"; Value = ""; VariantName = "[No Variations]"
Add component (AddParameter): Name = "ComponentLink2URL"; Value = ""; VariantName = "[No Variations]"
Add component (AddParameter): Name = "CurrentFact"; Value = ""; VariantName = "[No Variations]"
Add component (AddParameter): Name = "CurrentLimit"; Value = ""; VariantName = "[No Variations]"
Add component (AddParameter): Name = "DataSheet"; Value = "#\\192.168.0.101\U_Base\PDF\OTHER\FSMxxJH.pdf#"; VariantName = "[No Variations]"
Add component (AddParameter): Name = "DeliveryTime"; Value = ""; VariantName = "[No Variations]"
Add component (AddParameter): Name = "Group"; Value = "Кнопка тактовая"; VariantName = "[No Variations]"
Add component (AddParameter): Name = "HelpURL"; Value = "\\192.168.0.101\U_Base\PDF\OTHER\FSMxxJH.pdf"; VariantName = "[No Variations]"
Add component (AddParameter): Name = "Key"; Value = "50"; VariantName = "[No Variations]"
Add component (AddParameter): Name = "Manufacturer"; Value = "TE Connectivity"; VariantName = "[No Variations]"
Add component (AddParameter): Name = "ManufacturerPartNumber"; Value = ""; VariantName = "[No Variations]"
Add component (AddParameter): Name = "ManufacturerTU"; Value = ""; VariantName = "[No Variations]"
Add component (AddParameter): Name = "Mark"; Value = ""; VariantName = "[No Variations]"
Add component (AddParameter): Name = "Mass"; Value = ""; VariantName = "[No Variations]"
Add component (AddParameter): Name = "MilitaryControl"; Value = "ОТК"; VariantName = "[No Variations]"
Add component (AddParameter): Name = "Modify"; Value = "01.09.2022"; VariantName = "[No Variations]"
Add component (AddParameter): Name = "MountChoice"; Value = ""; VariantName = "[No Variations]"
Add component (AddParameter): Name = "MountType"; Value = "РМ"; VariantName = "[No Variations]"
Add component (AddParameter): Name = "Name"; Value = "1825910-1 (FSM16JH)"; VariantName = "[No Variations]"
Add component (AddParameter): Name = "Notice"; Value = ""; VariantName = "[No Variations]"
Add component (AddParameter): Name = "Package"; Value = ""; VariantName = "[No Variations]"
Add component (AddParameter): Name = "PartNumber"; Value = "Кнопка тактовая 1825910-1 (FSM16JH)"; VariantName = "[No Variations]"
Add component (AddParameter): Name = "PowerFact"; Value = ""; VariantName = "[No Variations]"
Add component (AddParameter): Name = "PowerLimit"; Value = ""; VariantName = "[No Variations]"
Add component (AddParameter): Name = "SolderName"; Value = ""; VariantName = "[No Variations]"
Add component (AddParameter): Name = "SolderTemperature"; Value = ""; VariantName = "[No Variations]"
Add component (AddParameter): Name = "Tag"; Value = ""; VariantName = "[No Variations]"
Add component (AddParameter): Name = "TemperatureRange"; Value = "от минус 35 до 85"; VariantName = "[No Variations]"
Add component (AddParameter): Name = "Usage"; Value = ""; VariantName = "[No Variations]"
Add component (AddParameter): Name = "Value"; Value = ""; VariantName = "[No Variations]"
Add component (AddParameter): Name = "ViewControl"; Value = "В,100%"; VariantName = "[No Variations]"
Add component (AddParameter): Name = "VoltageFact"; Value = ""; VariantName = "[No Variations]"
Add component (AddParameter): Name = "VoltageLimit"; Value = ""; VariantName = "[No Variations]"
Add component (AddParameter): Name = "X_SORT_1"; Value = ""; VariantName = "[No Variations]"
Add component (AddParameter): Name = "X_SORT_2"; Value = ""; VariantName = "[No Variations]"
Add component (AddParameter): Name = "X_SORT_3"; Value = ""; VariantName = "[No Variations]"
Added Component: Designator=SB16(Switch_tact_17mm)
Add component (AddParameter): Name = "Alternative"; Value = ""; VariantName = "[No Variations]"
Add component (AddParameter): Name = "Alternative2"; Value = ""; VariantName = "[No Variations]"
Add component (AddParameter): Name = "Alternative3"; Value = ""; VariantName = "[No Variations]"
Add component (AddParameter): Name = "CardKRR"; Value = ""; VariantName = "[No Variations]"
Add component (AddParameter): Name = "ComponentLink1Description"; Value = ""; VariantName = "[No Variations]"
Add component (AddParameter): Name = "ComponentLink1URL"; Value = "\\192.168.0.101\U_Base\PDF\OTHER\FSMxxJH.pdf"; VariantName = "[No Variations]"
Add component (AddParameter): Name = "ComponentLink2Description"; Value = ""; VariantName = "[No Variations]"
Add component (AddParameter): Name = "ComponentLink2URL"; Value = ""; VariantName = "[No Variations]"
Add component (AddParameter): Name = "CurrentFact"; Value = ""; VariantName = "[No Variations]"
Add component (AddParameter): Name = "CurrentLimit"; Value = ""; VariantName = "[No Variations]"
Add component (AddParameter): Name = "DataSheet"; Value = "#\\192.168.0.101\U_Base\PDF\OTHER\FSMxxJH.pdf#"; VariantName = "[No Variations]"
Add component (AddParameter): Name = "DeliveryTime"; Value = ""; VariantName = "[No Variations]"
Add component (AddParameter): Name = "Group"; Value = "Кнопка тактовая"; VariantName = "[No Variations]"
Add component (AddParameter): Name = "HelpURL"; Value = "\\192.168.0.101\U_Base\PDF\OTHER\FSMxxJH.pdf"; VariantName = "[No Variations]"
Add component (AddParameter): Name = "Key"; Value = "50"; VariantName = "[No Variations]"
Add component (AddParameter): Name = "Manufacturer"; Value = "TE Connectivity"; VariantName = "[No Variations]"
Add component (AddParameter): Name = "ManufacturerPartNumber"; Value = ""; VariantName = "[No Variations]"
Add component (AddParameter): Name = "ManufacturerTU"; Value = ""; VariantName = "[No Variations]"
Add component (AddParameter): Name = "Mark"; Value = ""; VariantName = "[No Variations]"
Add component (AddParameter): Name = "Mass"; Value = ""; VariantName = "[No Variations]"
Add component (AddParameter): Name = "MilitaryControl"; Value = "ОТК"; VariantName = "[No Variations]"
Add component (AddParameter): Name = "Modify"; Value = "01.09.2022"; VariantName = "[No Variations]"
Add component (AddParameter): Name = "MountChoice"; Value = ""; VariantName = "[No Variations]"
Add component (AddParameter): Name = "MountType"; Value = "РМ"; VariantName = "[No Variations]"
Add component (AddParameter): Name = "Name"; Value = "1825910-1 (FSM16JH)"; VariantName = "[No Variations]"
Add component (AddParameter): Name = "Notice"; Value = ""; VariantName = "[No Variations]"
Add component (AddParameter): Name = "Package"; Value = ""; VariantName = "[No Variations]"
Add component (AddParameter): Name = "PartNumber"; Value = "Кнопка тактовая 1825910-1 (FSM16JH)"; VariantName = "[No Variations]"
Add component (AddParameter): Name = "PowerFact"; Value = ""; VariantName = "[No Variations]"
Add component (AddParameter): Name = "PowerLimit"; Value = ""; VariantName = "[No Variations]"
Add component (AddParameter): Name = "SolderName"; Value = ""; VariantName = "[No Variations]"
Add component (AddParameter): Name = "SolderTemperature"; Value = ""; VariantName = "[No Variations]"
Add component (AddParameter): Name = "Tag"; Value = ""; VariantName = "[No Variations]"
Add component (AddParameter): Name = "TemperatureRange"; Value = "от минус 35 до 85"; VariantName = "[No Variations]"
Add component (AddParameter): Name = "Usage"; Value = ""; VariantName = "[No Variations]"
Add component (AddParameter): Name = "Value"; Value = ""; VariantName = "[No Variations]"
Add component (AddParameter): Name = "ViewControl"; Value = "В,100%"; VariantName = "[No Variations]"
Add component (AddParameter): Name = "VoltageFact"; Value = ""; VariantName = "[No Variations]"
Add component (AddParameter): Name = "VoltageLimit"; Value = ""; VariantName = "[No Variations]"
Add component (AddParameter): Name = "X_SORT_1"; Value = ""; VariantName = "[No Variations]"
Add component (AddParameter): Name = "X_SORT_2"; Value = ""; VariantName = "[No Variations]"
Add component (AddParameter): Name = "X_SORT_3"; Value = ""; VariantName = "[No Variations]"
Added Component: Designator=SB17(Switch_tact_17mm)
Add component (AddParameter): Name = "Alternative"; Value = ""; VariantName = "[No Variations]"
Add component (AddParameter): Name = "Alternative2"; Value = ""; VariantName = "[No Variations]"
Add component (AddParameter): Name = "Alternative3"; Value = ""; VariantName = "[No Variations]"
Add component (AddParameter): Name = "CardKRR"; Value = ""; VariantName = "[No Variations]"
Add component (AddParameter): Name = "ComponentLink1Description"; Value = ""; VariantName = "[No Variations]"
Add component (AddParameter): Name = "ComponentLink1URL"; Value = "\\192.168.0.101\U_Base\PDF\OTHER\FSMxxJH.pdf"; VariantName = "[No Variations]"
Add component (AddParameter): Name = "ComponentLink2Description"; Value = ""; VariantName = "[No Variations]"
Add component (AddParameter): Name = "ComponentLink2URL"; Value = ""; VariantName = "[No Variations]"
Add component (AddParameter): Name = "CurrentFact"; Value = ""; VariantName = "[No Variations]"
Add component (AddParameter): Name = "CurrentLimit"; Value = ""; VariantName = "[No Variations]"
Add component (AddParameter): Name = "DataSheet"; Value = "#\\192.168.0.101\U_Base\PDF\OTHER\FSMxxJH.pdf#"; VariantName = "[No Variations]"
Add component (AddParameter): Name = "DeliveryTime"; Value = ""; VariantName = "[No Variations]"
Add component (AddParameter): Name = "Group"; Value = "Кнопка тактовая"; VariantName = "[No Variations]"
Add component (AddParameter): Name = "HelpURL"; Value = "\\192.168.0.101\U_Base\PDF\OTHER\FSMxxJH.pdf"; VariantName = "[No Variations]"
Add component (AddParameter): Name = "Key"; Value = "50"; VariantName = "[No Variations]"
Add component (AddParameter): Name = "Manufacturer"; Value = "TE Connectivity"; VariantName = "[No Variations]"
Add component (AddParameter): Name = "ManufacturerPartNumber"; Value = ""; VariantName = "[No Variations]"
Add component (AddParameter): Name = "ManufacturerTU"; Value = ""; VariantName = "[No Variations]"
Add component (AddParameter): Name = "Mark"; Value = ""; VariantName = "[No Variations]"
Add component (AddParameter): Name = "Mass"; Value = ""; VariantName = "[No Variations]"
Add component (AddParameter): Name = "MilitaryControl"; Value = "ОТК"; VariantName = "[No Variations]"
Add component (AddParameter): Name = "Modify"; Value = "01.09.2022"; VariantName = "[No Variations]"
Add component (AddParameter): Name = "MountChoice"; Value = ""; VariantName = "[No Variations]"
Add component (AddParameter): Name = "MountType"; Value = "РМ"; VariantName = "[No Variations]"
Add component (AddParameter): Name = "Name"; Value = "1825910-1 (FSM16JH)"; VariantName = "[No Variations]"
Add component (AddParameter): Name = "Notice"; Value = ""; VariantName = "[No Variations]"
Add component (AddParameter): Name = "Package"; Value = ""; VariantName = "[No Variations]"
Add component (AddParameter): Name = "PartNumber"; Value = "Кнопка тактовая 1825910-1 (FSM16JH)"; VariantName = "[No Variations]"
Add component (AddParameter): Name = "PowerFact"; Value = ""; VariantName = "[No Variations]"
Add component (AddParameter): Name = "PowerLimit"; Value = ""; VariantName = "[No Variations]"
Add component (AddParameter): Name = "SolderName"; Value = ""; VariantName = "[No Variations]"
Add component (AddParameter): Name = "SolderTemperature"; Value = ""; VariantName = "[No Variations]"
Add component (AddParameter): Name = "Tag"; Value = ""; VariantName = "[No Variations]"
Add component (AddParameter): Name = "TemperatureRange"; Value = "от минус 35 до 85"; VariantName = "[No Variations]"
Add component (AddParameter): Name = "Usage"; Value = ""; VariantName = "[No Variations]"
Add component (AddParameter): Name = "Value"; Value = ""; VariantName = "[No Variations]"
Add component (AddParameter): Name = "ViewControl"; Value = "В,100%"; VariantName = "[No Variations]"
Add component (AddParameter): Name = "VoltageFact"; Value = ""; VariantName = "[No Variations]"
Add component (AddParameter): Name = "VoltageLimit"; Value = ""; VariantName = "[No Variations]"
Add component (AddParameter): Name = "X_SORT_1"; Value = ""; VariantName = "[No Variations]"
Add component (AddParameter): Name = "X_SORT_2"; Value = ""; VariantName = "[No Variations]"
Add component (AddParameter): Name = "X_SORT_3"; Value = ""; VariantName = "[No Variations]"
Added Pin To Net: NetName=BTN_PAGE_UP Pin=SB1-1
Added Pin To Net: NetName=BTN_PAGE_UP Pin=SB1-2
Added Pin To Net: NetName=GND Pin=SB1-3
Added Pin To Net: NetName=GND Pin=SB1-4
Added Pin To Net: NetName=BTN_PROG1 Pin=SB2-1
Added Pin To Net: NetName=BTN_PROG1 Pin=SB2-2
Added Pin To Net: NetName=GND Pin=SB2-3
Added Pin To Net: NetName=GND Pin=SB2-4
Added Pin To Net: NetName=BTN_PROG2 Pin=SB3-1
Added Pin To Net: NetName=BTN_PROG2 Pin=SB3-2
Added Pin To Net: NetName=GND Pin=SB3-3
Added Pin To Net: NetName=GND Pin=SB3-4
Added Pin To Net: NetName=BTN_PROG3 Pin=SB4-1
Added Pin To Net: NetName=BTN_PROG3 Pin=SB4-2
Added Pin To Net: NetName=GND Pin=SB4-3
Added Pin To Net: NetName=GND Pin=SB4-4
Added Pin To Net: NetName=BTN_PROG4 Pin=SB5-1
Added Pin To Net: NetName=BTN_PROG4 Pin=SB5-2
Added Pin To Net: NetName=GND Pin=SB5-3
Added Pin To Net: NetName=GND Pin=SB5-4
Added Pin To Net: NetName=BTN_PROG5 Pin=SB6-1
Added Pin To Net: NetName=BTN_PROG5 Pin=SB6-2
Added Pin To Net: NetName=GND Pin=SB6-3
Added Pin To Net: NetName=GND Pin=SB6-4
Added Pin To Net: NetName=BTN_PROG6 Pin=SB7-1
Added Pin To Net: NetName=BTN_PROG6 Pin=SB7-2
Added Pin To Net: NetName=GND Pin=SB7-3
Added Pin To Net: NetName=GND Pin=SB7-4
Added Pin To Net: NetName=BTN_PAGE_DOWN Pin=SB8-1
Added Pin To Net: NetName=BTN_PAGE_DOWN Pin=SB8-2
Added Pin To Net: NetName=GND Pin=SB8-3
Added Pin To Net: NetName=GND Pin=SB8-4
Added Pin To Net: NetName=BTN_CH1(1)_ON Pin=SB9-1
Added Pin To Net: NetName=BTN_CH1(1)_ON Pin=SB9-2
Added Pin To Net: NetName=GND Pin=SB9-3
Added Pin To Net: NetName=GND Pin=SB9-4
Added Pin To Net: NetName=BTN_CH1(1)_REV Pin=SB10-1
Added Pin To Net: NetName=BTN_CH1(1)_REV Pin=SB10-2
Added Pin To Net: NetName=GND Pin=SB10-3
Added Pin To Net: NetName=GND Pin=SB10-4
Added Pin To Net: NetName=BTN_CH1(2)_ON Pin=SB11-1
Added Pin To Net: NetName=BTN_CH1(2)_ON Pin=SB11-2
Added Pin To Net: NetName=GND Pin=SB11-3
Added Pin To Net: NetName=GND Pin=SB11-4
Added Pin To Net: NetName=BTN_CH1(2)_REV Pin=SB12-1
Added Pin To Net: NetName=BTN_CH1(2)_REV Pin=SB12-2
Added Pin To Net: NetName=GND Pin=SB12-3
Added Pin To Net: NetName=GND Pin=SB12-4
Added Pin To Net: NetName=BTN_CH2(1)_ON Pin=SB13-1
Added Pin To Net: NetName=BTN_CH2(1)_ON Pin=SB13-2
Added Pin To Net: NetName=GND Pin=SB13-3
Added Pin To Net: NetName=GND Pin=SB13-4
Added Pin To Net: NetName=BTN_CH2(1)_REV Pin=SB14-1
Added Pin To Net: NetName=BTN_CH2(1)_REV Pin=SB14-2
Added Pin To Net: NetName=GND Pin=SB14-3
Added Pin To Net: NetName=GND Pin=SB14-4
Added Pin To Net: NetName=BTN_CH2(2)_ON Pin=SB15-1
Added Pin To Net: NetName=BTN_CH2(2)_ON Pin=SB15-2
Added Pin To Net: NetName=GND Pin=SB15-3
Added Pin To Net: NetName=GND Pin=SB15-4
Added Pin To Net: NetName=BTN_CH2(2)_REV Pin=SB16-1
Added Pin To Net: NetName=BTN_CH2(2)_REV Pin=SB16-2
Added Pin To Net: NetName=GND Pin=SB16-3
Added Pin To Net: NetName=GND Pin=SB16-4
Added Pin To Net: NetName=BTN_CALIBR_TP Pin=SB17-1
Added Pin To Net: NetName=BTN_CALIBR_TP Pin=SB17-2
Added Pin To Net: NetName=GND Pin=SB17-3
Added Pin To Net: NetName=GND Pin=SB17-4
Added Member To Class: ClassName=LedBtn Member=Component SB1 Knopka
Added Member To Class: ClassName=LedBtn Member=Component SB2 Knopka
Added Member To Class: ClassName=LedBtn Member=Component SB3 Knopka
Added Member To Class: ClassName=LedBtn Member=Component SB4 Knopka
Added Member To Class: ClassName=LedBtn Member=Component SB5 Knopka
Added Member To Class: ClassName=LedBtn Member=Component SB6 Knopka
Added Member To Class: ClassName=LedBtn Member=Component SB7 Knopka
Added Member To Class: ClassName=LedBtn Member=Component SB8 Knopka
Added Member To Class: ClassName=LedBtn Member=Component SB9 Knopka
Added Member To Class: ClassName=LedBtn Member=Component SB10 Knopka
Added Member To Class: ClassName=LedBtn Member=Component SB11 Knopka
Added Member To Class: ClassName=LedBtn Member=Component SB12 Knopka
Added Member To Class: ClassName=LedBtn Member=Component SB13 Knopka
Added Member To Class: ClassName=LedBtn Member=Component SB14 Knopka
Added Member To Class: ClassName=LedBtn Member=Component SB15 Knopka
Added Member To Class: ClassName=LedBtn Member=Component SB16 Knopka
Added Member To Class: ClassName=LedBtn Member=Component SB17 Knopka
