Added Component: Designator=SB18(Switch_tact_13mm)
Add component (AddParameter): Name = "Alternative"; Value = ""; VariantName = "[No Variations]"
Add component (AddParameter): Name = "Alternative2"; Value = ""; VariantName = "[No Variations]"
Add component (AddParameter): Name = "Alternative3"; Value = ""; VariantName = "[No Variations]"
Add component (AddParameter): Name = "CardKRR"; Value = ""; VariantName = "[No Variations]"
Add component (AddParameter): Name = "ComponentLink1Description"; Value = ""; VariantName = "[No Variations]"
Add component (AddParameter): Name = "ComponentLink1URL"; Value = "\\192.168.0.101\U_Base\PDF\OTHER\FSMxxJH.pdf"; VariantName = "[No Variations]"
Add component (AddParameter): Name = "ComponentLink2Description"; Value = ""; VariantName = "[No Variations]"
Add component (AddParameter): Name = "ComponentLink2URL"; Value = ""; VariantName = "[No Variations]"
Add component (AddParameter): Name = "CurrentFact"; Value = ""; VariantName = "[No Variations]"
Add component (AddParameter): Name = "CurrentLimit"; Value = ""; VariantName = "[No Variations]"
Add component (AddParameter): Name = "DataSheet"; Value = "#\\192.168.0.101\U_Base\PDF\OTHER\FSMxxJH.pdf#"; VariantName = "[No Variations]"
Add component (AddParameter): Name = "DeliveryTime"; Value = ""; VariantName = "[No Variations]"
Add component (AddParameter): Name = "Group"; Value = "Кнопка тактовая"; VariantName = "[No Variations]"
Add component (AddParameter): Name = "HelpURL"; Value = "\\192.168.0.101\U_Base\PDF\OTHER\FSMxxJH.pdf"; VariantName = "[No Variations]"
Add component (AddParameter): Name = "Key"; Value = "48"; VariantName = "[No Variations]"
Add component (AddParameter): Name = "Manufacturer"; Value = "TE Connectivity"; VariantName = "[No Variations]"
Add component (AddParameter): Name = "ManufacturerPartNumber"; Value = ""; VariantName = "[No Variations]"
Add component (AddParameter): Name = "ManufacturerTU"; Value = ""; VariantName = "[No Variations]"
Add component (AddParameter): Name = "Mark"; Value = ""; VariantName = "[No Variations]"
Add component (AddParameter): Name = "Mass"; Value = ""; VariantName = "[No Variations]"
Add component (AddParameter): Name = "MilitaryControl"; Value = "ОТК"; VariantName = "[No Variations]"
Add component (AddParameter): Name = "Modify"; Value = "01.09.2022"; VariantName = "[No Variations]"
Add component (AddParameter): Name = "MountChoice"; Value = ""; VariantName = "[No Variations]"
Add component (AddParameter): Name = "MountType"; Value = "РМ"; VariantName = "[No Variations]"
Add component (AddParameter): Name = "Name"; Value = "1825910-7 (FSM14JH)"; VariantName = "[No Variations]"
Add component (AddParameter): Name = "Notice"; Value = ""; VariantName = "[No Variations]"
Add component (AddParameter): Name = "Package"; Value = ""; VariantName = "[No Variations]"
Add component (AddParameter): Name = "PartNumber"; Value = "Кнопка тактовая 1825910-7 (FSM14JH)"; VariantName = "[No Variations]"
Add component (AddParameter): Name = "PowerFact"; Value = ""; VariantName = "[No Variations]"
Add component (AddParameter): Name = "PowerLimit"; Value = ""; VariantName = "[No Variations]"
Add component (AddParameter): Name = "SolderName"; Value = ""; VariantName = "[No Variations]"
Add component (AddParameter): Name = "SolderTemperature"; Value = ""; VariantName = "[No Variations]"
Add component (AddParameter): Name = "Tag"; Value = ""; VariantName = "[No Variations]"
Add component (AddParameter): Name = "TemperatureRange"; Value = "от минус 35 до 85"; VariantName = "[No Variations]"
Add component (AddParameter): Name = "Usage"; Value = ""; VariantName = "[No Variations]"
Add component (AddParameter): Name = "Value"; Value = ""; VariantName = "[No Variations]"
Add component (AddParameter): Name = "ViewControl"; Value = "В,100%"; VariantName = "[No Variations]"
Add component (AddParameter): Name = "VoltageFact"; Value = ""; VariantName = "[No Variations]"
Add component (AddParameter): Name = "VoltageLimit"; Value = ""; VariantName = "[No Variations]"
Add component (AddParameter): Name = "X_SORT_1"; Value = ""; VariantName = "[No Variations]"
Add component (AddParameter): Name = "X_SORT_2"; Value = ""; VariantName = "[No Variations]"
Add component (AddParameter): Name = "X_SORT_3"; Value = ""; VariantName = "[No Variations]"
Added Component: Designator=SB19(Switch_tact_5mm)
Add component (AddParameter): Name = "Alternative"; Value = ""; VariantName = "[No Variations]"
Add component (AddParameter): Name = "Alternative2"; Value = ""; VariantName = "[No Variations]"
Add component (AddParameter): Name = "Alternative3"; Value = ""; VariantName = "[No Variations]"
Add component (AddParameter): Name = "CardKRR"; Value = ""; VariantName = "[No Variations]"
Add component (AddParameter): Name = "ComponentLink1Description"; Value = ""; VariantName = "[No Variations]"
Add component (AddParameter): Name = "ComponentLink1URL"; Value = "\\192.168.0.101\U_Base\PDF\OTHER\FSMxxJH.pdf"; VariantName = "[No Variations]"
Add component (AddParameter): Name = "ComponentLink2Description"; Value = ""; VariantName = "[No Variations]"
Add component (AddParameter): Name = "ComponentLink2URL"; Value = ""; VariantName = "[No Variations]"
Add component (AddParameter): Name = "CurrentFact"; Value = ""; VariantName = "[No Variations]"
Add component (AddParameter): Name = "CurrentLimit"; Value = ""; VariantName = "[No Variations]"
Add component (AddParameter): Name = "DataSheet"; Value = "#\\192.168.0.101\U_Base\PDF\OTHER\FSMxxJH.pdf#"; VariantName = "[No Variations]"
Add component (AddParameter): Name = "DeliveryTime"; Value = ""; VariantName = "[No Variations]"
Add component (AddParameter): Name = "Group"; Value = "Кнопка тактовая"; VariantName = "[No Variations]"
Add component (AddParameter): Name = "HelpURL"; Value = "\\192.168.0.101\U_Base\PDF\OTHER\FSMxxJH.pdf"; VariantName = "[No Variations]"
Add component (AddParameter): Name = "Key"; Value = "49"; VariantName = "[No Variations]"
Add component (AddParameter): Name = "Manufacturer"; Value = "TE Connectivity"; VariantName = "[No Variations]"
Add component (AddParameter): Name = "ManufacturerPartNumber"; Value = ""; VariantName = "[No Variations]"
Add component (AddParameter): Name = "ManufacturerTU"; Value = ""; VariantName = "[No Variations]"
Add component (AddParameter): Name = "Mark"; Value = ""; VariantName = "[No Variations]"
Add component (AddParameter): Name = "Mass"; Value = ""; VariantName = "[No Variations]"
Add component (AddParameter): Name = "MilitaryControl"; Value = "ОТК"; VariantName = "[No Variations]"
Add component (AddParameter): Name = "Modify"; Value = "01.09.2022"; VariantName = "[No Variations]"
Add component (AddParameter): Name = "MountChoice"; Value = ""; VariantName = "[No Variations]"
Add component (AddParameter): Name = "MountType"; Value = "РМ"; VariantName = "[No Variations]"
Add component (AddParameter): Name = "Name"; Value = "1825910-6 (FSM4JH)"; VariantName = "[No Variations]"
Add component (AddParameter): Name = "Notice"; Value = ""; VariantName = "[No Variations]"
Add component (AddParameter): Name = "Package"; Value = ""; VariantName = "[No Variations]"
Add component (AddParameter): Name = "PartNumber"; Value = "Кнопка тактовая 1825910-6 (FSM4JH)"; VariantName = "[No Variations]"
Add component (AddParameter): Name = "PowerFact"; Value = ""; VariantName = "[No Variations]"
Add component (AddParameter): Name = "PowerLimit"; Value = ""; VariantName = "[No Variations]"
Add component (AddParameter): Name = "SolderName"; Value = ""; VariantName = "[No Variations]"
Add component (AddParameter): Name = "SolderTemperature"; Value = ""; VariantName = "[No Variations]"
Add component (AddParameter): Name = "Tag"; Value = ""; VariantName = "[No Variations]"
Add component (AddParameter): Name = "TemperatureRange"; Value = "от минус 35 до 85"; VariantName = "[No Variations]"
Add component (AddParameter): Name = "Usage"; Value = ""; VariantName = "[No Variations]"
Add component (AddParameter): Name = "Value"; Value = ""; VariantName = "[No Variations]"
Add component (AddParameter): Name = "ViewControl"; Value = "В,100%"; VariantName = "[No Variations]"
Add component (AddParameter): Name = "VoltageFact"; Value = ""; VariantName = "[No Variations]"
Add component (AddParameter): Name = "VoltageLimit"; Value = ""; VariantName = "[No Variations]"
Add component (AddParameter): Name = "X_SORT_1"; Value = ""; VariantName = "[No Variations]"
Add component (AddParameter): Name = "X_SORT_2"; Value = ""; VariantName = "[No Variations]"
Add component (AddParameter): Name = "X_SORT_3"; Value = ""; VariantName = "[No Variations]"
Added Member To Class: ClassName=LedBtn Member=Component SB18 Knopka
Added Member To Class: ClassName=LedBtn Member=Component SB19 Knopka
Added Room: Name=LedBtn
